2023-11-10 08:45:13,387 [INFO] Activator:176 - 


2023-11-10 08:45:13,399 [INFO] Activator:177 - !SESSION log4j initialized
2023-11-10 08:45:18,754 [INFO] LogOutputStream:77 - [STDOUT_REDIRECT] 
2023-11-10 08:45:21,273 [INFO] ApplicationProperties:184 - Using Application install path: C:\ST\STM32CubeIDE_1.13.2\STM32CubeIDE\plugins\com.st.stm32cube.common.mx_6.9.2.202309101412
2023-11-10 08:45:21,289 [INFO] DbMcusXml:78 - Set database path to: C:\ST\STM32CubeIDE_1.13.2\STM32CubeIDE\plugins\com.st.stm32cube.common.mx_6.9.2.202309101412\\db\/mcu/
2023-11-10 08:45:21,289 [INFO] ApiDb:274 - Set plugin database path to: C:\ST\STM32CubeIDE_1.13.2\STM32CubeIDE\plugins\com.st.stm32cube.common.mx_6.9.2.202309101412\\db\/plugins/boardmanager/
2023-11-10 08:45:21,290 [WARN] ApiDb:259 - Overriding images path with different value:  => C:\ST\STM32CubeIDE_1.13.2\STM32CubeIDE\plugins\com.st.stm32cube.common.mx_6.9.2.202309101412\\db\/plugins/mcufinder/images/
2023-11-10 08:45:21,299 [INFO] ApiDb:250 - Set database path to: C:\Users\user\.stmcufinder\plugins\mcufinder//mcu/
2023-11-10 08:45:21,300 [INFO] DbMcusAds:125 - Set database path to: C:\Users\user\.stmcufinder\plugins\mcufinder//mcu/
2023-11-10 08:45:21,303 [INFO] CrossReferenceDbSqlite:203 - Set database path to: C:\Users\user\.stmcufinder\plugins\mcufinder//mcu/cs/
2023-11-10 08:45:21,387 [INFO] RulesReader:64 - Compatibility file has been processed (293 Rules)
2023-11-10 08:45:21,451 [INFO] DbMcusXml:78 - Set database path to: C:\ST\STM32CubeIDE_1.13.2\STM32CubeIDE\plugins\com.st.stm32cube.common.mx_6.9.2.202309101412\\db\/mcu/
2023-11-10 08:45:21,451 [INFO] ApiDb:274 - Set plugin database path to: C:\ST\STM32CubeIDE_1.13.2\STM32CubeIDE\plugins\com.st.stm32cube.common.mx_6.9.2.202309101412\\db\/plugins/boardmanager/
2023-11-10 08:45:21,451 [INFO] ApiDb:261 - Set plugin images path to: C:\ST\STM32CubeIDE_1.13.2\STM32CubeIDE\plugins\com.st.stm32cube.common.mx_6.9.2.202309101412\\db\/plugins/mcufinder/images/
2023-11-10 08:45:21,451 [WARN] DbFile:41 - Overriding database path with different value: C:\Users\user\.stmcufinder\plugins\mcufinder/ => C:\Users\user\.stmcufinder\plugins\mcufinder
2023-11-10 08:45:21,451 [INFO] ApiDb:250 - Set database path to: C:\Users\user\.stmcufinder\plugins\mcufinder//mcu/
2023-11-10 08:45:21,452 [WARN] DbFile:41 - Overriding database path with different value: C:\Users\user\.stmcufinder\plugins\mcufinder/ => C:\Users\user\.stmcufinder\plugins\mcufinder
2023-11-10 08:45:21,452 [INFO] DbMcusAds:125 - Set database path to: C:\Users\user\.stmcufinder\plugins\mcufinder//mcu/
2023-11-10 08:45:21,452 [WARN] DbFile:41 - Overriding database path with different value: C:\Users\user\.stmcufinder\plugins\mcufinder/ => C:\Users\user\.stmcufinder\plugins\mcufinder
2023-11-10 08:45:21,452 [WARN] DbFile:41 - Overriding database path with different value: C:\Users\user\.stmcufinder\plugins\mcufinder/ => C:\Users\user\.stmcufinder\plugins\mcufinder
2023-11-10 08:45:21,452 [INFO] CrossReferenceDbSqlite:203 - Set database path to: C:\Users\user\.stmcufinder\plugins\mcufinder//mcu/cs/
2023-11-10 08:45:21,515 [INFO] MainPanel:262 - HeapMemory: 268435456
2023-11-10 08:45:21,590 [INFO] DbMcusXml:78 - Set database path to: C:\ST\STM32CubeIDE_1.13.2\STM32CubeIDE\plugins\com.st.stm32cube.common.mx_6.9.2.202309101412\\db\/mcu/
2023-11-10 08:45:21,590 [INFO] ApiDb:274 - Set plugin database path to: C:\ST\STM32CubeIDE_1.13.2\STM32CubeIDE\plugins\com.st.stm32cube.common.mx_6.9.2.202309101412\\db\/plugins/boardmanager/
2023-11-10 08:45:21,591 [INFO] ApiDb:261 - Set plugin images path to: C:\ST\STM32CubeIDE_1.13.2\STM32CubeIDE\plugins\com.st.stm32cube.common.mx_6.9.2.202309101412\\db\/plugins/mcufinder/images/
2023-11-10 08:45:21,591 [WARN] DbFile:41 - Overriding database path with different value: C:\Users\user\.stmcufinder\plugins\mcufinder/ => C:\Users\user\.stmcufinder\plugins\mcufinder
2023-11-10 08:45:21,591 [INFO] ApiDb:250 - Set database path to: C:\Users\user\.stmcufinder\plugins\mcufinder//mcu/
2023-11-10 08:45:21,591 [WARN] DbFile:41 - Overriding database path with different value: C:\Users\user\.stmcufinder\plugins\mcufinder/ => C:\Users\user\.stmcufinder\plugins\mcufinder
2023-11-10 08:45:21,591 [INFO] DbMcusAds:125 - Set database path to: C:\Users\user\.stmcufinder\plugins\mcufinder//mcu/
2023-11-10 08:45:21,591 [WARN] DbFile:41 - Overriding database path with different value: C:\Users\user\.stmcufinder\plugins\mcufinder/ => C:\Users\user\.stmcufinder\plugins\mcufinder
2023-11-10 08:45:21,591 [WARN] DbFile:41 - Overriding database path with different value: C:\Users\user\.stmcufinder\plugins\mcufinder/ => C:\Users\user\.stmcufinder\plugins\mcufinder
2023-11-10 08:45:21,591 [INFO] CrossReferenceDbSqlite:203 - Set database path to: C:\Users\user\.stmcufinder\plugins\mcufinder//mcu/cs/
2023-11-10 08:45:21,606 [INFO] ApplicationProperties:184 - Using Application install path: C:\ST\STM32CubeIDE_1.13.2\STM32CubeIDE\plugins\com.st.stm32cube.common.mx_6.9.2.202309101412
2023-11-10 08:45:21,607 [INFO] PluginManage:196 - Search for loadable plugins [exclusion list=, ]
2023-11-10 08:45:21,607 [INFO] PluginManage:310 - Check plugin analytics
2023-11-10 08:45:21,735 [INFO] AnalyticsPlugin:253 - Accepted Software Licenses: 
2023-11-10 08:45:21,735 [INFO] AnalyticsPlugin:255 - Accepted CMSIS Pack Licenses: 
2023-11-10 08:45:21,735 [INFO] AnalyticsPlugin:257 - Accepted Firmware Licenses: FW.F4.1.27.0
2023-11-10 08:45:21,738 [INFO] PluginManage:359 - Loaded plugin analytics (category:tool,tabindex:-1)
2023-11-10 08:45:21,739 [INFO] PluginManage:310 - Check plugin cadmodel
2023-11-10 08:45:21,743 [INFO] CADModel:105 - Init CAD model plugin
2023-11-10 08:45:21,743 [INFO] PluginManage:359 - Loaded plugin cadmodel (category:power,tabindex:5)
2023-11-10 08:45:21,744 [INFO] PluginManage:310 - Check plugin clock
2023-11-10 08:45:21,752 [INFO] PluginManage:359 - Loaded plugin clock (category:base,tabindex:2)
2023-11-10 08:45:21,752 [INFO] PluginManage:310 - Check plugin ddr
2023-11-10 08:45:21,756 [INFO] PluginManage:359 - Loaded plugin ddr (category:tool,tabindex:6)
2023-11-10 08:45:21,756 [INFO] PluginManage:310 - Check plugin filemanager
2023-11-10 08:45:21,890 [INFO] PluginManage:359 - Loaded plugin filemanager (category:base,tabindex:10)
2023-11-10 08:45:21,891 [INFO] PluginManage:310 - Check plugin ipmanager
2023-11-10 08:45:21,899 [INFO] PluginManage:359 - Loaded plugin ipmanager (category:base,tabindex:5)
2023-11-10 08:45:21,899 [INFO] PluginManage:310 - Check plugin lpbam
2023-11-10 08:45:21,909 [INFO] PluginManage:359 - Loaded plugin lpbam (category:base,tabindex:0)
2023-11-10 08:45:21,909 [INFO] PluginManage:310 - Check plugin memorymap
2023-11-10 08:45:21,927 [INFO] PluginManage:359 - Loaded plugin memorymap (category:base,tabindex:4)
2023-11-10 08:45:21,927 [INFO] PluginManage:310 - Check plugin pinoutandconfiguration
2023-11-10 08:45:21,936 [INFO] PluginManage:359 - Loaded plugin pinoutandconfiguration (category:base,tabindex:1)
2023-11-10 08:45:21,936 [INFO] PluginManage:310 - Check plugin pinoutconfig
2023-11-10 08:45:22,013 [WARN] SupportedApi:132 - Cannot load RTOS API schema: s4s-elt-must-match.1: The content of 'definitions' must match (annotation?, (simpleType | complexType)?, (unique | key | keyref)*)). A problem was found starting at: attribute.
2023-11-10 08:45:22,110 [INFO] PluginManage:359 - Loaded plugin pinoutconfig (category:base,tabindex:0)
2023-11-10 08:45:22,110 [INFO] PluginManage:310 - Check plugin power
2023-11-10 08:45:22,120 [INFO] PluginManage:359 - Loaded plugin power (category:power,tabindex:4)
2023-11-10 08:45:22,120 [INFO] PluginManage:310 - Check plugin projectmanager
2023-11-10 08:45:22,129 [INFO] PluginManage:359 - Loaded plugin projectmanager (category:projectmanager,tabindex:3)
2023-11-10 08:45:22,130 [INFO] PluginManage:310 - Check plugin thirdparty
2023-11-10 08:45:22,225 [INFO] PluginManage:359 - Loaded plugin thirdparty (category:base,tabindex:-1)
2023-11-10 08:45:22,225 [INFO] PluginManage:310 - Check plugin tools
2023-11-10 08:45:22,225 [WARN] IntegrityCheckThread:84 - waiting for thirdparty lock release [integrity check]
2023-11-10 08:45:22,226 [INFO] IntegrityCheckThread:86 - entering critical section [integrity check]
2023-11-10 08:45:22,226 [INFO] ThirdPartyUpdaterWithRetryManager:70 - Updater plugin not ready yet. [1/15]
2023-11-10 08:45:22,227 [INFO] PluginManage:359 - Loaded plugin tools (category:base,tabindex:7)
2023-11-10 08:45:22,227 [INFO] PluginManage:310 - Check plugin tutovideos
2023-11-10 08:45:22,355 [INFO] PluginManage:359 - Loaded plugin tutovideos (category:base,tabindex:-1)
2023-11-10 08:45:22,355 [INFO] PluginManage:310 - Check plugin updater
2023-11-10 08:45:22,364 [INFO] PluginManage:359 - Loaded plugin updater (category:base,tabindex:12)
2023-11-10 08:45:22,364 [INFO] PluginManage:310 - Check plugin userauth
2023-11-10 08:45:22,368 [INFO] UserAuth:113 - Init User Auth plugin
2023-11-10 08:45:22,368 [INFO] PluginManage:359 - Loaded plugin userauth (category:base,tabindex:14)
2023-11-10 08:45:22,369 [INFO] PluginManage:283 - PluginManage : Loaded plugins [17]
2023-11-10 08:45:22,537 [INFO] PinOutPanel:1499 - setPackage(No Configuration,No Configuration)
2023-11-10 08:45:22,624 [INFO] CADModel:165 - CPN selected for project level
2023-11-10 08:45:22,624 [INFO] CADModel:114 - Register for checkConnection events
2023-11-10 08:45:22,640 [INFO] IPUIPlugin:80 - create IPUIPlugin
2023-11-10 08:45:22,640 [INFO] PluginManager:220 - loadIPPluginJar : add adc
2023-11-10 08:45:22,642 [INFO] IPUIPlugin:80 - create IPUIPlugin
2023-11-10 08:45:22,643 [INFO] PluginManager:220 - loadIPPluginJar : add aes
2023-11-10 08:45:22,644 [INFO] IPUIPlugin:80 - create IPUIPlugin
2023-11-10 08:45:22,645 [INFO] PluginManager:220 - loadIPPluginJar : add can
2023-11-10 08:45:22,646 [INFO] IPUIPlugin:80 - create IPUIPlugin
2023-11-10 08:45:22,646 [INFO] PluginManager:220 - loadIPPluginJar : add comp
2023-11-10 08:45:22,648 [INFO] IPUIPlugin:80 - create IPUIPlugin
2023-11-10 08:45:22,648 [INFO] PluginManager:220 - loadIPPluginJar : add cryp
2023-11-10 08:45:22,650 [INFO] IPUIPlugin:80 - create IPUIPlugin
2023-11-10 08:45:22,650 [INFO] PluginManager:220 - loadIPPluginJar : add dfsdm
2023-11-10 08:45:22,654 [INFO] IPUIPlugin:80 - create IPUIPlugin
2023-11-10 08:45:22,655 [INFO] PluginManager:220 - loadIPPluginJar : add dma
2023-11-10 08:45:22,657 [INFO] IPUIPlugin:80 - create IPUIPlugin
2023-11-10 08:45:22,657 [INFO] PluginManager:220 - loadIPPluginJar : add dma3
2023-11-10 08:45:22,658 [INFO] IPUIPlugin:80 - create IPUIPlugin
2023-11-10 08:45:22,658 [INFO] PluginManager:220 - loadIPPluginJar : add fatfs
2023-11-10 08:45:22,661 [INFO] IPUIPlugin:80 - create IPUIPlugin
2023-11-10 08:45:22,661 [INFO] PluginManager:220 - loadIPPluginJar : add fmc
2023-11-10 08:45:22,665 [INFO] IPUIPlugin:80 - create IPUIPlugin
2023-11-10 08:45:22,665 [INFO] PluginManager:220 - loadIPPluginJar : add freertos
2023-11-10 08:45:22,666 [INFO] IPUIPlugin:80 - create IPUIPlugin
2023-11-10 08:45:22,666 [INFO] PluginManager:220 - loadIPPluginJar : add genericplugin
2023-11-10 08:45:22,668 [INFO] IPUIPlugin:80 - create IPUIPlugin
2023-11-10 08:45:22,668 [INFO] PluginManager:220 - loadIPPluginJar : add gfxmmu
2023-11-10 08:45:22,671 [INFO] IPUIPlugin:80 - create IPUIPlugin
2023-11-10 08:45:22,671 [INFO] PluginManager:220 - loadIPPluginJar : add gic
2023-11-10 08:45:22,674 [INFO] IPUIPlugin:80 - create IPUIPlugin
2023-11-10 08:45:22,674 [INFO] PluginManager:220 - loadIPPluginJar : add gpio
2023-11-10 08:45:22,676 [INFO] IPUIPlugin:80 - create IPUIPlugin
2023-11-10 08:45:22,676 [INFO] PluginManager:220 - loadIPPluginJar : add gtzc
2023-11-10 08:45:22,678 [INFO] IPUIPlugin:80 - create IPUIPlugin
2023-11-10 08:45:22,678 [INFO] PluginManager:220 - loadIPPluginJar : add hash
2023-11-10 08:45:22,680 [INFO] IPUIPlugin:80 - create IPUIPlugin
2023-11-10 08:45:22,680 [INFO] PluginManager:220 - loadIPPluginJar : add i2c
2023-11-10 08:45:22,681 [INFO] IPUIPlugin:80 - create IPUIPlugin
2023-11-10 08:45:22,681 [INFO] PluginManager:220 - loadIPPluginJar : add i2s
2023-11-10 08:45:22,684 [INFO] IPUIPlugin:80 - create IPUIPlugin
2023-11-10 08:45:22,684 [INFO] PluginManager:220 - loadIPPluginJar : add i3c
2023-11-10 08:45:22,687 [INFO] IPUIPlugin:80 - create IPUIPlugin
2023-11-10 08:45:22,687 [INFO] PluginManager:220 - loadIPPluginJar : add ipddr
2023-11-10 08:45:22,694 [INFO] IPUIPlugin:80 - create IPUIPlugin
2023-11-10 08:45:22,694 [INFO] PluginManager:220 - loadIPPluginJar : add linkedlist
2023-11-10 08:45:22,697 [INFO] IPUIPlugin:80 - create IPUIPlugin
2023-11-10 08:45:22,697 [INFO] PluginManager:220 - loadIPPluginJar : add lorawan
2023-11-10 08:45:22,699 [INFO] IPUIPlugin:80 - create IPUIPlugin
2023-11-10 08:45:22,699 [INFO] PluginManager:220 - loadIPPluginJar : add ltdc
2023-11-10 08:45:22,705 [INFO] IPUIPlugin:80 - create IPUIPlugin
2023-11-10 08:45:22,705 [INFO] PluginManager:220 - loadIPPluginJar : add mdma
2023-11-10 08:45:22,708 [INFO] IPUIPlugin:80 - create IPUIPlugin
2023-11-10 08:45:22,708 [INFO] PluginManager:220 - loadIPPluginJar : add nvic
2023-11-10 08:45:22,710 [INFO] IPUIPlugin:80 - create IPUIPlugin
2023-11-10 08:45:22,710 [INFO] PluginManager:220 - loadIPPluginJar : add opamp
2023-11-10 08:45:22,712 [INFO] IPUIPlugin:80 - create IPUIPlugin
2023-11-10 08:45:22,712 [INFO] PluginManager:220 - loadIPPluginJar : add openamp
2023-11-10 08:45:22,715 [INFO] IPUIPlugin:80 - create IPUIPlugin
2023-11-10 08:45:22,715 [INFO] PluginManager:220 - loadIPPluginJar : add pdm2pcm
2023-11-10 08:45:22,720 [INFO] IPUIPlugin:80 - create IPUIPlugin
2023-11-10 08:45:22,721 [INFO] PluginManager:220 - loadIPPluginJar : add plateformsettings
2023-11-10 08:45:22,722 [INFO] IPUIPlugin:80 - create IPUIPlugin
2023-11-10 08:45:22,722 [INFO] PluginManager:220 - loadIPPluginJar : add quadspi
2023-11-10 08:45:22,725 [INFO] IPUIPlugin:80 - create IPUIPlugin
2023-11-10 08:45:22,725 [INFO] PluginManager:220 - loadIPPluginJar : add resmgrutility
2023-11-10 08:45:22,727 [INFO] IPUIPlugin:80 - create IPUIPlugin
2023-11-10 08:45:22,727 [INFO] PluginManager:220 - loadIPPluginJar : add sai
2023-11-10 08:45:22,728 [INFO] IPUIPlugin:80 - create IPUIPlugin
2023-11-10 08:45:22,729 [INFO] PluginManager:220 - loadIPPluginJar : add spi
2023-11-10 08:45:22,731 [INFO] IPUIPlugin:80 - create IPUIPlugin
2023-11-10 08:45:22,732 [INFO] PluginManager:220 - loadIPPluginJar : add stm32_wpan
2023-11-10 08:45:22,733 [INFO] IPUIPlugin:80 - create IPUIPlugin
2023-11-10 08:45:22,733 [INFO] PluginManager:220 - loadIPPluginJar : add tim
2023-11-10 08:45:22,734 [INFO] IPUIPlugin:80 - create IPUIPlugin
2023-11-10 08:45:22,734 [INFO] PluginManager:220 - loadIPPluginJar : add touchsensing
2023-11-10 08:45:22,736 [INFO] IPUIPlugin:80 - create IPUIPlugin
2023-11-10 08:45:22,736 [INFO] PluginManager:220 - loadIPPluginJar : add tracer_emb
2023-11-10 08:45:22,737 [INFO] IPUIPlugin:80 - create IPUIPlugin
2023-11-10 08:45:22,737 [INFO] PluginManager:220 - loadIPPluginJar : add ts
2023-11-10 08:45:22,738 [INFO] IPUIPlugin:80 - create IPUIPlugin
2023-11-10 08:45:22,738 [INFO] PluginManager:220 - loadIPPluginJar : add tsc
2023-11-10 08:45:22,739 [INFO] IPUIPlugin:80 - create IPUIPlugin
2023-11-10 08:45:22,739 [INFO] PluginManager:220 - loadIPPluginJar : add ucpd
2023-11-10 08:45:22,741 [INFO] IPUIPlugin:80 - create IPUIPlugin
2023-11-10 08:45:22,741 [INFO] PluginManager:220 - loadIPPluginJar : add usart
2023-11-10 08:45:22,743 [INFO] IPUIPlugin:80 - create IPUIPlugin
2023-11-10 08:45:22,743 [INFO] PluginManager:220 - loadIPPluginJar : add usbx
2023-11-10 08:45:22,858 [INFO] CADModel:165 - CPN selected for project level
2023-11-10 08:45:22,858 [INFO] CADModel:114 - Register for checkConnection events
2023-11-10 08:45:22,859 [FATAL] Updater:308 - Updater called before beeing initialized
2023-11-10 08:45:22,859 [ERROR] CADModel:125 - Updater not yet initialized, retry later 
2023-11-10 08:45:22,983 [INFO] CADModel:165 - CPN selected for project level
2023-11-10 08:45:22,983 [INFO] CADModel:114 - Register for checkConnection events
2023-11-10 08:45:22,983 [FATAL] Updater:308 - Updater called before beeing initialized
2023-11-10 08:45:22,983 [ERROR] CADModel:125 - Updater not yet initialized, retry later 
2023-11-10 08:45:22,987 [FATAL] Updater:308 - Updater called before beeing initialized
2023-11-10 08:45:23,062 [FATAL] Updater:308 - Updater called before beeing initialized
2023-11-10 08:45:23,067 [INFO] DbMcusAds:53 - JSON generation date=Tue Mar 07 17:50:55 KST 2023 (1678179055335)
2023-11-10 08:45:23,067 [FATAL] Updater:308 - Updater called before beeing initialized
2023-11-10 08:45:23,096 [WARN] DetailPanel:346 - Failed to get advertising image, set to default
2023-11-10 08:45:23,151 [FATAL] Updater:308 - Updater called before beeing initialized
2023-11-10 08:45:23,153 [FATAL] Updater:308 - Updater called before beeing initialized
2023-11-10 08:45:23,153 [FATAL] Updater:308 - Updater called before beeing initialized
2023-11-10 08:45:23,153 [WARN] DetailPanel:346 - Failed to get advertising image, set to default
2023-11-10 08:45:23,154 [FATAL] Updater:308 - Updater called before beeing initialized
2023-11-10 08:45:23,191 [ERROR] Updater:1120 - MainUpdater not yet initialized. External WinMGr cannot be set.
2023-11-10 08:45:23,192 [INFO] Updater:1056 - Updater Version found : 6.9.2
2023-11-10 08:45:23,211 [INFO] ApplicationProperties:184 - Using Application install path: C:\ST\STM32CubeIDE_1.13.2\STM32CubeIDE\plugins\com.st.stm32cube.common.mx_6.9.2.202309101412
2023-11-10 08:45:23,387 [INFO] MainUpdater:2868 - connection check result : 10
2023-11-10 08:45:23,389 [INFO] MainUpdater:285 - Updater Check For Update Now.
2023-11-10 08:45:23,389 [INFO] MicroXplorer:498 - Change Database Version : DB.6.0.92
2023-11-10 08:45:23,398 [INFO] McuFinderGlobals:63 - Set McuFinder mode to 2 (CubeIDE integrated)
2023-11-10 08:45:23,398 [INFO] UserAuth:179 - activating auth plugin
2023-11-10 08:45:23,401 [INFO] UserAuth:393 - Internet connection configuration mode: 1
2023-11-10 08:45:23,433 [INFO] JxBrowserEngine:151 - Initiate JxBrowser Engine with user profile folder
2023-11-10 08:45:23,554 [INFO] CheckServerUpdateThread:120 - End of CheckServer Thread
2023-11-10 08:45:24,925 [INFO] WebApp:157 - Instantiating new browser for Auth
2023-11-10 08:45:25,377 [WARN] PackLoader:240 - Cannot read IP mode file for STMicroelectronics.X-CUBE-SMBUS.2.1.0
2023-11-10 08:45:25,414 [WARN] PackLoader:240 - Cannot read IP mode file for STMicroelectronics.X-CUBE-AZRTOS-F7.1.1.0
2023-11-10 08:45:25,432 [WARN] PackLoader:240 - Cannot read IP mode file for STMicroelectronics.FP-SNS-MOTENV1.4.3.2
2023-11-10 08:45:25,449 [WARN] PackLoader:240 - Cannot read IP mode file for STMicroelectronics.FP-SNS-FLIGHT1.5.0.2
2023-11-10 08:45:25,460 [WARN] PackLoader:240 - Cannot read IP mode file for STMicroelectronics.X-CUBE-DISPLAY.3.0.0
2023-11-10 08:45:25,475 [WARN] PackLoader:240 - Cannot read IP mode file for STMicroelectronics.X-CUBE-BLE1.7.0.0
2023-11-10 08:45:25,481 [WARN] PackLoader:240 - Cannot read IP mode file for emotas.I-CUBE-CANOPEN.1.3.0
2023-11-10 08:45:25,485 [WARN] PackLoader:240 - Cannot read IP mode file for STMicroelectronics.X-CUBE-TOUCHGFX.4.22.0
2023-11-10 08:45:25,486 [INFO] WebApp:753 - Register for checkConnection events
2023-11-10 08:45:25,486 [INFO] WebApp:390 - Apply proxy settings
2023-11-10 08:45:25,486 [INFO] WebApp:475 - Chromium requires no authentication
2023-11-10 08:45:25,488 [WARN] PackLoader:240 - Cannot read IP mode file for STMicroelectronics.X-CUBE-TOUCHGFX.4.22.1
2023-11-10 08:45:25,493 [WARN] PackLoader:240 - Cannot read IP mode file for STMicroelectronics.FP-SNS-SMARTAG2.1.2.0
2023-11-10 08:45:25,502 [INFO] WebApp:418 - Direct internet connection detected
2023-11-10 08:45:25,505 [INFO] LogOutputStream:77 - [STDOUT_REDIRECT] 1 : Invalid condition id : UX_CORESTACK_Condition cause : null
2023-11-10 08:45:25,506 [INFO] LogOutputStream:77 - [STDOUT_REDIRECT] 1 : Invalid condition id : UX_CORESTACK_Condition cause : null
2023-11-10 08:45:25,507 [INFO] LogOutputStream:77 - [STDOUT_REDIRECT] 1 : Invalid condition id : UX_CORESTACK_Condition cause : null
2023-11-10 08:45:25,508 [INFO] LogOutputStream:77 - [STDOUT_REDIRECT] 1 : Invalid condition id : UX_CORESTACK_Condition cause : null
2023-11-10 08:45:25,510 [INFO] LogOutputStream:77 - [STDOUT_REDIRECT] 1 : Invalid condition id : UX_CORESTACK_Condition cause : null
2023-11-10 08:45:25,512 [WARN] PackLoader:240 - Cannot read IP mode file for STMicroelectronics.X-CUBE-AZRTOS-WL.2.0.0
2023-11-10 08:45:25,521 [WARN] PackLoader:240 - Cannot read IP mode file for WES.I-CUBE-Cesium.1.3.0
2023-11-10 08:45:25,527 [WARN] PackLoader:240 - Cannot read IP mode file for STMicroelectronics.X-CUBE-BLE2.3.3.0
2023-11-10 08:45:25,534 [WARN] PackLoader:240 - Cannot read IP mode file for STMicroelectronics.X-CUBE-ALGOBUILD.1.3.0
2023-11-10 08:45:25,551 [WARN] PackLoader:240 - Cannot read IP mode file for STMicroelectronics.X-CUBE-AZRTOS-G0.1.1.0
2023-11-10 08:45:25,561 [WARN] PackLoader:240 - Cannot read IP mode file for STMicroelectronics.X-CUBE-NFC4.3.0.0
2023-11-10 08:45:25,575 [WARN] PackLoader:240 - Cannot read IP mode file for STMicroelectronics.X-CUBE-BLEMGR.3.0.0
2023-11-10 08:45:25,582 [WARN] PackLoader:240 - Cannot read IP mode file for STMicroelectronics.FP-ATR-SIGFOX1.3.2.0
2023-11-10 08:45:25,611 [WARN] PackLoader:240 - Cannot read IP mode file for SEGGER.I-CUBE-embOS.1.3.1
2023-11-10 08:45:25,639 [WARN] PackLoader:240 - Cannot read IP mode file for STMicroelectronics.X-CUBE-GNSS1.6.0.0
2023-11-10 08:45:25,648 [WARN] PackLoader:240 - Cannot read IP mode file for STMicroelectronics.X-CUBE-AZRTOS-F4.1.1.0
2023-11-10 08:45:25,655 [WARN] PackLoader:240 - Cannot read IP mode file for wolfSSL.I-CUBE-wolfSSL.5.6.3
2023-11-10 08:45:25,668 [WARN] PackLoader:240 - Cannot read IP mode file for STMicroelectronics.X-CUBE-AZRTOS-L5.2.0.0
2023-11-10 08:45:25,691 [WARN] PackLoader:240 - Cannot read IP mode file for STMicroelectronics.X-CUBE-MEMS1.9.6.0
2023-11-10 08:45:25,795 [WARN] PackLoader:240 - Cannot read IP mode file for STMicroelectronics.X-CUBE-EEPRMA1.4.2.0
2023-11-10 08:45:25,802 [WARN] PackLoader:240 - Cannot read IP mode file for ITTIA_DB.I-CUBE-ITTIADB.8.8.0
2023-11-10 08:45:25,806 [INFO] WebApp:188 - Starting web application
2023-11-10 08:45:25,806 [INFO] WebApp:520 - Web application path used C:\ST\STM32CubeIDE_1.13.2\STM32CubeIDE\plugins\com.st.stm32cube.common.mx_6.9.2.202309101412\db\plugins\mcufinder\reactClient1\index.html
2023-11-10 08:45:25,809 [WARN] PackLoader:240 - Cannot read IP mode file for STMicroelectronics.X-CUBE-BLEMGR.2.0.0
2023-11-10 08:45:25,835 [WARN] ConditionMgr:438 - getConditionDescription Invalid condition id : UX DEVICE CLASS RTOS Condition cause : null
2023-11-10 08:45:25,835 [WARN] ConditionMgr:438 - getConditionDescription Invalid condition id : UX DEVICE CLASS RTOS Condition cause : null
2023-11-10 08:45:25,838 [WARN] PackLoader:240 - Cannot read IP mode file for STMicroelectronics.X-CUBE-AZRTOS-H7.3.1.0
2023-11-10 08:45:25,839 [WARN] ConditionMgr:1039 - genDependencies : Invalid condition id : UX DEVICE CLASS RTOS Condition cause : null
2023-11-10 08:45:25,839 [WARN] ConditionMgr:1039 - genDependencies : Invalid condition id : UX DEVICE CLASS RTOS Condition cause : null
2023-11-10 08:45:25,840 [WARN] ConditionMgr:1039 - genDependencies : Invalid condition id : UX DEVICE CLASS RTOS Condition cause : null
2023-11-10 08:45:25,841 [WARN] ConditionMgr:1039 - genDependencies : Invalid condition id : UX DEVICE CLASS RTOS Condition cause : null
2023-11-10 08:45:25,841 [WARN] ConditionMgr:1039 - genDependencies : Invalid condition id : UX DEVICE CLASS RTOS Condition cause : null
2023-11-10 08:45:25,849 [WARN] PackLoader:240 - Cannot read IP mode file for STMicroelectronics.X-CUBE-NFC7.1.0.1
2023-11-10 08:45:25,855 [WARN] PackLoader:240 - Cannot read IP mode file for STMicroelectronics.X-CUBE-NFC6.3.0.0
2023-11-10 08:45:25,875 [WARN] PackLoader:240 - Cannot read IP mode file for STMicroelectronics.X-CUBE-EEPRMA1.4.1.0
2023-11-10 08:45:25,880 [WARN] PackLoader:240 - Cannot read IP mode file for STMicroelectronics.X-CUBE-AI.8.1.0
2023-11-10 08:45:25,893 [WARN] ConditionMgr:438 - getConditionDescription Invalid condition id : LAN8742 Phy interface Condition cause : null
2023-11-10 08:45:25,895 [WARN] PackLoader:240 - Cannot read IP mode file for STMicroelectronics.X-CUBE-AZRTOS-L4.2.0.0
2023-11-10 08:45:25,896 [WARN] ConditionMgr:1039 - genDependencies : Invalid condition id : LAN8742 Phy interface Condition cause : null
2023-11-10 08:45:25,899 [WARN] ConditionMgr:1039 - genDependencies : Invalid condition id : LAN8742 Phy interface Condition cause : null
2023-11-10 08:45:25,900 [WARN] ConditionMgr:1039 - genDependencies : Invalid condition id : LAN8742 Phy interface Condition cause : null
2023-11-10 08:45:25,907 [WARN] PackLoader:240 - Cannot read IP mode file for STMicroelectronics.X-CUBE-SFXS2LP1.4.0.0
2023-11-10 08:45:25,912 [WARN] PackLoader:240 - Cannot read IP mode file for STMicroelectronics.X-CUBE-ISPU.1.1.0
2023-11-10 08:45:25,922 [WARN] ConditionMgr:438 - getConditionDescription Invalid condition id : UX DEVICE CLASS RTOS Condition cause : null
2023-11-10 08:45:25,922 [WARN] ConditionMgr:438 - getConditionDescription Invalid condition id : UX DEVICE CLASS RTOS Condition cause : null
2023-11-10 08:45:25,924 [WARN] PackLoader:240 - Cannot read IP mode file for STMicroelectronics.X-CUBE-AZRTOS-WB.2.0.0
2023-11-10 08:45:25,925 [WARN] ConditionMgr:1039 - genDependencies : Invalid condition id : UX DEVICE CLASS RTOS Condition cause : null
2023-11-10 08:45:25,925 [WARN] ConditionMgr:1039 - genDependencies : Invalid condition id : UX DEVICE CLASS RTOS Condition cause : null
2023-11-10 08:45:25,925 [WARN] ConditionMgr:1039 - genDependencies : Invalid condition id : UX DEVICE CLASS RTOS Condition cause : null
2023-11-10 08:45:25,926 [WARN] ConditionMgr:1039 - genDependencies : Invalid condition id : UX DEVICE CLASS RTOS Condition cause : null
2023-11-10 08:45:25,926 [WARN] ConditionMgr:1039 - genDependencies : Invalid condition id : UX DEVICE CLASS RTOS Condition cause : null
2023-11-10 08:45:25,934 [WARN] PackLoader:240 - Cannot read IP mode file for STMicroelectronics.X-CUBE-SUBG2.5.0.0
2023-11-10 08:45:25,946 [WARN] PackLoader:240 - Cannot read IP mode file for STMicroelectronics.X-CUBE-TOF1.3.3.1
2023-11-10 08:45:25,966 [WARN] PackLoader:240 - Cannot read IP mode file for STMicroelectronics.X-CUBE-AZRTOS-G4.2.0.0
2023-11-10 08:45:25,980 [WARN] PackLoader:240 - Cannot read IP mode file for Infineon.AIROC-Wi-Fi-Bluetooth-STM32.1.5.1
2023-11-10 08:45:26,016 [WARN] PackLoader:240 - Cannot read IP mode file for STMicroelectronics.X-CUBE-MEMS1.10.0.0
2023-11-10 08:45:26,106 [WARN] PackLoader:240 - Cannot read IP mode file for STMicroelectronics.X-CUBE-FREERTOS.1.1.0
2023-11-10 08:45:26,111 [WARN] PackLoader:240 - Cannot read IP mode file for portGmbH.I-Cube-SoM-uGOAL.1.1.0
2023-11-10 08:45:26,116 [WARN] PackLoader:240 - Cannot read IP mode file for STMicroelectronics.X-CUBE-ALS.1.0.1
2023-11-10 08:45:26,120 [WARN] PackLoader:240 - Cannot read IP mode file for STMicroelectronics.FP-ATR-ASTRA1.2.0.0
2023-11-10 08:45:26,120 [INFO] ThirdParty:978 - Integrity check success = true
2023-11-10 08:45:26,121 [INFO] IntegrityCheckThread:100 - exiting critical section [integrity check]
2023-11-10 08:45:26,121 [INFO] IntegrityCheckThread:103 - End integrity checks thread
2023-11-10 08:45:46,608 [ERROR] LogOutputStream:75 - [STDERR_REDIRECT] SLF4J: Failed to load class "org.slf4j.impl.StaticLoggerBinder".
2023-11-10 08:45:46,609 [ERROR] LogOutputStream:75 - [STDERR_REDIRECT] SLF4J: Defaulting to no-operation (NOP) logger implementation
2023-11-10 08:45:46,609 [ERROR] LogOutputStream:75 - [STDERR_REDIRECT] SLF4J: See http://www.slf4j.org/codes.html#StaticLoggerBinder for further details.
2023-11-10 15:32:13,045 [INFO] McuFinderGlobals:63 - Set McuFinder mode to 2 (CubeIDE integrated)
2023-11-10 15:32:13,240 [INFO] MainUpdater:2868 - connection check result : 10
2023-11-10 15:32:13,250 [INFO] MainUpdater:2868 - connection check result : 10
2023-11-10 15:32:13,433 [INFO] MicroXplorer:468 - Change Database Path : 
2023-11-10 15:32:13,433 [INFO] MicroXplorer:498 - Change Database Version : DB.6.0.92
2023-11-10 15:32:13,438 [WARN] ThirdParty:871 - waiting for thirdparty lock release [close project]
2023-11-10 15:32:13,438 [INFO] ThirdParty:873 - entering critical section [close project]
2023-11-10 15:32:13,452 [INFO] ThirdParty:883 - exiting critical section [close project]
2023-11-10 15:32:13,456 [INFO] PinOutPanel:1499 - setPackage(No Configuration,No Configuration)
2023-11-10 15:32:13,473 [INFO] UtilMem:75 - Begin LoadConfig() Used Memory: 268278144 Bytes (434110464)
2023-11-10 15:32:13,476 [INFO] MicroXplorer:468 - Change Database Path : 
2023-11-10 15:32:13,476 [INFO] MicroXplorer:498 - Change Database Version : DB.6.0.92
2023-11-10 15:32:13,477 [INFO] OpenFileManager:308 - Change cursor
2023-11-10 15:32:13,546 [INFO] Mcu:1946 - Initializing MCU STM32F401R(D-E)Tx STM32F401RETx STM32F401RET6
2023-11-10 15:32:14,673 [INFO] Context:659 - Trying to add GPIOservice into a context  which must be forbidden
2023-11-10 15:32:15,075 [INFO] RtosManager:555 - Registered RTOS mode: class=CMSIS, group=RTOS, mode=CMSIS_V1, owner=FREERTOS
2023-11-10 15:32:15,075 [INFO] RtosManager:555 - Registered RTOS mode: class=CMSIS, group=RTOS2, mode=CMSIS_V2, owner=FREERTOS
2023-11-10 15:32:15,075 [INFO] RtosManager:555 - Registered RTOS mode: class=RTOS, group=Core, mode=CMSIS_V1, owner=FREERTOS
2023-11-10 15:32:15,076 [INFO] RtosManager:555 - Registered RTOS mode: class=RTOS, group=Core, mode=CMSIS_V2, owner=FREERTOS
2023-11-10 15:32:15,076 [WARN] ModelIntegratedComponent:184 - Missing modes for component STMicroelectronics:FreeRTOS:0.0.1:STMicroelectronics:RTOS:FreeRTOS:Core:::10.2.0:
2023-11-10 15:32:15,086 [WARN] ModelIntegratedComponent:63 - No mode defined for component null
2023-11-10 15:32:15,086 [WARN] ModelIntegratedComponent:63 - No mode defined for component null
2023-11-10 15:32:15,086 [WARN] ModelIntegratedComponent:63 - No mode defined for component null
2023-11-10 15:32:15,086 [WARN] ModelIntegratedComponent:63 - No mode defined for component null
2023-11-10 15:32:15,086 [WARN] ModelIntegratedComponent:63 - No mode defined for component null
2023-11-10 15:32:15,086 [WARN] ModelIntegratedComponent:63 - No mode defined for component null
2023-11-10 15:32:15,086 [WARN] ModelIntegratedComponent:63 - No mode defined for component null
2023-11-10 15:32:15,086 [WARN] ModelIntegratedComponent:63 - No mode defined for component null
2023-11-10 15:32:15,086 [WARN] ModelIntegratedComponent:63 - No mode defined for component null
2023-11-10 15:32:15,086 [WARN] ModelIntegratedComponent:63 - No mode defined for component null
2023-11-10 15:32:15,086 [WARN] ModelIntegratedComponent:63 - No mode defined for component null
2023-11-10 15:32:15,086 [WARN] ModelIntegratedComponent:63 - No mode defined for component null
2023-11-10 15:32:15,086 [WARN] ModelIntegratedComponent:63 - No mode defined for component null
2023-11-10 15:32:15,086 [WARN] ModelIntegratedComponent:63 - No mode defined for component null
2023-11-10 15:32:15,086 [WARN] ModelIntegratedComponent:63 - No mode defined for component null
2023-11-10 15:32:15,086 [WARN] ModelIntegratedComponent:63 - No mode defined for component null
2023-11-10 15:32:15,086 [WARN] ModelIntegratedComponent:63 - No mode defined for component null
2023-11-10 15:32:15,086 [WARN] ModelIntegratedComponent:63 - No mode defined for component null
2023-11-10 15:32:15,086 [WARN] ModelIntegratedComponent:63 - No mode defined for component null
2023-11-10 15:32:15,086 [WARN] ModelIntegratedComponent:63 - No mode defined for component null
2023-11-10 15:32:15,086 [WARN] ModelIntegratedComponent:63 - No mode defined for component null
2023-11-10 15:32:15,086 [WARN] ModelIntegratedComponent:63 - No mode defined for component null
2023-11-10 15:32:15,086 [WARN] ModelIntegratedComponent:63 - No mode defined for component null
2023-11-10 15:32:15,086 [WARN] ModelIntegratedComponent:63 - No mode defined for component null
2023-11-10 15:32:15,086 [WARN] ModelIntegratedComponent:63 - No mode defined for component null
2023-11-10 15:32:15,086 [WARN] ModelIntegratedComponent:63 - No mode defined for component null
2023-11-10 15:32:15,087 [WARN] ModelIntegratedComponent:63 - No mode defined for component null
2023-11-10 15:32:15,087 [WARN] ModelIntegratedComponent:63 - No mode defined for component null
2023-11-10 15:32:15,087 [WARN] ModelIntegratedComponent:63 - No mode defined for component null
2023-11-10 15:32:15,087 [WARN] ModelIntegratedComponent:63 - No mode defined for component null
2023-11-10 15:32:15,087 [WARN] ModelIntegratedComponent:63 - No mode defined for component null
2023-11-10 15:32:15,087 [WARN] ModelIntegratedComponent:63 - No mode defined for component null
2023-11-10 15:32:15,087 [WARN] ModelIntegratedComponent:63 - No mode defined for component null
2023-11-10 15:32:15,137 [INFO] ThirdPartyModel:298 - Start build external matchings
2023-11-10 15:32:15,398 [INFO] ThirdPartyModel:316 - End build external matchings
2023-11-10 15:32:15,408 [INFO] ImportTextPane:194 - (OptionalMessage_ERROR) IP (RCC) : Parameter (RTCHSEDivFreq_Value) has invalid value (4000000)
2023-11-10 15:32:15,608 [INFO] UtilMem:75 - End LoadConfig() Used Memory: 222818696 Bytes (601882624)
2023-11-10 15:32:15,741 [INFO] ApiDb:581 - Connected to CubeFinder SQLite database (C:\Users\user\.stmcufinder\plugins\mcufinder\mcu\cube-finder-db.db)
2023-11-10 15:32:15,784 [INFO] ApiDb:668 - CubeFinder database Data Model version=2.1
2023-11-10 15:32:15,784 [INFO] ApiDb:669 - CubeFinder database Configuration version=3.0.37
2023-11-10 15:32:15,785 [INFO] ApiDb:670 - CubeFinder database generation date=2023-10-13 (1697197505)
2023-11-10 15:32:15,785 [INFO] ApiDb:671 - CubeFinder database FW Pack versions=[FP-ATR-ASTRA1_V2.0.0, FP-SNS-FLIGHT1_V5.0.1, FP-SNS-FLIGHT1_V5.0.2, FP-SNS-MOTENV1_V4.3.1, FP-SNS-MOTENV1_V4.3.2, FP-SNS-SMARTAG2_V1.2.0, I-CUBE-ITTIADB_V8.6.3-1, STM32Cube_FW_C0_V1.1.0, STM32Cube_FW_F4_V1.27.1, STM32Cube_FW_F7_V1.17.0, STM32Cube_FW_G0_V1.6.1, STM32Cube_FW_G4_V1.5.1, STM32Cube_FW_H5_V0.5.1, STM32Cube_FW_H5_V1.1.1, STM32Cube_FW_H7_V1.11.0, STM32Cube_FW_L0_V1.12.2, STM32Cube_FW_L5_V1.5.0, STM32Cube_FW_U5_V1.3.0, STM32Cube_FW_U5_V1.3.0RC4, STM32Cube_FW_WBA_V1.0.0RC1, STM32Cube_FW_WBA_V1.1.0RC1, STM32Cube_FW_WBA_V1.1.1, STM32Cube_FW_WB_V1.15.0RC1, STM32Cube_FW_WB_V1.16.0, STM32Cube_FW_WB_V1.16.0RC2, STM32Cube_FW_WB_V1.17.3, STM32Cube_FW_WL_V1.3.0, X-CUBE-ALGOBUILD_V1.3.0, X-CUBE-ALS_V1.0.1, X-CUBE-AZRTOS-F4_V1.1.0, X-CUBE-AZRTOS-F7_V1.1.0, X-CUBE-AZRTOS-G0_V1.1.0, X-CUBE-AZRTOS-G4_V2.0.0, X-CUBE-AZRTOS-H7_V3.1.0, X-CUBE-AZRTOS-L4_V1.0.0, X-CUBE-AZRTOS-L4_V2.0.0, X-CUBE-AZRTOS-L5_V1.1.0, X-CUBE-AZRTOS-WB_V2.0.0, X-CUBE-AZRTOS-WL_V2.0.0, X-CUBE-BLE1_V7.0.0, X-CUBE-BLE2_V3.3.0, X-CUBE-BLEMGR_V2.0.0, X-CUBE-EEPRMA1_V4.1.0, X-CUBE-FREERTOS_V1.1.0, X-CUBE-GNSS1_V6.0.0, X-CUBE-MEMS1_V10.0.0, X-CUBE-MEMS1_V9.1.0, X-CUBE-MEMS1_V9.4.0, X-CUBE-MEMS1_V9.6.0, X-CUBE-NFC4_V3.0.0, X-CUBE-NFC7_V1.0.1, X-CUBE-SFXS2LP1_V4.0.0, X-CUBE-SUBG2_V5.0.0, X-CUBE-TOF1_V3.3.1]
2023-11-10 15:32:17,144 [INFO] ApiDb:240 - Found 323 in-development CPN: [B-G473E-ZEST1S, B-WB1M-WPAN1, B-WL5M-SUBG1, NUCLEO-C031C6, NUCLEO-H503RB, NUCLEO-H563ZI, NUCLEO-U545RE-Q, NUCLEO-U5A5ZJ-Q, NUCLEO-WBA52CG, STEVAL-PROTEUS1, STEVAL-SMARTAG2, STEVAL-STWINBX1, STM320518-EVAL, STM32C0116-DK, STM32C011D6Y3TR, STM32C011D6Y6TR, STM32C011F4P3, STM32C011F4P6, STM32C011F4U3, STM32C011F4U6TR, STM32C011F6P3, STM32C011F6P6, STM32C011F6U3, STM32C011F6U6TR, STM32C011J4M3, STM32C011J4M6, STM32C011J6M3, STM32C011J6M6, STM32C0316-DK, STM32C031C4T3, STM32C031C4T6, STM32C031C4U3, STM32C031C4U6, STM32C031C6T3, STM32C031C6T6, STM32C031C6U3, STM32C031C6U6, STM32C031F4P3, STM32C031F4P6, STM32C031F6P3, STM32C031F6P6, STM32C031G4U3, STM32C031G4U6, STM32C031G6U3, STM32C031G6U6, STM32C031K4T3, STM32C031K4T6, STM32C031K4U3, STM32C031K4U6, STM32C031K6T3, STM32C031K6T6, STM32C031K6U3, STM32C031K6U6, STM32G071K8TXN, STM32G071K8UXN, STM32G081GBU6N, STM32G081KBT6N, STM32G081KBUXN, STM32G0B1CCT6N, STM32G0B1KCT6, STM32G0B1NEY6TR, STM32G0B1RCT6N, STM32G0C1CCT6, STM32G0C1CCT6N, STM32G0C1CCU6N, STM32G0C1CET6N, STM32G0C1CEU6N, STM32G0C1KCT6, STM32G0C1NEY6TR, STM32G0C1RCI6N, STM32G0C1RCT6N, STM32G0C1REI6N, STM32G0C1RET6N, STM32G0C1VCI6, STM32G0C1VEI6, STM32G471CCT6, STM32G471CCU6, STM32G471CET3, STM32G471CET6, STM32G471CEU3, STM32G471CEU6, STM32G471MCT6, STM32G471MET3, STM32G471MET6, STM32G471MEY6TR, STM32G471QCT6, STM32G471QET3, STM32G471RCT6, STM32G471RET3, STM32G471RET6, STM32G471VCH6, STM32G471VCI6, STM32G471VCT6, STM32G471VEH3, STM32G471VEH6, STM32G471VEI3, STM32G471VEI6, STM32G471VET3, STM32G471VET6, STM32G474CCT6, STM32H503CBT6, STM32H503CBU6, STM32H503EBY6TR, STM32H503KBU6, STM32H503RBT6, STM32H562AGI6, STM32H562AII6, STM32H562IGK6, STM32H562IGT6, STM32H562IIK6, STM32H562IIT6, STM32H562RGT6, STM32H562RGV6, STM32H562RIT6, STM32H562RIV6, STM32H562VGT6, STM32H562VIT6, STM32H562ZGT6, STM32H562ZIT6, STM32H563AGI6, STM32H563AII3Q, STM32H563AII6, STM32H563IGK6, STM32H563IGT6, STM32H563IIK3Q, STM32H563IIK6, STM32H563IIT3Q, STM32H563IIT6, STM32H563MIY3QTR, STM32H563RGT6, STM32H563RGV6, STM32H563RIT6, STM32H563RIV6, STM32H563VGT6, STM32H563VIT3Q, STM32H563VIT6, STM32H563ZGT6, STM32H563ZIT3Q, STM32H563ZIT6, STM32H573AII3Q, STM32H573AII6, STM32H573I-DK, STM32H573IIK3Q, STM32H573IIK6, STM32H573IIT3Q, STM32H573IIT6, STM32H573MIY3QTR, STM32H573RIT6, STM32H573RIV6, STM32H573VIT3Q, STM32H573VIT6, STM32H573ZIT3Q, STM32H573ZIT6, STM32L4R5QGI6STR, STM32MP131AAE3, STM32MP131AAF3, STM32MP131AAG3, STM32MP131CAE3, STM32MP131CAF3, STM32MP131CAG3, STM32MP131DAE7, STM32MP131DAF7, STM32MP131DAG7, STM32MP131FAE7, STM32MP131FAF7, STM32MP131FAG7, STM32MP133AAE3, STM32MP133AAF3, STM32MP133AAG3, STM32MP133CAE3, STM32MP133CAF3, STM32MP133CAG3, STM32MP133DAE7, STM32MP133DAF7, STM32MP133DAG7, STM32MP133FAE7, STM32MP133FAF7, STM32MP133FAG7, STM32MP135AAE3, STM32MP135AAF3, STM32MP135AAG3, STM32MP135CAE3, STM32MP135CAF3, STM32MP135CAG3, STM32MP135DAE7, STM32MP135DAF7, STM32MP135DAG7, STM32MP135F-DK, STM32MP135FAE7, STM32MP135FAF7, STM32MP135FAF7T, STM32MP135FAF7U, STM32MP135FAG7, STM32U535CBT6, STM32U535CBT6Q, STM32U535CBU6, STM32U535CBU6Q, STM32U535CCT6, STM32U535CCT6Q, STM32U535CCU6, STM32U535CCU6Q, STM32U535CET6, STM32U535CET6Q, STM32U535CEU6, STM32U535CEU6Q, STM32U535JEY6QTR, STM32U535NCY6QTR, STM32U535NEY6QTR, STM32U535RBI6, STM32U535RBI6Q, STM32U535RBT6, STM32U535RBT6Q, STM32U535RCI6, STM32U535RCI6Q, STM32U535RCT6, STM32U535RCT6Q, STM32U535REI6, STM32U535REI6Q, STM32U535RET6, STM32U535RET6Q, STM32U535VCI6, STM32U535VCI6Q, STM32U535VCT6, STM32U535VCT6Q, STM32U535VEI6, STM32U535VEI6Q, STM32U535VET6, STM32U535VET6Q, STM32U545CET6, STM32U545CET6Q, STM32U545CEU6, STM32U545CEU6Q, STM32U545JEY6QTR, STM32U545NEY6QTR, STM32U545REI6, STM32U545REI6Q, STM32U545RET6, STM32U545RET6Q, STM32U545VEI6, STM32U545VEI6Q, STM32U545VET6, STM32U545VET6Q, STM32U595AIH6, STM32U595AIH6Q, STM32U595AJH6, STM32U595AJH6Q, STM32U595QII6, STM32U595QII6Q, STM32U595QJI6, STM32U595QJI6Q, STM32U595RIT6, STM32U595RIT6Q, STM32U595RJT6, STM32U595RJT6Q, STM32U595VIT6, STM32U595VIT6Q, STM32U595VJT6, STM32U595VJT6Q, STM32U595ZIT6, STM32U595ZIT6Q, STM32U595ZIY6QTR, STM32U595ZJT6, STM32U595ZJT6Q, STM32U595ZJY6QTR, STM32U599BJY6QTR, STM32U599NIH6Q, STM32U599NJH6Q, STM32U599VIT6Q, STM32U599VJT6, STM32U599VJT6Q, STM32U599ZIT6Q, STM32U599ZIY6QTR, STM32U599ZJT6Q, STM32U599ZJY6QTR, STM32U5A5AJH6, STM32U5A5AJH6Q, STM32U5A5QJI6, STM32U5A5QJI6Q, STM32U5A5RJT6, STM32U5A5RJT6Q, STM32U5A5VJT6, STM32U5A5VJT6Q, STM32U5A5ZJT6, STM32U5A5ZJT6Q, STM32U5A5ZJY6QTR, STM32U5A9BJY6QTR, STM32U5A9J-DK, STM32U5A9NJH6Q, STM32U5A9VJT6Q, STM32U5A9ZJT6Q, STM32U5A9ZJY6QTR, STM32U5F7VIT6, STM32U5F7VIT6Q, STM32U5F7VJT6, STM32U5F7VJT6Q, STM32U5F9BJY6QTR, STM32U5F9NJH6Q, STM32U5F9VIT6Q, STM32U5F9VJT6Q, STM32U5F9ZIJ6QTR, STM32U5F9ZIT6Q, STM32U5F9ZJJ6QTR, STM32U5F9ZJT6Q, STM32U5G7VJT6, STM32U5G7VJT6Q, STM32U5G9BJY6QTR, STM32U5G9J-DK1, STM32U5G9J-DK2, STM32U5G9NJH6Q, STM32U5G9VJT6Q, STM32U5G9ZJJ6QTR, STM32U5G9ZJT6Q, STM32WB1MMCH6, STM32WBA52CEU6, STM32WBA52CEU6T, STM32WBA52CGU6, STM32WBA52CGU6T, STM32WBA52KEU6, STM32WBA52KEU6T, STM32WBA52KGU6, STM32WBA52KGU6T, STM32WL5MOCH6, STM32WL5MOCH6TR]
2023-11-10 15:32:17,146 [INFO] DbMcus:217 - Found 3848 MCUs, 3848 are supported
2023-11-10 15:32:17,147 [INFO] ApiDb:423 - Load user favorites file C:\Users\user/.stm32cubeide/favorites.mcus.txt: 0 item(s)
2023-11-10 15:32:17,147 [INFO] ApiDb:427 - User favorites MCUs=[]
2023-11-10 15:32:17,147 [INFO] DbMcus:223 - Set 0 / 0 favorites MCUs
2023-11-10 15:32:17,361 [WARN] ThirdParty:833 - waiting for thirdparty lock release [change project]
2023-11-10 15:32:17,361 [INFO] ThirdParty:835 - entering critical section [change project]
2023-11-10 15:32:17,361 [INFO] ThirdParty:1030 - CMSIS Pack Vendor :STMicroelectronics X-CUBE-ISPU 1.1.0
2023-11-10 15:32:17,361 [INFO] ThirdParty:1030 - CMSIS Pack Vendor :STMicroelectronics USBPD 4.1
2023-11-10 15:32:17,361 [INFO] ThirdParty:1030 - CMSIS Pack Vendor :STMicroelectronics X-CUBE-GNSS1 6.0.0
2023-11-10 15:32:17,361 [INFO] ThirdParty:1030 - CMSIS Pack Vendor :STMicroelectronics USB_HOST 2.0.0
2023-11-10 15:32:17,361 [INFO] ThirdParty:1030 - CMSIS Pack Vendor :STMicroelectronics X-CUBE-AZRTOS-F4 1.1.0
2023-11-10 15:32:17,361 [INFO] ThirdParty:1030 - CMSIS Pack Vendor :STMicroelectronics LIBJPEG 8.0.0
2023-11-10 15:32:17,361 [INFO] ThirdParty:1030 - CMSIS Pack Vendor :wolfSSL I-CUBE-wolfSSL 5.6.3
2023-11-10 15:32:17,361 [INFO] ThirdParty:1030 - CMSIS Pack Vendor :STMicroelectronics X-CUBE-SMBUS 2.1.0
2023-11-10 15:32:17,361 [INFO] ThirdParty:1030 - CMSIS Pack Vendor :STMicroelectronics USB_DEVICE 3.0.0
2023-11-10 15:32:17,361 [INFO] ThirdParty:1030 - CMSIS Pack Vendor :STMicroelectronics X-CUBE-AZRTOS-WB 2.0.0
2023-11-10 15:32:17,361 [INFO] ThirdParty:1030 - CMSIS Pack Vendor :STMicroelectronics X-CUBE-AZRTOS-F7 1.1.0
2023-11-10 15:32:17,361 [INFO] ThirdParty:1030 - CMSIS Pack Vendor :STMicroelectronics X-CUBE-AZRTOS-L5 2.0.0
2023-11-10 15:32:17,361 [INFO] ThirdParty:1030 - CMSIS Pack Vendor :STMicroelectronics USB_DEVICE 2.0.0
2023-11-10 15:32:17,361 [INFO] ThirdParty:1030 - CMSIS Pack Vendor :STMicroelectronics X-CUBE-MEMS1 9.6.0
2023-11-10 15:32:17,361 [INFO] ThirdParty:1030 - CMSIS Pack Vendor :STMicroelectronics X-CUBE-EEPRMA1 4.2.0
2023-11-10 15:32:17,361 [INFO] ThirdParty:1030 - CMSIS Pack Vendor :ITTIA_DB I-CUBE-ITTIADB 8.8.0
2023-11-10 15:32:17,361 [INFO] ThirdParty:1030 - CMSIS Pack Vendor :STMicroelectronics FP-SNS-MOTENV1 4.3.2
2023-11-10 15:32:17,361 [INFO] ThirdParty:1030 - CMSIS Pack Vendor :STMicroelectronics X-CUBE-ALGOBUILD 1.3.0
2023-11-10 15:32:17,361 [INFO] ThirdParty:1030 - CMSIS Pack Vendor :STMicroelectronics FreeRTOS 0.0.1
2023-11-10 15:32:17,361 [INFO] ThirdParty:1030 - CMSIS Pack Vendor :STMicroelectronics X-CUBE-AZRTOS-G0 1.1.0
2023-11-10 15:32:17,361 [INFO] ThirdParty:1030 - CMSIS Pack Vendor :STMicroelectronics X-CUBE-BLEMGR 2.0.0
2023-11-10 15:32:17,361 [INFO] ThirdParty:1030 - CMSIS Pack Vendor :STMicroelectronics X-CUBE-NFC4 3.0.0
2023-11-10 15:32:17,361 [INFO] ThirdParty:1030 - CMSIS Pack Vendor :STMicroelectronics X-CUBE-SUBG2 5.0.0
2023-11-10 15:32:17,361 [INFO] ThirdParty:1030 - CMSIS Pack Vendor :STMicroelectronics STM32_WPAN 1.0.0
2023-11-10 15:32:17,361 [INFO] ThirdParty:1030 - CMSIS Pack Vendor :STMicroelectronics lwIP 2.0.3
2023-11-10 15:32:17,361 [INFO] ThirdParty:1030 - CMSIS Pack Vendor :STMicroelectronics FP-SNS-FLIGHT1 5.0.2
2023-11-10 15:32:17,361 [INFO] ThirdParty:1030 - CMSIS Pack Vendor :STMicroelectronics USB_HOST 1.0.0
2023-11-10 15:32:17,361 [INFO] ThirdParty:1030 - CMSIS Pack Vendor :STMicroelectronics X-CUBE-TOF1 3.3.1
2023-11-10 15:32:17,361 [INFO] ThirdParty:1030 - CMSIS Pack Vendor :STMicroelectronics X-CUBE-AZRTOS-G4 2.0.0
2023-11-10 15:32:17,361 [INFO] ThirdParty:1030 - CMSIS Pack Vendor :STMicroelectronics PDM2PCM 3.1.0
2023-11-10 15:32:17,361 [INFO] ThirdParty:1030 - CMSIS Pack Vendor :STMicroelectronics X-CUBE-AZRTOS-H7 3.1.0
2023-11-10 15:32:17,361 [INFO] ThirdParty:1030 - CMSIS Pack Vendor :Infineon AIROC-Wi-Fi-Bluetooth-STM32 1.5.1
2023-11-10 15:32:17,361 [INFO] ThirdParty:1030 - CMSIS Pack Vendor :STMicroelectronics X-CUBE-BLEMGR 3.0.0
2023-11-10 15:32:17,361 [INFO] ThirdParty:1030 - CMSIS Pack Vendor :STMicroelectronics PDM2PCM 3.3.0
2023-11-10 15:32:17,362 [INFO] ThirdParty:1030 - CMSIS Pack Vendor :STMicroelectronics X-CUBE-DISPLAY 3.0.0
2023-11-10 15:32:17,362 [INFO] ThirdParty:1030 - CMSIS Pack Vendor :STMicroelectronics X-CUBE-BLE1 7.0.0
2023-11-10 15:32:17,362 [INFO] ThirdParty:1030 - CMSIS Pack Vendor :STMicroelectronics FP-ATR-SIGFOX1 3.2.0
2023-11-10 15:32:17,362 [INFO] ThirdParty:1030 - CMSIS Pack Vendor :STMicroelectronics HAL Drivers 0.0.0
2023-11-10 15:32:17,362 [INFO] ThirdParty:1030 - CMSIS Pack Vendor :STMicroelectronics MBEDTLS 2.16.2
2023-11-10 15:32:17,362 [INFO] ThirdParty:1030 - CMSIS Pack Vendor :emotas I-CUBE-CANOPEN 1.3.0
2023-11-10 15:32:17,362 [INFO] ThirdParty:1030 - CMSIS Pack Vendor :STMicroelectronics X-CUBE-MEMS1 10.0.0
2023-11-10 15:32:17,362 [INFO] ThirdParty:1030 - CMSIS Pack Vendor :STMicroelectronics X-CUBE-FREERTOS 1.1.0
2023-11-10 15:32:17,362 [INFO] ThirdParty:1030 - CMSIS Pack Vendor :STMicroelectronics X-CUBE-TOUCHGFX 4.22.0
2023-11-10 15:32:17,362 [INFO] ThirdParty:1030 - CMSIS Pack Vendor :STMicroelectronics X-CUBE-NFC7 1.0.1
2023-11-10 15:32:17,362 [INFO] ThirdParty:1030 - CMSIS Pack Vendor :STMicroelectronics MBEDTLS 2.14.1
2023-11-10 15:32:17,362 [INFO] ThirdParty:1030 - CMSIS Pack Vendor :STMicroelectronics X-CUBE-TOUCHGFX 4.22.1
2023-11-10 15:32:17,362 [INFO] ThirdParty:1030 - CMSIS Pack Vendor :STMicroelectronics X-CUBE-NFC6 3.0.0
2023-11-10 15:32:17,362 [INFO] ThirdParty:1030 - CMSIS Pack Vendor :STMicroelectronics X-CUBE-EEPRMA1 4.1.0
2023-11-10 15:32:17,362 [INFO] ThirdParty:1030 - CMSIS Pack Vendor :portGmbH I-Cube-SoM-uGOAL 1.1.0
2023-11-10 15:32:17,366 [INFO] ThirdParty:1030 - CMSIS Pack Vendor :STMicroelectronics X-CUBE-ALS 1.0.1
2023-11-10 15:32:17,366 [INFO] ThirdParty:1030 - CMSIS Pack Vendor :STMicroelectronics ThreadX 1.0.0
2023-11-10 15:32:17,366 [INFO] ThirdParty:1030 - CMSIS Pack Vendor :STMicroelectronics FP-SNS-SMARTAG2 1.2.0
2023-11-10 15:32:17,366 [INFO] ThirdParty:1030 - CMSIS Pack Vendor :STMicroelectronics X-CUBE-AZRTOS-WL 2.0.0
2023-11-10 15:32:17,366 [INFO] ThirdParty:1030 - CMSIS Pack Vendor :SEGGER I-CUBE-embOS 1.3.1
2023-11-10 15:32:17,366 [INFO] ThirdParty:1030 - CMSIS Pack Vendor :STMicroelectronics USB_DEVICE 1.0.0
2023-11-10 15:32:17,366 [INFO] ThirdParty:1030 - CMSIS Pack Vendor :STMicroelectronics X-CUBE-AI 8.1.0
2023-11-10 15:32:17,366 [INFO] ThirdParty:1030 - CMSIS Pack Vendor :STMicroelectronics X-CUBE-AZRTOS-L4 2.0.0
2023-11-10 15:32:17,366 [INFO] ThirdParty:1030 - CMSIS Pack Vendor :STMicroelectronics ThreadX 0.0.2
2023-11-10 15:32:17,366 [INFO] ThirdParty:1030 - CMSIS Pack Vendor :WES I-CUBE-Cesium 1.3.0
2023-11-10 15:32:17,366 [INFO] ThirdParty:1030 - CMSIS Pack Vendor :STMicroelectronics FP-ATR-ASTRA1 2.0.0
2023-11-10 15:32:17,366 [INFO] ThirdParty:1030 - CMSIS Pack Vendor :STMicroelectronics lwIP 2.1.2
2023-11-10 15:32:17,366 [INFO] ThirdParty:1030 - CMSIS Pack Vendor :STMicroelectronics X-CUBE-SFXS2LP1 4.0.0
2023-11-10 15:32:17,366 [INFO] ThirdParty:1030 - CMSIS Pack Vendor :STMicroelectronics X-CUBE-BLE2 3.3.0
2023-11-10 15:32:17,366 [INFO] ThirdParty:1030 - CMSIS Pack Vendor :STMicroelectronics PDM2PCM 3.2.0
2023-11-10 15:32:17,366 [INFO] ThirdParty:841 - exiting critical section [change project]
2023-11-10 15:32:17,606 [INFO] PinOutPanel:1499 - setPackage(No Configuration,No Configuration)
2023-11-10 15:32:17,608 [INFO] PinOutPanel:1499 - setPackage(STM32F401RETx,LQFP64)
2023-11-10 15:32:17,947 [INFO] UtilMem:75 - Before build in PCC Used Memory: 460951696 Bytes (601882624)
2023-11-10 15:32:18,672 [INFO] UtilMem:75 - After build in PCC Used Memory: 192573400 Bytes (601882624)
2023-11-10 15:32:18,698 [INFO] IPUIPlugin:80 - create IPUIPlugin
2023-11-10 15:32:18,699 [INFO] IPUIPlugin:80 - create IPUIPlugin
2023-11-10 15:32:18,699 [INFO] IPUIPlugin:80 - create IPUIPlugin
2023-11-10 15:32:18,699 [INFO] IPUIPlugin:80 - create IPUIPlugin
2023-11-10 15:32:18,699 [INFO] IPUIPlugin:80 - create IPUIPlugin
2023-11-10 15:32:18,699 [INFO] IPUIPlugin:80 - create IPUIPlugin
2023-11-10 15:32:18,699 [INFO] IPUIPlugin:80 - create IPUIPlugin
2023-11-10 15:32:18,699 [INFO] IPUIPlugin:80 - create IPUIPlugin
2023-11-10 15:32:18,699 [INFO] IPUIPlugin:80 - create IPUIPlugin
2023-11-10 15:32:18,699 [INFO] IPUIPlugin:80 - create IPUIPlugin
2023-11-10 15:32:18,699 [INFO] IPUIPlugin:80 - create IPUIPlugin
2023-11-10 15:32:18,700 [INFO] IPUIPlugin:80 - create IPUIPlugin
2023-11-10 15:32:18,700 [INFO] IPUIPlugin:80 - create IPUIPlugin
2023-11-10 15:32:18,700 [INFO] IPUIPlugin:80 - create IPUIPlugin
2023-11-10 15:32:18,700 [INFO] IPUIPlugin:80 - create IPUIPlugin
2023-11-10 15:32:18,700 [INFO] IPUIPlugin:80 - create IPUIPlugin
2023-11-10 15:32:18,700 [INFO] IPUIPlugin:80 - create IPUIPlugin
2023-11-10 15:32:18,700 [INFO] IPUIPlugin:80 - create IPUIPlugin
2023-11-10 15:32:18,701 [INFO] IPUIPlugin:80 - create IPUIPlugin
2023-11-10 15:32:18,701 [INFO] IPUIPlugin:80 - create IPUIPlugin
2023-11-10 15:32:18,701 [INFO] IPUIPlugin:80 - create IPUIPlugin
2023-11-10 15:32:18,702 [INFO] IPUIPlugin:80 - create IPUIPlugin
2023-11-10 15:32:18,702 [INFO] IPUIPlugin:80 - create IPUIPlugin
2023-11-10 15:32:18,702 [INFO] IPUIPlugin:80 - create IPUIPlugin
2023-11-10 15:32:18,702 [INFO] IPUIPlugin:80 - create IPUIPlugin
2023-11-10 15:32:18,702 [INFO] IPUIPlugin:80 - create IPUIPlugin
2023-11-10 15:32:18,702 [INFO] IPUIPlugin:80 - create IPUIPlugin
2023-11-10 15:32:18,704 [INFO] IPUIPlugin:80 - create IPUIPlugin
2023-11-10 15:32:18,704 [INFO] IPUIPlugin:80 - create IPUIPlugin
2023-11-10 15:32:18,704 [INFO] IPUIPlugin:80 - create IPUIPlugin
2023-11-10 15:32:18,704 [INFO] IPUIPlugin:80 - create IPUIPlugin
2023-11-10 15:32:18,705 [INFO] IPUIPlugin:80 - create IPUIPlugin
2023-11-10 15:32:18,705 [INFO] IPUIPlugin:80 - create IPUIPlugin
2023-11-10 15:32:18,705 [INFO] IPUIPlugin:80 - create IPUIPlugin
2023-11-10 15:32:18,705 [INFO] IPUIPlugin:80 - create IPUIPlugin
2023-11-10 15:32:18,706 [INFO] IPUIPlugin:80 - create IPUIPlugin
2023-11-10 15:32:18,706 [INFO] IPUIPlugin:80 - create IPUIPlugin
2023-11-10 15:32:18,706 [INFO] IPUIPlugin:80 - create IPUIPlugin
2023-11-10 15:32:18,789 [INFO] ApiDbMcu:507 - Load IP Config File for PDM2PCM
2023-11-10 15:32:18,935 [INFO] CADModel:165 - CPN selected for project levelSTM32F401RET6
2023-11-10 15:32:18,935 [INFO] CADModel:114 - Register for checkConnection events
2023-11-10 15:32:18,985 [INFO] OpenFileManager:328 - Restore cursor
2023-11-10 15:39:26,637 [INFO] NvicIntPanel:101 - NVIC parent = com.st.microxplorer.plugins.ip.nvic.MultiNvicIntPanel[,0,0,0x0,invalid,layout=javax.swing.BoxLayout,alignmentX=0.0,alignmentY=0.0,border=,flags=9,maximumSize=,minimumSize=,preferredSize=]
2023-11-10 15:39:28,897 [INFO] UtilMem:75 - End SaveConfig() Used Memory: 219173384 Bytes (601882624)
2023-11-10 15:39:30,787 [INFO] UtilMem:75 - End SaveConfig() Used Memory: 251679240 Bytes (601882624)
2023-11-10 15:39:31,108 [INFO] BlockDiagram:2759 - set Specific Code input for plugin: SPI
2023-11-10 15:39:31,109 [INFO] BlockDiagram:2759 - set Specific Code input for plugin: NVIC
2023-11-10 15:39:31,109 [INFO] BlockDiagram:2759 - set Specific Code input for plugin: USART
2023-11-10 15:39:31,109 [INFO] BlockDiagram:2759 - set Specific Code input for plugin: SYS
2023-11-10 15:39:31,109 [INFO] BlockDiagram:2759 - set Specific Code input for plugin: GPIO
2023-11-10 15:39:31,109 [INFO] BlockDiagram:2759 - set Specific Code input for plugin: RCC
2023-11-10 15:39:31,110 [INFO] CodeGenerator:799 - code generatio: config db path: C:\ST\STM32CubeIDE_1.13.2\STM32CubeIDE\plugins\com.st.stm32cube.common.mx_6.9.2.202309101412\\db\
2023-11-10 15:39:31,257 [INFO] CodeEngine:255 - oldGeneratedFile, C:\Users\user\STM32CubeIDE\STM32_Leaning\F401RE_SPI_3_16bit\MXTmpFiles\license.tmp_save
2023-11-10 15:39:31,679 [INFO] CodeEngine:279 - Generated code: C:\Users\user\STM32CubeIDE\STM32_Leaning\F401RE_SPI_3_16bit\MXTmpFiles\license.tmp
2023-11-10 15:39:31,749 [INFO] CodeEngine:255 - oldGeneratedFile, C:\Users\user\STM32CubeIDE\STM32_Leaning\F401RE_SPI_3_16bit\Core\Src\gpio.c_save
2023-11-10 15:39:31,882 [INFO] CodeEngine:279 - Generated code: C:\Users\user\STM32CubeIDE\STM32_Leaning\F401RE_SPI_3_16bit\Core\Src\gpio.c
2023-11-10 15:39:31,900 [INFO] CodeEngine:255 - oldGeneratedFile, C:\Users\user\STM32CubeIDE\STM32_Leaning\F401RE_SPI_3_16bit\Core\Inc\gpio.h_save
2023-11-10 15:39:31,997 [INFO] CodeEngine:279 - Generated code: C:\Users\user\STM32CubeIDE\STM32_Leaning\F401RE_SPI_3_16bit\Core\Inc\gpio.h
2023-11-10 15:39:32,154 [INFO] CodeEngine:255 - oldGeneratedFile, C:\Users\user\STM32CubeIDE\STM32_Leaning\F401RE_SPI_3_16bit\Core\Src\spi.c_save
2023-11-10 15:39:32,273 [INFO] CodeEngine:279 - Generated code: C:\Users\user\STM32CubeIDE\STM32_Leaning\F401RE_SPI_3_16bit\Core\Src\spi.c
2023-11-10 15:39:32,307 [INFO] CodeEngine:255 - oldGeneratedFile, C:\Users\user\STM32CubeIDE\STM32_Leaning\F401RE_SPI_3_16bit\Core\Inc\spi.h_save
2023-11-10 15:39:32,401 [INFO] CodeEngine:279 - Generated code: C:\Users\user\STM32CubeIDE\STM32_Leaning\F401RE_SPI_3_16bit\Core\Inc\spi.h
2023-11-10 15:39:32,421 [INFO] CodeEngine:255 - oldGeneratedFile, C:\Users\user\STM32CubeIDE\STM32_Leaning\F401RE_SPI_3_16bit\Core\Src\usart.c_save
2023-11-10 15:39:32,536 [INFO] CodeEngine:279 - Generated code: C:\Users\user\STM32CubeIDE\STM32_Leaning\F401RE_SPI_3_16bit\Core\Src\usart.c
2023-11-10 15:39:32,547 [INFO] CodeEngine:255 - oldGeneratedFile, C:\Users\user\STM32CubeIDE\STM32_Leaning\F401RE_SPI_3_16bit\Core\Inc\usart.h_save
2023-11-10 15:39:32,619 [INFO] CodeEngine:279 - Generated code: C:\Users\user\STM32CubeIDE\STM32_Leaning\F401RE_SPI_3_16bit\Core\Inc\usart.h
2023-11-10 15:39:32,649 [INFO] CodeEngine:255 - oldGeneratedFile, C:\Users\user\STM32CubeIDE\STM32_Leaning\F401RE_SPI_3_16bit\Core\Src\stm32f4xx_it.c_save
2023-11-10 15:39:32,748 [INFO] CodeEngine:279 - Generated code: C:\Users\user\STM32CubeIDE\STM32_Leaning\F401RE_SPI_3_16bit\Core\Src\stm32f4xx_it.c
2023-11-10 15:39:32,769 [INFO] CodeEngine:255 - oldGeneratedFile, C:\Users\user\STM32CubeIDE\STM32_Leaning\F401RE_SPI_3_16bit\Core\Inc\stm32f4xx_it.h_save
2023-11-10 15:39:32,826 [INFO] CodeEngine:279 - Generated code: C:\Users\user\STM32CubeIDE\STM32_Leaning\F401RE_SPI_3_16bit\Core\Inc\stm32f4xx_it.h
2023-11-10 15:39:32,852 [INFO] CodeEngine:255 - oldGeneratedFile, C:\Users\user\STM32CubeIDE\STM32_Leaning\F401RE_SPI_3_16bit\Core\Src\stm32f4xx_hal_msp.c_save
2023-11-10 15:39:32,930 [INFO] CodeEngine:279 - Generated code: C:\Users\user\STM32CubeIDE\STM32_Leaning\F401RE_SPI_3_16bit\Core\Src\stm32f4xx_hal_msp.c
2023-11-10 15:39:32,937 [INFO] CodeEngine:255 - oldGeneratedFile, C:\Users\user\STM32CubeIDE\STM32_Leaning\F401RE_SPI_3_16bit\MXTmpFiles\system.tmp_save
2023-11-10 15:39:32,999 [INFO] CodeEngine:279 - Generated code: C:\Users\user\STM32CubeIDE\STM32_Leaning\F401RE_SPI_3_16bit\MXTmpFiles\system.tmp
2023-11-10 15:39:33,022 [INFO] CodeEngine:255 - oldGeneratedFile, C:\Users\user\STM32CubeIDE\STM32_Leaning\F401RE_SPI_3_16bit\Core\Src\stm32f4xx_hal_timebase_tim.c_save
2023-11-10 15:39:33,110 [INFO] CodeEngine:279 - Generated code: C:\Users\user\STM32CubeIDE\STM32_Leaning\F401RE_SPI_3_16bit\Core\Src\stm32f4xx_hal_timebase_tim.c
2023-11-10 15:39:33,140 [INFO] CodeEngine:311 - oldGeneratedFile, C:\Users\user\STM32CubeIDE\STM32_Leaning\F401RE_SPI_3_16bit\Core\Inc\stm32f4xx_hal_conf.h_save
2023-11-10 15:39:33,244 [INFO] CodeEngine:335 - Generated code: C:\Users\user\STM32CubeIDE\STM32_Leaning\F401RE_SPI_3_16bit\Core\Inc\stm32f4xx_hal_conf.h
2023-11-10 15:39:33,347 [INFO] CodeEngine:255 - oldGeneratedFile, C:\Users\user\STM32CubeIDE\STM32_Leaning\F401RE_SPI_3_16bit\Core\Inc\main.h_save
2023-11-10 15:39:33,464 [INFO] CodeEngine:279 - Generated code: C:\Users\user\STM32CubeIDE\STM32_Leaning\F401RE_SPI_3_16bit\Core\Inc\main.h
2023-11-10 15:39:33,491 [INFO] CodeEngine:255 - oldGeneratedFile, C:\Users\user\STM32CubeIDE\STM32_Leaning\F401RE_SPI_3_16bit\Core\Src\main.c_save
2023-11-10 15:39:33,604 [INFO] CodeEngine:279 - Generated code: C:\Users\user\STM32CubeIDE\STM32_Leaning\F401RE_SPI_3_16bit\Core\Src\main.c
2023-11-10 15:39:33,896 [INFO] ProjectBuilder:3064 - Time for Copy HAL[1] : 84mS.
2023-11-10 15:39:33,899 [INFO] ProjectBuilder:4404 - Project Generator version: 4.1.0
2023-11-10 15:39:34,058 [INFO] ConfigFileManager:1457 - The Die is : DIE433
2023-11-10 15:39:34,074 [INFO] ApiDbMcu:507 - Load IP Config File for FATFS
2023-11-10 15:39:34,089 [INFO] ApiDbMcu:507 - Load IP Config File for FREERTOS
2023-11-10 15:39:34,100 [INFO] ApiDbMcu:507 - Load IP Config File for LIBJPEG
2023-11-10 15:39:34,119 [INFO] ApiDbMcu:507 - Load IP Config File for MBEDTLS
2023-11-10 15:39:34,132 [INFO] ApiDbMcu:507 - Load IP Config File for USB_DEVICE
2023-11-10 15:39:34,141 [INFO] ApiDbMcu:507 - Load IP Config File for USB_HOST
2023-11-10 15:39:34,746 [INFO] LogOutputStream:77 - [STDOUT_REDIRECT] 
2023-11-10 15:39:36,070 [INFO] ProjectBuilder:4626 - Time for Generating toolchain IDE Files: 2171mS.
2023-11-10 15:39:36,072 [INFO] ProjectBuilder:2935 - Time for Copy CMSIS : 0mS.
2023-11-10 15:39:36,074 [INFO] ProjectBuilder:2935 - Time for Copy CMSIS : 0mS.
2023-11-10 15:49:46,085 [INFO] NvicIntPanel:101 - NVIC parent = com.st.microxplorer.plugins.ip.nvic.MultiNvicIntPanel[,0,0,0x0,invalid,layout=javax.swing.BoxLayout,alignmentX=0.0,alignmentY=0.0,border=,flags=9,maximumSize=,minimumSize=,preferredSize=]
2023-11-10 15:49:48,387 [INFO] NvicIntPanel:101 - NVIC parent = com.st.microxplorer.plugins.ip.nvic.MultiNvicIntPanel[,0,0,0x0,invalid,layout=javax.swing.BoxLayout,alignmentX=0.0,alignmentY=0.0,border=,flags=9,maximumSize=,minimumSize=,preferredSize=]
2023-11-10 15:49:51,512 [INFO] UtilMem:75 - End SaveConfig() Used Memory: 429046264 Bytes (801112064)
2023-11-10 15:49:52,411 [INFO] UtilMem:75 - End SaveConfig() Used Memory: 451862088 Bytes (801112064)
2023-11-10 15:50:30,374 [INFO] UtilMem:75 - End SaveConfig() Used Memory: 494057952 Bytes (801112064)
2023-11-10 15:50:30,559 [INFO] BlockDiagram:2759 - set Specific Code input for plugin: SPI
2023-11-10 15:50:30,559 [INFO] BlockDiagram:2759 - set Specific Code input for plugin: NVIC
2023-11-10 15:50:30,559 [INFO] BlockDiagram:2759 - set Specific Code input for plugin: USART
2023-11-10 15:50:30,559 [INFO] BlockDiagram:2759 - set Specific Code input for plugin: SYS
2023-11-10 15:50:30,560 [INFO] BlockDiagram:2759 - set Specific Code input for plugin: GPIO
2023-11-10 15:50:30,560 [INFO] BlockDiagram:2759 - set Specific Code input for plugin: RCC
2023-11-10 15:50:30,560 [INFO] CodeGenerator:799 - code generatio: config db path: C:\ST\STM32CubeIDE_1.13.2\STM32CubeIDE\plugins\com.st.stm32cube.common.mx_6.9.2.202309101412\\db\
2023-11-10 15:50:30,618 [INFO] CodeEngine:255 - oldGeneratedFile, C:\Users\user\STM32CubeIDE\STM32_Leaning\F401RE_SPI_3_16bit\MXTmpFiles\license.tmp_save
2023-11-10 15:50:30,710 [INFO] CodeEngine:279 - Generated code: C:\Users\user\STM32CubeIDE\STM32_Leaning\F401RE_SPI_3_16bit\MXTmpFiles\license.tmp
2023-11-10 15:50:30,735 [INFO] CodeEngine:255 - oldGeneratedFile, C:\Users\user\STM32CubeIDE\STM32_Leaning\F401RE_SPI_3_16bit\Core\Src\gpio.c_save
2023-11-10 15:50:30,809 [INFO] CodeEngine:279 - Generated code: C:\Users\user\STM32CubeIDE\STM32_Leaning\F401RE_SPI_3_16bit\Core\Src\gpio.c
2023-11-10 15:50:30,813 [INFO] CodeEngine:255 - oldGeneratedFile, C:\Users\user\STM32CubeIDE\STM32_Leaning\F401RE_SPI_3_16bit\Core\Inc\gpio.h_save
2023-11-10 15:50:30,871 [INFO] CodeEngine:279 - Generated code: C:\Users\user\STM32CubeIDE\STM32_Leaning\F401RE_SPI_3_16bit\Core\Inc\gpio.h
2023-11-10 15:50:30,913 [INFO] CodeEngine:255 - oldGeneratedFile, C:\Users\user\STM32CubeIDE\STM32_Leaning\F401RE_SPI_3_16bit\Core\Src\spi.c_save
2023-11-10 15:50:31,028 [INFO] CodeEngine:279 - Generated code: C:\Users\user\STM32CubeIDE\STM32_Leaning\F401RE_SPI_3_16bit\Core\Src\spi.c
2023-11-10 15:50:31,042 [INFO] CodeEngine:255 - oldGeneratedFile, C:\Users\user\STM32CubeIDE\STM32_Leaning\F401RE_SPI_3_16bit\Core\Inc\spi.h_save
2023-11-10 15:50:31,084 [INFO] CodeEngine:279 - Generated code: C:\Users\user\STM32CubeIDE\STM32_Leaning\F401RE_SPI_3_16bit\Core\Inc\spi.h
2023-11-10 15:50:31,111 [INFO] CodeEngine:255 - oldGeneratedFile, C:\Users\user\STM32CubeIDE\STM32_Leaning\F401RE_SPI_3_16bit\Core\Src\usart.c_save
2023-11-10 15:50:31,196 [INFO] CodeEngine:279 - Generated code: C:\Users\user\STM32CubeIDE\STM32_Leaning\F401RE_SPI_3_16bit\Core\Src\usart.c
2023-11-10 15:50:31,202 [INFO] CodeEngine:255 - oldGeneratedFile, C:\Users\user\STM32CubeIDE\STM32_Leaning\F401RE_SPI_3_16bit\Core\Inc\usart.h_save
2023-11-10 15:50:31,269 [INFO] CodeEngine:279 - Generated code: C:\Users\user\STM32CubeIDE\STM32_Leaning\F401RE_SPI_3_16bit\Core\Inc\usart.h
2023-11-10 15:50:31,290 [INFO] CodeEngine:255 - oldGeneratedFile, C:\Users\user\STM32CubeIDE\STM32_Leaning\F401RE_SPI_3_16bit\Core\Src\stm32f4xx_it.c_save
2023-11-10 15:50:31,391 [INFO] CodeEngine:279 - Generated code: C:\Users\user\STM32CubeIDE\STM32_Leaning\F401RE_SPI_3_16bit\Core\Src\stm32f4xx_it.c
2023-11-10 15:50:31,395 [INFO] CodeEngine:255 - oldGeneratedFile, C:\Users\user\STM32CubeIDE\STM32_Leaning\F401RE_SPI_3_16bit\Core\Inc\stm32f4xx_it.h_save
2023-11-10 15:50:31,427 [INFO] CodeEngine:279 - Generated code: C:\Users\user\STM32CubeIDE\STM32_Leaning\F401RE_SPI_3_16bit\Core\Inc\stm32f4xx_it.h
2023-11-10 15:50:31,447 [INFO] CodeEngine:255 - oldGeneratedFile, C:\Users\user\STM32CubeIDE\STM32_Leaning\F401RE_SPI_3_16bit\Core\Src\stm32f4xx_hal_msp.c_save
2023-11-10 15:50:31,529 [INFO] CodeEngine:279 - Generated code: C:\Users\user\STM32CubeIDE\STM32_Leaning\F401RE_SPI_3_16bit\Core\Src\stm32f4xx_hal_msp.c
2023-11-10 15:50:31,531 [INFO] CodeEngine:255 - oldGeneratedFile, C:\Users\user\STM32CubeIDE\STM32_Leaning\F401RE_SPI_3_16bit\MXTmpFiles\system.tmp_save
2023-11-10 15:50:31,567 [INFO] CodeEngine:279 - Generated code: C:\Users\user\STM32CubeIDE\STM32_Leaning\F401RE_SPI_3_16bit\MXTmpFiles\system.tmp
2023-11-10 15:50:31,594 [INFO] CodeEngine:255 - oldGeneratedFile, C:\Users\user\STM32CubeIDE\STM32_Leaning\F401RE_SPI_3_16bit\Core\Src\stm32f4xx_hal_timebase_tim.c_save
2023-11-10 15:50:31,640 [INFO] CodeEngine:279 - Generated code: C:\Users\user\STM32CubeIDE\STM32_Leaning\F401RE_SPI_3_16bit\Core\Src\stm32f4xx_hal_timebase_tim.c
2023-11-10 15:50:31,665 [INFO] CodeEngine:311 - oldGeneratedFile, C:\Users\user\STM32CubeIDE\STM32_Leaning\F401RE_SPI_3_16bit\Core\Inc\stm32f4xx_hal_conf.h_save
2023-11-10 15:50:31,773 [INFO] CodeEngine:335 - Generated code: C:\Users\user\STM32CubeIDE\STM32_Leaning\F401RE_SPI_3_16bit\Core\Inc\stm32f4xx_hal_conf.h
2023-11-10 15:50:31,816 [INFO] CodeEngine:255 - oldGeneratedFile, C:\Users\user\STM32CubeIDE\STM32_Leaning\F401RE_SPI_3_16bit\Core\Inc\main.h_save
2023-11-10 15:50:31,906 [INFO] CodeEngine:279 - Generated code: C:\Users\user\STM32CubeIDE\STM32_Leaning\F401RE_SPI_3_16bit\Core\Inc\main.h
2023-11-10 15:50:31,927 [INFO] CodeEngine:255 - oldGeneratedFile, C:\Users\user\STM32CubeIDE\STM32_Leaning\F401RE_SPI_3_16bit\Core\Src\main.c_save
2023-11-10 15:50:31,983 [INFO] CodeEngine:279 - Generated code: C:\Users\user\STM32CubeIDE\STM32_Leaning\F401RE_SPI_3_16bit\Core\Src\main.c
2023-11-10 15:50:32,293 [INFO] ProjectBuilder:3064 - Time for Copy HAL[1] : 61mS.
2023-11-10 15:50:32,294 [INFO] ProjectBuilder:4404 - Project Generator version: 4.1.0
2023-11-10 15:50:32,375 [INFO] ConfigFileManager:1457 - The Die is : DIE433
2023-11-10 15:50:33,171 [INFO] ProjectBuilder:4626 - Time for Generating toolchain IDE Files: 877mS.
2023-11-10 15:50:33,172 [INFO] ProjectBuilder:2935 - Time for Copy CMSIS : 0mS.
2023-11-10 15:50:33,175 [INFO] ProjectBuilder:2935 - Time for Copy CMSIS : 0mS.
2023-11-10 16:23:44,135 [INFO] UtilMem:75 - End SaveConfig() Used Memory: 588469784 Bytes (856686592)
2023-11-10 16:23:44,305 [INFO] BlockDiagram:2759 - set Specific Code input for plugin: SPI
2023-11-10 16:23:44,305 [INFO] BlockDiagram:2759 - set Specific Code input for plugin: NVIC
2023-11-10 16:23:44,305 [INFO] BlockDiagram:2759 - set Specific Code input for plugin: USART
2023-11-10 16:23:44,305 [INFO] BlockDiagram:2759 - set Specific Code input for plugin: SYS
2023-11-10 16:23:44,306 [INFO] BlockDiagram:2759 - set Specific Code input for plugin: GPIO
2023-11-10 16:23:44,306 [INFO] BlockDiagram:2759 - set Specific Code input for plugin: RCC
2023-11-10 16:23:44,306 [INFO] CodeGenerator:799 - code generatio: config db path: C:\ST\STM32CubeIDE_1.13.2\STM32CubeIDE\plugins\com.st.stm32cube.common.mx_6.9.2.202309101412\\db\
2023-11-10 16:23:44,363 [INFO] CodeEngine:255 - oldGeneratedFile, C:\Users\user\STM32CubeIDE\STM32_Leaning\F401RE_SPI_3_16bit\MXTmpFiles\license.tmp_save
2023-11-10 16:23:44,445 [INFO] CodeEngine:279 - Generated code: C:\Users\user\STM32CubeIDE\STM32_Leaning\F401RE_SPI_3_16bit\MXTmpFiles\license.tmp
2023-11-10 16:23:44,468 [INFO] CodeEngine:255 - oldGeneratedFile, C:\Users\user\STM32CubeIDE\STM32_Leaning\F401RE_SPI_3_16bit\Core\Src\gpio.c_save
2023-11-10 16:23:44,555 [INFO] CodeEngine:279 - Generated code: C:\Users\user\STM32CubeIDE\STM32_Leaning\F401RE_SPI_3_16bit\Core\Src\gpio.c
2023-11-10 16:23:44,559 [INFO] CodeEngine:255 - oldGeneratedFile, C:\Users\user\STM32CubeIDE\STM32_Leaning\F401RE_SPI_3_16bit\Core\Inc\gpio.h_save
2023-11-10 16:23:44,601 [INFO] CodeEngine:279 - Generated code: C:\Users\user\STM32CubeIDE\STM32_Leaning\F401RE_SPI_3_16bit\Core\Inc\gpio.h
2023-11-10 16:23:44,646 [INFO] CodeEngine:255 - oldGeneratedFile, C:\Users\user\STM32CubeIDE\STM32_Leaning\F401RE_SPI_3_16bit\Core\Src\spi.c_save
2023-11-10 16:23:44,745 [INFO] CodeEngine:279 - Generated code: C:\Users\user\STM32CubeIDE\STM32_Leaning\F401RE_SPI_3_16bit\Core\Src\spi.c
2023-11-10 16:23:44,750 [INFO] CodeEngine:255 - oldGeneratedFile, C:\Users\user\STM32CubeIDE\STM32_Leaning\F401RE_SPI_3_16bit\Core\Inc\spi.h_save
2023-11-10 16:23:44,783 [INFO] CodeEngine:279 - Generated code: C:\Users\user\STM32CubeIDE\STM32_Leaning\F401RE_SPI_3_16bit\Core\Inc\spi.h
2023-11-10 16:23:44,803 [INFO] CodeEngine:255 - oldGeneratedFile, C:\Users\user\STM32CubeIDE\STM32_Leaning\F401RE_SPI_3_16bit\Core\Src\usart.c_save
2023-11-10 16:23:44,902 [INFO] CodeEngine:279 - Generated code: C:\Users\user\STM32CubeIDE\STM32_Leaning\F401RE_SPI_3_16bit\Core\Src\usart.c
2023-11-10 16:23:44,906 [INFO] CodeEngine:255 - oldGeneratedFile, C:\Users\user\STM32CubeIDE\STM32_Leaning\F401RE_SPI_3_16bit\Core\Inc\usart.h_save
2023-11-10 16:23:44,939 [INFO] CodeEngine:279 - Generated code: C:\Users\user\STM32CubeIDE\STM32_Leaning\F401RE_SPI_3_16bit\Core\Inc\usart.h
2023-11-10 16:23:44,957 [INFO] CodeEngine:255 - oldGeneratedFile, C:\Users\user\STM32CubeIDE\STM32_Leaning\F401RE_SPI_3_16bit\Core\Src\stm32f4xx_it.c_save
2023-11-10 16:23:45,116 [INFO] CodeEngine:279 - Generated code: C:\Users\user\STM32CubeIDE\STM32_Leaning\F401RE_SPI_3_16bit\Core\Src\stm32f4xx_it.c
2023-11-10 16:23:45,119 [INFO] CodeEngine:255 - oldGeneratedFile, C:\Users\user\STM32CubeIDE\STM32_Leaning\F401RE_SPI_3_16bit\Core\Inc\stm32f4xx_it.h_save
2023-11-10 16:23:45,149 [INFO] CodeEngine:279 - Generated code: C:\Users\user\STM32CubeIDE\STM32_Leaning\F401RE_SPI_3_16bit\Core\Inc\stm32f4xx_it.h
2023-11-10 16:23:45,168 [INFO] CodeEngine:255 - oldGeneratedFile, C:\Users\user\STM32CubeIDE\STM32_Leaning\F401RE_SPI_3_16bit\Core\Src\stm32f4xx_hal_msp.c_save
2023-11-10 16:23:45,262 [INFO] CodeEngine:279 - Generated code: C:\Users\user\STM32CubeIDE\STM32_Leaning\F401RE_SPI_3_16bit\Core\Src\stm32f4xx_hal_msp.c
2023-11-10 16:23:45,264 [INFO] CodeEngine:255 - oldGeneratedFile, C:\Users\user\STM32CubeIDE\STM32_Leaning\F401RE_SPI_3_16bit\MXTmpFiles\system.tmp_save
2023-11-10 16:23:45,297 [INFO] CodeEngine:279 - Generated code: C:\Users\user\STM32CubeIDE\STM32_Leaning\F401RE_SPI_3_16bit\MXTmpFiles\system.tmp
2023-11-10 16:23:45,312 [INFO] CodeEngine:255 - oldGeneratedFile, C:\Users\user\STM32CubeIDE\STM32_Leaning\F401RE_SPI_3_16bit\Core\Src\stm32f4xx_hal_timebase_tim.c_save
2023-11-10 16:23:45,348 [INFO] CodeEngine:279 - Generated code: C:\Users\user\STM32CubeIDE\STM32_Leaning\F401RE_SPI_3_16bit\Core\Src\stm32f4xx_hal_timebase_tim.c
2023-11-10 16:23:45,367 [INFO] CodeEngine:311 - oldGeneratedFile, C:\Users\user\STM32CubeIDE\STM32_Leaning\F401RE_SPI_3_16bit\Core\Inc\stm32f4xx_hal_conf.h_save
2023-11-10 16:23:45,497 [INFO] CodeEngine:335 - Generated code: C:\Users\user\STM32CubeIDE\STM32_Leaning\F401RE_SPI_3_16bit\Core\Inc\stm32f4xx_hal_conf.h
2023-11-10 16:23:45,536 [INFO] CodeEngine:255 - oldGeneratedFile, C:\Users\user\STM32CubeIDE\STM32_Leaning\F401RE_SPI_3_16bit\Core\Inc\main.h_save
2023-11-10 16:23:45,622 [INFO] CodeEngine:279 - Generated code: C:\Users\user\STM32CubeIDE\STM32_Leaning\F401RE_SPI_3_16bit\Core\Inc\main.h
2023-11-10 16:23:45,640 [INFO] CodeEngine:255 - oldGeneratedFile, C:\Users\user\STM32CubeIDE\STM32_Leaning\F401RE_SPI_3_16bit\Core\Src\main.c_save
2023-11-10 16:23:45,700 [INFO] CodeEngine:279 - Generated code: C:\Users\user\STM32CubeIDE\STM32_Leaning\F401RE_SPI_3_16bit\Core\Src\main.c
2023-11-10 16:23:45,933 [INFO] ProjectBuilder:3064 - Time for Copy HAL[1] : 58mS.
2023-11-10 16:23:45,935 [INFO] ProjectBuilder:4404 - Project Generator version: 4.1.0
2023-11-10 16:23:46,015 [INFO] ConfigFileManager:1457 - The Die is : DIE433
2023-11-10 16:23:46,660 [INFO] ProjectBuilder:4626 - Time for Generating toolchain IDE Files: 725mS.
2023-11-10 16:23:46,660 [INFO] ProjectBuilder:2935 - Time for Copy CMSIS : 0mS.
2023-11-10 16:23:46,663 [INFO] ProjectBuilder:2935 - Time for Copy CMSIS : 0mS.
2023-11-10 18:37:15,245 [INFO] WebApp:330 - JxBrowser engine has been closed 
