2023-10-31 09:00:03,914 [INFO] Activator:176 - 


2023-10-31 09:00:03,917 [INFO] Activator:177 - !SESSION log4j initialized
2023-10-31 09:00:08,112 [INFO] LogOutputStream:77 - [STDOUT_REDIRECT] 
2023-10-31 09:00:11,482 [INFO] ApplicationProperties:184 - Using Application install path: C:\ST\STM32CubeIDE_1.13.2\STM32CubeIDE\plugins\com.st.stm32cube.common.mx_6.9.2.202309101412
2023-10-31 09:00:11,498 [INFO] DbMcusXml:78 - Set database path to: C:\ST\STM32CubeIDE_1.13.2\STM32CubeIDE\plugins\com.st.stm32cube.common.mx_6.9.2.202309101412\\db\/mcu/
2023-10-31 09:00:11,499 [INFO] ApiDb:274 - Set plugin database path to: C:\ST\STM32CubeIDE_1.13.2\STM32CubeIDE\plugins\com.st.stm32cube.common.mx_6.9.2.202309101412\\db\/plugins/boardmanager/
2023-10-31 09:00:11,499 [WARN] ApiDb:259 - Overriding images path with different value:  => C:\ST\STM32CubeIDE_1.13.2\STM32CubeIDE\plugins\com.st.stm32cube.common.mx_6.9.2.202309101412\\db\/plugins/mcufinder/images/
2023-10-31 09:00:11,510 [INFO] ApiDb:250 - Set database path to: C:\Users\user\.stmcufinder\plugins\mcufinder//mcu/
2023-10-31 09:00:11,512 [INFO] DbMcusAds:125 - Set database path to: C:\Users\user\.stmcufinder\plugins\mcufinder//mcu/
2023-10-31 09:00:11,513 [INFO] CrossReferenceDbSqlite:203 - Set database path to: C:\Users\user\.stmcufinder\plugins\mcufinder//mcu/cs/
2023-10-31 09:00:11,600 [INFO] RulesReader:64 - Compatibility file has been processed (293 Rules)
2023-10-31 09:00:11,655 [INFO] DbMcusXml:78 - Set database path to: C:\ST\STM32CubeIDE_1.13.2\STM32CubeIDE\plugins\com.st.stm32cube.common.mx_6.9.2.202309101412\\db\/mcu/
2023-10-31 09:00:11,655 [INFO] ApiDb:274 - Set plugin database path to: C:\ST\STM32CubeIDE_1.13.2\STM32CubeIDE\plugins\com.st.stm32cube.common.mx_6.9.2.202309101412\\db\/plugins/boardmanager/
2023-10-31 09:00:11,655 [INFO] ApiDb:261 - Set plugin images path to: C:\ST\STM32CubeIDE_1.13.2\STM32CubeIDE\plugins\com.st.stm32cube.common.mx_6.9.2.202309101412\\db\/plugins/mcufinder/images/
2023-10-31 09:00:11,656 [WARN] DbFile:41 - Overriding database path with different value: C:\Users\user\.stmcufinder\plugins\mcufinder/ => C:\Users\user\.stmcufinder\plugins\mcufinder
2023-10-31 09:00:11,656 [INFO] ApiDb:250 - Set database path to: C:\Users\user\.stmcufinder\plugins\mcufinder//mcu/
2023-10-31 09:00:11,656 [WARN] DbFile:41 - Overriding database path with different value: C:\Users\user\.stmcufinder\plugins\mcufinder/ => C:\Users\user\.stmcufinder\plugins\mcufinder
2023-10-31 09:00:11,656 [INFO] DbMcusAds:125 - Set database path to: C:\Users\user\.stmcufinder\plugins\mcufinder//mcu/
2023-10-31 09:00:11,656 [WARN] DbFile:41 - Overriding database path with different value: C:\Users\user\.stmcufinder\plugins\mcufinder/ => C:\Users\user\.stmcufinder\plugins\mcufinder
2023-10-31 09:00:11,656 [WARN] DbFile:41 - Overriding database path with different value: C:\Users\user\.stmcufinder\plugins\mcufinder/ => C:\Users\user\.stmcufinder\plugins\mcufinder
2023-10-31 09:00:11,656 [INFO] CrossReferenceDbSqlite:203 - Set database path to: C:\Users\user\.stmcufinder\plugins\mcufinder//mcu/cs/
2023-10-31 09:00:11,718 [INFO] MainPanel:262 - HeapMemory: 268435456
2023-10-31 09:00:11,782 [INFO] DbMcusXml:78 - Set database path to: C:\ST\STM32CubeIDE_1.13.2\STM32CubeIDE\plugins\com.st.stm32cube.common.mx_6.9.2.202309101412\\db\/mcu/
2023-10-31 09:00:11,782 [INFO] ApiDb:274 - Set plugin database path to: C:\ST\STM32CubeIDE_1.13.2\STM32CubeIDE\plugins\com.st.stm32cube.common.mx_6.9.2.202309101412\\db\/plugins/boardmanager/
2023-10-31 09:00:11,782 [INFO] ApiDb:261 - Set plugin images path to: C:\ST\STM32CubeIDE_1.13.2\STM32CubeIDE\plugins\com.st.stm32cube.common.mx_6.9.2.202309101412\\db\/plugins/mcufinder/images/
2023-10-31 09:00:11,782 [WARN] DbFile:41 - Overriding database path with different value: C:\Users\user\.stmcufinder\plugins\mcufinder/ => C:\Users\user\.stmcufinder\plugins\mcufinder
2023-10-31 09:00:11,782 [INFO] ApiDb:250 - Set database path to: C:\Users\user\.stmcufinder\plugins\mcufinder//mcu/
2023-10-31 09:00:11,782 [WARN] DbFile:41 - Overriding database path with different value: C:\Users\user\.stmcufinder\plugins\mcufinder/ => C:\Users\user\.stmcufinder\plugins\mcufinder
2023-10-31 09:00:11,782 [INFO] DbMcusAds:125 - Set database path to: C:\Users\user\.stmcufinder\plugins\mcufinder//mcu/
2023-10-31 09:00:11,782 [WARN] DbFile:41 - Overriding database path with different value: C:\Users\user\.stmcufinder\plugins\mcufinder/ => C:\Users\user\.stmcufinder\plugins\mcufinder
2023-10-31 09:00:11,782 [WARN] DbFile:41 - Overriding database path with different value: C:\Users\user\.stmcufinder\plugins\mcufinder/ => C:\Users\user\.stmcufinder\plugins\mcufinder
2023-10-31 09:00:11,782 [INFO] CrossReferenceDbSqlite:203 - Set database path to: C:\Users\user\.stmcufinder\plugins\mcufinder//mcu/cs/
2023-10-31 09:00:11,795 [INFO] ApplicationProperties:184 - Using Application install path: C:\ST\STM32CubeIDE_1.13.2\STM32CubeIDE\plugins\com.st.stm32cube.common.mx_6.9.2.202309101412
2023-10-31 09:00:11,797 [INFO] PluginManage:196 - Search for loadable plugins [exclusion list=, ]
2023-10-31 09:00:11,797 [INFO] PluginManage:310 - Check plugin analytics
2023-10-31 09:00:11,915 [INFO] AnalyticsPlugin:253 - Accepted Software Licenses: 
2023-10-31 09:00:11,915 [INFO] AnalyticsPlugin:255 - Accepted CMSIS Pack Licenses: 
2023-10-31 09:00:11,915 [INFO] AnalyticsPlugin:257 - Accepted Firmware Licenses: FW.F4.1.27.0
2023-10-31 09:00:11,918 [INFO] PluginManage:359 - Loaded plugin analytics (category:tool,tabindex:-1)
2023-10-31 09:00:11,918 [INFO] PluginManage:310 - Check plugin cadmodel
2023-10-31 09:00:11,929 [INFO] CADModel:105 - Init CAD model plugin
2023-10-31 09:00:11,929 [INFO] PluginManage:359 - Loaded plugin cadmodel (category:power,tabindex:5)
2023-10-31 09:00:11,929 [INFO] PluginManage:310 - Check plugin clock
2023-10-31 09:00:11,945 [INFO] PluginManage:359 - Loaded plugin clock (category:base,tabindex:2)
2023-10-31 09:00:11,945 [INFO] PluginManage:310 - Check plugin ddr
2023-10-31 09:00:11,947 [INFO] PluginManage:359 - Loaded plugin ddr (category:tool,tabindex:6)
2023-10-31 09:00:11,947 [INFO] PluginManage:310 - Check plugin filemanager
2023-10-31 09:00:12,045 [INFO] PluginManage:359 - Loaded plugin filemanager (category:base,tabindex:10)
2023-10-31 09:00:12,045 [INFO] PluginManage:310 - Check plugin ipmanager
2023-10-31 09:00:12,051 [INFO] PluginManage:359 - Loaded plugin ipmanager (category:base,tabindex:5)
2023-10-31 09:00:12,051 [INFO] PluginManage:310 - Check plugin lpbam
2023-10-31 09:00:12,065 [INFO] PluginManage:359 - Loaded plugin lpbam (category:base,tabindex:0)
2023-10-31 09:00:12,065 [INFO] PluginManage:310 - Check plugin memorymap
2023-10-31 09:00:12,080 [INFO] PluginManage:359 - Loaded plugin memorymap (category:base,tabindex:4)
2023-10-31 09:00:12,080 [INFO] PluginManage:310 - Check plugin pinoutandconfiguration
2023-10-31 09:00:12,090 [INFO] PluginManage:359 - Loaded plugin pinoutandconfiguration (category:base,tabindex:1)
2023-10-31 09:00:12,090 [INFO] PluginManage:310 - Check plugin pinoutconfig
2023-10-31 09:00:12,152 [WARN] SupportedApi:132 - Cannot load RTOS API schema: s4s-elt-must-match.1: The content of 'definitions' must match (annotation?, (simpleType | complexType)?, (unique | key | keyref)*)). A problem was found starting at: attribute.
2023-10-31 09:00:12,242 [INFO] PluginManage:359 - Loaded plugin pinoutconfig (category:base,tabindex:0)
2023-10-31 09:00:12,242 [INFO] PluginManage:310 - Check plugin power
2023-10-31 09:00:12,258 [INFO] PluginManage:359 - Loaded plugin power (category:power,tabindex:4)
2023-10-31 09:00:12,258 [INFO] PluginManage:310 - Check plugin projectmanager
2023-10-31 09:00:12,268 [INFO] PluginManage:359 - Loaded plugin projectmanager (category:projectmanager,tabindex:3)
2023-10-31 09:00:12,269 [INFO] PluginManage:310 - Check plugin thirdparty
2023-10-31 09:00:12,471 [INFO] PluginManage:359 - Loaded plugin thirdparty (category:base,tabindex:-1)
2023-10-31 09:00:12,471 [WARN] IntegrityCheckThread:84 - waiting for thirdparty lock release [integrity check]
2023-10-31 09:00:12,472 [INFO] IntegrityCheckThread:86 - entering critical section [integrity check]
2023-10-31 09:00:12,472 [INFO] PluginManage:310 - Check plugin tools
2023-10-31 09:00:12,472 [INFO] ThirdPartyUpdaterWithRetryManager:70 - Updater plugin not ready yet. [1/15]
2023-10-31 09:00:12,491 [INFO] PluginManage:359 - Loaded plugin tools (category:base,tabindex:7)
2023-10-31 09:00:12,491 [INFO] PluginManage:310 - Check plugin tutovideos
2023-10-31 09:00:12,624 [INFO] PluginManage:359 - Loaded plugin tutovideos (category:base,tabindex:-1)
2023-10-31 09:00:12,625 [INFO] PluginManage:310 - Check plugin updater
2023-10-31 09:00:12,633 [INFO] PluginManage:359 - Loaded plugin updater (category:base,tabindex:12)
2023-10-31 09:00:12,633 [INFO] PluginManage:310 - Check plugin userauth
2023-10-31 09:00:12,637 [INFO] UserAuth:113 - Init User Auth plugin
2023-10-31 09:00:12,637 [INFO] PluginManage:359 - Loaded plugin userauth (category:base,tabindex:14)
2023-10-31 09:00:12,637 [INFO] PluginManage:283 - PluginManage : Loaded plugins [17]
2023-10-31 09:00:12,782 [INFO] PinOutPanel:1499 - setPackage(No Configuration,No Configuration)
2023-10-31 09:00:12,851 [INFO] CADModel:165 - CPN selected for project level
2023-10-31 09:00:12,851 [INFO] CADModel:114 - Register for checkConnection events
2023-10-31 09:00:12,871 [INFO] IPUIPlugin:80 - create IPUIPlugin
2023-10-31 09:00:12,871 [INFO] PluginManager:220 - loadIPPluginJar : add adc
2023-10-31 09:00:12,892 [INFO] IPUIPlugin:80 - create IPUIPlugin
2023-10-31 09:00:12,892 [INFO] PluginManager:220 - loadIPPluginJar : add aes
2023-10-31 09:00:12,916 [INFO] IPUIPlugin:80 - create IPUIPlugin
2023-10-31 09:00:12,916 [INFO] PluginManager:220 - loadIPPluginJar : add can
2023-10-31 09:00:12,929 [INFO] IPUIPlugin:80 - create IPUIPlugin
2023-10-31 09:00:12,929 [INFO] PluginManager:220 - loadIPPluginJar : add comp
2023-10-31 09:00:12,949 [INFO] IPUIPlugin:80 - create IPUIPlugin
2023-10-31 09:00:12,949 [INFO] PluginManager:220 - loadIPPluginJar : add cryp
2023-10-31 09:00:12,971 [INFO] IPUIPlugin:80 - create IPUIPlugin
2023-10-31 09:00:12,971 [INFO] PluginManager:220 - loadIPPluginJar : add dfsdm
2023-10-31 09:00:12,982 [INFO] IPUIPlugin:80 - create IPUIPlugin
2023-10-31 09:00:12,982 [INFO] PluginManager:220 - loadIPPluginJar : add dma
2023-10-31 09:00:13,008 [INFO] IPUIPlugin:80 - create IPUIPlugin
2023-10-31 09:00:13,008 [INFO] PluginManager:220 - loadIPPluginJar : add dma3
2023-10-31 09:00:13,020 [INFO] IPUIPlugin:80 - create IPUIPlugin
2023-10-31 09:00:13,020 [INFO] PluginManager:220 - loadIPPluginJar : add fatfs
2023-10-31 09:00:13,048 [INFO] IPUIPlugin:80 - create IPUIPlugin
2023-10-31 09:00:13,048 [INFO] PluginManager:220 - loadIPPluginJar : add fmc
2023-10-31 09:00:13,059 [INFO] IPUIPlugin:80 - create IPUIPlugin
2023-10-31 09:00:13,059 [INFO] PluginManager:220 - loadIPPluginJar : add freertos
2023-10-31 09:00:13,071 [INFO] IPUIPlugin:80 - create IPUIPlugin
2023-10-31 09:00:13,071 [INFO] PluginManager:220 - loadIPPluginJar : add genericplugin
2023-10-31 09:00:13,128 [INFO] IPUIPlugin:80 - create IPUIPlugin
2023-10-31 09:00:13,129 [INFO] PluginManager:220 - loadIPPluginJar : add gfxmmu
2023-10-31 09:00:13,204 [INFO] IPUIPlugin:80 - create IPUIPlugin
2023-10-31 09:00:13,204 [INFO] PluginManager:220 - loadIPPluginJar : add gic
2023-10-31 09:00:13,214 [INFO] IPUIPlugin:80 - create IPUIPlugin
2023-10-31 09:00:13,214 [INFO] PluginManager:220 - loadIPPluginJar : add gpio
2023-10-31 09:00:13,269 [INFO] IPUIPlugin:80 - create IPUIPlugin
2023-10-31 09:00:13,269 [INFO] PluginManager:220 - loadIPPluginJar : add gtzc
2023-10-31 09:00:13,290 [INFO] IPUIPlugin:80 - create IPUIPlugin
2023-10-31 09:00:13,290 [INFO] PluginManager:220 - loadIPPluginJar : add hash
2023-10-31 09:00:13,320 [INFO] IPUIPlugin:80 - create IPUIPlugin
2023-10-31 09:00:13,320 [INFO] PluginManager:220 - loadIPPluginJar : add i2c
2023-10-31 09:00:13,344 [INFO] IPUIPlugin:80 - create IPUIPlugin
2023-10-31 09:00:13,344 [INFO] PluginManager:220 - loadIPPluginJar : add i2s
2023-10-31 09:00:13,368 [INFO] IPUIPlugin:80 - create IPUIPlugin
2023-10-31 09:00:13,368 [INFO] PluginManager:220 - loadIPPluginJar : add i3c
2023-10-31 09:00:13,431 [INFO] IPUIPlugin:80 - create IPUIPlugin
2023-10-31 09:00:13,431 [INFO] PluginManager:220 - loadIPPluginJar : add ipddr
2023-10-31 09:00:13,500 [INFO] IPUIPlugin:80 - create IPUIPlugin
2023-10-31 09:00:13,500 [INFO] PluginManager:220 - loadIPPluginJar : add linkedlist
2023-10-31 09:00:13,520 [INFO] IPUIPlugin:80 - create IPUIPlugin
2023-10-31 09:00:13,520 [INFO] PluginManager:220 - loadIPPluginJar : add lorawan
2023-10-31 09:00:13,542 [INFO] IPUIPlugin:80 - create IPUIPlugin
2023-10-31 09:00:13,542 [INFO] PluginManager:220 - loadIPPluginJar : add ltdc
2023-10-31 09:00:13,552 [INFO] IPUIPlugin:80 - create IPUIPlugin
2023-10-31 09:00:13,553 [INFO] PluginManager:220 - loadIPPluginJar : add mdma
2023-10-31 09:00:13,561 [INFO] IPUIPlugin:80 - create IPUIPlugin
2023-10-31 09:00:13,561 [INFO] PluginManager:220 - loadIPPluginJar : add nvic
2023-10-31 09:00:13,581 [INFO] IPUIPlugin:80 - create IPUIPlugin
2023-10-31 09:00:13,581 [INFO] PluginManager:220 - loadIPPluginJar : add opamp
2023-10-31 09:00:13,619 [INFO] IPUIPlugin:80 - create IPUIPlugin
2023-10-31 09:00:13,619 [INFO] PluginManager:220 - loadIPPluginJar : add openamp
2023-10-31 09:00:13,644 [INFO] IPUIPlugin:80 - create IPUIPlugin
2023-10-31 09:00:13,644 [INFO] PluginManager:220 - loadIPPluginJar : add pdm2pcm
2023-10-31 09:00:13,656 [INFO] IPUIPlugin:80 - create IPUIPlugin
2023-10-31 09:00:13,658 [INFO] PluginManager:220 - loadIPPluginJar : add plateformsettings
2023-10-31 09:00:13,671 [INFO] IPUIPlugin:80 - create IPUIPlugin
2023-10-31 09:00:13,671 [INFO] PluginManager:220 - loadIPPluginJar : add quadspi
2023-10-31 09:00:13,680 [INFO] IPUIPlugin:80 - create IPUIPlugin
2023-10-31 09:00:13,680 [INFO] PluginManager:220 - loadIPPluginJar : add resmgrutility
2023-10-31 09:00:13,708 [INFO] IPUIPlugin:80 - create IPUIPlugin
2023-10-31 09:00:13,708 [INFO] PluginManager:220 - loadIPPluginJar : add sai
2023-10-31 09:00:13,736 [INFO] IPUIPlugin:80 - create IPUIPlugin
2023-10-31 09:00:13,736 [INFO] PluginManager:220 - loadIPPluginJar : add spi
2023-10-31 09:00:13,780 [INFO] IPUIPlugin:80 - create IPUIPlugin
2023-10-31 09:00:13,780 [INFO] PluginManager:220 - loadIPPluginJar : add stm32_wpan
2023-10-31 09:00:13,793 [INFO] IPUIPlugin:80 - create IPUIPlugin
2023-10-31 09:00:13,793 [INFO] PluginManager:220 - loadIPPluginJar : add tim
2023-10-31 09:00:13,842 [INFO] IPUIPlugin:80 - create IPUIPlugin
2023-10-31 09:00:13,842 [INFO] PluginManager:220 - loadIPPluginJar : add touchsensing
2023-10-31 09:00:13,856 [INFO] IPUIPlugin:80 - create IPUIPlugin
2023-10-31 09:00:13,856 [INFO] PluginManager:220 - loadIPPluginJar : add tracer_emb
2023-10-31 09:00:13,870 [INFO] IPUIPlugin:80 - create IPUIPlugin
2023-10-31 09:00:13,870 [INFO] PluginManager:220 - loadIPPluginJar : add ts
2023-10-31 09:00:13,893 [INFO] IPUIPlugin:80 - create IPUIPlugin
2023-10-31 09:00:13,893 [INFO] PluginManager:220 - loadIPPluginJar : add tsc
2023-10-31 09:00:13,911 [INFO] IPUIPlugin:80 - create IPUIPlugin
2023-10-31 09:00:13,911 [INFO] PluginManager:220 - loadIPPluginJar : add ucpd
2023-10-31 09:00:13,937 [INFO] IPUIPlugin:80 - create IPUIPlugin
2023-10-31 09:00:13,937 [INFO] PluginManager:220 - loadIPPluginJar : add usart
2023-10-31 09:00:13,962 [INFO] IPUIPlugin:80 - create IPUIPlugin
2023-10-31 09:00:13,962 [INFO] PluginManager:220 - loadIPPluginJar : add usbx
2023-10-31 09:00:14,070 [INFO] CADModel:165 - CPN selected for project level
2023-10-31 09:00:14,070 [INFO] CADModel:114 - Register for checkConnection events
2023-10-31 09:00:14,071 [FATAL] Updater:308 - Updater called before beeing initialized
2023-10-31 09:00:14,073 [ERROR] CADModel:125 - Updater not yet initialized, retry later 
2023-10-31 09:00:14,200 [INFO] CADModel:165 - CPN selected for project level
2023-10-31 09:00:14,200 [INFO] CADModel:114 - Register for checkConnection events
2023-10-31 09:00:14,200 [FATAL] Updater:308 - Updater called before beeing initialized
2023-10-31 09:00:14,200 [ERROR] CADModel:125 - Updater not yet initialized, retry later 
2023-10-31 09:00:14,204 [FATAL] Updater:308 - Updater called before beeing initialized
2023-10-31 09:00:14,268 [FATAL] Updater:308 - Updater called before beeing initialized
2023-10-31 09:00:14,279 [INFO] DbMcusAds:53 - JSON generation date=Tue Mar 07 17:50:55 KST 2023 (1678179055114)
2023-10-31 09:00:14,279 [FATAL] Updater:308 - Updater called before beeing initialized
2023-10-31 09:00:14,328 [WARN] DetailPanel:346 - Failed to get advertising image, set to default
2023-10-31 09:00:14,382 [FATAL] Updater:308 - Updater called before beeing initialized
2023-10-31 09:00:14,384 [FATAL] Updater:308 - Updater called before beeing initialized
2023-10-31 09:00:14,384 [FATAL] Updater:308 - Updater called before beeing initialized
2023-10-31 09:00:14,384 [WARN] DetailPanel:346 - Failed to get advertising image, set to default
2023-10-31 09:00:14,385 [FATAL] Updater:308 - Updater called before beeing initialized
2023-10-31 09:00:14,421 [ERROR] Updater:1120 - MainUpdater not yet initialized. External WinMGr cannot be set.
2023-10-31 09:00:14,427 [INFO] Updater:1056 - Updater Version found : 6.9.2
2023-10-31 09:00:14,443 [INFO] ApplicationProperties:184 - Using Application install path: C:\ST\STM32CubeIDE_1.13.2\STM32CubeIDE\plugins\com.st.stm32cube.common.mx_6.9.2.202309101412
2023-10-31 09:00:14,556 [INFO] MainUpdater:2868 - connection check result : 10
2023-10-31 09:00:14,557 [INFO] MainUpdater:285 - Updater Check For Update Now.
2023-10-31 09:00:14,557 [INFO] MicroXplorer:498 - Change Database Version : DB.6.0.92
2023-10-31 09:00:14,570 [INFO] McuFinderGlobals:63 - Set McuFinder mode to 2 (CubeIDE integrated)
2023-10-31 09:00:14,570 [INFO] UserAuth:179 - activating auth plugin
2023-10-31 09:00:14,572 [INFO] UserAuth:393 - Internet connection configuration mode: 1
2023-10-31 09:00:14,598 [INFO] JxBrowserEngine:151 - Initiate JxBrowser Engine with user profile folder
2023-10-31 09:00:14,716 [INFO] CheckServerUpdateThread:120 - End of CheckServer Thread
2023-10-31 09:00:15,561 [WARN] PackLoader:240 - Cannot read IP mode file for STMicroelectronics.X-CUBE-SMBUS.2.1.0
2023-10-31 09:00:15,589 [WARN] PackLoader:240 - Cannot read IP mode file for STMicroelectronics.X-CUBE-AZRTOS-F7.1.1.0
2023-10-31 09:00:15,605 [WARN] PackLoader:240 - Cannot read IP mode file for STMicroelectronics.FP-SNS-MOTENV1.4.3.2
2023-10-31 09:00:15,614 [WARN] PackLoader:240 - Cannot read IP mode file for STMicroelectronics.FP-SNS-FLIGHT1.5.0.2
2023-10-31 09:00:15,627 [WARN] PackLoader:240 - Cannot read IP mode file for STMicroelectronics.X-CUBE-DISPLAY.3.0.0
2023-10-31 09:00:15,641 [WARN] PackLoader:240 - Cannot read IP mode file for STMicroelectronics.X-CUBE-BLE1.7.0.0
2023-10-31 09:00:15,651 [WARN] PackLoader:240 - Cannot read IP mode file for emotas.I-CUBE-CANOPEN.1.3.0
2023-10-31 09:00:15,659 [WARN] PackLoader:240 - Cannot read IP mode file for STMicroelectronics.X-CUBE-TOUCHGFX.4.22.0
2023-10-31 09:00:15,665 [WARN] PackLoader:240 - Cannot read IP mode file for STMicroelectronics.X-CUBE-TOUCHGFX.4.22.1
2023-10-31 09:00:15,673 [WARN] PackLoader:240 - Cannot read IP mode file for STMicroelectronics.FP-SNS-SMARTAG2.1.2.0
2023-10-31 09:00:15,687 [INFO] LogOutputStream:77 - [STDOUT_REDIRECT] 1 : Invalid condition id : UX_CORESTACK_Condition cause : null
2023-10-31 09:00:15,688 [INFO] LogOutputStream:77 - [STDOUT_REDIRECT] 1 : Invalid condition id : UX_CORESTACK_Condition cause : null
2023-10-31 09:00:15,688 [INFO] LogOutputStream:77 - [STDOUT_REDIRECT] 1 : Invalid condition id : UX_CORESTACK_Condition cause : null
2023-10-31 09:00:15,689 [INFO] LogOutputStream:77 - [STDOUT_REDIRECT] 1 : Invalid condition id : UX_CORESTACK_Condition cause : null
2023-10-31 09:00:15,689 [INFO] LogOutputStream:77 - [STDOUT_REDIRECT] 1 : Invalid condition id : UX_CORESTACK_Condition cause : null
2023-10-31 09:00:15,696 [WARN] PackLoader:240 - Cannot read IP mode file for STMicroelectronics.X-CUBE-AZRTOS-WL.2.0.0
2023-10-31 09:00:15,707 [WARN] PackLoader:240 - Cannot read IP mode file for WES.I-CUBE-Cesium.1.3.0
2023-10-31 09:00:15,715 [WARN] PackLoader:240 - Cannot read IP mode file for STMicroelectronics.X-CUBE-BLE2.3.3.0
2023-10-31 09:00:15,723 [WARN] PackLoader:240 - Cannot read IP mode file for STMicroelectronics.X-CUBE-ALGOBUILD.1.3.0
2023-10-31 09:00:15,745 [WARN] PackLoader:240 - Cannot read IP mode file for STMicroelectronics.X-CUBE-AZRTOS-G0.1.1.0
2023-10-31 09:00:15,758 [WARN] PackLoader:240 - Cannot read IP mode file for STMicroelectronics.X-CUBE-NFC4.3.0.0
2023-10-31 09:00:15,770 [WARN] PackLoader:240 - Cannot read IP mode file for STMicroelectronics.FP-ATR-SIGFOX1.3.2.0
2023-10-31 09:00:15,798 [WARN] PackLoader:240 - Cannot read IP mode file for SEGGER.I-CUBE-embOS.1.3.1
2023-10-31 09:00:15,842 [WARN] PackLoader:240 - Cannot read IP mode file for STMicroelectronics.X-CUBE-GNSS1.6.0.0
2023-10-31 09:00:15,868 [WARN] PackLoader:240 - Cannot read IP mode file for STMicroelectronics.X-CUBE-AZRTOS-F4.1.1.0
2023-10-31 09:00:15,889 [WARN] PackLoader:240 - Cannot read IP mode file for wolfSSL.I-CUBE-wolfSSL.5.6.3
2023-10-31 09:00:15,965 [WARN] PackLoader:240 - Cannot read IP mode file for STMicroelectronics.X-CUBE-AZRTOS-L5.2.0.0
2023-10-31 09:00:16,020 [WARN] PackLoader:240 - Cannot read IP mode file for STMicroelectronics.X-CUBE-MEMS1.9.6.0
2023-10-31 09:00:16,103 [WARN] PackLoader:240 - Cannot read IP mode file for STMicroelectronics.X-CUBE-EEPRMA1.4.2.0
2023-10-31 09:00:16,117 [WARN] PackLoader:240 - Cannot read IP mode file for ITTIA_DB.I-CUBE-ITTIADB.8.8.0
2023-10-31 09:00:16,133 [WARN] PackLoader:240 - Cannot read IP mode file for STMicroelectronics.X-CUBE-BLEMGR.2.0.0
2023-10-31 09:00:16,172 [WARN] ConditionMgr:438 - getConditionDescription Invalid condition id : UX DEVICE CLASS RTOS Condition cause : null
2023-10-31 09:00:16,173 [WARN] ConditionMgr:438 - getConditionDescription Invalid condition id : UX DEVICE CLASS RTOS Condition cause : null
2023-10-31 09:00:16,175 [WARN] PackLoader:240 - Cannot read IP mode file for STMicroelectronics.X-CUBE-AZRTOS-H7.3.1.0
2023-10-31 09:00:16,176 [WARN] ConditionMgr:1039 - genDependencies : Invalid condition id : UX DEVICE CLASS RTOS Condition cause : null
2023-10-31 09:00:16,178 [WARN] ConditionMgr:1039 - genDependencies : Invalid condition id : UX DEVICE CLASS RTOS Condition cause : null
2023-10-31 09:00:16,178 [WARN] ConditionMgr:1039 - genDependencies : Invalid condition id : UX DEVICE CLASS RTOS Condition cause : null
2023-10-31 09:00:16,179 [WARN] ConditionMgr:1039 - genDependencies : Invalid condition id : UX DEVICE CLASS RTOS Condition cause : null
2023-10-31 09:00:16,179 [WARN] ConditionMgr:1039 - genDependencies : Invalid condition id : UX DEVICE CLASS RTOS Condition cause : null
2023-10-31 09:00:16,194 [WARN] PackLoader:240 - Cannot read IP mode file for STMicroelectronics.X-CUBE-NFC7.1.0.1
2023-10-31 09:00:16,210 [WARN] PackLoader:240 - Cannot read IP mode file for STMicroelectronics.X-CUBE-NFC6.3.0.0
2023-10-31 09:00:16,224 [WARN] PackLoader:240 - Cannot read IP mode file for STMicroelectronics.X-CUBE-EEPRMA1.4.1.0
2023-10-31 09:00:16,240 [WARN] PackLoader:240 - Cannot read IP mode file for STMicroelectronics.X-CUBE-AI.8.1.0
2023-10-31 09:00:16,265 [WARN] ConditionMgr:438 - getConditionDescription Invalid condition id : LAN8742 Phy interface Condition cause : null
2023-10-31 09:00:16,266 [WARN] PackLoader:240 - Cannot read IP mode file for STMicroelectronics.X-CUBE-AZRTOS-L4.2.0.0
2023-10-31 09:00:16,266 [WARN] ConditionMgr:1039 - genDependencies : Invalid condition id : LAN8742 Phy interface Condition cause : null
2023-10-31 09:00:16,266 [WARN] ConditionMgr:1039 - genDependencies : Invalid condition id : LAN8742 Phy interface Condition cause : null
2023-10-31 09:00:16,267 [WARN] ConditionMgr:1039 - genDependencies : Invalid condition id : LAN8742 Phy interface Condition cause : null
2023-10-31 09:00:16,279 [WARN] PackLoader:240 - Cannot read IP mode file for STMicroelectronics.X-CUBE-SFXS2LP1.4.0.0
2023-10-31 09:00:16,291 [WARN] PackLoader:240 - Cannot read IP mode file for STMicroelectronics.X-CUBE-ISPU.1.1.0
2023-10-31 09:00:16,309 [WARN] ConditionMgr:438 - getConditionDescription Invalid condition id : UX DEVICE CLASS RTOS Condition cause : null
2023-10-31 09:00:16,309 [WARN] ConditionMgr:438 - getConditionDescription Invalid condition id : UX DEVICE CLASS RTOS Condition cause : null
2023-10-31 09:00:16,310 [WARN] PackLoader:240 - Cannot read IP mode file for STMicroelectronics.X-CUBE-AZRTOS-WB.2.0.0
2023-10-31 09:00:16,310 [WARN] ConditionMgr:1039 - genDependencies : Invalid condition id : UX DEVICE CLASS RTOS Condition cause : null
2023-10-31 09:00:16,310 [WARN] ConditionMgr:1039 - genDependencies : Invalid condition id : UX DEVICE CLASS RTOS Condition cause : null
2023-10-31 09:00:16,311 [WARN] ConditionMgr:1039 - genDependencies : Invalid condition id : UX DEVICE CLASS RTOS Condition cause : null
2023-10-31 09:00:16,311 [WARN] ConditionMgr:1039 - genDependencies : Invalid condition id : UX DEVICE CLASS RTOS Condition cause : null
2023-10-31 09:00:16,311 [WARN] ConditionMgr:1039 - genDependencies : Invalid condition id : UX DEVICE CLASS RTOS Condition cause : null
2023-10-31 09:00:16,324 [WARN] PackLoader:240 - Cannot read IP mode file for STMicroelectronics.X-CUBE-SUBG2.5.0.0
2023-10-31 09:00:16,340 [WARN] PackLoader:240 - Cannot read IP mode file for STMicroelectronics.X-CUBE-TOF1.3.3.1
2023-10-31 09:00:16,364 [WARN] PackLoader:240 - Cannot read IP mode file for STMicroelectronics.X-CUBE-AZRTOS-G4.2.0.0
2023-10-31 09:00:16,384 [WARN] PackLoader:240 - Cannot read IP mode file for Infineon.AIROC-Wi-Fi-Bluetooth-STM32.1.5.1
2023-10-31 09:00:16,418 [WARN] PackLoader:240 - Cannot read IP mode file for STMicroelectronics.X-CUBE-MEMS1.10.0.0
2023-10-31 09:00:16,466 [INFO] WebApp:157 - Instantiating new browser for Auth
2023-10-31 09:00:16,499 [WARN] PackLoader:240 - Cannot read IP mode file for STMicroelectronics.X-CUBE-FREERTOS.1.1.0
2023-10-31 09:00:16,514 [WARN] PackLoader:240 - Cannot read IP mode file for portGmbH.I-Cube-SoM-uGOAL.1.1.0
2023-10-31 09:00:16,526 [WARN] PackLoader:240 - Cannot read IP mode file for STMicroelectronics.X-CUBE-ALS.1.0.1
2023-10-31 09:00:16,531 [WARN] PackLoader:240 - Cannot read IP mode file for STMicroelectronics.FP-ATR-ASTRA1.2.0.0
2023-10-31 09:00:16,532 [INFO] ThirdParty:978 - Integrity check success = true
2023-10-31 09:00:16,533 [INFO] IntegrityCheckThread:100 - exiting critical section [integrity check]
2023-10-31 09:00:16,533 [INFO] IntegrityCheckThread:103 - End integrity checks thread
2023-10-31 09:00:16,935 [INFO] WebApp:753 - Register for checkConnection events
2023-10-31 09:00:16,935 [INFO] WebApp:390 - Apply proxy settings
2023-10-31 09:00:16,935 [INFO] WebApp:475 - Chromium requires no authentication
2023-10-31 09:00:16,941 [INFO] WebApp:418 - Direct internet connection detected
2023-10-31 09:00:17,054 [INFO] WebApp:188 - Starting web application
2023-10-31 09:00:17,054 [INFO] WebApp:520 - Web application path used C:\ST\STM32CubeIDE_1.13.2\STM32CubeIDE\plugins\com.st.stm32cube.common.mx_6.9.2.202309101412\db\plugins\mcufinder\reactClient1\index.html
2023-10-31 09:00:37,968 [ERROR] LogOutputStream:75 - [STDERR_REDIRECT] SLF4J: Failed to load class "org.slf4j.impl.StaticLoggerBinder".
2023-10-31 09:00:37,968 [ERROR] LogOutputStream:75 - [STDERR_REDIRECT] SLF4J: Defaulting to no-operation (NOP) logger implementation
2023-10-31 09:00:37,969 [ERROR] LogOutputStream:75 - [STDERR_REDIRECT] SLF4J: See http://www.slf4j.org/codes.html#StaticLoggerBinder for further details.
2023-10-31 19:19:16,206 [ERROR] LogOutputStream:75 - [STDERR_REDIRECT] 
