2023-10-30 16:30:20,202 [INFO] Activator:176 - 


2023-10-30 16:30:20,215 [INFO] Activator:177 - !SESSION log4j initialized
2023-10-30 16:30:25,456 [INFO] LogOutputStream:77 - [STDOUT_REDIRECT] 
2023-10-30 16:30:29,537 [INFO] ApplicationProperties:184 - Using Application install path: C:\ST\STM32CubeIDE_1.13.2\STM32CubeIDE\plugins\com.st.stm32cube.common.mx_6.9.2.202309101412
2023-10-30 16:30:29,550 [INFO] DbMcusXml:78 - Set database path to: C:\ST\STM32CubeIDE_1.13.2\STM32CubeIDE\plugins\com.st.stm32cube.common.mx_6.9.2.202309101412\\db\/mcu/
2023-10-30 16:30:29,550 [INFO] ApiDb:274 - Set plugin database path to: C:\ST\STM32CubeIDE_1.13.2\STM32CubeIDE\plugins\com.st.stm32cube.common.mx_6.9.2.202309101412\\db\/plugins/boardmanager/
2023-10-30 16:30:29,551 [WARN] ApiDb:259 - Overriding images path with different value:  => C:\ST\STM32CubeIDE_1.13.2\STM32CubeIDE\plugins\com.st.stm32cube.common.mx_6.9.2.202309101412\\db\/plugins/mcufinder/images/
2023-10-30 16:30:29,560 [INFO] ApiDb:250 - Set database path to: C:\Users\user\.stmcufinder\plugins\mcufinder//mcu/
2023-10-30 16:30:29,561 [INFO] DbMcusAds:125 - Set database path to: C:\Users\user\.stmcufinder\plugins\mcufinder//mcu/
2023-10-30 16:30:29,562 [INFO] CrossReferenceDbSqlite:203 - Set database path to: C:\Users\user\.stmcufinder\plugins\mcufinder//mcu/cs/
2023-10-30 16:30:29,675 [INFO] RulesReader:64 - Compatibility file has been processed (293 Rules)
2023-10-30 16:30:29,732 [INFO] DbMcusXml:78 - Set database path to: C:\ST\STM32CubeIDE_1.13.2\STM32CubeIDE\plugins\com.st.stm32cube.common.mx_6.9.2.202309101412\\db\/mcu/
2023-10-30 16:30:29,732 [INFO] ApiDb:274 - Set plugin database path to: C:\ST\STM32CubeIDE_1.13.2\STM32CubeIDE\plugins\com.st.stm32cube.common.mx_6.9.2.202309101412\\db\/plugins/boardmanager/
2023-10-30 16:30:29,732 [INFO] ApiDb:261 - Set plugin images path to: C:\ST\STM32CubeIDE_1.13.2\STM32CubeIDE\plugins\com.st.stm32cube.common.mx_6.9.2.202309101412\\db\/plugins/mcufinder/images/
2023-10-30 16:30:29,732 [WARN] DbFile:41 - Overriding database path with different value: C:\Users\user\.stmcufinder\plugins\mcufinder/ => C:\Users\user\.stmcufinder\plugins\mcufinder
2023-10-30 16:30:29,732 [INFO] ApiDb:250 - Set database path to: C:\Users\user\.stmcufinder\plugins\mcufinder//mcu/
2023-10-30 16:30:29,733 [WARN] DbFile:41 - Overriding database path with different value: C:\Users\user\.stmcufinder\plugins\mcufinder/ => C:\Users\user\.stmcufinder\plugins\mcufinder
2023-10-30 16:30:29,733 [INFO] DbMcusAds:125 - Set database path to: C:\Users\user\.stmcufinder\plugins\mcufinder//mcu/
2023-10-30 16:30:29,733 [WARN] DbFile:41 - Overriding database path with different value: C:\Users\user\.stmcufinder\plugins\mcufinder/ => C:\Users\user\.stmcufinder\plugins\mcufinder
2023-10-30 16:30:29,733 [WARN] DbFile:41 - Overriding database path with different value: C:\Users\user\.stmcufinder\plugins\mcufinder/ => C:\Users\user\.stmcufinder\plugins\mcufinder
2023-10-30 16:30:29,733 [INFO] CrossReferenceDbSqlite:203 - Set database path to: C:\Users\user\.stmcufinder\plugins\mcufinder//mcu/cs/
2023-10-30 16:30:29,793 [INFO] MainPanel:262 - HeapMemory: 268435456
2023-10-30 16:30:29,863 [INFO] DbMcusXml:78 - Set database path to: C:\ST\STM32CubeIDE_1.13.2\STM32CubeIDE\plugins\com.st.stm32cube.common.mx_6.9.2.202309101412\\db\/mcu/
2023-10-30 16:30:29,863 [INFO] ApiDb:274 - Set plugin database path to: C:\ST\STM32CubeIDE_1.13.2\STM32CubeIDE\plugins\com.st.stm32cube.common.mx_6.9.2.202309101412\\db\/plugins/boardmanager/
2023-10-30 16:30:29,863 [INFO] ApiDb:261 - Set plugin images path to: C:\ST\STM32CubeIDE_1.13.2\STM32CubeIDE\plugins\com.st.stm32cube.common.mx_6.9.2.202309101412\\db\/plugins/mcufinder/images/
2023-10-30 16:30:29,863 [WARN] DbFile:41 - Overriding database path with different value: C:\Users\user\.stmcufinder\plugins\mcufinder/ => C:\Users\user\.stmcufinder\plugins\mcufinder
2023-10-30 16:30:29,863 [INFO] ApiDb:250 - Set database path to: C:\Users\user\.stmcufinder\plugins\mcufinder//mcu/
2023-10-30 16:30:29,863 [WARN] DbFile:41 - Overriding database path with different value: C:\Users\user\.stmcufinder\plugins\mcufinder/ => C:\Users\user\.stmcufinder\plugins\mcufinder
2023-10-30 16:30:29,864 [INFO] DbMcusAds:125 - Set database path to: C:\Users\user\.stmcufinder\plugins\mcufinder//mcu/
2023-10-30 16:30:29,864 [WARN] DbFile:41 - Overriding database path with different value: C:\Users\user\.stmcufinder\plugins\mcufinder/ => C:\Users\user\.stmcufinder\plugins\mcufinder
2023-10-30 16:30:29,864 [WARN] DbFile:41 - Overriding database path with different value: C:\Users\user\.stmcufinder\plugins\mcufinder/ => C:\Users\user\.stmcufinder\plugins\mcufinder
2023-10-30 16:30:29,864 [INFO] CrossReferenceDbSqlite:203 - Set database path to: C:\Users\user\.stmcufinder\plugins\mcufinder//mcu/cs/
2023-10-30 16:30:29,877 [INFO] ApplicationProperties:184 - Using Application install path: C:\ST\STM32CubeIDE_1.13.2\STM32CubeIDE\plugins\com.st.stm32cube.common.mx_6.9.2.202309101412
2023-10-30 16:30:29,878 [INFO] PluginManage:196 - Search for loadable plugins [exclusion list=, ]
2023-10-30 16:30:29,879 [INFO] PluginManage:310 - Check plugin analytics
2023-10-30 16:30:29,987 [INFO] AnalyticsPlugin:253 - Accepted Software Licenses: 
2023-10-30 16:30:29,988 [INFO] AnalyticsPlugin:255 - Accepted CMSIS Pack Licenses: 
2023-10-30 16:30:29,988 [INFO] AnalyticsPlugin:257 - Accepted Firmware Licenses: FW.F4.1.27.0
2023-10-30 16:30:29,990 [INFO] PluginManage:359 - Loaded plugin analytics (category:tool,tabindex:-1)
2023-10-30 16:30:29,991 [INFO] PluginManage:310 - Check plugin cadmodel
2023-10-30 16:30:30,004 [INFO] CADModel:105 - Init CAD model plugin
2023-10-30 16:30:30,004 [INFO] PluginManage:359 - Loaded plugin cadmodel (category:power,tabindex:5)
2023-10-30 16:30:30,004 [INFO] PluginManage:310 - Check plugin clock
2023-10-30 16:30:30,018 [INFO] PluginManage:359 - Loaded plugin clock (category:base,tabindex:2)
2023-10-30 16:30:30,018 [INFO] PluginManage:310 - Check plugin ddr
2023-10-30 16:30:30,019 [INFO] PluginManage:359 - Loaded plugin ddr (category:tool,tabindex:6)
2023-10-30 16:30:30,019 [INFO] PluginManage:310 - Check plugin filemanager
2023-10-30 16:30:30,124 [INFO] PluginManage:359 - Loaded plugin filemanager (category:base,tabindex:10)
2023-10-30 16:30:30,124 [INFO] PluginManage:310 - Check plugin ipmanager
2023-10-30 16:30:30,130 [INFO] PluginManage:359 - Loaded plugin ipmanager (category:base,tabindex:5)
2023-10-30 16:30:30,130 [INFO] PluginManage:310 - Check plugin lpbam
2023-10-30 16:30:30,147 [INFO] PluginManage:359 - Loaded plugin lpbam (category:base,tabindex:0)
2023-10-30 16:30:30,148 [INFO] PluginManage:310 - Check plugin memorymap
2023-10-30 16:30:30,172 [INFO] PluginManage:359 - Loaded plugin memorymap (category:base,tabindex:4)
2023-10-30 16:30:30,172 [INFO] PluginManage:310 - Check plugin pinoutandconfiguration
2023-10-30 16:30:30,188 [INFO] PluginManage:359 - Loaded plugin pinoutandconfiguration (category:base,tabindex:1)
2023-10-30 16:30:30,188 [INFO] PluginManage:310 - Check plugin pinoutconfig
2023-10-30 16:30:30,260 [WARN] SupportedApi:132 - Cannot load RTOS API schema: s4s-elt-must-match.1: The content of 'definitions' must match (annotation?, (simpleType | complexType)?, (unique | key | keyref)*)). A problem was found starting at: attribute.
2023-10-30 16:30:30,342 [INFO] PluginManage:359 - Loaded plugin pinoutconfig (category:base,tabindex:0)
2023-10-30 16:30:30,344 [INFO] PluginManage:310 - Check plugin power
2023-10-30 16:30:30,363 [INFO] PluginManage:359 - Loaded plugin power (category:power,tabindex:4)
2023-10-30 16:30:30,363 [INFO] PluginManage:310 - Check plugin projectmanager
2023-10-30 16:30:30,376 [INFO] PluginManage:359 - Loaded plugin projectmanager (category:projectmanager,tabindex:3)
2023-10-30 16:30:30,376 [INFO] PluginManage:310 - Check plugin thirdparty
2023-10-30 16:30:30,563 [INFO] PluginManage:359 - Loaded plugin thirdparty (category:base,tabindex:-1)
2023-10-30 16:30:30,564 [WARN] IntegrityCheckThread:84 - waiting for thirdparty lock release [integrity check]
2023-10-30 16:30:30,564 [INFO] PluginManage:310 - Check plugin tools
2023-10-30 16:30:30,564 [INFO] IntegrityCheckThread:86 - entering critical section [integrity check]
2023-10-30 16:30:30,564 [INFO] ThirdPartyUpdaterWithRetryManager:70 - Updater plugin not ready yet. [1/15]
2023-10-30 16:30:30,600 [INFO] PluginManage:359 - Loaded plugin tools (category:base,tabindex:7)
2023-10-30 16:30:30,600 [INFO] PluginManage:310 - Check plugin tutovideos
2023-10-30 16:30:30,748 [INFO] PluginManage:359 - Loaded plugin tutovideos (category:base,tabindex:-1)
2023-10-30 16:30:30,749 [INFO] PluginManage:310 - Check plugin updater
2023-10-30 16:30:30,757 [INFO] PluginManage:359 - Loaded plugin updater (category:base,tabindex:12)
2023-10-30 16:30:30,757 [INFO] PluginManage:310 - Check plugin userauth
2023-10-30 16:30:30,762 [INFO] UserAuth:113 - Init User Auth plugin
2023-10-30 16:30:30,762 [INFO] PluginManage:359 - Loaded plugin userauth (category:base,tabindex:14)
2023-10-30 16:30:30,762 [INFO] PluginManage:283 - PluginManage : Loaded plugins [17]
2023-10-30 16:30:30,940 [INFO] PinOutPanel:1499 - setPackage(No Configuration,No Configuration)
2023-10-30 16:30:31,011 [INFO] CADModel:165 - CPN selected for project level
2023-10-30 16:30:31,011 [INFO] CADModel:114 - Register for checkConnection events
2023-10-30 16:30:31,032 [INFO] IPUIPlugin:80 - create IPUIPlugin
2023-10-30 16:30:31,032 [INFO] PluginManager:220 - loadIPPluginJar : add adc
2023-10-30 16:30:31,076 [INFO] IPUIPlugin:80 - create IPUIPlugin
2023-10-30 16:30:31,076 [INFO] PluginManager:220 - loadIPPluginJar : add aes
2023-10-30 16:30:31,144 [INFO] IPUIPlugin:80 - create IPUIPlugin
2023-10-30 16:30:31,144 [INFO] PluginManager:220 - loadIPPluginJar : add can
2023-10-30 16:30:31,181 [INFO] IPUIPlugin:80 - create IPUIPlugin
2023-10-30 16:30:31,182 [INFO] PluginManager:220 - loadIPPluginJar : add comp
2023-10-30 16:30:31,234 [INFO] IPUIPlugin:80 - create IPUIPlugin
2023-10-30 16:30:31,234 [INFO] PluginManager:220 - loadIPPluginJar : add cryp
2023-10-30 16:30:31,276 [INFO] IPUIPlugin:80 - create IPUIPlugin
2023-10-30 16:30:31,276 [INFO] PluginManager:220 - loadIPPluginJar : add dfsdm
2023-10-30 16:30:31,295 [INFO] IPUIPlugin:80 - create IPUIPlugin
2023-10-30 16:30:31,296 [INFO] PluginManager:220 - loadIPPluginJar : add dma
2023-10-30 16:30:31,361 [INFO] IPUIPlugin:80 - create IPUIPlugin
2023-10-30 16:30:31,361 [INFO] PluginManager:220 - loadIPPluginJar : add dma3
2023-10-30 16:30:31,394 [INFO] IPUIPlugin:80 - create IPUIPlugin
2023-10-30 16:30:31,394 [INFO] PluginManager:220 - loadIPPluginJar : add fatfs
2023-10-30 16:30:31,480 [INFO] IPUIPlugin:80 - create IPUIPlugin
2023-10-30 16:30:31,480 [INFO] PluginManager:220 - loadIPPluginJar : add fmc
2023-10-30 16:30:31,495 [INFO] IPUIPlugin:80 - create IPUIPlugin
2023-10-30 16:30:31,495 [INFO] PluginManager:220 - loadIPPluginJar : add freertos
2023-10-30 16:30:31,508 [INFO] IPUIPlugin:80 - create IPUIPlugin
2023-10-30 16:30:31,508 [INFO] PluginManager:220 - loadIPPluginJar : add genericplugin
2023-10-30 16:30:31,682 [INFO] IPUIPlugin:80 - create IPUIPlugin
2023-10-30 16:30:31,682 [INFO] PluginManager:220 - loadIPPluginJar : add gfxmmu
2023-10-30 16:30:31,894 [INFO] IPUIPlugin:80 - create IPUIPlugin
2023-10-30 16:30:31,894 [INFO] PluginManager:220 - loadIPPluginJar : add gic
2023-10-30 16:30:31,916 [INFO] IPUIPlugin:80 - create IPUIPlugin
2023-10-30 16:30:31,916 [INFO] PluginManager:220 - loadIPPluginJar : add gpio
2023-10-30 16:30:32,078 [INFO] IPUIPlugin:80 - create IPUIPlugin
2023-10-30 16:30:32,078 [INFO] PluginManager:220 - loadIPPluginJar : add gtzc
2023-10-30 16:30:32,131 [INFO] IPUIPlugin:80 - create IPUIPlugin
2023-10-30 16:30:32,131 [INFO] PluginManager:220 - loadIPPluginJar : add hash
2023-10-30 16:30:32,221 [INFO] IPUIPlugin:80 - create IPUIPlugin
2023-10-30 16:30:32,221 [INFO] PluginManager:220 - loadIPPluginJar : add i2c
2023-10-30 16:30:32,286 [INFO] IPUIPlugin:80 - create IPUIPlugin
2023-10-30 16:30:32,286 [INFO] PluginManager:220 - loadIPPluginJar : add i2s
2023-10-30 16:30:32,362 [INFO] IPUIPlugin:80 - create IPUIPlugin
2023-10-30 16:30:32,362 [INFO] PluginManager:220 - loadIPPluginJar : add i3c
2023-10-30 16:30:32,537 [INFO] IPUIPlugin:80 - create IPUIPlugin
2023-10-30 16:30:32,537 [INFO] PluginManager:220 - loadIPPluginJar : add ipddr
2023-10-30 16:30:32,699 [INFO] IPUIPlugin:80 - create IPUIPlugin
2023-10-30 16:30:32,700 [INFO] PluginManager:220 - loadIPPluginJar : add linkedlist
2023-10-30 16:30:32,755 [INFO] IPUIPlugin:80 - create IPUIPlugin
2023-10-30 16:30:32,755 [INFO] PluginManager:220 - loadIPPluginJar : add lorawan
2023-10-30 16:30:32,816 [INFO] IPUIPlugin:80 - create IPUIPlugin
2023-10-30 16:30:32,817 [INFO] PluginManager:220 - loadIPPluginJar : add ltdc
2023-10-30 16:30:32,841 [INFO] IPUIPlugin:80 - create IPUIPlugin
2023-10-30 16:30:32,841 [INFO] PluginManager:220 - loadIPPluginJar : add mdma
2023-10-30 16:30:32,852 [INFO] IPUIPlugin:80 - create IPUIPlugin
2023-10-30 16:30:32,852 [INFO] PluginManager:220 - loadIPPluginJar : add nvic
2023-10-30 16:30:32,904 [INFO] IPUIPlugin:80 - create IPUIPlugin
2023-10-30 16:30:32,904 [INFO] PluginManager:220 - loadIPPluginJar : add opamp
2023-10-30 16:30:33,001 [INFO] IPUIPlugin:80 - create IPUIPlugin
2023-10-30 16:30:33,001 [INFO] PluginManager:220 - loadIPPluginJar : add openamp
2023-10-30 16:30:33,074 [INFO] IPUIPlugin:80 - create IPUIPlugin
2023-10-30 16:30:33,074 [INFO] PluginManager:220 - loadIPPluginJar : add pdm2pcm
2023-10-30 16:30:33,085 [INFO] IPUIPlugin:80 - create IPUIPlugin
2023-10-30 16:30:33,087 [INFO] PluginManager:220 - loadIPPluginJar : add plateformsettings
2023-10-30 16:30:33,119 [INFO] IPUIPlugin:80 - create IPUIPlugin
2023-10-30 16:30:33,119 [INFO] PluginManager:220 - loadIPPluginJar : add quadspi
2023-10-30 16:30:33,133 [INFO] IPUIPlugin:80 - create IPUIPlugin
2023-10-30 16:30:33,133 [INFO] PluginManager:220 - loadIPPluginJar : add resmgrutility
2023-10-30 16:30:33,209 [INFO] IPUIPlugin:80 - create IPUIPlugin
2023-10-30 16:30:33,209 [INFO] PluginManager:220 - loadIPPluginJar : add sai
2023-10-30 16:30:33,268 [INFO] IPUIPlugin:80 - create IPUIPlugin
2023-10-30 16:30:33,269 [INFO] PluginManager:220 - loadIPPluginJar : add spi
2023-10-30 16:30:33,371 [INFO] IPUIPlugin:80 - create IPUIPlugin
2023-10-30 16:30:33,371 [INFO] PluginManager:220 - loadIPPluginJar : add stm32_wpan
2023-10-30 16:30:33,409 [INFO] IPUIPlugin:80 - create IPUIPlugin
2023-10-30 16:30:33,409 [INFO] PluginManager:220 - loadIPPluginJar : add tim
2023-10-30 16:30:33,502 [INFO] IPUIPlugin:80 - create IPUIPlugin
2023-10-30 16:30:33,502 [INFO] PluginManager:220 - loadIPPluginJar : add touchsensing
2023-10-30 16:30:33,537 [INFO] IPUIPlugin:80 - create IPUIPlugin
2023-10-30 16:30:33,537 [INFO] PluginManager:220 - loadIPPluginJar : add tracer_emb
2023-10-30 16:30:33,565 [INFO] ThirdPartyUpdaterWithRetryManager:70 - Updater plugin not ready yet. [2/15]
2023-10-30 16:30:33,571 [INFO] IPUIPlugin:80 - create IPUIPlugin
2023-10-30 16:30:33,571 [INFO] PluginManager:220 - loadIPPluginJar : add ts
2023-10-30 16:30:33,606 [INFO] IPUIPlugin:80 - create IPUIPlugin
2023-10-30 16:30:33,606 [INFO] PluginManager:220 - loadIPPluginJar : add tsc
2023-10-30 16:30:33,639 [INFO] IPUIPlugin:80 - create IPUIPlugin
2023-10-30 16:30:33,639 [INFO] PluginManager:220 - loadIPPluginJar : add ucpd
2023-10-30 16:30:33,717 [INFO] IPUIPlugin:80 - create IPUIPlugin
2023-10-30 16:30:33,717 [INFO] PluginManager:220 - loadIPPluginJar : add usart
2023-10-30 16:30:33,789 [INFO] IPUIPlugin:80 - create IPUIPlugin
2023-10-30 16:30:33,789 [INFO] PluginManager:220 - loadIPPluginJar : add usbx
2023-10-30 16:30:33,902 [INFO] CADModel:165 - CPN selected for project level
2023-10-30 16:30:33,902 [INFO] CADModel:114 - Register for checkConnection events
2023-10-30 16:30:33,903 [FATAL] Updater:308 - Updater called before beeing initialized
2023-10-30 16:30:33,903 [ERROR] CADModel:125 - Updater not yet initialized, retry later 
2023-10-30 16:30:34,026 [INFO] CADModel:165 - CPN selected for project level
2023-10-30 16:30:34,026 [INFO] CADModel:114 - Register for checkConnection events
2023-10-30 16:30:34,026 [FATAL] Updater:308 - Updater called before beeing initialized
2023-10-30 16:30:34,026 [ERROR] CADModel:125 - Updater not yet initialized, retry later 
2023-10-30 16:30:34,029 [FATAL] Updater:308 - Updater called before beeing initialized
2023-10-30 16:30:34,106 [FATAL] Updater:308 - Updater called before beeing initialized
2023-10-30 16:30:34,116 [INFO] DbMcusAds:53 - JSON generation date=Tue Mar 07 17:50:55 KST 2023 (1678179055114)
2023-10-30 16:30:34,116 [FATAL] Updater:308 - Updater called before beeing initialized
2023-10-30 16:30:34,180 [WARN] DetailPanel:346 - Failed to get advertising image, set to default
2023-10-30 16:30:34,241 [FATAL] Updater:308 - Updater called before beeing initialized
2023-10-30 16:30:34,243 [FATAL] Updater:308 - Updater called before beeing initialized
2023-10-30 16:30:34,243 [FATAL] Updater:308 - Updater called before beeing initialized
2023-10-30 16:30:34,243 [WARN] DetailPanel:346 - Failed to get advertising image, set to default
2023-10-30 16:30:34,243 [FATAL] Updater:308 - Updater called before beeing initialized
2023-10-30 16:30:34,280 [ERROR] Updater:1120 - MainUpdater not yet initialized. External WinMGr cannot be set.
2023-10-30 16:30:34,289 [INFO] Updater:1056 - Updater Version found : 6.9.2
2023-10-30 16:30:34,303 [INFO] ApplicationProperties:184 - Using Application install path: C:\ST\STM32CubeIDE_1.13.2\STM32CubeIDE\plugins\com.st.stm32cube.common.mx_6.9.2.202309101412
2023-10-30 16:30:34,515 [INFO] MainUpdater:2868 - connection check result : 10
2023-10-30 16:30:34,516 [INFO] MainUpdater:3562 - Updater definition file requires update
2023-10-30 16:30:34,517 [INFO] MainUpdater:285 - Updater Check For Update Now.
2023-10-30 16:30:34,517 [INFO] MicroXplorer:498 - Change Database Version : DB.6.0.92
2023-10-30 16:30:34,534 [INFO] McuFinderGlobals:63 - Set McuFinder mode to 2 (CubeIDE integrated)
2023-10-30 16:30:34,534 [INFO] UserAuth:179 - activating auth plugin
2023-10-30 16:30:34,536 [INFO] UserAuth:393 - Internet connection configuration mode: 1
2023-10-30 16:30:34,553 [INFO] JxBrowserEngine:151 - Initiate JxBrowser Engine with user profile folder
2023-10-30 16:30:34,655 [INFO] ServerAccessManage:473 - Download File updaters.zip
2023-10-30 16:30:35,079 [INFO] FileExtend:240 - Unzip File : updaters.zip
2023-10-30 16:30:35,079 [INFO] FileExtend:255 - Standard Zip Deflate
2023-10-30 16:30:35,688 [INFO] ServerAccessManage:473 - Download File PacksControlFlags.xml
2023-10-30 16:30:35,926 [INFO] ServerAccessManage:473 - Download File cubemx.pidx
2023-10-30 16:30:36,565 [WARN] MainUpdater:1189 - Updater busy. Cannot search thirdparties
2023-10-30 16:30:36,566 [INFO] ThirdPartyUpdaterWithRetryManager:96 - Updater plugin is busy. [1/15]
2023-10-30 16:30:36,673 [INFO] ServerAccessManage:473 - Download File STMicroelectronics.X-CUBE-EEPRMA1.pdsc
2023-10-30 16:30:37,255 [INFO] WebApp:157 - Instantiating new browser for Auth
2023-10-30 16:30:37,649 [ERROR] ServerAccessManage:1089 - Problem, file not found on Server
2023-10-30 16:30:37,860 [INFO] WebApp:753 - Register for checkConnection events
2023-10-30 16:30:37,861 [INFO] WebApp:390 - Apply proxy settings
2023-10-30 16:30:37,861 [INFO] WebApp:475 - Chromium requires no authentication
2023-10-30 16:30:37,869 [INFO] WebApp:418 - Direct internet connection detected
2023-10-30 16:30:37,999 [INFO] WebApp:188 - Starting web application
2023-10-30 16:30:38,000 [INFO] WebApp:520 - Web application path used C:\ST\STM32CubeIDE_1.13.2\STM32CubeIDE\plugins\com.st.stm32cube.common.mx_6.9.2.202309101412\db\plugins\mcufinder\reactClient1\index.html
2023-10-30 16:30:39,567 [WARN] MainUpdater:1189 - Updater busy. Cannot search thirdparties
2023-10-30 16:30:39,567 [INFO] ThirdPartyUpdaterWithRetryManager:96 - Updater plugin is busy. [2/15]
2023-10-30 16:30:39,778 [ERROR] ServerAccessManage:1096 - Problem, Http access forbiden
2023-10-30 16:30:39,779 [ERROR] ServerAccessManage:651 - Problem, Http access forbiden : RoweBots.I-CUBE-UNISONRTOS.pdsc.
2023-10-30 16:30:39,924 [WARN] PackLoader:240 - Cannot read IP mode file for STMicroelectronics.X-CUBE-EEPRMA1.4.2.0
2023-10-30 16:30:39,928 [INFO] PopulateThirdPartyThread:66 - Ending populate Thread
2023-10-30 16:30:39,929 [INFO] ThirdParty:1030 - CMSIS Pack Vendor :STMicroelectronics X-CUBE-EEPRMA1 4.2.0
2023-10-30 16:30:39,929 [INFO] LoadServerUpdatesThread:373 - End of LoadServerUpdate Thread
2023-10-30 16:30:40,049 [INFO] CheckServerUpdateThread:120 - End of CheckServer Thread
2023-10-30 16:30:42,668 [WARN] PackLoader:240 - Cannot read IP mode file for STMicroelectronics.X-CUBE-SMBUS.2.1.0
2023-10-30 16:30:42,697 [WARN] PackLoader:240 - Cannot read IP mode file for STMicroelectronics.X-CUBE-AZRTOS-F7.1.1.0
2023-10-30 16:30:42,711 [WARN] PackLoader:240 - Cannot read IP mode file for STMicroelectronics.FP-SNS-MOTENV1.4.3.2
2023-10-30 16:30:42,716 [WARN] PackLoader:240 - Cannot read IP mode file for STMicroelectronics.FP-SNS-FLIGHT1.5.0.2
2023-10-30 16:30:42,729 [WARN] PackLoader:240 - Cannot read IP mode file for STMicroelectronics.X-CUBE-DISPLAY.3.0.0
2023-10-30 16:30:42,741 [WARN] PackLoader:240 - Cannot read IP mode file for STMicroelectronics.X-CUBE-BLE1.7.0.0
2023-10-30 16:30:42,749 [WARN] PackLoader:240 - Cannot read IP mode file for emotas.I-CUBE-CANOPEN.1.3.0
2023-10-30 16:30:42,758 [WARN] PackLoader:240 - Cannot read IP mode file for STMicroelectronics.X-CUBE-TOUCHGFX.4.22.0
2023-10-30 16:30:42,768 [WARN] PackLoader:240 - Cannot read IP mode file for STMicroelectronics.X-CUBE-TOUCHGFX.4.22.1
2023-10-30 16:30:42,777 [WARN] PackLoader:240 - Cannot read IP mode file for STMicroelectronics.FP-SNS-SMARTAG2.1.2.0
2023-10-30 16:30:42,795 [INFO] LogOutputStream:77 - [STDOUT_REDIRECT] 1 : Invalid condition id : UX_CORESTACK_Condition cause : null
2023-10-30 16:30:42,795 [INFO] LogOutputStream:77 - [STDOUT_REDIRECT] 1 : Invalid condition id : UX_CORESTACK_Condition cause : null
2023-10-30 16:30:42,797 [INFO] LogOutputStream:77 - [STDOUT_REDIRECT] 1 : Invalid condition id : UX_CORESTACK_Condition cause : null
2023-10-30 16:30:42,798 [INFO] LogOutputStream:77 - [STDOUT_REDIRECT] 1 : Invalid condition id : UX_CORESTACK_Condition cause : null
2023-10-30 16:30:42,798 [INFO] LogOutputStream:77 - [STDOUT_REDIRECT] 1 : Invalid condition id : UX_CORESTACK_Condition cause : null
2023-10-30 16:30:42,801 [WARN] PackLoader:240 - Cannot read IP mode file for STMicroelectronics.X-CUBE-AZRTOS-WL.2.0.0
2023-10-30 16:30:42,811 [WARN] PackLoader:240 - Cannot read IP mode file for WES.I-CUBE-Cesium.1.3.0
2023-10-30 16:30:42,822 [WARN] PackLoader:240 - Cannot read IP mode file for STMicroelectronics.X-CUBE-BLE2.3.3.0
2023-10-30 16:30:42,830 [WARN] PackLoader:240 - Cannot read IP mode file for STMicroelectronics.X-CUBE-ALGOBUILD.1.3.0
2023-10-30 16:30:42,849 [WARN] PackLoader:240 - Cannot read IP mode file for STMicroelectronics.X-CUBE-AZRTOS-G0.1.1.0
2023-10-30 16:30:42,863 [WARN] PackLoader:240 - Cannot read IP mode file for STMicroelectronics.X-CUBE-NFC4.3.0.0
2023-10-30 16:30:42,868 [WARN] PackLoader:240 - Cannot read IP mode file for STMicroelectronics.FP-ATR-SIGFOX1.3.2.0
2023-10-30 16:30:42,902 [WARN] PackLoader:240 - Cannot read IP mode file for SEGGER.I-CUBE-embOS.1.3.1
2023-10-30 16:30:42,954 [WARN] PackLoader:240 - Cannot read IP mode file for STMicroelectronics.X-CUBE-GNSS1.6.0.0
2023-10-30 16:30:42,982 [WARN] PackLoader:240 - Cannot read IP mode file for STMicroelectronics.X-CUBE-AZRTOS-F4.1.1.0
2023-10-30 16:30:42,992 [WARN] PackLoader:240 - Cannot read IP mode file for wolfSSL.I-CUBE-wolfSSL.5.6.3
2023-10-30 16:30:43,014 [WARN] PackLoader:240 - Cannot read IP mode file for STMicroelectronics.X-CUBE-AZRTOS-L5.2.0.0
2023-10-30 16:30:43,065 [WARN] PackLoader:240 - Cannot read IP mode file for STMicroelectronics.X-CUBE-MEMS1.9.6.0
2023-10-30 16:30:43,168 [WARN] PackLoader:240 - Cannot read IP mode file for STMicroelectronics.X-CUBE-EEPRMA1.4.2.0
2023-10-30 16:30:43,178 [WARN] PackLoader:240 - Cannot read IP mode file for ITTIA_DB.I-CUBE-ITTIADB.8.8.0
2023-10-30 16:30:43,190 [WARN] PackLoader:240 - Cannot read IP mode file for STMicroelectronics.X-CUBE-BLEMGR.2.0.0
2023-10-30 16:30:43,213 [WARN] ConditionMgr:438 - getConditionDescription Invalid condition id : UX DEVICE CLASS RTOS Condition cause : null
2023-10-30 16:30:43,213 [WARN] ConditionMgr:438 - getConditionDescription Invalid condition id : UX DEVICE CLASS RTOS Condition cause : null
2023-10-30 16:30:43,214 [WARN] PackLoader:240 - Cannot read IP mode file for STMicroelectronics.X-CUBE-AZRTOS-H7.3.1.0
2023-10-30 16:30:43,216 [WARN] ConditionMgr:1039 - genDependencies : Invalid condition id : UX DEVICE CLASS RTOS Condition cause : null
2023-10-30 16:30:43,216 [WARN] ConditionMgr:1039 - genDependencies : Invalid condition id : UX DEVICE CLASS RTOS Condition cause : null
2023-10-30 16:30:43,216 [WARN] ConditionMgr:1039 - genDependencies : Invalid condition id : UX DEVICE CLASS RTOS Condition cause : null
2023-10-30 16:30:43,217 [WARN] ConditionMgr:1039 - genDependencies : Invalid condition id : UX DEVICE CLASS RTOS Condition cause : null
2023-10-30 16:30:43,217 [WARN] ConditionMgr:1039 - genDependencies : Invalid condition id : UX DEVICE CLASS RTOS Condition cause : null
2023-10-30 16:30:43,226 [WARN] PackLoader:240 - Cannot read IP mode file for STMicroelectronics.X-CUBE-NFC7.1.0.1
2023-10-30 16:30:43,237 [WARN] PackLoader:240 - Cannot read IP mode file for STMicroelectronics.X-CUBE-NFC6.3.0.0
2023-10-30 16:30:43,249 [WARN] PackLoader:240 - Cannot read IP mode file for STMicroelectronics.X-CUBE-EEPRMA1.4.1.0
2023-10-30 16:30:43,260 [WARN] PackLoader:240 - Cannot read IP mode file for STMicroelectronics.X-CUBE-AI.8.1.0
2023-10-30 16:30:43,283 [WARN] ConditionMgr:438 - getConditionDescription Invalid condition id : LAN8742 Phy interface Condition cause : null
2023-10-30 16:30:43,284 [WARN] PackLoader:240 - Cannot read IP mode file for STMicroelectronics.X-CUBE-AZRTOS-L4.2.0.0
2023-10-30 16:30:43,284 [WARN] ConditionMgr:1039 - genDependencies : Invalid condition id : LAN8742 Phy interface Condition cause : null
2023-10-30 16:30:43,284 [WARN] ConditionMgr:1039 - genDependencies : Invalid condition id : LAN8742 Phy interface Condition cause : null
2023-10-30 16:30:43,285 [WARN] ConditionMgr:1039 - genDependencies : Invalid condition id : LAN8742 Phy interface Condition cause : null
2023-10-30 16:30:43,296 [WARN] PackLoader:240 - Cannot read IP mode file for STMicroelectronics.X-CUBE-SFXS2LP1.4.0.0
2023-10-30 16:30:43,308 [WARN] PackLoader:240 - Cannot read IP mode file for STMicroelectronics.X-CUBE-ISPU.1.1.0
2023-10-30 16:30:43,325 [WARN] ConditionMgr:438 - getConditionDescription Invalid condition id : UX DEVICE CLASS RTOS Condition cause : null
2023-10-30 16:30:43,325 [WARN] ConditionMgr:438 - getConditionDescription Invalid condition id : UX DEVICE CLASS RTOS Condition cause : null
2023-10-30 16:30:43,328 [WARN] PackLoader:240 - Cannot read IP mode file for STMicroelectronics.X-CUBE-AZRTOS-WB.2.0.0
2023-10-30 16:30:43,328 [WARN] ConditionMgr:1039 - genDependencies : Invalid condition id : UX DEVICE CLASS RTOS Condition cause : null
2023-10-30 16:30:43,328 [WARN] ConditionMgr:1039 - genDependencies : Invalid condition id : UX DEVICE CLASS RTOS Condition cause : null
2023-10-30 16:30:43,329 [WARN] ConditionMgr:1039 - genDependencies : Invalid condition id : UX DEVICE CLASS RTOS Condition cause : null
2023-10-30 16:30:43,329 [WARN] ConditionMgr:1039 - genDependencies : Invalid condition id : UX DEVICE CLASS RTOS Condition cause : null
2023-10-30 16:30:43,329 [WARN] ConditionMgr:1039 - genDependencies : Invalid condition id : UX DEVICE CLASS RTOS Condition cause : null
2023-10-30 16:30:43,343 [WARN] PackLoader:240 - Cannot read IP mode file for STMicroelectronics.X-CUBE-SUBG2.5.0.0
2023-10-30 16:30:43,360 [WARN] PackLoader:240 - Cannot read IP mode file for STMicroelectronics.X-CUBE-TOF1.3.3.1
2023-10-30 16:30:43,387 [WARN] PackLoader:240 - Cannot read IP mode file for STMicroelectronics.X-CUBE-AZRTOS-G4.2.0.0
2023-10-30 16:30:43,408 [WARN] PackLoader:240 - Cannot read IP mode file for Infineon.AIROC-Wi-Fi-Bluetooth-STM32.1.5.1
2023-10-30 16:30:43,451 [WARN] PackLoader:240 - Cannot read IP mode file for STMicroelectronics.X-CUBE-MEMS1.10.0.0
2023-10-30 16:30:43,526 [WARN] PackLoader:240 - Cannot read IP mode file for STMicroelectronics.X-CUBE-FREERTOS.1.1.0
2023-10-30 16:30:43,536 [WARN] PackLoader:240 - Cannot read IP mode file for portGmbH.I-Cube-SoM-uGOAL.1.1.0
2023-10-30 16:30:43,546 [WARN] PackLoader:240 - Cannot read IP mode file for STMicroelectronics.X-CUBE-ALS.1.0.1
2023-10-30 16:30:43,550 [WARN] PackLoader:240 - Cannot read IP mode file for STMicroelectronics.FP-ATR-ASTRA1.2.0.0
2023-10-30 16:30:43,551 [INFO] ThirdParty:978 - Integrity check success = true
2023-10-30 16:30:43,551 [INFO] IntegrityCheckThread:100 - exiting critical section [integrity check]
2023-10-30 16:30:43,551 [INFO] IntegrityCheckThread:103 - End integrity checks thread
2023-10-30 16:30:58,966 [ERROR] LogOutputStream:75 - [STDERR_REDIRECT] SLF4J: Failed to load class "org.slf4j.impl.StaticLoggerBinder".
2023-10-30 16:30:58,966 [ERROR] LogOutputStream:75 - [STDERR_REDIRECT] SLF4J: Defaulting to no-operation (NOP) logger implementation
2023-10-30 16:30:58,967 [ERROR] LogOutputStream:75 - [STDERR_REDIRECT] SLF4J: See http://www.slf4j.org/codes.html#StaticLoggerBinder for further details.
2023-10-30 17:36:38,616 [ERROR] LogOutputStream:75 - [STDERR_REDIRECT] 
