2023-11-20 11:56:03,625 [INFO] Activator:176 - 


2023-11-20 11:56:03,628 [INFO] Activator:177 - !SESSION log4j initialized
2023-11-20 11:56:07,996 [INFO] LogOutputStream:77 - [STDOUT_REDIRECT] 
2023-11-20 11:56:13,858 [INFO] ApplicationProperties:184 - Using Application install path: C:\ST\STM32CubeIDE_1.13.2\STM32CubeIDE\plugins\com.st.stm32cube.common.mx_6.9.2.202309101412
2023-11-20 11:56:13,879 [INFO] DbMcusXml:78 - Set database path to: C:\ST\STM32CubeIDE_1.13.2\STM32CubeIDE\plugins\com.st.stm32cube.common.mx_6.9.2.202309101412\\db\/mcu/
2023-11-20 11:56:13,880 [INFO] ApiDb:274 - Set plugin database path to: C:\ST\STM32CubeIDE_1.13.2\STM32CubeIDE\plugins\com.st.stm32cube.common.mx_6.9.2.202309101412\\db\/plugins/boardmanager/
2023-11-20 11:56:13,880 [WARN] ApiDb:259 - Overriding images path with different value:  => C:\ST\STM32CubeIDE_1.13.2\STM32CubeIDE\plugins\com.st.stm32cube.common.mx_6.9.2.202309101412\\db\/plugins/mcufinder/images/
2023-11-20 11:56:13,888 [INFO] ApiDb:250 - Set database path to: C:\Users\user\.stmcufinder\plugins\mcufinder//mcu/
2023-11-20 11:56:13,889 [INFO] DbMcusAds:125 - Set database path to: C:\Users\user\.stmcufinder\plugins\mcufinder//mcu/
2023-11-20 11:56:13,890 [INFO] CrossReferenceDbSqlite:203 - Set database path to: C:\Users\user\.stmcufinder\plugins\mcufinder//mcu/cs/
2023-11-20 11:56:13,957 [INFO] RulesReader:64 - Compatibility file has been processed (293 Rules)
2023-11-20 11:56:14,011 [INFO] DbMcusXml:78 - Set database path to: C:\ST\STM32CubeIDE_1.13.2\STM32CubeIDE\plugins\com.st.stm32cube.common.mx_6.9.2.202309101412\\db\/mcu/
2023-11-20 11:56:14,011 [INFO] ApiDb:274 - Set plugin database path to: C:\ST\STM32CubeIDE_1.13.2\STM32CubeIDE\plugins\com.st.stm32cube.common.mx_6.9.2.202309101412\\db\/plugins/boardmanager/
2023-11-20 11:56:14,011 [INFO] ApiDb:261 - Set plugin images path to: C:\ST\STM32CubeIDE_1.13.2\STM32CubeIDE\plugins\com.st.stm32cube.common.mx_6.9.2.202309101412\\db\/plugins/mcufinder/images/
2023-11-20 11:56:14,012 [WARN] DbFile:41 - Overriding database path with different value: C:\Users\user\.stmcufinder\plugins\mcufinder/ => C:\Users\user\.stmcufinder\plugins\mcufinder
2023-11-20 11:56:14,012 [INFO] ApiDb:250 - Set database path to: C:\Users\user\.stmcufinder\plugins\mcufinder//mcu/
2023-11-20 11:56:14,012 [WARN] DbFile:41 - Overriding database path with different value: C:\Users\user\.stmcufinder\plugins\mcufinder/ => C:\Users\user\.stmcufinder\plugins\mcufinder
2023-11-20 11:56:14,012 [INFO] DbMcusAds:125 - Set database path to: C:\Users\user\.stmcufinder\plugins\mcufinder//mcu/
2023-11-20 11:56:14,012 [WARN] DbFile:41 - Overriding database path with different value: C:\Users\user\.stmcufinder\plugins\mcufinder/ => C:\Users\user\.stmcufinder\plugins\mcufinder
2023-11-20 11:56:14,012 [WARN] DbFile:41 - Overriding database path with different value: C:\Users\user\.stmcufinder\plugins\mcufinder/ => C:\Users\user\.stmcufinder\plugins\mcufinder
2023-11-20 11:56:14,012 [INFO] CrossReferenceDbSqlite:203 - Set database path to: C:\Users\user\.stmcufinder\plugins\mcufinder//mcu/cs/
2023-11-20 11:56:14,063 [INFO] MainPanel:262 - HeapMemory: 268435456
2023-11-20 11:56:14,110 [INFO] DbMcusXml:78 - Set database path to: C:\ST\STM32CubeIDE_1.13.2\STM32CubeIDE\plugins\com.st.stm32cube.common.mx_6.9.2.202309101412\\db\/mcu/
2023-11-20 11:56:14,110 [INFO] ApiDb:274 - Set plugin database path to: C:\ST\STM32CubeIDE_1.13.2\STM32CubeIDE\plugins\com.st.stm32cube.common.mx_6.9.2.202309101412\\db\/plugins/boardmanager/
2023-11-20 11:56:14,110 [INFO] ApiDb:261 - Set plugin images path to: C:\ST\STM32CubeIDE_1.13.2\STM32CubeIDE\plugins\com.st.stm32cube.common.mx_6.9.2.202309101412\\db\/plugins/mcufinder/images/
2023-11-20 11:56:14,111 [WARN] DbFile:41 - Overriding database path with different value: C:\Users\user\.stmcufinder\plugins\mcufinder/ => C:\Users\user\.stmcufinder\plugins\mcufinder
2023-11-20 11:56:14,111 [INFO] ApiDb:250 - Set database path to: C:\Users\user\.stmcufinder\plugins\mcufinder//mcu/
2023-11-20 11:56:14,111 [WARN] DbFile:41 - Overriding database path with different value: C:\Users\user\.stmcufinder\plugins\mcufinder/ => C:\Users\user\.stmcufinder\plugins\mcufinder
2023-11-20 11:56:14,111 [INFO] DbMcusAds:125 - Set database path to: C:\Users\user\.stmcufinder\plugins\mcufinder//mcu/
2023-11-20 11:56:14,111 [WARN] DbFile:41 - Overriding database path with different value: C:\Users\user\.stmcufinder\plugins\mcufinder/ => C:\Users\user\.stmcufinder\plugins\mcufinder
2023-11-20 11:56:14,111 [WARN] DbFile:41 - Overriding database path with different value: C:\Users\user\.stmcufinder\plugins\mcufinder/ => C:\Users\user\.stmcufinder\plugins\mcufinder
2023-11-20 11:56:14,111 [INFO] CrossReferenceDbSqlite:203 - Set database path to: C:\Users\user\.stmcufinder\plugins\mcufinder//mcu/cs/
2023-11-20 11:56:14,124 [INFO] ApplicationProperties:184 - Using Application install path: C:\ST\STM32CubeIDE_1.13.2\STM32CubeIDE\plugins\com.st.stm32cube.common.mx_6.9.2.202309101412
2023-11-20 11:56:14,125 [INFO] PluginManage:196 - Search for loadable plugins [exclusion list=, ]
2023-11-20 11:56:14,126 [INFO] PluginManage:310 - Check plugin analytics
2023-11-20 11:56:14,256 [INFO] AnalyticsPlugin:253 - Accepted Software Licenses: 
2023-11-20 11:56:14,257 [INFO] AnalyticsPlugin:255 - Accepted CMSIS Pack Licenses: 
2023-11-20 11:56:14,257 [INFO] AnalyticsPlugin:257 - Accepted Firmware Licenses: FW.F4.1.27.0
2023-11-20 11:56:14,260 [INFO] PluginManage:359 - Loaded plugin analytics (category:tool,tabindex:-1)
2023-11-20 11:56:14,260 [INFO] PluginManage:310 - Check plugin cadmodel
2023-11-20 11:56:14,263 [INFO] CADModel:105 - Init CAD model plugin
2023-11-20 11:56:14,263 [INFO] PluginManage:359 - Loaded plugin cadmodel (category:power,tabindex:5)
2023-11-20 11:56:14,263 [INFO] PluginManage:310 - Check plugin clock
2023-11-20 11:56:14,269 [INFO] PluginManage:359 - Loaded plugin clock (category:base,tabindex:2)
2023-11-20 11:56:14,270 [INFO] PluginManage:310 - Check plugin ddr
2023-11-20 11:56:14,271 [INFO] PluginManage:359 - Loaded plugin ddr (category:tool,tabindex:6)
2023-11-20 11:56:14,271 [INFO] PluginManage:310 - Check plugin filemanager
2023-11-20 11:56:14,359 [INFO] PluginManage:359 - Loaded plugin filemanager (category:base,tabindex:10)
2023-11-20 11:56:14,359 [INFO] PluginManage:310 - Check plugin ipmanager
2023-11-20 11:56:14,364 [INFO] PluginManage:359 - Loaded plugin ipmanager (category:base,tabindex:5)
2023-11-20 11:56:14,364 [INFO] PluginManage:310 - Check plugin lpbam
2023-11-20 11:56:14,371 [INFO] PluginManage:359 - Loaded plugin lpbam (category:base,tabindex:0)
2023-11-20 11:56:14,371 [INFO] PluginManage:310 - Check plugin memorymap
2023-11-20 11:56:14,379 [INFO] PluginManage:359 - Loaded plugin memorymap (category:base,tabindex:4)
2023-11-20 11:56:14,379 [INFO] PluginManage:310 - Check plugin pinoutandconfiguration
2023-11-20 11:56:14,385 [INFO] PluginManage:359 - Loaded plugin pinoutandconfiguration (category:base,tabindex:1)
2023-11-20 11:56:14,385 [INFO] PluginManage:310 - Check plugin pinoutconfig
2023-11-20 11:56:14,449 [WARN] SupportedApi:132 - Cannot load RTOS API schema: s4s-elt-must-match.1: The content of 'definitions' must match (annotation?, (simpleType | complexType)?, (unique | key | keyref)*)). A problem was found starting at: attribute.
2023-11-20 11:56:14,540 [INFO] PluginManage:359 - Loaded plugin pinoutconfig (category:base,tabindex:0)
2023-11-20 11:56:14,540 [INFO] PluginManage:310 - Check plugin power
2023-11-20 11:56:14,546 [INFO] PluginManage:359 - Loaded plugin power (category:power,tabindex:4)
2023-11-20 11:56:14,546 [INFO] PluginManage:310 - Check plugin projectmanager
2023-11-20 11:56:14,557 [INFO] PluginManage:359 - Loaded plugin projectmanager (category:projectmanager,tabindex:3)
2023-11-20 11:56:14,557 [INFO] PluginManage:310 - Check plugin thirdparty
2023-11-20 11:56:14,647 [INFO] PluginManage:359 - Loaded plugin thirdparty (category:base,tabindex:-1)
2023-11-20 11:56:14,647 [WARN] IntegrityCheckThread:84 - waiting for thirdparty lock release [integrity check]
2023-11-20 11:56:14,647 [INFO] PluginManage:310 - Check plugin tools
2023-11-20 11:56:14,647 [INFO] IntegrityCheckThread:86 - entering critical section [integrity check]
2023-11-20 11:56:14,654 [INFO] ThirdPartyUpdaterWithRetryManager:70 - Updater plugin not ready yet. [1/15]
2023-11-20 11:56:14,654 [INFO] PluginManage:359 - Loaded plugin tools (category:base,tabindex:7)
2023-11-20 11:56:14,654 [INFO] PluginManage:310 - Check plugin tutovideos
2023-11-20 11:56:14,781 [INFO] PluginManage:359 - Loaded plugin tutovideos (category:base,tabindex:-1)
2023-11-20 11:56:14,781 [INFO] PluginManage:310 - Check plugin updater
2023-11-20 11:56:14,790 [INFO] PluginManage:359 - Loaded plugin updater (category:base,tabindex:12)
2023-11-20 11:56:14,790 [INFO] PluginManage:310 - Check plugin userauth
2023-11-20 11:56:14,794 [INFO] UserAuth:113 - Init User Auth plugin
2023-11-20 11:56:14,794 [INFO] PluginManage:359 - Loaded plugin userauth (category:base,tabindex:14)
2023-11-20 11:56:14,794 [INFO] PluginManage:283 - PluginManage : Loaded plugins [17]
2023-11-20 11:56:14,942 [INFO] PinOutPanel:1499 - setPackage(No Configuration,No Configuration)
2023-11-20 11:56:15,015 [INFO] CADModel:165 - CPN selected for project level
2023-11-20 11:56:15,015 [INFO] CADModel:114 - Register for checkConnection events
2023-11-20 11:56:15,025 [INFO] IPUIPlugin:80 - create IPUIPlugin
2023-11-20 11:56:15,025 [INFO] PluginManager:220 - loadIPPluginJar : add adc
2023-11-20 11:56:15,026 [INFO] IPUIPlugin:80 - create IPUIPlugin
2023-11-20 11:56:15,026 [INFO] PluginManager:220 - loadIPPluginJar : add aes
2023-11-20 11:56:15,028 [INFO] IPUIPlugin:80 - create IPUIPlugin
2023-11-20 11:56:15,028 [INFO] PluginManager:220 - loadIPPluginJar : add can
2023-11-20 11:56:15,029 [INFO] IPUIPlugin:80 - create IPUIPlugin
2023-11-20 11:56:15,029 [INFO] PluginManager:220 - loadIPPluginJar : add comp
2023-11-20 11:56:15,031 [INFO] IPUIPlugin:80 - create IPUIPlugin
2023-11-20 11:56:15,031 [INFO] PluginManager:220 - loadIPPluginJar : add cryp
2023-11-20 11:56:15,032 [INFO] IPUIPlugin:80 - create IPUIPlugin
2023-11-20 11:56:15,032 [INFO] PluginManager:220 - loadIPPluginJar : add dfsdm
2023-11-20 11:56:15,035 [INFO] IPUIPlugin:80 - create IPUIPlugin
2023-11-20 11:56:15,035 [INFO] PluginManager:220 - loadIPPluginJar : add dma
2023-11-20 11:56:15,037 [INFO] IPUIPlugin:80 - create IPUIPlugin
2023-11-20 11:56:15,037 [INFO] PluginManager:220 - loadIPPluginJar : add dma3
2023-11-20 11:56:15,038 [INFO] IPUIPlugin:80 - create IPUIPlugin
2023-11-20 11:56:15,038 [INFO] PluginManager:220 - loadIPPluginJar : add fatfs
2023-11-20 11:56:15,041 [INFO] IPUIPlugin:80 - create IPUIPlugin
2023-11-20 11:56:15,041 [INFO] PluginManager:220 - loadIPPluginJar : add fmc
2023-11-20 11:56:15,043 [INFO] IPUIPlugin:80 - create IPUIPlugin
2023-11-20 11:56:15,043 [INFO] PluginManager:220 - loadIPPluginJar : add freertos
2023-11-20 11:56:15,044 [INFO] IPUIPlugin:80 - create IPUIPlugin
2023-11-20 11:56:15,044 [INFO] PluginManager:220 - loadIPPluginJar : add genericplugin
2023-11-20 11:56:15,045 [INFO] IPUIPlugin:80 - create IPUIPlugin
2023-11-20 11:56:15,046 [INFO] PluginManager:220 - loadIPPluginJar : add gfxmmu
2023-11-20 11:56:15,055 [INFO] IPUIPlugin:80 - create IPUIPlugin
2023-11-20 11:56:15,055 [INFO] PluginManager:220 - loadIPPluginJar : add gic
2023-11-20 11:56:15,057 [INFO] IPUIPlugin:80 - create IPUIPlugin
2023-11-20 11:56:15,057 [INFO] PluginManager:220 - loadIPPluginJar : add gpio
2023-11-20 11:56:15,059 [INFO] IPUIPlugin:80 - create IPUIPlugin
2023-11-20 11:56:15,059 [INFO] PluginManager:220 - loadIPPluginJar : add gtzc
2023-11-20 11:56:15,060 [INFO] IPUIPlugin:80 - create IPUIPlugin
2023-11-20 11:56:15,060 [INFO] PluginManager:220 - loadIPPluginJar : add hash
2023-11-20 11:56:15,061 [INFO] IPUIPlugin:80 - create IPUIPlugin
2023-11-20 11:56:15,061 [INFO] PluginManager:220 - loadIPPluginJar : add i2c
2023-11-20 11:56:15,062 [INFO] IPUIPlugin:80 - create IPUIPlugin
2023-11-20 11:56:15,062 [INFO] PluginManager:220 - loadIPPluginJar : add i2s
2023-11-20 11:56:15,063 [INFO] IPUIPlugin:80 - create IPUIPlugin
2023-11-20 11:56:15,064 [INFO] PluginManager:220 - loadIPPluginJar : add i3c
2023-11-20 11:56:15,065 [INFO] IPUIPlugin:80 - create IPUIPlugin
2023-11-20 11:56:15,065 [INFO] PluginManager:220 - loadIPPluginJar : add ipddr
2023-11-20 11:56:15,070 [INFO] IPUIPlugin:80 - create IPUIPlugin
2023-11-20 11:56:15,071 [INFO] PluginManager:220 - loadIPPluginJar : add linkedlist
2023-11-20 11:56:15,072 [INFO] IPUIPlugin:80 - create IPUIPlugin
2023-11-20 11:56:15,072 [INFO] PluginManager:220 - loadIPPluginJar : add lorawan
2023-11-20 11:56:15,073 [INFO] IPUIPlugin:80 - create IPUIPlugin
2023-11-20 11:56:15,074 [INFO] PluginManager:220 - loadIPPluginJar : add ltdc
2023-11-20 11:56:15,077 [INFO] IPUIPlugin:80 - create IPUIPlugin
2023-11-20 11:56:15,078 [INFO] PluginManager:220 - loadIPPluginJar : add mdma
2023-11-20 11:56:15,081 [INFO] IPUIPlugin:80 - create IPUIPlugin
2023-11-20 11:56:15,082 [INFO] PluginManager:220 - loadIPPluginJar : add nvic
2023-11-20 11:56:15,084 [INFO] IPUIPlugin:80 - create IPUIPlugin
2023-11-20 11:56:15,084 [INFO] PluginManager:220 - loadIPPluginJar : add opamp
2023-11-20 11:56:15,087 [INFO] IPUIPlugin:80 - create IPUIPlugin
2023-11-20 11:56:15,087 [INFO] PluginManager:220 - loadIPPluginJar : add openamp
2023-11-20 11:56:15,092 [INFO] IPUIPlugin:80 - create IPUIPlugin
2023-11-20 11:56:15,092 [INFO] PluginManager:220 - loadIPPluginJar : add pdm2pcm
2023-11-20 11:56:15,096 [INFO] IPUIPlugin:80 - create IPUIPlugin
2023-11-20 11:56:15,098 [INFO] PluginManager:220 - loadIPPluginJar : add plateformsettings
2023-11-20 11:56:15,099 [INFO] IPUIPlugin:80 - create IPUIPlugin
2023-11-20 11:56:15,099 [INFO] PluginManager:220 - loadIPPluginJar : add quadspi
2023-11-20 11:56:15,100 [INFO] IPUIPlugin:80 - create IPUIPlugin
2023-11-20 11:56:15,101 [INFO] PluginManager:220 - loadIPPluginJar : add resmgrutility
2023-11-20 11:56:15,102 [INFO] IPUIPlugin:80 - create IPUIPlugin
2023-11-20 11:56:15,102 [INFO] PluginManager:220 - loadIPPluginJar : add sai
2023-11-20 11:56:15,103 [INFO] IPUIPlugin:80 - create IPUIPlugin
2023-11-20 11:56:15,103 [INFO] PluginManager:220 - loadIPPluginJar : add spi
2023-11-20 11:56:15,108 [INFO] IPUIPlugin:80 - create IPUIPlugin
2023-11-20 11:56:15,108 [INFO] PluginManager:220 - loadIPPluginJar : add stm32_wpan
2023-11-20 11:56:15,109 [INFO] IPUIPlugin:80 - create IPUIPlugin
2023-11-20 11:56:15,109 [INFO] PluginManager:220 - loadIPPluginJar : add tim
2023-11-20 11:56:15,110 [INFO] IPUIPlugin:80 - create IPUIPlugin
2023-11-20 11:56:15,111 [INFO] PluginManager:220 - loadIPPluginJar : add touchsensing
2023-11-20 11:56:15,112 [INFO] IPUIPlugin:80 - create IPUIPlugin
2023-11-20 11:56:15,112 [INFO] PluginManager:220 - loadIPPluginJar : add tracer_emb
2023-11-20 11:56:15,112 [INFO] IPUIPlugin:80 - create IPUIPlugin
2023-11-20 11:56:15,112 [INFO] PluginManager:220 - loadIPPluginJar : add ts
2023-11-20 11:56:15,113 [INFO] IPUIPlugin:80 - create IPUIPlugin
2023-11-20 11:56:15,113 [INFO] PluginManager:220 - loadIPPluginJar : add tsc
2023-11-20 11:56:15,115 [INFO] IPUIPlugin:80 - create IPUIPlugin
2023-11-20 11:56:15,115 [INFO] PluginManager:220 - loadIPPluginJar : add ucpd
2023-11-20 11:56:15,122 [INFO] IPUIPlugin:80 - create IPUIPlugin
2023-11-20 11:56:15,122 [INFO] PluginManager:220 - loadIPPluginJar : add usart
2023-11-20 11:56:15,125 [INFO] IPUIPlugin:80 - create IPUIPlugin
2023-11-20 11:56:15,125 [INFO] PluginManager:220 - loadIPPluginJar : add usbx
2023-11-20 11:56:15,235 [INFO] CADModel:165 - CPN selected for project level
2023-11-20 11:56:15,235 [INFO] CADModel:114 - Register for checkConnection events
2023-11-20 11:56:15,235 [FATAL] Updater:308 - Updater called before beeing initialized
2023-11-20 11:56:15,236 [ERROR] CADModel:125 - Updater not yet initialized, retry later 
2023-11-20 11:56:15,363 [INFO] CADModel:165 - CPN selected for project level
2023-11-20 11:56:15,364 [INFO] CADModel:114 - Register for checkConnection events
2023-11-20 11:56:15,364 [FATAL] Updater:308 - Updater called before beeing initialized
2023-11-20 11:56:15,364 [ERROR] CADModel:125 - Updater not yet initialized, retry later 
2023-11-20 11:56:15,368 [FATAL] Updater:308 - Updater called before beeing initialized
2023-11-20 11:56:15,447 [FATAL] Updater:308 - Updater called before beeing initialized
2023-11-20 11:56:15,451 [INFO] DbMcusAds:53 - JSON generation date=Tue Mar 07 17:50:55 KST 2023 (1678179055335)
2023-11-20 11:56:15,451 [FATAL] Updater:308 - Updater called before beeing initialized
2023-11-20 11:56:15,472 [WARN] DetailPanel:346 - Failed to get advertising image, set to default
2023-11-20 11:56:15,536 [FATAL] Updater:308 - Updater called before beeing initialized
2023-11-20 11:56:15,537 [FATAL] Updater:308 - Updater called before beeing initialized
2023-11-20 11:56:15,538 [FATAL] Updater:308 - Updater called before beeing initialized
2023-11-20 11:56:15,538 [WARN] DetailPanel:346 - Failed to get advertising image, set to default
2023-11-20 11:56:15,539 [FATAL] Updater:308 - Updater called before beeing initialized
2023-11-20 11:56:15,570 [ERROR] Updater:1120 - MainUpdater not yet initialized. External WinMGr cannot be set.
2023-11-20 11:56:15,571 [INFO] Updater:1056 - Updater Version found : 6.9.2
2023-11-20 11:56:15,588 [INFO] ApplicationProperties:184 - Using Application install path: C:\ST\STM32CubeIDE_1.13.2\STM32CubeIDE\plugins\com.st.stm32cube.common.mx_6.9.2.202309101412
2023-11-20 11:56:15,855 [INFO] MainUpdater:2868 - connection check result : 10
2023-11-20 11:56:15,856 [INFO] MainUpdater:285 - Updater Check For Update Now.
2023-11-20 11:56:15,857 [INFO] MicroXplorer:498 - Change Database Version : DB.6.0.92
2023-11-20 11:56:15,861 [INFO] McuFinderGlobals:63 - Set McuFinder mode to 2 (CubeIDE integrated)
2023-11-20 11:56:15,861 [INFO] UserAuth:179 - activating auth plugin
2023-11-20 11:56:15,863 [INFO] UserAuth:393 - Internet connection configuration mode: 1
2023-11-20 11:56:15,896 [INFO] JxBrowserEngine:151 - Initiate JxBrowser Engine with user profile folder
2023-11-20 11:56:16,025 [INFO] CheckServerUpdateThread:120 - End of CheckServer Thread
2023-11-20 11:56:16,264 [INFO] WebApp:157 - Instantiating new browser for Auth
2023-11-20 11:56:16,576 [INFO] WebApp:753 - Register for checkConnection events
2023-11-20 11:56:16,576 [INFO] WebApp:390 - Apply proxy settings
2023-11-20 11:56:16,576 [INFO] WebApp:475 - Chromium requires no authentication
2023-11-20 11:56:16,583 [INFO] WebApp:418 - Direct internet connection detected
2023-11-20 11:56:16,676 [INFO] WebApp:188 - Starting web application
2023-11-20 11:56:16,676 [INFO] WebApp:520 - Web application path used C:\ST\STM32CubeIDE_1.13.2\STM32CubeIDE\plugins\com.st.stm32cube.common.mx_6.9.2.202309101412\db\plugins\mcufinder\reactClient1\index.html
2023-11-20 11:56:17,736 [WARN] PackLoader:240 - Cannot read IP mode file for STMicroelectronics.X-CUBE-SMBUS.2.1.0
2023-11-20 11:56:17,762 [WARN] PackLoader:240 - Cannot read IP mode file for STMicroelectronics.X-CUBE-AZRTOS-F7.1.1.0
2023-11-20 11:56:17,782 [WARN] PackLoader:240 - Cannot read IP mode file for STMicroelectronics.FP-SNS-MOTENV1.4.3.2
2023-11-20 11:56:17,788 [WARN] PackLoader:240 - Cannot read IP mode file for STMicroelectronics.FP-SNS-FLIGHT1.5.0.2
2023-11-20 11:56:17,795 [WARN] PackLoader:240 - Cannot read IP mode file for STMicroelectronics.X-CUBE-DISPLAY.3.0.0
2023-11-20 11:56:17,803 [WARN] PackLoader:240 - Cannot read IP mode file for STMicroelectronics.X-CUBE-BLE1.7.0.0
2023-11-20 11:56:17,807 [WARN] PackLoader:240 - Cannot read IP mode file for emotas.I-CUBE-CANOPEN.1.3.0
2023-11-20 11:56:17,811 [WARN] PackLoader:240 - Cannot read IP mode file for STMicroelectronics.X-CUBE-TOUCHGFX.4.22.0
2023-11-20 11:56:17,813 [WARN] PackLoader:240 - Cannot read IP mode file for STMicroelectronics.X-CUBE-TOUCHGFX.4.22.1
2023-11-20 11:56:17,816 [WARN] PackLoader:240 - Cannot read IP mode file for STMicroelectronics.FP-SNS-SMARTAG2.1.2.0
2023-11-20 11:56:17,821 [INFO] LogOutputStream:77 - [STDOUT_REDIRECT] 1 : Invalid condition id : UX_CORESTACK_Condition cause : null
2023-11-20 11:56:17,822 [INFO] LogOutputStream:77 - [STDOUT_REDIRECT] 1 : Invalid condition id : UX_CORESTACK_Condition cause : null
2023-11-20 11:56:17,822 [INFO] LogOutputStream:77 - [STDOUT_REDIRECT] 1 : Invalid condition id : UX_CORESTACK_Condition cause : null
2023-11-20 11:56:17,824 [INFO] LogOutputStream:77 - [STDOUT_REDIRECT] 1 : Invalid condition id : UX_CORESTACK_Condition cause : null
2023-11-20 11:56:17,824 [INFO] LogOutputStream:77 - [STDOUT_REDIRECT] 1 : Invalid condition id : UX_CORESTACK_Condition cause : null
2023-11-20 11:56:17,827 [WARN] PackLoader:240 - Cannot read IP mode file for STMicroelectronics.X-CUBE-AZRTOS-WL.2.0.0
2023-11-20 11:56:17,832 [WARN] PackLoader:240 - Cannot read IP mode file for WES.I-CUBE-Cesium.1.3.0
2023-11-20 11:56:17,836 [WARN] PackLoader:240 - Cannot read IP mode file for STMicroelectronics.X-CUBE-BLE2.3.3.0
2023-11-20 11:56:17,840 [WARN] PackLoader:240 - Cannot read IP mode file for STMicroelectronics.X-CUBE-ALGOBUILD.1.3.0
2023-11-20 11:56:17,851 [WARN] PackLoader:240 - Cannot read IP mode file for STMicroelectronics.X-CUBE-AZRTOS-G0.1.1.0
2023-11-20 11:56:17,856 [WARN] PackLoader:240 - Cannot read IP mode file for STMicroelectronics.X-CUBE-NFC4.3.0.0
2023-11-20 11:56:17,868 [WARN] PackLoader:240 - Cannot read IP mode file for STMicroelectronics.X-CUBE-BLEMGR.3.0.0
2023-11-20 11:56:17,872 [WARN] PackLoader:240 - Cannot read IP mode file for STMicroelectronics.FP-ATR-SIGFOX1.3.2.0
2023-11-20 11:56:17,892 [WARN] PackLoader:240 - Cannot read IP mode file for SEGGER.I-CUBE-embOS.1.3.1
2023-11-20 11:56:17,975 [WARN] PackLoader:240 - Cannot read IP mode file for STMicroelectronics.X-CUBE-GNSS1.6.0.0
2023-11-20 11:56:17,999 [WARN] PackLoader:240 - Cannot read IP mode file for STMicroelectronics.X-CUBE-AZRTOS-F4.1.1.0
2023-11-20 11:56:18,005 [WARN] PackLoader:240 - Cannot read IP mode file for wolfSSL.I-CUBE-wolfSSL.5.6.3
2023-11-20 11:56:18,018 [WARN] PackLoader:240 - Cannot read IP mode file for STMicroelectronics.X-CUBE-AZRTOS-L5.2.0.0
2023-11-20 11:56:18,058 [WARN] PackLoader:240 - Cannot read IP mode file for STMicroelectronics.X-CUBE-MEMS1.9.6.0
2023-11-20 11:56:18,188 [WARN] PackLoader:240 - Cannot read IP mode file for STMicroelectronics.X-CUBE-EEPRMA1.4.2.0
2023-11-20 11:56:18,194 [WARN] PackLoader:240 - Cannot read IP mode file for ITTIA_DB.I-CUBE-ITTIADB.8.8.0
2023-11-20 11:56:18,199 [WARN] PackLoader:240 - Cannot read IP mode file for STMicroelectronics.X-CUBE-BLEMGR.2.0.0
2023-11-20 11:56:18,218 [WARN] ConditionMgr:438 - getConditionDescription Invalid condition id : UX DEVICE CLASS RTOS Condition cause : null
2023-11-20 11:56:18,218 [WARN] ConditionMgr:438 - getConditionDescription Invalid condition id : UX DEVICE CLASS RTOS Condition cause : null
2023-11-20 11:56:18,221 [WARN] PackLoader:240 - Cannot read IP mode file for STMicroelectronics.X-CUBE-AZRTOS-H7.3.1.0
2023-11-20 11:56:18,222 [WARN] ConditionMgr:1039 - genDependencies : Invalid condition id : UX DEVICE CLASS RTOS Condition cause : null
2023-11-20 11:56:18,222 [WARN] ConditionMgr:1039 - genDependencies : Invalid condition id : UX DEVICE CLASS RTOS Condition cause : null
2023-11-20 11:56:18,223 [WARN] ConditionMgr:1039 - genDependencies : Invalid condition id : UX DEVICE CLASS RTOS Condition cause : null
2023-11-20 11:56:18,223 [WARN] ConditionMgr:1039 - genDependencies : Invalid condition id : UX DEVICE CLASS RTOS Condition cause : null
2023-11-20 11:56:18,223 [WARN] ConditionMgr:1039 - genDependencies : Invalid condition id : UX DEVICE CLASS RTOS Condition cause : null
2023-11-20 11:56:18,234 [WARN] PackLoader:240 - Cannot read IP mode file for STMicroelectronics.X-CUBE-NFC7.1.0.1
2023-11-20 11:56:18,240 [WARN] PackLoader:240 - Cannot read IP mode file for STMicroelectronics.X-CUBE-NFC6.3.0.0
2023-11-20 11:56:18,248 [WARN] PackLoader:240 - Cannot read IP mode file for STMicroelectronics.X-CUBE-EEPRMA1.4.1.0
2023-11-20 11:56:18,251 [WARN] PackLoader:240 - Cannot read IP mode file for STMicroelectronics.X-CUBE-AI.8.1.0
2023-11-20 11:56:18,278 [WARN] ConditionMgr:438 - getConditionDescription Invalid condition id : LAN8742 Phy interface Condition cause : null
2023-11-20 11:56:18,283 [WARN] PackLoader:240 - Cannot read IP mode file for STMicroelectronics.X-CUBE-AZRTOS-L4.2.0.0
2023-11-20 11:56:18,288 [WARN] ConditionMgr:1039 - genDependencies : Invalid condition id : LAN8742 Phy interface Condition cause : null
2023-11-20 11:56:18,288 [WARN] ConditionMgr:1039 - genDependencies : Invalid condition id : LAN8742 Phy interface Condition cause : null
2023-11-20 11:56:18,289 [WARN] ConditionMgr:1039 - genDependencies : Invalid condition id : LAN8742 Phy interface Condition cause : null
2023-11-20 11:56:18,298 [WARN] PackLoader:240 - Cannot read IP mode file for STMicroelectronics.X-CUBE-SFXS2LP1.4.0.0
2023-11-20 11:56:18,308 [WARN] PackLoader:240 - Cannot read IP mode file for STMicroelectronics.X-CUBE-ISPU.1.1.0
2023-11-20 11:56:18,345 [WARN] ConditionMgr:438 - getConditionDescription Invalid condition id : UX DEVICE CLASS RTOS Condition cause : null
2023-11-20 11:56:18,345 [WARN] ConditionMgr:438 - getConditionDescription Invalid condition id : UX DEVICE CLASS RTOS Condition cause : null
2023-11-20 11:56:18,346 [WARN] PackLoader:240 - Cannot read IP mode file for STMicroelectronics.X-CUBE-AZRTOS-WB.2.0.0
2023-11-20 11:56:18,347 [WARN] ConditionMgr:1039 - genDependencies : Invalid condition id : UX DEVICE CLASS RTOS Condition cause : null
2023-11-20 11:56:18,347 [WARN] ConditionMgr:1039 - genDependencies : Invalid condition id : UX DEVICE CLASS RTOS Condition cause : null
2023-11-20 11:56:18,347 [WARN] ConditionMgr:1039 - genDependencies : Invalid condition id : UX DEVICE CLASS RTOS Condition cause : null
2023-11-20 11:56:18,347 [WARN] ConditionMgr:1039 - genDependencies : Invalid condition id : UX DEVICE CLASS RTOS Condition cause : null
2023-11-20 11:56:18,347 [WARN] ConditionMgr:1039 - genDependencies : Invalid condition id : UX DEVICE CLASS RTOS Condition cause : null
2023-11-20 11:56:18,352 [WARN] PackLoader:240 - Cannot read IP mode file for STMicroelectronics.X-CUBE-SUBG2.5.0.0
2023-11-20 11:56:18,359 [WARN] PackLoader:240 - Cannot read IP mode file for STMicroelectronics.X-CUBE-TOF1.3.3.1
2023-11-20 11:56:18,371 [WARN] PackLoader:240 - Cannot read IP mode file for STMicroelectronics.X-CUBE-AZRTOS-G4.2.0.0
2023-11-20 11:56:18,384 [WARN] PackLoader:240 - Cannot read IP mode file for Infineon.AIROC-Wi-Fi-Bluetooth-STM32.1.5.1
2023-11-20 11:56:18,388 [WARN] PackLoader:240 - Cannot read IP mode file for STMicroelectronics.FP-SNS-MOTENVWB1.1.3.0
2023-11-20 11:56:18,415 [WARN] PackLoader:240 - Cannot read IP mode file for STMicroelectronics.X-CUBE-MEMS1.10.0.0
2023-11-20 11:56:18,475 [WARN] PackLoader:240 - Cannot read IP mode file for STMicroelectronics.X-CUBE-FREERTOS.1.1.0
2023-11-20 11:56:18,478 [WARN] PackLoader:240 - Cannot read IP mode file for portGmbH.I-Cube-SoM-uGOAL.1.1.0
2023-11-20 11:56:18,481 [WARN] PackLoader:240 - Cannot read IP mode file for STMicroelectronics.X-CUBE-ALS.1.0.1
2023-11-20 11:56:18,484 [WARN] PackLoader:240 - Cannot read IP mode file for STMicroelectronics.FP-ATR-ASTRA1.2.0.0
2023-11-20 11:56:18,485 [INFO] ThirdParty:978 - Integrity check success = true
2023-11-20 11:56:18,485 [INFO] IntegrityCheckThread:100 - exiting critical section [integrity check]
2023-11-20 11:56:18,485 [INFO] IntegrityCheckThread:103 - End integrity checks thread
2023-11-20 11:56:37,387 [ERROR] LogOutputStream:75 - [STDERR_REDIRECT] SLF4J: Failed to load class "org.slf4j.impl.StaticLoggerBinder".
2023-11-20 11:56:37,387 [ERROR] LogOutputStream:75 - [STDERR_REDIRECT] SLF4J: Defaulting to no-operation (NOP) logger implementation
2023-11-20 11:56:37,388 [ERROR] LogOutputStream:75 - [STDERR_REDIRECT] SLF4J: See http://www.slf4j.org/codes.html#StaticLoggerBinder for further details.
2023-11-20 16:45:21,899 [ERROR] LogOutputStream:75 - [STDERR_REDIRECT] 
