2023-11-23 16:47:43,884 [INFO] Activator:176 - 


2023-11-23 16:47:43,886 [INFO] Activator:177 - !SESSION log4j initialized
2023-11-23 16:47:47,912 [INFO] LogOutputStream:77 - [STDOUT_REDIRECT] 
2023-11-23 16:47:52,987 [INFO] ApplicationProperties:184 - Using Application install path: C:\ST\STM32CubeIDE_1.13.2\STM32CubeIDE\plugins\com.st.stm32cube.common.mx_6.9.2.202309101412
2023-11-23 16:47:53,000 [INFO] DbMcusXml:78 - Set database path to: C:\ST\STM32CubeIDE_1.13.2\STM32CubeIDE\plugins\com.st.stm32cube.common.mx_6.9.2.202309101412\\db\/mcu/
2023-11-23 16:47:53,001 [INFO] ApiDb:274 - Set plugin database path to: C:\ST\STM32CubeIDE_1.13.2\STM32CubeIDE\plugins\com.st.stm32cube.common.mx_6.9.2.202309101412\\db\/plugins/boardmanager/
2023-11-23 16:47:53,001 [WARN] ApiDb:259 - Overriding images path with different value:  => C:\ST\STM32CubeIDE_1.13.2\STM32CubeIDE\plugins\com.st.stm32cube.common.mx_6.9.2.202309101412\\db\/plugins/mcufinder/images/
2023-11-23 16:47:53,010 [INFO] ApiDb:250 - Set database path to: C:\Users\user\.stmcufinder\plugins\mcufinder//mcu/
2023-11-23 16:47:53,011 [INFO] DbMcusAds:125 - Set database path to: C:\Users\user\.stmcufinder\plugins\mcufinder//mcu/
2023-11-23 16:47:53,013 [INFO] CrossReferenceDbSqlite:203 - Set database path to: C:\Users\user\.stmcufinder\plugins\mcufinder//mcu/cs/
2023-11-23 16:47:53,101 [INFO] RulesReader:64 - Compatibility file has been processed (293 Rules)
2023-11-23 16:47:53,142 [INFO] DbMcusXml:78 - Set database path to: C:\ST\STM32CubeIDE_1.13.2\STM32CubeIDE\plugins\com.st.stm32cube.common.mx_6.9.2.202309101412\\db\/mcu/
2023-11-23 16:47:53,142 [INFO] ApiDb:274 - Set plugin database path to: C:\ST\STM32CubeIDE_1.13.2\STM32CubeIDE\plugins\com.st.stm32cube.common.mx_6.9.2.202309101412\\db\/plugins/boardmanager/
2023-11-23 16:47:53,143 [INFO] ApiDb:261 - Set plugin images path to: C:\ST\STM32CubeIDE_1.13.2\STM32CubeIDE\plugins\com.st.stm32cube.common.mx_6.9.2.202309101412\\db\/plugins/mcufinder/images/
2023-11-23 16:47:53,143 [WARN] DbFile:41 - Overriding database path with different value: C:\Users\user\.stmcufinder\plugins\mcufinder/ => C:\Users\user\.stmcufinder\plugins\mcufinder
2023-11-23 16:47:53,143 [INFO] ApiDb:250 - Set database path to: C:\Users\user\.stmcufinder\plugins\mcufinder//mcu/
2023-11-23 16:47:53,143 [WARN] DbFile:41 - Overriding database path with different value: C:\Users\user\.stmcufinder\plugins\mcufinder/ => C:\Users\user\.stmcufinder\plugins\mcufinder
2023-11-23 16:47:53,143 [INFO] DbMcusAds:125 - Set database path to: C:\Users\user\.stmcufinder\plugins\mcufinder//mcu/
2023-11-23 16:47:53,143 [WARN] DbFile:41 - Overriding database path with different value: C:\Users\user\.stmcufinder\plugins\mcufinder/ => C:\Users\user\.stmcufinder\plugins\mcufinder
2023-11-23 16:47:53,143 [WARN] DbFile:41 - Overriding database path with different value: C:\Users\user\.stmcufinder\plugins\mcufinder/ => C:\Users\user\.stmcufinder\plugins\mcufinder
2023-11-23 16:47:53,143 [INFO] CrossReferenceDbSqlite:203 - Set database path to: C:\Users\user\.stmcufinder\plugins\mcufinder//mcu/cs/
2023-11-23 16:47:53,188 [INFO] MainPanel:262 - HeapMemory: 268435456
2023-11-23 16:47:53,229 [INFO] DbMcusXml:78 - Set database path to: C:\ST\STM32CubeIDE_1.13.2\STM32CubeIDE\plugins\com.st.stm32cube.common.mx_6.9.2.202309101412\\db\/mcu/
2023-11-23 16:47:53,229 [INFO] ApiDb:274 - Set plugin database path to: C:\ST\STM32CubeIDE_1.13.2\STM32CubeIDE\plugins\com.st.stm32cube.common.mx_6.9.2.202309101412\\db\/plugins/boardmanager/
2023-11-23 16:47:53,230 [INFO] ApiDb:261 - Set plugin images path to: C:\ST\STM32CubeIDE_1.13.2\STM32CubeIDE\plugins\com.st.stm32cube.common.mx_6.9.2.202309101412\\db\/plugins/mcufinder/images/
2023-11-23 16:47:53,230 [WARN] DbFile:41 - Overriding database path with different value: C:\Users\user\.stmcufinder\plugins\mcufinder/ => C:\Users\user\.stmcufinder\plugins\mcufinder
2023-11-23 16:47:53,230 [INFO] ApiDb:250 - Set database path to: C:\Users\user\.stmcufinder\plugins\mcufinder//mcu/
2023-11-23 16:47:53,230 [WARN] DbFile:41 - Overriding database path with different value: C:\Users\user\.stmcufinder\plugins\mcufinder/ => C:\Users\user\.stmcufinder\plugins\mcufinder
2023-11-23 16:47:53,230 [INFO] DbMcusAds:125 - Set database path to: C:\Users\user\.stmcufinder\plugins\mcufinder//mcu/
2023-11-23 16:47:53,230 [WARN] DbFile:41 - Overriding database path with different value: C:\Users\user\.stmcufinder\plugins\mcufinder/ => C:\Users\user\.stmcufinder\plugins\mcufinder
2023-11-23 16:47:53,230 [WARN] DbFile:41 - Overriding database path with different value: C:\Users\user\.stmcufinder\plugins\mcufinder/ => C:\Users\user\.stmcufinder\plugins\mcufinder
2023-11-23 16:47:53,230 [INFO] CrossReferenceDbSqlite:203 - Set database path to: C:\Users\user\.stmcufinder\plugins\mcufinder//mcu/cs/
2023-11-23 16:47:53,242 [INFO] ApplicationProperties:184 - Using Application install path: C:\ST\STM32CubeIDE_1.13.2\STM32CubeIDE\plugins\com.st.stm32cube.common.mx_6.9.2.202309101412
2023-11-23 16:47:53,243 [INFO] PluginManage:196 - Search for loadable plugins [exclusion list=, ]
2023-11-23 16:47:53,244 [INFO] PluginManage:310 - Check plugin analytics
2023-11-23 16:47:53,352 [INFO] AnalyticsPlugin:253 - Accepted Software Licenses: 
2023-11-23 16:47:53,352 [INFO] AnalyticsPlugin:255 - Accepted CMSIS Pack Licenses: 
2023-11-23 16:47:53,352 [INFO] AnalyticsPlugin:257 - Accepted Firmware Licenses: FW.F4.1.27.0
2023-11-23 16:47:53,355 [INFO] PluginManage:359 - Loaded plugin analytics (category:tool,tabindex:-1)
2023-11-23 16:47:53,356 [INFO] PluginManage:310 - Check plugin cadmodel
2023-11-23 16:47:53,365 [INFO] CADModel:105 - Init CAD model plugin
2023-11-23 16:47:53,365 [INFO] PluginManage:359 - Loaded plugin cadmodel (category:power,tabindex:5)
2023-11-23 16:47:53,365 [INFO] PluginManage:310 - Check plugin clock
2023-11-23 16:47:53,376 [INFO] PluginManage:359 - Loaded plugin clock (category:base,tabindex:2)
2023-11-23 16:47:53,376 [INFO] PluginManage:310 - Check plugin ddr
2023-11-23 16:47:53,377 [INFO] PluginManage:359 - Loaded plugin ddr (category:tool,tabindex:6)
2023-11-23 16:47:53,377 [INFO] PluginManage:310 - Check plugin filemanager
2023-11-23 16:47:53,462 [INFO] PluginManage:359 - Loaded plugin filemanager (category:base,tabindex:10)
2023-11-23 16:47:53,462 [INFO] PluginManage:310 - Check plugin ipmanager
2023-11-23 16:47:53,466 [INFO] PluginManage:359 - Loaded plugin ipmanager (category:base,tabindex:5)
2023-11-23 16:47:53,467 [INFO] PluginManage:310 - Check plugin lpbam
2023-11-23 16:47:53,481 [INFO] PluginManage:359 - Loaded plugin lpbam (category:base,tabindex:0)
2023-11-23 16:47:53,481 [INFO] PluginManage:310 - Check plugin memorymap
2023-11-23 16:47:53,492 [INFO] PluginManage:359 - Loaded plugin memorymap (category:base,tabindex:4)
2023-11-23 16:47:53,492 [INFO] PluginManage:310 - Check plugin pinoutandconfiguration
2023-11-23 16:47:53,502 [INFO] PluginManage:359 - Loaded plugin pinoutandconfiguration (category:base,tabindex:1)
2023-11-23 16:47:53,502 [INFO] PluginManage:310 - Check plugin pinoutconfig
2023-11-23 16:47:53,563 [WARN] SupportedApi:132 - Cannot load RTOS API schema: s4s-elt-must-match.1: The content of 'definitions' must match (annotation?, (simpleType | complexType)?, (unique | key | keyref)*)). A problem was found starting at: attribute.
2023-11-23 16:47:53,648 [INFO] PluginManage:359 - Loaded plugin pinoutconfig (category:base,tabindex:0)
2023-11-23 16:47:53,648 [INFO] PluginManage:310 - Check plugin power
2023-11-23 16:47:53,659 [INFO] PluginManage:359 - Loaded plugin power (category:power,tabindex:4)
2023-11-23 16:47:53,659 [INFO] PluginManage:310 - Check plugin projectmanager
2023-11-23 16:47:53,668 [INFO] PluginManage:359 - Loaded plugin projectmanager (category:projectmanager,tabindex:3)
2023-11-23 16:47:53,668 [INFO] PluginManage:310 - Check plugin thirdparty
2023-11-23 16:47:53,836 [INFO] PluginManage:359 - Loaded plugin thirdparty (category:base,tabindex:-1)
2023-11-23 16:47:53,836 [INFO] PluginManage:310 - Check plugin tools
2023-11-23 16:47:53,836 [WARN] IntegrityCheckThread:84 - waiting for thirdparty lock release [integrity check]
2023-11-23 16:47:53,837 [INFO] IntegrityCheckThread:86 - entering critical section [integrity check]
2023-11-23 16:47:53,837 [INFO] ThirdPartyUpdaterWithRetryManager:70 - Updater plugin not ready yet. [1/15]
2023-11-23 16:47:53,838 [INFO] PluginManage:359 - Loaded plugin tools (category:base,tabindex:7)
2023-11-23 16:47:53,838 [INFO] PluginManage:310 - Check plugin tutovideos
2023-11-23 16:47:53,950 [INFO] PluginManage:359 - Loaded plugin tutovideos (category:base,tabindex:-1)
2023-11-23 16:47:53,950 [INFO] PluginManage:310 - Check plugin updater
2023-11-23 16:47:53,957 [INFO] PluginManage:359 - Loaded plugin updater (category:base,tabindex:12)
2023-11-23 16:47:53,957 [INFO] PluginManage:310 - Check plugin userauth
2023-11-23 16:47:53,960 [INFO] UserAuth:113 - Init User Auth plugin
2023-11-23 16:47:53,960 [INFO] PluginManage:359 - Loaded plugin userauth (category:base,tabindex:14)
2023-11-23 16:47:53,960 [INFO] PluginManage:283 - PluginManage : Loaded plugins [17]
2023-11-23 16:47:54,092 [INFO] PinOutPanel:1499 - setPackage(No Configuration,No Configuration)
2023-11-23 16:47:54,156 [INFO] CADModel:165 - CPN selected for project level
2023-11-23 16:47:54,156 [INFO] CADModel:114 - Register for checkConnection events
2023-11-23 16:47:54,172 [INFO] IPUIPlugin:80 - create IPUIPlugin
2023-11-23 16:47:54,172 [INFO] PluginManager:220 - loadIPPluginJar : add adc
2023-11-23 16:47:54,192 [INFO] IPUIPlugin:80 - create IPUIPlugin
2023-11-23 16:47:54,192 [INFO] PluginManager:220 - loadIPPluginJar : add aes
2023-11-23 16:47:54,215 [INFO] IPUIPlugin:80 - create IPUIPlugin
2023-11-23 16:47:54,215 [INFO] PluginManager:220 - loadIPPluginJar : add can
2023-11-23 16:47:54,232 [INFO] IPUIPlugin:80 - create IPUIPlugin
2023-11-23 16:47:54,233 [INFO] PluginManager:220 - loadIPPluginJar : add comp
2023-11-23 16:47:54,263 [INFO] IPUIPlugin:80 - create IPUIPlugin
2023-11-23 16:47:54,263 [INFO] PluginManager:220 - loadIPPluginJar : add cryp
2023-11-23 16:47:54,285 [INFO] IPUIPlugin:80 - create IPUIPlugin
2023-11-23 16:47:54,285 [INFO] PluginManager:220 - loadIPPluginJar : add dfsdm
2023-11-23 16:47:54,295 [INFO] IPUIPlugin:80 - create IPUIPlugin
2023-11-23 16:47:54,295 [INFO] PluginManager:220 - loadIPPluginJar : add dma
2023-11-23 16:47:54,318 [INFO] IPUIPlugin:80 - create IPUIPlugin
2023-11-23 16:47:54,318 [INFO] PluginManager:220 - loadIPPluginJar : add dma3
2023-11-23 16:47:54,329 [INFO] IPUIPlugin:80 - create IPUIPlugin
2023-11-23 16:47:54,329 [INFO] PluginManager:220 - loadIPPluginJar : add fatfs
2023-11-23 16:47:54,361 [INFO] IPUIPlugin:80 - create IPUIPlugin
2023-11-23 16:47:54,362 [INFO] PluginManager:220 - loadIPPluginJar : add fmc
2023-11-23 16:47:54,371 [INFO] IPUIPlugin:80 - create IPUIPlugin
2023-11-23 16:47:54,371 [INFO] PluginManager:220 - loadIPPluginJar : add freertos
2023-11-23 16:47:54,372 [INFO] IPUIPlugin:80 - create IPUIPlugin
2023-11-23 16:47:54,372 [INFO] PluginManager:220 - loadIPPluginJar : add genericplugin
2023-11-23 16:47:54,429 [INFO] IPUIPlugin:80 - create IPUIPlugin
2023-11-23 16:47:54,430 [INFO] PluginManager:220 - loadIPPluginJar : add gfxmmu
2023-11-23 16:47:54,504 [INFO] IPUIPlugin:80 - create IPUIPlugin
2023-11-23 16:47:54,504 [INFO] PluginManager:220 - loadIPPluginJar : add gic
2023-11-23 16:47:54,513 [INFO] IPUIPlugin:80 - create IPUIPlugin
2023-11-23 16:47:54,513 [INFO] PluginManager:220 - loadIPPluginJar : add gpio
2023-11-23 16:47:54,572 [INFO] IPUIPlugin:80 - create IPUIPlugin
2023-11-23 16:47:54,572 [INFO] PluginManager:220 - loadIPPluginJar : add gtzc
2023-11-23 16:47:54,592 [INFO] IPUIPlugin:80 - create IPUIPlugin
2023-11-23 16:47:54,592 [INFO] PluginManager:220 - loadIPPluginJar : add hash
2023-11-23 16:47:54,622 [INFO] IPUIPlugin:80 - create IPUIPlugin
2023-11-23 16:47:54,622 [INFO] PluginManager:220 - loadIPPluginJar : add i2c
2023-11-23 16:47:54,646 [INFO] IPUIPlugin:80 - create IPUIPlugin
2023-11-23 16:47:54,646 [INFO] PluginManager:220 - loadIPPluginJar : add i2s
2023-11-23 16:47:54,671 [INFO] IPUIPlugin:80 - create IPUIPlugin
2023-11-23 16:47:54,671 [INFO] PluginManager:220 - loadIPPluginJar : add i3c
2023-11-23 16:47:54,727 [INFO] IPUIPlugin:80 - create IPUIPlugin
2023-11-23 16:47:54,727 [INFO] PluginManager:220 - loadIPPluginJar : add ipddr
2023-11-23 16:47:54,784 [INFO] IPUIPlugin:80 - create IPUIPlugin
2023-11-23 16:47:54,784 [INFO] PluginManager:220 - loadIPPluginJar : add linkedlist
2023-11-23 16:47:54,815 [INFO] IPUIPlugin:80 - create IPUIPlugin
2023-11-23 16:47:54,815 [INFO] PluginManager:220 - loadIPPluginJar : add lorawan
2023-11-23 16:47:54,837 [INFO] IPUIPlugin:80 - create IPUIPlugin
2023-11-23 16:47:54,838 [INFO] PluginManager:220 - loadIPPluginJar : add ltdc
2023-11-23 16:47:54,846 [INFO] IPUIPlugin:80 - create IPUIPlugin
2023-11-23 16:47:54,846 [INFO] PluginManager:220 - loadIPPluginJar : add mdma
2023-11-23 16:47:54,853 [INFO] IPUIPlugin:80 - create IPUIPlugin
2023-11-23 16:47:54,854 [INFO] PluginManager:220 - loadIPPluginJar : add nvic
2023-11-23 16:47:54,874 [INFO] IPUIPlugin:80 - create IPUIPlugin
2023-11-23 16:47:54,874 [INFO] PluginManager:220 - loadIPPluginJar : add opamp
2023-11-23 16:47:54,909 [INFO] IPUIPlugin:80 - create IPUIPlugin
2023-11-23 16:47:54,910 [INFO] PluginManager:220 - loadIPPluginJar : add openamp
2023-11-23 16:47:54,946 [INFO] IPUIPlugin:80 - create IPUIPlugin
2023-11-23 16:47:54,946 [INFO] PluginManager:220 - loadIPPluginJar : add pdm2pcm
2023-11-23 16:47:54,956 [INFO] IPUIPlugin:80 - create IPUIPlugin
2023-11-23 16:47:54,958 [INFO] PluginManager:220 - loadIPPluginJar : add plateformsettings
2023-11-23 16:47:54,972 [INFO] IPUIPlugin:80 - create IPUIPlugin
2023-11-23 16:47:54,972 [INFO] PluginManager:220 - loadIPPluginJar : add quadspi
2023-11-23 16:47:54,980 [INFO] IPUIPlugin:80 - create IPUIPlugin
2023-11-23 16:47:54,980 [INFO] PluginManager:220 - loadIPPluginJar : add resmgrutility
2023-11-23 16:47:55,008 [INFO] IPUIPlugin:80 - create IPUIPlugin
2023-11-23 16:47:55,008 [INFO] PluginManager:220 - loadIPPluginJar : add sai
2023-11-23 16:47:55,040 [INFO] IPUIPlugin:80 - create IPUIPlugin
2023-11-23 16:47:55,040 [INFO] PluginManager:220 - loadIPPluginJar : add spi
2023-11-23 16:47:55,072 [INFO] IPUIPlugin:80 - create IPUIPlugin
2023-11-23 16:47:55,072 [INFO] PluginManager:220 - loadIPPluginJar : add stm32_wpan
2023-11-23 16:47:55,085 [INFO] IPUIPlugin:80 - create IPUIPlugin
2023-11-23 16:47:55,085 [INFO] PluginManager:220 - loadIPPluginJar : add tim
2023-11-23 16:47:55,118 [INFO] IPUIPlugin:80 - create IPUIPlugin
2023-11-23 16:47:55,118 [INFO] PluginManager:220 - loadIPPluginJar : add touchsensing
2023-11-23 16:47:55,131 [INFO] IPUIPlugin:80 - create IPUIPlugin
2023-11-23 16:47:55,131 [INFO] PluginManager:220 - loadIPPluginJar : add tracer_emb
2023-11-23 16:47:55,145 [INFO] IPUIPlugin:80 - create IPUIPlugin
2023-11-23 16:47:55,145 [INFO] PluginManager:220 - loadIPPluginJar : add ts
2023-11-23 16:47:55,157 [INFO] IPUIPlugin:80 - create IPUIPlugin
2023-11-23 16:47:55,158 [INFO] PluginManager:220 - loadIPPluginJar : add tsc
2023-11-23 16:47:55,171 [INFO] IPUIPlugin:80 - create IPUIPlugin
2023-11-23 16:47:55,171 [INFO] PluginManager:220 - loadIPPluginJar : add ucpd
2023-11-23 16:47:55,200 [INFO] IPUIPlugin:80 - create IPUIPlugin
2023-11-23 16:47:55,200 [INFO] PluginManager:220 - loadIPPluginJar : add usart
2023-11-23 16:47:55,226 [INFO] IPUIPlugin:80 - create IPUIPlugin
2023-11-23 16:47:55,226 [INFO] PluginManager:220 - loadIPPluginJar : add usbx
2023-11-23 16:47:55,331 [INFO] CADModel:165 - CPN selected for project level
2023-11-23 16:47:55,332 [INFO] CADModel:114 - Register for checkConnection events
2023-11-23 16:47:55,332 [FATAL] Updater:308 - Updater called before beeing initialized
2023-11-23 16:47:55,332 [ERROR] CADModel:125 - Updater not yet initialized, retry later 
2023-11-23 16:47:55,427 [INFO] CADModel:165 - CPN selected for project level
2023-11-23 16:47:55,427 [INFO] CADModel:114 - Register for checkConnection events
2023-11-23 16:47:55,427 [FATAL] Updater:308 - Updater called before beeing initialized
2023-11-23 16:47:55,427 [ERROR] CADModel:125 - Updater not yet initialized, retry later 
2023-11-23 16:47:55,430 [FATAL] Updater:308 - Updater called before beeing initialized
2023-11-23 16:47:55,488 [FATAL] Updater:308 - Updater called before beeing initialized
2023-11-23 16:47:55,496 [INFO] DbMcusAds:53 - JSON generation date=Tue Mar 07 17:50:55 KST 2023 (1678179055335)
2023-11-23 16:47:55,496 [FATAL] Updater:308 - Updater called before beeing initialized
2023-11-23 16:47:55,541 [WARN] DetailPanel:346 - Failed to get advertising image, set to default
2023-11-23 16:47:55,595 [FATAL] Updater:308 - Updater called before beeing initialized
2023-11-23 16:47:55,596 [FATAL] Updater:308 - Updater called before beeing initialized
2023-11-23 16:47:55,596 [FATAL] Updater:308 - Updater called before beeing initialized
2023-11-23 16:47:55,596 [WARN] DetailPanel:346 - Failed to get advertising image, set to default
2023-11-23 16:47:55,597 [FATAL] Updater:308 - Updater called before beeing initialized
2023-11-23 16:47:55,632 [ERROR] Updater:1120 - MainUpdater not yet initialized. External WinMGr cannot be set.
2023-11-23 16:47:55,639 [INFO] Updater:1056 - Updater Version found : 6.9.2
2023-11-23 16:47:55,651 [INFO] ApplicationProperties:184 - Using Application install path: C:\ST\STM32CubeIDE_1.13.2\STM32CubeIDE\plugins\com.st.stm32cube.common.mx_6.9.2.202309101412
2023-11-23 16:47:55,889 [INFO] MainUpdater:2868 - connection check result : 10
2023-11-23 16:47:55,890 [INFO] MainUpdater:285 - Updater Check For Update Now.
2023-11-23 16:47:55,890 [INFO] MicroXplorer:498 - Change Database Version : DB.6.0.92
2023-11-23 16:47:55,908 [INFO] McuFinderGlobals:63 - Set McuFinder mode to 2 (CubeIDE integrated)
2023-11-23 16:47:55,908 [INFO] UserAuth:179 - activating auth plugin
2023-11-23 16:47:55,911 [INFO] UserAuth:393 - Internet connection configuration mode: 1
2023-11-23 16:47:55,926 [INFO] JxBrowserEngine:151 - Initiate JxBrowser Engine with user profile folder
2023-11-23 16:47:56,067 [INFO] CheckServerUpdateThread:120 - End of CheckServer Thread
2023-11-23 16:47:56,920 [WARN] PackLoader:240 - Cannot read IP mode file for STMicroelectronics.X-CUBE-SMBUS.2.1.0
2023-11-23 16:47:56,950 [WARN] PackLoader:240 - Cannot read IP mode file for STMicroelectronics.X-CUBE-AZRTOS-F7.1.1.0
2023-11-23 16:47:56,971 [WARN] PackLoader:240 - Cannot read IP mode file for STMicroelectronics.FP-SNS-MOTENV1.4.3.2
2023-11-23 16:47:56,982 [WARN] PackLoader:240 - Cannot read IP mode file for STMicroelectronics.FP-SNS-FLIGHT1.5.0.2
2023-11-23 16:47:56,998 [WARN] PackLoader:240 - Cannot read IP mode file for STMicroelectronics.X-CUBE-DISPLAY.3.0.0
2023-11-23 16:47:57,013 [WARN] PackLoader:240 - Cannot read IP mode file for STMicroelectronics.X-CUBE-BLE1.7.0.0
2023-11-23 16:47:57,024 [WARN] PackLoader:240 - Cannot read IP mode file for emotas.I-CUBE-CANOPEN.1.3.0
2023-11-23 16:47:57,034 [WARN] PackLoader:240 - Cannot read IP mode file for STMicroelectronics.X-CUBE-TOUCHGFX.4.22.0
2023-11-23 16:47:57,040 [WARN] PackLoader:240 - Cannot read IP mode file for STMicroelectronics.X-CUBE-TOUCHGFX.4.22.1
2023-11-23 16:47:57,048 [WARN] PackLoader:240 - Cannot read IP mode file for STMicroelectronics.FP-SNS-SMARTAG2.1.2.0
2023-11-23 16:47:57,063 [INFO] LogOutputStream:77 - [STDOUT_REDIRECT] 1 : Invalid condition id : UX_CORESTACK_Condition cause : null
2023-11-23 16:47:57,064 [INFO] LogOutputStream:77 - [STDOUT_REDIRECT] 1 : Invalid condition id : UX_CORESTACK_Condition cause : null
2023-11-23 16:47:57,065 [INFO] LogOutputStream:77 - [STDOUT_REDIRECT] 1 : Invalid condition id : UX_CORESTACK_Condition cause : null
2023-11-23 16:47:57,067 [INFO] LogOutputStream:77 - [STDOUT_REDIRECT] 1 : Invalid condition id : UX_CORESTACK_Condition cause : null
2023-11-23 16:47:57,068 [INFO] LogOutputStream:77 - [STDOUT_REDIRECT] 1 : Invalid condition id : UX_CORESTACK_Condition cause : null
2023-11-23 16:47:57,072 [WARN] PackLoader:240 - Cannot read IP mode file for STMicroelectronics.X-CUBE-AZRTOS-WL.2.0.0
2023-11-23 16:47:57,091 [WARN] PackLoader:240 - Cannot read IP mode file for WES.I-CUBE-Cesium.1.3.0
2023-11-23 16:47:57,103 [WARN] PackLoader:240 - Cannot read IP mode file for STMicroelectronics.X-CUBE-BLE2.3.3.0
2023-11-23 16:47:57,113 [WARN] PackLoader:240 - Cannot read IP mode file for STMicroelectronics.X-CUBE-ALGOBUILD.1.3.0
2023-11-23 16:47:57,129 [WARN] PackLoader:240 - Cannot read IP mode file for STMicroelectronics.X-CUBE-AZRTOS-G0.1.1.0
2023-11-23 16:47:57,139 [WARN] PackLoader:240 - Cannot read IP mode file for STMicroelectronics.X-CUBE-NFC4.3.0.0
2023-11-23 16:47:57,150 [WARN] PackLoader:240 - Cannot read IP mode file for STMicroelectronics.X-CUBE-BLEMGR.3.0.0
2023-11-23 16:47:57,160 [WARN] PackLoader:240 - Cannot read IP mode file for STMicroelectronics.FP-ATR-SIGFOX1.3.2.0
2023-11-23 16:47:57,184 [WARN] PackLoader:240 - Cannot read IP mode file for SEGGER.I-CUBE-embOS.1.3.1
2023-11-23 16:47:57,214 [WARN] PackLoader:240 - Cannot read IP mode file for STMicroelectronics.X-CUBE-GNSS1.6.0.0
2023-11-23 16:47:57,239 [WARN] PackLoader:240 - Cannot read IP mode file for STMicroelectronics.X-CUBE-AZRTOS-F4.1.1.0
2023-11-23 16:47:57,250 [WARN] PackLoader:240 - Cannot read IP mode file for wolfSSL.I-CUBE-wolfSSL.5.6.3
2023-11-23 16:47:57,260 [INFO] WebApp:157 - Instantiating new browser for Auth
2023-11-23 16:47:57,269 [WARN] PackLoader:240 - Cannot read IP mode file for STMicroelectronics.X-CUBE-AZRTOS-L5.2.0.0
2023-11-23 16:47:57,311 [WARN] PackLoader:240 - Cannot read IP mode file for STMicroelectronics.X-CUBE-MEMS1.9.6.0
2023-11-23 16:47:57,431 [WARN] PackLoader:240 - Cannot read IP mode file for STMicroelectronics.X-CUBE-EEPRMA1.4.2.0
2023-11-23 16:47:57,445 [WARN] PackLoader:240 - Cannot read IP mode file for ITTIA_DB.I-CUBE-ITTIADB.8.8.0
2023-11-23 16:47:57,474 [WARN] PackLoader:240 - Cannot read IP mode file for STMicroelectronics.X-CUBE-BLEMGR.2.0.0
2023-11-23 16:47:57,520 [WARN] ConditionMgr:438 - getConditionDescription Invalid condition id : UX DEVICE CLASS RTOS Condition cause : null
2023-11-23 16:47:57,520 [WARN] ConditionMgr:438 - getConditionDescription Invalid condition id : UX DEVICE CLASS RTOS Condition cause : null
2023-11-23 16:47:57,522 [WARN] PackLoader:240 - Cannot read IP mode file for STMicroelectronics.X-CUBE-AZRTOS-H7.3.1.0
2023-11-23 16:47:57,522 [WARN] ConditionMgr:1039 - genDependencies : Invalid condition id : UX DEVICE CLASS RTOS Condition cause : null
2023-11-23 16:47:57,524 [WARN] ConditionMgr:1039 - genDependencies : Invalid condition id : UX DEVICE CLASS RTOS Condition cause : null
2023-11-23 16:47:57,524 [WARN] ConditionMgr:1039 - genDependencies : Invalid condition id : UX DEVICE CLASS RTOS Condition cause : null
2023-11-23 16:47:57,524 [WARN] ConditionMgr:1039 - genDependencies : Invalid condition id : UX DEVICE CLASS RTOS Condition cause : null
2023-11-23 16:47:57,524 [WARN] ConditionMgr:1039 - genDependencies : Invalid condition id : UX DEVICE CLASS RTOS Condition cause : null
2023-11-23 16:47:57,537 [WARN] PackLoader:240 - Cannot read IP mode file for STMicroelectronics.X-CUBE-NFC7.1.0.1
2023-11-23 16:47:57,550 [WARN] PackLoader:240 - Cannot read IP mode file for STMicroelectronics.X-CUBE-NFC6.3.0.0
2023-11-23 16:47:57,559 [WARN] PackLoader:240 - Cannot read IP mode file for STMicroelectronics.X-CUBE-EEPRMA1.4.1.0
2023-11-23 16:47:57,568 [WARN] PackLoader:240 - Cannot read IP mode file for STMicroelectronics.X-CUBE-AI.8.1.0
2023-11-23 16:47:57,583 [WARN] ConditionMgr:438 - getConditionDescription Invalid condition id : LAN8742 Phy interface Condition cause : null
2023-11-23 16:47:57,584 [WARN] PackLoader:240 - Cannot read IP mode file for STMicroelectronics.X-CUBE-AZRTOS-L4.2.0.0
2023-11-23 16:47:57,584 [WARN] ConditionMgr:1039 - genDependencies : Invalid condition id : LAN8742 Phy interface Condition cause : null
2023-11-23 16:47:57,584 [WARN] ConditionMgr:1039 - genDependencies : Invalid condition id : LAN8742 Phy interface Condition cause : null
2023-11-23 16:47:57,585 [WARN] ConditionMgr:1039 - genDependencies : Invalid condition id : LAN8742 Phy interface Condition cause : null
2023-11-23 16:47:57,595 [WARN] PackLoader:240 - Cannot read IP mode file for STMicroelectronics.X-CUBE-SFXS2LP1.4.0.0
2023-11-23 16:47:57,606 [WARN] PackLoader:240 - Cannot read IP mode file for STMicroelectronics.X-CUBE-ISPU.1.1.0
2023-11-23 16:47:57,625 [WARN] ConditionMgr:438 - getConditionDescription Invalid condition id : UX DEVICE CLASS RTOS Condition cause : null
2023-11-23 16:47:57,625 [WARN] ConditionMgr:438 - getConditionDescription Invalid condition id : UX DEVICE CLASS RTOS Condition cause : null
2023-11-23 16:47:57,627 [WARN] PackLoader:240 - Cannot read IP mode file for STMicroelectronics.X-CUBE-AZRTOS-WB.2.0.0
2023-11-23 16:47:57,627 [WARN] ConditionMgr:1039 - genDependencies : Invalid condition id : UX DEVICE CLASS RTOS Condition cause : null
2023-11-23 16:47:57,628 [WARN] ConditionMgr:1039 - genDependencies : Invalid condition id : UX DEVICE CLASS RTOS Condition cause : null
2023-11-23 16:47:57,628 [WARN] ConditionMgr:1039 - genDependencies : Invalid condition id : UX DEVICE CLASS RTOS Condition cause : null
2023-11-23 16:47:57,628 [WARN] ConditionMgr:1039 - genDependencies : Invalid condition id : UX DEVICE CLASS RTOS Condition cause : null
2023-11-23 16:47:57,628 [WARN] ConditionMgr:1039 - genDependencies : Invalid condition id : UX DEVICE CLASS RTOS Condition cause : null
2023-11-23 16:47:57,644 [WARN] PackLoader:240 - Cannot read IP mode file for STMicroelectronics.X-CUBE-SUBG2.5.0.0
2023-11-23 16:47:57,660 [WARN] PackLoader:240 - Cannot read IP mode file for STMicroelectronics.X-CUBE-TOF1.3.3.1
2023-11-23 16:47:57,687 [WARN] PackLoader:240 - Cannot read IP mode file for STMicroelectronics.X-CUBE-AZRTOS-G4.2.0.0
2023-11-23 16:47:57,710 [WARN] PackLoader:240 - Cannot read IP mode file for Infineon.AIROC-Wi-Fi-Bluetooth-STM32.1.5.1
2023-11-23 16:47:57,722 [WARN] PackLoader:240 - Cannot read IP mode file for STMicroelectronics.FP-SNS-MOTENVWB1.1.3.0
2023-11-23 16:47:57,752 [WARN] PackLoader:240 - Cannot read IP mode file for STMicroelectronics.X-CUBE-MEMS1.10.0.0
2023-11-23 16:47:57,814 [WARN] PackLoader:240 - Cannot read IP mode file for STMicroelectronics.X-CUBE-FREERTOS.1.1.0
2023-11-23 16:47:57,832 [WARN] PackLoader:240 - Cannot read IP mode file for portGmbH.I-Cube-SoM-uGOAL.1.1.0
2023-11-23 16:47:57,846 [WARN] PackLoader:240 - Cannot read IP mode file for STMicroelectronics.X-CUBE-ALS.1.0.1
2023-11-23 16:47:57,863 [WARN] PackLoader:240 - Cannot read IP mode file for STMicroelectronics.FP-ATR-ASTRA1.2.0.0
2023-11-23 16:47:57,864 [INFO] ThirdParty:978 - Integrity check success = true
2023-11-23 16:47:57,864 [INFO] IntegrityCheckThread:100 - exiting critical section [integrity check]
2023-11-23 16:47:57,864 [INFO] IntegrityCheckThread:103 - End integrity checks thread
2023-11-23 16:47:58,101 [INFO] WebApp:753 - Register for checkConnection events
2023-11-23 16:47:58,101 [INFO] WebApp:390 - Apply proxy settings
2023-11-23 16:47:58,101 [INFO] WebApp:475 - Chromium requires no authentication
2023-11-23 16:47:58,106 [INFO] WebApp:418 - Direct internet connection detected
2023-11-23 16:47:58,203 [INFO] WebApp:188 - Starting web application
2023-11-23 16:47:58,203 [INFO] WebApp:520 - Web application path used C:\ST\STM32CubeIDE_1.13.2\STM32CubeIDE\plugins\com.st.stm32cube.common.mx_6.9.2.202309101412\db\plugins\mcufinder\reactClient1\index.html
2023-11-23 16:48:18,906 [ERROR] LogOutputStream:75 - [STDERR_REDIRECT] SLF4J: Failed to load class "org.slf4j.impl.StaticLoggerBinder".
2023-11-23 16:48:18,907 [ERROR] LogOutputStream:75 - [STDERR_REDIRECT] SLF4J: Defaulting to no-operation (NOP) logger implementation
2023-11-23 16:48:18,907 [ERROR] LogOutputStream:75 - [STDERR_REDIRECT] SLF4J: See http://www.slf4j.org/codes.html#StaticLoggerBinder for further details.
2023-11-23 18:15:48,195 [ERROR] LogOutputStream:75 - [STDERR_REDIRECT] 
