2023-11-02 08:57:54,541 [INFO] Activator:176 - 


2023-11-02 08:57:54,545 [INFO] Activator:177 - !SESSION log4j initialized
2023-11-02 08:57:58,097 [INFO] LogOutputStream:77 - [STDOUT_REDIRECT] 
2023-11-02 08:57:59,469 [INFO] ApplicationProperties:184 - Using Application install path: C:\ST\STM32CubeIDE_1.13.2\STM32CubeIDE\plugins\com.st.stm32cube.common.mx_6.9.2.202309101412
2023-11-02 08:57:59,482 [INFO] DbMcusXml:78 - Set database path to: C:\ST\STM32CubeIDE_1.13.2\STM32CubeIDE\plugins\com.st.stm32cube.common.mx_6.9.2.202309101412\\db\/mcu/
2023-11-02 08:57:59,482 [INFO] ApiDb:274 - Set plugin database path to: C:\ST\STM32CubeIDE_1.13.2\STM32CubeIDE\plugins\com.st.stm32cube.common.mx_6.9.2.202309101412\\db\/plugins/boardmanager/
2023-11-02 08:57:59,483 [WARN] ApiDb:259 - Overriding images path with different value:  => C:\ST\STM32CubeIDE_1.13.2\STM32CubeIDE\plugins\com.st.stm32cube.common.mx_6.9.2.202309101412\\db\/plugins/mcufinder/images/
2023-11-02 08:57:59,489 [INFO] ApiDb:250 - Set database path to: C:\Users\user\.stmcufinder\plugins\mcufinder//mcu/
2023-11-02 08:57:59,490 [INFO] DbMcusAds:125 - Set database path to: C:\Users\user\.stmcufinder\plugins\mcufinder//mcu/
2023-11-02 08:57:59,491 [INFO] CrossReferenceDbSqlite:203 - Set database path to: C:\Users\user\.stmcufinder\plugins\mcufinder//mcu/cs/
2023-11-02 08:57:59,582 [INFO] RulesReader:64 - Compatibility file has been processed (293 Rules)
2023-11-02 08:57:59,646 [INFO] DbMcusXml:78 - Set database path to: C:\ST\STM32CubeIDE_1.13.2\STM32CubeIDE\plugins\com.st.stm32cube.common.mx_6.9.2.202309101412\\db\/mcu/
2023-11-02 08:57:59,646 [INFO] ApiDb:274 - Set plugin database path to: C:\ST\STM32CubeIDE_1.13.2\STM32CubeIDE\plugins\com.st.stm32cube.common.mx_6.9.2.202309101412\\db\/plugins/boardmanager/
2023-11-02 08:57:59,646 [INFO] ApiDb:261 - Set plugin images path to: C:\ST\STM32CubeIDE_1.13.2\STM32CubeIDE\plugins\com.st.stm32cube.common.mx_6.9.2.202309101412\\db\/plugins/mcufinder/images/
2023-11-02 08:57:59,646 [WARN] DbFile:41 - Overriding database path with different value: C:\Users\user\.stmcufinder\plugins\mcufinder/ => C:\Users\user\.stmcufinder\plugins\mcufinder
2023-11-02 08:57:59,646 [INFO] ApiDb:250 - Set database path to: C:\Users\user\.stmcufinder\plugins\mcufinder//mcu/
2023-11-02 08:57:59,646 [WARN] DbFile:41 - Overriding database path with different value: C:\Users\user\.stmcufinder\plugins\mcufinder/ => C:\Users\user\.stmcufinder\plugins\mcufinder
2023-11-02 08:57:59,646 [INFO] DbMcusAds:125 - Set database path to: C:\Users\user\.stmcufinder\plugins\mcufinder//mcu/
2023-11-02 08:57:59,646 [WARN] DbFile:41 - Overriding database path with different value: C:\Users\user\.stmcufinder\plugins\mcufinder/ => C:\Users\user\.stmcufinder\plugins\mcufinder
2023-11-02 08:57:59,646 [WARN] DbFile:41 - Overriding database path with different value: C:\Users\user\.stmcufinder\plugins\mcufinder/ => C:\Users\user\.stmcufinder\plugins\mcufinder
2023-11-02 08:57:59,646 [INFO] CrossReferenceDbSqlite:203 - Set database path to: C:\Users\user\.stmcufinder\plugins\mcufinder//mcu/cs/
2023-11-02 08:57:59,699 [INFO] MainPanel:262 - HeapMemory: 268435456
2023-11-02 08:57:59,766 [INFO] DbMcusXml:78 - Set database path to: C:\ST\STM32CubeIDE_1.13.2\STM32CubeIDE\plugins\com.st.stm32cube.common.mx_6.9.2.202309101412\\db\/mcu/
2023-11-02 08:57:59,766 [INFO] ApiDb:274 - Set plugin database path to: C:\ST\STM32CubeIDE_1.13.2\STM32CubeIDE\plugins\com.st.stm32cube.common.mx_6.9.2.202309101412\\db\/plugins/boardmanager/
2023-11-02 08:57:59,766 [INFO] ApiDb:261 - Set plugin images path to: C:\ST\STM32CubeIDE_1.13.2\STM32CubeIDE\plugins\com.st.stm32cube.common.mx_6.9.2.202309101412\\db\/plugins/mcufinder/images/
2023-11-02 08:57:59,766 [WARN] DbFile:41 - Overriding database path with different value: C:\Users\user\.stmcufinder\plugins\mcufinder/ => C:\Users\user\.stmcufinder\plugins\mcufinder
2023-11-02 08:57:59,766 [INFO] ApiDb:250 - Set database path to: C:\Users\user\.stmcufinder\plugins\mcufinder//mcu/
2023-11-02 08:57:59,766 [WARN] DbFile:41 - Overriding database path with different value: C:\Users\user\.stmcufinder\plugins\mcufinder/ => C:\Users\user\.stmcufinder\plugins\mcufinder
2023-11-02 08:57:59,766 [INFO] DbMcusAds:125 - Set database path to: C:\Users\user\.stmcufinder\plugins\mcufinder//mcu/
2023-11-02 08:57:59,766 [WARN] DbFile:41 - Overriding database path with different value: C:\Users\user\.stmcufinder\plugins\mcufinder/ => C:\Users\user\.stmcufinder\plugins\mcufinder
2023-11-02 08:57:59,766 [WARN] DbFile:41 - Overriding database path with different value: C:\Users\user\.stmcufinder\plugins\mcufinder/ => C:\Users\user\.stmcufinder\plugins\mcufinder
2023-11-02 08:57:59,767 [INFO] CrossReferenceDbSqlite:203 - Set database path to: C:\Users\user\.stmcufinder\plugins\mcufinder//mcu/cs/
2023-11-02 08:57:59,780 [INFO] ApplicationProperties:184 - Using Application install path: C:\ST\STM32CubeIDE_1.13.2\STM32CubeIDE\plugins\com.st.stm32cube.common.mx_6.9.2.202309101412
2023-11-02 08:57:59,780 [INFO] PluginManage:196 - Search for loadable plugins [exclusion list=, ]
2023-11-02 08:57:59,782 [INFO] PluginManage:310 - Check plugin analytics
2023-11-02 08:57:59,895 [INFO] AnalyticsPlugin:253 - Accepted Software Licenses: 
2023-11-02 08:57:59,895 [INFO] AnalyticsPlugin:255 - Accepted CMSIS Pack Licenses: 
2023-11-02 08:57:59,895 [INFO] AnalyticsPlugin:257 - Accepted Firmware Licenses: FW.F4.1.27.0
2023-11-02 08:57:59,898 [INFO] PluginManage:359 - Loaded plugin analytics (category:tool,tabindex:-1)
2023-11-02 08:57:59,898 [INFO] PluginManage:310 - Check plugin cadmodel
2023-11-02 08:57:59,902 [INFO] CADModel:105 - Init CAD model plugin
2023-11-02 08:57:59,902 [INFO] PluginManage:359 - Loaded plugin cadmodel (category:power,tabindex:5)
2023-11-02 08:57:59,904 [INFO] PluginManage:310 - Check plugin clock
2023-11-02 08:57:59,910 [INFO] PluginManage:359 - Loaded plugin clock (category:base,tabindex:2)
2023-11-02 08:57:59,910 [INFO] PluginManage:310 - Check plugin ddr
2023-11-02 08:57:59,911 [INFO] PluginManage:359 - Loaded plugin ddr (category:tool,tabindex:6)
2023-11-02 08:57:59,913 [INFO] PluginManage:310 - Check plugin filemanager
2023-11-02 08:58:00,011 [INFO] PluginManage:359 - Loaded plugin filemanager (category:base,tabindex:10)
2023-11-02 08:58:00,011 [INFO] PluginManage:310 - Check plugin ipmanager
2023-11-02 08:58:00,017 [INFO] PluginManage:359 - Loaded plugin ipmanager (category:base,tabindex:5)
2023-11-02 08:58:00,017 [INFO] PluginManage:310 - Check plugin lpbam
2023-11-02 08:58:00,026 [INFO] PluginManage:359 - Loaded plugin lpbam (category:base,tabindex:0)
2023-11-02 08:58:00,026 [INFO] PluginManage:310 - Check plugin memorymap
2023-11-02 08:58:00,040 [INFO] PluginManage:359 - Loaded plugin memorymap (category:base,tabindex:4)
2023-11-02 08:58:00,040 [INFO] PluginManage:310 - Check plugin pinoutandconfiguration
2023-11-02 08:58:00,047 [INFO] PluginManage:359 - Loaded plugin pinoutandconfiguration (category:base,tabindex:1)
2023-11-02 08:58:00,047 [INFO] PluginManage:310 - Check plugin pinoutconfig
2023-11-02 08:58:00,125 [WARN] SupportedApi:132 - Cannot load RTOS API schema: s4s-elt-must-match.1: The content of 'definitions' must match (annotation?, (simpleType | complexType)?, (unique | key | keyref)*)). A problem was found starting at: attribute.
2023-11-02 08:58:00,227 [INFO] PluginManage:359 - Loaded plugin pinoutconfig (category:base,tabindex:0)
2023-11-02 08:58:00,227 [INFO] PluginManage:310 - Check plugin power
2023-11-02 08:58:00,240 [INFO] PluginManage:359 - Loaded plugin power (category:power,tabindex:4)
2023-11-02 08:58:00,240 [INFO] PluginManage:310 - Check plugin projectmanager
2023-11-02 08:58:00,249 [INFO] PluginManage:359 - Loaded plugin projectmanager (category:projectmanager,tabindex:3)
2023-11-02 08:58:00,249 [INFO] PluginManage:310 - Check plugin thirdparty
2023-11-02 08:58:00,345 [INFO] PluginManage:359 - Loaded plugin thirdparty (category:base,tabindex:-1)
2023-11-02 08:58:00,345 [WARN] IntegrityCheckThread:84 - waiting for thirdparty lock release [integrity check]
2023-11-02 08:58:00,345 [INFO] PluginManage:310 - Check plugin tools
2023-11-02 08:58:00,345 [INFO] IntegrityCheckThread:86 - entering critical section [integrity check]
2023-11-02 08:58:00,345 [INFO] ThirdPartyUpdaterWithRetryManager:70 - Updater plugin not ready yet. [1/15]
2023-11-02 08:58:00,346 [INFO] PluginManage:359 - Loaded plugin tools (category:base,tabindex:7)
2023-11-02 08:58:00,347 [INFO] PluginManage:310 - Check plugin tutovideos
2023-11-02 08:58:00,534 [INFO] PluginManage:359 - Loaded plugin tutovideos (category:base,tabindex:-1)
2023-11-02 08:58:00,535 [INFO] PluginManage:310 - Check plugin updater
2023-11-02 08:58:00,548 [INFO] PluginManage:359 - Loaded plugin updater (category:base,tabindex:12)
2023-11-02 08:58:00,549 [INFO] PluginManage:310 - Check plugin userauth
2023-11-02 08:58:00,557 [INFO] UserAuth:113 - Init User Auth plugin
2023-11-02 08:58:00,557 [INFO] PluginManage:359 - Loaded plugin userauth (category:base,tabindex:14)
2023-11-02 08:58:00,558 [INFO] PluginManage:283 - PluginManage : Loaded plugins [17]
2023-11-02 08:58:00,773 [INFO] PinOutPanel:1499 - setPackage(No Configuration,No Configuration)
2023-11-02 08:58:00,871 [INFO] CADModel:165 - CPN selected for project level
2023-11-02 08:58:00,871 [INFO] CADModel:114 - Register for checkConnection events
2023-11-02 08:58:00,898 [INFO] IPUIPlugin:80 - create IPUIPlugin
2023-11-02 08:58:00,898 [INFO] PluginManager:220 - loadIPPluginJar : add adc
2023-11-02 08:58:00,900 [INFO] IPUIPlugin:80 - create IPUIPlugin
2023-11-02 08:58:00,900 [INFO] PluginManager:220 - loadIPPluginJar : add aes
2023-11-02 08:58:00,905 [INFO] IPUIPlugin:80 - create IPUIPlugin
2023-11-02 08:58:00,905 [INFO] PluginManager:220 - loadIPPluginJar : add can
2023-11-02 08:58:00,907 [INFO] IPUIPlugin:80 - create IPUIPlugin
2023-11-02 08:58:00,907 [INFO] PluginManager:220 - loadIPPluginJar : add comp
2023-11-02 08:58:00,910 [INFO] IPUIPlugin:80 - create IPUIPlugin
2023-11-02 08:58:00,911 [INFO] PluginManager:220 - loadIPPluginJar : add cryp
2023-11-02 08:58:00,913 [INFO] IPUIPlugin:80 - create IPUIPlugin
2023-11-02 08:58:00,914 [INFO] PluginManager:220 - loadIPPluginJar : add dfsdm
2023-11-02 08:58:00,921 [INFO] IPUIPlugin:80 - create IPUIPlugin
2023-11-02 08:58:00,923 [INFO] PluginManager:220 - loadIPPluginJar : add dma
2023-11-02 08:58:00,925 [INFO] IPUIPlugin:80 - create IPUIPlugin
2023-11-02 08:58:00,926 [INFO] PluginManager:220 - loadIPPluginJar : add dma3
2023-11-02 08:58:00,928 [INFO] IPUIPlugin:80 - create IPUIPlugin
2023-11-02 08:58:00,928 [INFO] PluginManager:220 - loadIPPluginJar : add fatfs
2023-11-02 08:58:00,933 [INFO] IPUIPlugin:80 - create IPUIPlugin
2023-11-02 08:58:00,934 [INFO] PluginManager:220 - loadIPPluginJar : add fmc
2023-11-02 08:58:00,941 [INFO] IPUIPlugin:80 - create IPUIPlugin
2023-11-02 08:58:00,941 [INFO] PluginManager:220 - loadIPPluginJar : add freertos
2023-11-02 08:58:00,942 [INFO] IPUIPlugin:80 - create IPUIPlugin
2023-11-02 08:58:00,942 [INFO] PluginManager:220 - loadIPPluginJar : add genericplugin
2023-11-02 08:58:00,944 [INFO] IPUIPlugin:80 - create IPUIPlugin
2023-11-02 08:58:00,944 [INFO] PluginManager:220 - loadIPPluginJar : add gfxmmu
2023-11-02 08:58:00,949 [INFO] IPUIPlugin:80 - create IPUIPlugin
2023-11-02 08:58:00,949 [INFO] PluginManager:220 - loadIPPluginJar : add gic
2023-11-02 08:58:00,953 [INFO] IPUIPlugin:80 - create IPUIPlugin
2023-11-02 08:58:00,953 [INFO] PluginManager:220 - loadIPPluginJar : add gpio
2023-11-02 08:58:00,955 [INFO] IPUIPlugin:80 - create IPUIPlugin
2023-11-02 08:58:00,955 [INFO] PluginManager:220 - loadIPPluginJar : add gtzc
2023-11-02 08:58:00,957 [INFO] IPUIPlugin:80 - create IPUIPlugin
2023-11-02 08:58:00,958 [INFO] PluginManager:220 - loadIPPluginJar : add hash
2023-11-02 08:58:00,959 [INFO] IPUIPlugin:80 - create IPUIPlugin
2023-11-02 08:58:00,959 [INFO] PluginManager:220 - loadIPPluginJar : add i2c
2023-11-02 08:58:00,962 [INFO] IPUIPlugin:80 - create IPUIPlugin
2023-11-02 08:58:00,963 [INFO] PluginManager:220 - loadIPPluginJar : add i2s
2023-11-02 08:58:00,965 [INFO] IPUIPlugin:80 - create IPUIPlugin
2023-11-02 08:58:00,965 [INFO] PluginManager:220 - loadIPPluginJar : add i3c
2023-11-02 08:58:00,968 [INFO] IPUIPlugin:80 - create IPUIPlugin
2023-11-02 08:58:00,968 [INFO] PluginManager:220 - loadIPPluginJar : add ipddr
2023-11-02 08:58:00,975 [INFO] IPUIPlugin:80 - create IPUIPlugin
2023-11-02 08:58:00,975 [INFO] PluginManager:220 - loadIPPluginJar : add linkedlist
2023-11-02 08:58:00,978 [INFO] IPUIPlugin:80 - create IPUIPlugin
2023-11-02 08:58:00,978 [INFO] PluginManager:220 - loadIPPluginJar : add lorawan
2023-11-02 08:58:00,980 [INFO] IPUIPlugin:80 - create IPUIPlugin
2023-11-02 08:58:00,980 [INFO] PluginManager:220 - loadIPPluginJar : add ltdc
2023-11-02 08:58:00,984 [INFO] IPUIPlugin:80 - create IPUIPlugin
2023-11-02 08:58:00,984 [INFO] PluginManager:220 - loadIPPluginJar : add mdma
2023-11-02 08:58:00,988 [INFO] IPUIPlugin:80 - create IPUIPlugin
2023-11-02 08:58:00,989 [INFO] PluginManager:220 - loadIPPluginJar : add nvic
2023-11-02 08:58:00,991 [INFO] IPUIPlugin:80 - create IPUIPlugin
2023-11-02 08:58:00,991 [INFO] PluginManager:220 - loadIPPluginJar : add opamp
2023-11-02 08:58:00,993 [INFO] IPUIPlugin:80 - create IPUIPlugin
2023-11-02 08:58:00,993 [INFO] PluginManager:220 - loadIPPluginJar : add openamp
2023-11-02 08:58:00,996 [INFO] IPUIPlugin:80 - create IPUIPlugin
2023-11-02 08:58:00,996 [INFO] PluginManager:220 - loadIPPluginJar : add pdm2pcm
2023-11-02 08:58:01,000 [INFO] IPUIPlugin:80 - create IPUIPlugin
2023-11-02 08:58:01,002 [INFO] PluginManager:220 - loadIPPluginJar : add plateformsettings
2023-11-02 08:58:01,003 [INFO] IPUIPlugin:80 - create IPUIPlugin
2023-11-02 08:58:01,003 [INFO] PluginManager:220 - loadIPPluginJar : add quadspi
2023-11-02 08:58:01,006 [INFO] IPUIPlugin:80 - create IPUIPlugin
2023-11-02 08:58:01,006 [INFO] PluginManager:220 - loadIPPluginJar : add resmgrutility
2023-11-02 08:58:01,007 [INFO] IPUIPlugin:80 - create IPUIPlugin
2023-11-02 08:58:01,008 [INFO] PluginManager:220 - loadIPPluginJar : add sai
2023-11-02 08:58:01,010 [INFO] IPUIPlugin:80 - create IPUIPlugin
2023-11-02 08:58:01,010 [INFO] PluginManager:220 - loadIPPluginJar : add spi
2023-11-02 08:58:01,012 [INFO] IPUIPlugin:80 - create IPUIPlugin
2023-11-02 08:58:01,013 [INFO] PluginManager:220 - loadIPPluginJar : add stm32_wpan
2023-11-02 08:58:01,014 [INFO] IPUIPlugin:80 - create IPUIPlugin
2023-11-02 08:58:01,014 [INFO] PluginManager:220 - loadIPPluginJar : add tim
2023-11-02 08:58:01,016 [INFO] IPUIPlugin:80 - create IPUIPlugin
2023-11-02 08:58:01,017 [INFO] PluginManager:220 - loadIPPluginJar : add touchsensing
2023-11-02 08:58:01,018 [INFO] IPUIPlugin:80 - create IPUIPlugin
2023-11-02 08:58:01,018 [INFO] PluginManager:220 - loadIPPluginJar : add tracer_emb
2023-11-02 08:58:01,020 [INFO] IPUIPlugin:80 - create IPUIPlugin
2023-11-02 08:58:01,020 [INFO] PluginManager:220 - loadIPPluginJar : add ts
2023-11-02 08:58:01,020 [INFO] IPUIPlugin:80 - create IPUIPlugin
2023-11-02 08:58:01,022 [INFO] PluginManager:220 - loadIPPluginJar : add tsc
2023-11-02 08:58:01,023 [INFO] IPUIPlugin:80 - create IPUIPlugin
2023-11-02 08:58:01,023 [INFO] PluginManager:220 - loadIPPluginJar : add ucpd
2023-11-02 08:58:01,025 [INFO] IPUIPlugin:80 - create IPUIPlugin
2023-11-02 08:58:01,025 [INFO] PluginManager:220 - loadIPPluginJar : add usart
2023-11-02 08:58:01,027 [INFO] IPUIPlugin:80 - create IPUIPlugin
2023-11-02 08:58:01,027 [INFO] PluginManager:220 - loadIPPluginJar : add usbx
2023-11-02 08:58:01,132 [INFO] CADModel:165 - CPN selected for project level
2023-11-02 08:58:01,132 [INFO] CADModel:114 - Register for checkConnection events
2023-11-02 08:58:01,132 [FATAL] Updater:308 - Updater called before beeing initialized
2023-11-02 08:58:01,133 [ERROR] CADModel:125 - Updater not yet initialized, retry later 
2023-11-02 08:58:01,232 [INFO] CADModel:165 - CPN selected for project level
2023-11-02 08:58:01,232 [INFO] CADModel:114 - Register for checkConnection events
2023-11-02 08:58:01,232 [FATAL] Updater:308 - Updater called before beeing initialized
2023-11-02 08:58:01,232 [ERROR] CADModel:125 - Updater not yet initialized, retry later 
2023-11-02 08:58:01,236 [FATAL] Updater:308 - Updater called before beeing initialized
2023-11-02 08:58:01,298 [FATAL] Updater:308 - Updater called before beeing initialized
2023-11-02 08:58:01,302 [INFO] DbMcusAds:53 - JSON generation date=Tue Mar 07 17:50:55 KST 2023 (1678179055335)
2023-11-02 08:58:01,302 [FATAL] Updater:308 - Updater called before beeing initialized
2023-11-02 08:58:01,329 [WARN] DetailPanel:346 - Failed to get advertising image, set to default
2023-11-02 08:58:01,384 [FATAL] Updater:308 - Updater called before beeing initialized
2023-11-02 08:58:01,386 [FATAL] Updater:308 - Updater called before beeing initialized
2023-11-02 08:58:01,386 [FATAL] Updater:308 - Updater called before beeing initialized
2023-11-02 08:58:01,386 [WARN] DetailPanel:346 - Failed to get advertising image, set to default
2023-11-02 08:58:01,386 [FATAL] Updater:308 - Updater called before beeing initialized
2023-11-02 08:58:01,413 [ERROR] Updater:1120 - MainUpdater not yet initialized. External WinMGr cannot be set.
2023-11-02 08:58:01,414 [INFO] Updater:1056 - Updater Version found : 6.9.2
2023-11-02 08:58:01,429 [INFO] ApplicationProperties:184 - Using Application install path: C:\ST\STM32CubeIDE_1.13.2\STM32CubeIDE\plugins\com.st.stm32cube.common.mx_6.9.2.202309101412
2023-11-02 08:58:01,590 [INFO] MainUpdater:2868 - connection check result : 10
2023-11-02 08:58:01,591 [INFO] MainUpdater:285 - Updater Check For Update Now.
2023-11-02 08:58:01,591 [INFO] MicroXplorer:498 - Change Database Version : DB.6.0.92
2023-11-02 08:58:01,613 [INFO] McuFinderGlobals:63 - Set McuFinder mode to 2 (CubeIDE integrated)
2023-11-02 08:58:01,614 [INFO] UserAuth:179 - activating auth plugin
2023-11-02 08:58:01,617 [INFO] UserAuth:393 - Internet connection configuration mode: 1
2023-11-02 08:58:01,640 [INFO] JxBrowserEngine:151 - Initiate JxBrowser Engine with user profile folder
2023-11-02 08:58:01,751 [INFO] CheckServerUpdateThread:120 - End of CheckServer Thread
2023-11-02 08:58:02,230 [INFO] WebApp:157 - Instantiating new browser for Auth
2023-11-02 08:58:02,608 [INFO] WebApp:753 - Register for checkConnection events
2023-11-02 08:58:02,608 [INFO] WebApp:390 - Apply proxy settings
2023-11-02 08:58:02,608 [INFO] WebApp:475 - Chromium requires no authentication
2023-11-02 08:58:02,614 [INFO] WebApp:418 - Direct internet connection detected
2023-11-02 08:58:02,718 [INFO] WebApp:188 - Starting web application
2023-11-02 08:58:02,718 [INFO] WebApp:520 - Web application path used C:\ST\STM32CubeIDE_1.13.2\STM32CubeIDE\plugins\com.st.stm32cube.common.mx_6.9.2.202309101412\db\plugins\mcufinder\reactClient1\index.html
2023-11-02 08:58:03,446 [WARN] PackLoader:240 - Cannot read IP mode file for STMicroelectronics.X-CUBE-SMBUS.2.1.0
2023-11-02 08:58:03,468 [WARN] PackLoader:240 - Cannot read IP mode file for STMicroelectronics.X-CUBE-AZRTOS-F7.1.1.0
2023-11-02 08:58:03,477 [WARN] PackLoader:240 - Cannot read IP mode file for STMicroelectronics.FP-SNS-MOTENV1.4.3.2
2023-11-02 08:58:03,485 [WARN] PackLoader:240 - Cannot read IP mode file for STMicroelectronics.FP-SNS-FLIGHT1.5.0.2
2023-11-02 08:58:03,492 [WARN] PackLoader:240 - Cannot read IP mode file for STMicroelectronics.X-CUBE-DISPLAY.3.0.0
2023-11-02 08:58:03,505 [WARN] PackLoader:240 - Cannot read IP mode file for STMicroelectronics.X-CUBE-BLE1.7.0.0
2023-11-02 08:58:03,509 [WARN] PackLoader:240 - Cannot read IP mode file for emotas.I-CUBE-CANOPEN.1.3.0
2023-11-02 08:58:03,515 [WARN] PackLoader:240 - Cannot read IP mode file for STMicroelectronics.X-CUBE-TOUCHGFX.4.22.0
2023-11-02 08:58:03,517 [WARN] PackLoader:240 - Cannot read IP mode file for STMicroelectronics.X-CUBE-TOUCHGFX.4.22.1
2023-11-02 08:58:03,520 [WARN] PackLoader:240 - Cannot read IP mode file for STMicroelectronics.FP-SNS-SMARTAG2.1.2.0
2023-11-02 08:58:03,528 [INFO] LogOutputStream:77 - [STDOUT_REDIRECT] 1 : Invalid condition id : UX_CORESTACK_Condition cause : null
2023-11-02 08:58:03,528 [INFO] LogOutputStream:77 - [STDOUT_REDIRECT] 1 : Invalid condition id : UX_CORESTACK_Condition cause : null
2023-11-02 08:58:03,528 [INFO] LogOutputStream:77 - [STDOUT_REDIRECT] 1 : Invalid condition id : UX_CORESTACK_Condition cause : null
2023-11-02 08:58:03,529 [INFO] LogOutputStream:77 - [STDOUT_REDIRECT] 1 : Invalid condition id : UX_CORESTACK_Condition cause : null
2023-11-02 08:58:03,531 [INFO] LogOutputStream:77 - [STDOUT_REDIRECT] 1 : Invalid condition id : UX_CORESTACK_Condition cause : null
2023-11-02 08:58:03,533 [WARN] PackLoader:240 - Cannot read IP mode file for STMicroelectronics.X-CUBE-AZRTOS-WL.2.0.0
2023-11-02 08:58:03,538 [WARN] PackLoader:240 - Cannot read IP mode file for WES.I-CUBE-Cesium.1.3.0
2023-11-02 08:58:03,541 [WARN] PackLoader:240 - Cannot read IP mode file for STMicroelectronics.X-CUBE-BLE2.3.3.0
2023-11-02 08:58:03,552 [WARN] PackLoader:240 - Cannot read IP mode file for STMicroelectronics.X-CUBE-ALGOBUILD.1.3.0
2023-11-02 08:58:03,560 [WARN] PackLoader:240 - Cannot read IP mode file for STMicroelectronics.X-CUBE-AZRTOS-G0.1.1.0
2023-11-02 08:58:03,565 [WARN] PackLoader:240 - Cannot read IP mode file for STMicroelectronics.X-CUBE-NFC4.3.0.0
2023-11-02 08:58:03,570 [WARN] PackLoader:240 - Cannot read IP mode file for STMicroelectronics.FP-ATR-SIGFOX1.3.2.0
2023-11-02 08:58:03,588 [WARN] PackLoader:240 - Cannot read IP mode file for SEGGER.I-CUBE-embOS.1.3.1
2023-11-02 08:58:03,620 [WARN] PackLoader:240 - Cannot read IP mode file for STMicroelectronics.X-CUBE-GNSS1.6.0.0
2023-11-02 08:58:03,631 [WARN] PackLoader:240 - Cannot read IP mode file for STMicroelectronics.X-CUBE-AZRTOS-F4.1.1.0
2023-11-02 08:58:03,638 [WARN] PackLoader:240 - Cannot read IP mode file for wolfSSL.I-CUBE-wolfSSL.5.6.3
2023-11-02 08:58:03,651 [WARN] PackLoader:240 - Cannot read IP mode file for STMicroelectronics.X-CUBE-AZRTOS-L5.2.0.0
2023-11-02 08:58:03,675 [WARN] PackLoader:240 - Cannot read IP mode file for STMicroelectronics.X-CUBE-MEMS1.9.6.0
2023-11-02 08:58:03,832 [WARN] PackLoader:240 - Cannot read IP mode file for STMicroelectronics.X-CUBE-EEPRMA1.4.2.0
2023-11-02 08:58:03,835 [WARN] PackLoader:240 - Cannot read IP mode file for ITTIA_DB.I-CUBE-ITTIADB.8.8.0
2023-11-02 08:58:03,839 [WARN] PackLoader:240 - Cannot read IP mode file for STMicroelectronics.X-CUBE-BLEMGR.2.0.0
2023-11-02 08:58:03,852 [WARN] ConditionMgr:438 - getConditionDescription Invalid condition id : UX DEVICE CLASS RTOS Condition cause : null
2023-11-02 08:58:03,852 [WARN] ConditionMgr:438 - getConditionDescription Invalid condition id : UX DEVICE CLASS RTOS Condition cause : null
2023-11-02 08:58:03,854 [WARN] PackLoader:240 - Cannot read IP mode file for STMicroelectronics.X-CUBE-AZRTOS-H7.3.1.0
2023-11-02 08:58:03,856 [WARN] ConditionMgr:1039 - genDependencies : Invalid condition id : UX DEVICE CLASS RTOS Condition cause : null
2023-11-02 08:58:03,856 [WARN] ConditionMgr:1039 - genDependencies : Invalid condition id : UX DEVICE CLASS RTOS Condition cause : null
2023-11-02 08:58:03,857 [WARN] ConditionMgr:1039 - genDependencies : Invalid condition id : UX DEVICE CLASS RTOS Condition cause : null
2023-11-02 08:58:03,857 [WARN] ConditionMgr:1039 - genDependencies : Invalid condition id : UX DEVICE CLASS RTOS Condition cause : null
2023-11-02 08:58:03,857 [WARN] ConditionMgr:1039 - genDependencies : Invalid condition id : UX DEVICE CLASS RTOS Condition cause : null
2023-11-02 08:58:03,863 [WARN] PackLoader:240 - Cannot read IP mode file for STMicroelectronics.X-CUBE-NFC7.1.0.1
2023-11-02 08:58:03,870 [WARN] PackLoader:240 - Cannot read IP mode file for STMicroelectronics.X-CUBE-NFC6.3.0.0
2023-11-02 08:58:03,876 [WARN] PackLoader:240 - Cannot read IP mode file for STMicroelectronics.X-CUBE-EEPRMA1.4.1.0
2023-11-02 08:58:03,878 [WARN] PackLoader:240 - Cannot read IP mode file for STMicroelectronics.X-CUBE-AI.8.1.0
2023-11-02 08:58:03,891 [WARN] ConditionMgr:438 - getConditionDescription Invalid condition id : LAN8742 Phy interface Condition cause : null
2023-11-02 08:58:03,891 [WARN] PackLoader:240 - Cannot read IP mode file for STMicroelectronics.X-CUBE-AZRTOS-L4.2.0.0
2023-11-02 08:58:03,892 [WARN] ConditionMgr:1039 - genDependencies : Invalid condition id : LAN8742 Phy interface Condition cause : null
2023-11-02 08:58:03,892 [WARN] ConditionMgr:1039 - genDependencies : Invalid condition id : LAN8742 Phy interface Condition cause : null
2023-11-02 08:58:03,892 [WARN] ConditionMgr:1039 - genDependencies : Invalid condition id : LAN8742 Phy interface Condition cause : null
2023-11-02 08:58:03,898 [WARN] PackLoader:240 - Cannot read IP mode file for STMicroelectronics.X-CUBE-SFXS2LP1.4.0.0
2023-11-02 08:58:03,904 [WARN] PackLoader:240 - Cannot read IP mode file for STMicroelectronics.X-CUBE-ISPU.1.1.0
2023-11-02 08:58:03,913 [WARN] ConditionMgr:438 - getConditionDescription Invalid condition id : UX DEVICE CLASS RTOS Condition cause : null
2023-11-02 08:58:03,914 [WARN] ConditionMgr:438 - getConditionDescription Invalid condition id : UX DEVICE CLASS RTOS Condition cause : null
2023-11-02 08:58:03,916 [WARN] PackLoader:240 - Cannot read IP mode file for STMicroelectronics.X-CUBE-AZRTOS-WB.2.0.0
2023-11-02 08:58:03,916 [WARN] ConditionMgr:1039 - genDependencies : Invalid condition id : UX DEVICE CLASS RTOS Condition cause : null
2023-11-02 08:58:03,917 [WARN] ConditionMgr:1039 - genDependencies : Invalid condition id : UX DEVICE CLASS RTOS Condition cause : null
2023-11-02 08:58:03,917 [WARN] ConditionMgr:1039 - genDependencies : Invalid condition id : UX DEVICE CLASS RTOS Condition cause : null
2023-11-02 08:58:03,917 [WARN] ConditionMgr:1039 - genDependencies : Invalid condition id : UX DEVICE CLASS RTOS Condition cause : null
2023-11-02 08:58:03,917 [WARN] ConditionMgr:1039 - genDependencies : Invalid condition id : UX DEVICE CLASS RTOS Condition cause : null
2023-11-02 08:58:03,925 [WARN] PackLoader:240 - Cannot read IP mode file for STMicroelectronics.X-CUBE-SUBG2.5.0.0
2023-11-02 08:58:03,934 [WARN] PackLoader:240 - Cannot read IP mode file for STMicroelectronics.X-CUBE-TOF1.3.3.1
2023-11-02 08:58:03,951 [WARN] PackLoader:240 - Cannot read IP mode file for STMicroelectronics.X-CUBE-AZRTOS-G4.2.0.0
2023-11-02 08:58:03,960 [WARN] PackLoader:240 - Cannot read IP mode file for Infineon.AIROC-Wi-Fi-Bluetooth-STM32.1.5.1
2023-11-02 08:58:03,984 [WARN] PackLoader:240 - Cannot read IP mode file for STMicroelectronics.X-CUBE-MEMS1.10.0.0
2023-11-02 08:58:04,065 [WARN] PackLoader:240 - Cannot read IP mode file for STMicroelectronics.X-CUBE-FREERTOS.1.1.0
2023-11-02 08:58:04,070 [WARN] PackLoader:240 - Cannot read IP mode file for portGmbH.I-Cube-SoM-uGOAL.1.1.0
2023-11-02 08:58:04,076 [WARN] PackLoader:240 - Cannot read IP mode file for STMicroelectronics.X-CUBE-ALS.1.0.1
2023-11-02 08:58:04,081 [WARN] PackLoader:240 - Cannot read IP mode file for STMicroelectronics.FP-ATR-ASTRA1.2.0.0
2023-11-02 08:58:04,082 [INFO] ThirdParty:978 - Integrity check success = true
2023-11-02 08:58:04,083 [INFO] IntegrityCheckThread:100 - exiting critical section [integrity check]
2023-11-02 08:58:04,083 [INFO] IntegrityCheckThread:103 - End integrity checks thread
2023-11-02 08:58:23,237 [ERROR] LogOutputStream:75 - [STDERR_REDIRECT] SLF4J: Failed to load class "org.slf4j.impl.StaticLoggerBinder".
2023-11-02 08:58:23,237 [ERROR] LogOutputStream:75 - [STDERR_REDIRECT] SLF4J: Defaulting to no-operation (NOP) logger implementation
2023-11-02 08:58:23,238 [ERROR] LogOutputStream:75 - [STDERR_REDIRECT] SLF4J: See http://www.slf4j.org/codes.html#StaticLoggerBinder for further details.
2023-11-02 09:34:18,215 [INFO] McuFinderGlobals:63 - Set McuFinder mode to 2 (CubeIDE integrated)
2023-11-02 09:34:18,232 [INFO] MainUpdater:2868 - connection check result : 10
2023-11-02 09:34:18,237 [INFO] MainUpdater:2868 - connection check result : 10
2023-11-02 09:34:18,351 [INFO] MicroXplorer:468 - Change Database Path : 
2023-11-02 09:34:18,351 [INFO] MicroXplorer:498 - Change Database Version : DB.6.0.92
2023-11-02 09:34:18,353 [WARN] ThirdParty:871 - waiting for thirdparty lock release [close project]
2023-11-02 09:34:18,354 [INFO] ThirdParty:873 - entering critical section [close project]
2023-11-02 09:34:18,354 [INFO] ThirdParty:883 - exiting critical section [close project]
2023-11-02 09:34:18,355 [INFO] PinOutPanel:1499 - setPackage(No Configuration,No Configuration)
2023-11-02 09:34:18,358 [INFO] UtilMem:75 - Begin LoadConfig() Used Memory: 528457152 Bytes (781189120)
2023-11-02 09:34:18,359 [INFO] MicroXplorer:468 - Change Database Path : 
2023-11-02 09:34:18,359 [INFO] MicroXplorer:498 - Change Database Version : DB.6.0.92
2023-11-02 09:34:18,359 [INFO] OpenFileManager:308 - Change cursor
2023-11-02 09:34:18,385 [INFO] Mcu:1946 - Initializing MCU STM32F401R(D-E)Tx STM32F401RETx STM32F401RET6
2023-11-02 09:34:19,261 [INFO] Context:659 - Trying to add GPIOservice into a context  which must be forbidden
2023-11-02 09:34:19,610 [INFO] RtosManager:555 - Registered RTOS mode: class=CMSIS, group=RTOS, mode=CMSIS_V1, owner=FREERTOS
2023-11-02 09:34:19,612 [INFO] RtosManager:555 - Registered RTOS mode: class=CMSIS, group=RTOS2, mode=CMSIS_V2, owner=FREERTOS
2023-11-02 09:34:19,612 [INFO] RtosManager:555 - Registered RTOS mode: class=RTOS, group=Core, mode=CMSIS_V1, owner=FREERTOS
2023-11-02 09:34:19,612 [INFO] RtosManager:555 - Registered RTOS mode: class=RTOS, group=Core, mode=CMSIS_V2, owner=FREERTOS
2023-11-02 09:34:19,612 [WARN] ModelIntegratedComponent:184 - Missing modes for component STMicroelectronics:FreeRTOS:0.0.1:STMicroelectronics:RTOS:FreeRTOS:Core:::10.2.0:
2023-11-02 09:34:19,619 [WARN] ModelIntegratedComponent:63 - No mode defined for component null
2023-11-02 09:34:19,619 [WARN] ModelIntegratedComponent:63 - No mode defined for component null
2023-11-02 09:34:19,619 [WARN] ModelIntegratedComponent:63 - No mode defined for component null
2023-11-02 09:34:19,619 [WARN] ModelIntegratedComponent:63 - No mode defined for component null
2023-11-02 09:34:19,619 [WARN] ModelIntegratedComponent:63 - No mode defined for component null
2023-11-02 09:34:19,619 [WARN] ModelIntegratedComponent:63 - No mode defined for component null
2023-11-02 09:34:19,619 [WARN] ModelIntegratedComponent:63 - No mode defined for component null
2023-11-02 09:34:19,619 [WARN] ModelIntegratedComponent:63 - No mode defined for component null
2023-11-02 09:34:19,619 [WARN] ModelIntegratedComponent:63 - No mode defined for component null
2023-11-02 09:34:19,619 [WARN] ModelIntegratedComponent:63 - No mode defined for component null
2023-11-02 09:34:19,619 [WARN] ModelIntegratedComponent:63 - No mode defined for component null
2023-11-02 09:34:19,619 [WARN] ModelIntegratedComponent:63 - No mode defined for component null
2023-11-02 09:34:19,619 [WARN] ModelIntegratedComponent:63 - No mode defined for component null
2023-11-02 09:34:19,619 [WARN] ModelIntegratedComponent:63 - No mode defined for component null
2023-11-02 09:34:19,619 [WARN] ModelIntegratedComponent:63 - No mode defined for component null
2023-11-02 09:34:19,619 [WARN] ModelIntegratedComponent:63 - No mode defined for component null
2023-11-02 09:34:19,619 [WARN] ModelIntegratedComponent:63 - No mode defined for component null
2023-11-02 09:34:19,619 [WARN] ModelIntegratedComponent:63 - No mode defined for component null
2023-11-02 09:34:19,619 [WARN] ModelIntegratedComponent:63 - No mode defined for component null
2023-11-02 09:34:19,619 [WARN] ModelIntegratedComponent:63 - No mode defined for component null
2023-11-02 09:34:19,619 [WARN] ModelIntegratedComponent:63 - No mode defined for component null
2023-11-02 09:34:19,619 [WARN] ModelIntegratedComponent:63 - No mode defined for component null
2023-11-02 09:34:19,619 [WARN] ModelIntegratedComponent:63 - No mode defined for component null
2023-11-02 09:34:19,619 [WARN] ModelIntegratedComponent:63 - No mode defined for component null
2023-11-02 09:34:19,619 [WARN] ModelIntegratedComponent:63 - No mode defined for component null
2023-11-02 09:34:19,619 [WARN] ModelIntegratedComponent:63 - No mode defined for component null
2023-11-02 09:34:19,619 [WARN] ModelIntegratedComponent:63 - No mode defined for component null
2023-11-02 09:34:19,619 [WARN] ModelIntegratedComponent:63 - No mode defined for component null
2023-11-02 09:34:19,619 [WARN] ModelIntegratedComponent:63 - No mode defined for component null
2023-11-02 09:34:19,619 [WARN] ModelIntegratedComponent:63 - No mode defined for component null
2023-11-02 09:34:19,619 [WARN] ModelIntegratedComponent:63 - No mode defined for component null
2023-11-02 09:34:19,619 [WARN] ModelIntegratedComponent:63 - No mode defined for component null
2023-11-02 09:34:19,619 [WARN] ModelIntegratedComponent:63 - No mode defined for component null
2023-11-02 09:34:19,672 [INFO] ThirdPartyModel:298 - Start build external matchings
2023-11-02 09:34:19,915 [INFO] ThirdPartyModel:316 - End build external matchings
2023-11-02 09:34:19,930 [INFO] ImportTextPane:194 - (OptionalMessage_ERROR) IP (RCC) : Parameter (RTCHSEDivFreq_Value) has invalid value (4000000)
2023-11-02 09:34:20,098 [INFO] UtilMem:75 - End LoadConfig() Used Memory: 354390944 Bytes (781189120)
2023-11-02 09:34:20,207 [INFO] ApiDb:581 - Connected to CubeFinder SQLite database (C:\Users\user\.stmcufinder\plugins\mcufinder\mcu\cube-finder-db.db)
2023-11-02 09:34:20,253 [INFO] ApiDb:668 - CubeFinder database Data Model version=2.1
2023-11-02 09:34:20,253 [INFO] ApiDb:669 - CubeFinder database Configuration version=3.0.37
2023-11-02 09:34:20,254 [INFO] ApiDb:670 - CubeFinder database generation date=2023-10-13 (1697197505)
2023-11-02 09:34:20,254 [INFO] ApiDb:671 - CubeFinder database FW Pack versions=[FP-ATR-ASTRA1_V2.0.0, FP-SNS-FLIGHT1_V5.0.1, FP-SNS-FLIGHT1_V5.0.2, FP-SNS-MOTENV1_V4.3.1, FP-SNS-MOTENV1_V4.3.2, FP-SNS-SMARTAG2_V1.2.0, I-CUBE-ITTIADB_V8.6.3-1, STM32Cube_FW_C0_V1.1.0, STM32Cube_FW_F4_V1.27.1, STM32Cube_FW_F7_V1.17.0, STM32Cube_FW_G0_V1.6.1, STM32Cube_FW_G4_V1.5.1, STM32Cube_FW_H5_V0.5.1, STM32Cube_FW_H5_V1.1.1, STM32Cube_FW_H7_V1.11.0, STM32Cube_FW_L0_V1.12.2, STM32Cube_FW_L5_V1.5.0, STM32Cube_FW_U5_V1.3.0, STM32Cube_FW_U5_V1.3.0RC4, STM32Cube_FW_WBA_V1.0.0RC1, STM32Cube_FW_WBA_V1.1.0RC1, STM32Cube_FW_WBA_V1.1.1, STM32Cube_FW_WB_V1.15.0RC1, STM32Cube_FW_WB_V1.16.0, STM32Cube_FW_WB_V1.16.0RC2, STM32Cube_FW_WB_V1.17.3, STM32Cube_FW_WL_V1.3.0, X-CUBE-ALGOBUILD_V1.3.0, X-CUBE-ALS_V1.0.1, X-CUBE-AZRTOS-F4_V1.1.0, X-CUBE-AZRTOS-F7_V1.1.0, X-CUBE-AZRTOS-G0_V1.1.0, X-CUBE-AZRTOS-G4_V2.0.0, X-CUBE-AZRTOS-H7_V3.1.0, X-CUBE-AZRTOS-L4_V1.0.0, X-CUBE-AZRTOS-L4_V2.0.0, X-CUBE-AZRTOS-L5_V1.1.0, X-CUBE-AZRTOS-WB_V2.0.0, X-CUBE-AZRTOS-WL_V2.0.0, X-CUBE-BLE1_V7.0.0, X-CUBE-BLE2_V3.3.0, X-CUBE-BLEMGR_V2.0.0, X-CUBE-EEPRMA1_V4.1.0, X-CUBE-FREERTOS_V1.1.0, X-CUBE-GNSS1_V6.0.0, X-CUBE-MEMS1_V10.0.0, X-CUBE-MEMS1_V9.1.0, X-CUBE-MEMS1_V9.4.0, X-CUBE-MEMS1_V9.6.0, X-CUBE-NFC4_V3.0.0, X-CUBE-NFC7_V1.0.1, X-CUBE-SFXS2LP1_V4.0.0, X-CUBE-SUBG2_V5.0.0, X-CUBE-TOF1_V3.3.1]
2023-11-02 09:34:21,630 [INFO] ApiDb:240 - Found 323 in-development CPN: [B-G473E-ZEST1S, B-WB1M-WPAN1, B-WL5M-SUBG1, NUCLEO-C031C6, NUCLEO-H503RB, NUCLEO-H563ZI, NUCLEO-U545RE-Q, NUCLEO-U5A5ZJ-Q, NUCLEO-WBA52CG, STEVAL-PROTEUS1, STEVAL-SMARTAG2, STEVAL-STWINBX1, STM320518-EVAL, STM32C0116-DK, STM32C011D6Y3TR, STM32C011D6Y6TR, STM32C011F4P3, STM32C011F4P6, STM32C011F4U3, STM32C011F4U6TR, STM32C011F6P3, STM32C011F6P6, STM32C011F6U3, STM32C011F6U6TR, STM32C011J4M3, STM32C011J4M6, STM32C011J6M3, STM32C011J6M6, STM32C0316-DK, STM32C031C4T3, STM32C031C4T6, STM32C031C4U3, STM32C031C4U6, STM32C031C6T3, STM32C031C6T6, STM32C031C6U3, STM32C031C6U6, STM32C031F4P3, STM32C031F4P6, STM32C031F6P3, STM32C031F6P6, STM32C031G4U3, STM32C031G4U6, STM32C031G6U3, STM32C031G6U6, STM32C031K4T3, STM32C031K4T6, STM32C031K4U3, STM32C031K4U6, STM32C031K6T3, STM32C031K6T6, STM32C031K6U3, STM32C031K6U6, STM32G071K8TXN, STM32G071K8UXN, STM32G081GBU6N, STM32G081KBT6N, STM32G081KBUXN, STM32G0B1CCT6N, STM32G0B1KCT6, STM32G0B1NEY6TR, STM32G0B1RCT6N, STM32G0C1CCT6, STM32G0C1CCT6N, STM32G0C1CCU6N, STM32G0C1CET6N, STM32G0C1CEU6N, STM32G0C1KCT6, STM32G0C1NEY6TR, STM32G0C1RCI6N, STM32G0C1RCT6N, STM32G0C1REI6N, STM32G0C1RET6N, STM32G0C1VCI6, STM32G0C1VEI6, STM32G471CCT6, STM32G471CCU6, STM32G471CET3, STM32G471CET6, STM32G471CEU3, STM32G471CEU6, STM32G471MCT6, STM32G471MET3, STM32G471MET6, STM32G471MEY6TR, STM32G471QCT6, STM32G471QET3, STM32G471RCT6, STM32G471RET3, STM32G471RET6, STM32G471VCH6, STM32G471VCI6, STM32G471VCT6, STM32G471VEH3, STM32G471VEH6, STM32G471VEI3, STM32G471VEI6, STM32G471VET3, STM32G471VET6, STM32G474CCT6, STM32H503CBT6, STM32H503CBU6, STM32H503EBY6TR, STM32H503KBU6, STM32H503RBT6, STM32H562AGI6, STM32H562AII6, STM32H562IGK6, STM32H562IGT6, STM32H562IIK6, STM32H562IIT6, STM32H562RGT6, STM32H562RGV6, STM32H562RIT6, STM32H562RIV6, STM32H562VGT6, STM32H562VIT6, STM32H562ZGT6, STM32H562ZIT6, STM32H563AGI6, STM32H563AII3Q, STM32H563AII6, STM32H563IGK6, STM32H563IGT6, STM32H563IIK3Q, STM32H563IIK6, STM32H563IIT3Q, STM32H563IIT6, STM32H563MIY3QTR, STM32H563RGT6, STM32H563RGV6, STM32H563RIT6, STM32H563RIV6, STM32H563VGT6, STM32H563VIT3Q, STM32H563VIT6, STM32H563ZGT6, STM32H563ZIT3Q, STM32H563ZIT6, STM32H573AII3Q, STM32H573AII6, STM32H573I-DK, STM32H573IIK3Q, STM32H573IIK6, STM32H573IIT3Q, STM32H573IIT6, STM32H573MIY3QTR, STM32H573RIT6, STM32H573RIV6, STM32H573VIT3Q, STM32H573VIT6, STM32H573ZIT3Q, STM32H573ZIT6, STM32L4R5QGI6STR, STM32MP131AAE3, STM32MP131AAF3, STM32MP131AAG3, STM32MP131CAE3, STM32MP131CAF3, STM32MP131CAG3, STM32MP131DAE7, STM32MP131DAF7, STM32MP131DAG7, STM32MP131FAE7, STM32MP131FAF7, STM32MP131FAG7, STM32MP133AAE3, STM32MP133AAF3, STM32MP133AAG3, STM32MP133CAE3, STM32MP133CAF3, STM32MP133CAG3, STM32MP133DAE7, STM32MP133DAF7, STM32MP133DAG7, STM32MP133FAE7, STM32MP133FAF7, STM32MP133FAG7, STM32MP135AAE3, STM32MP135AAF3, STM32MP135AAG3, STM32MP135CAE3, STM32MP135CAF3, STM32MP135CAG3, STM32MP135DAE7, STM32MP135DAF7, STM32MP135DAG7, STM32MP135F-DK, STM32MP135FAE7, STM32MP135FAF7, STM32MP135FAF7T, STM32MP135FAF7U, STM32MP135FAG7, STM32U535CBT6, STM32U535CBT6Q, STM32U535CBU6, STM32U535CBU6Q, STM32U535CCT6, STM32U535CCT6Q, STM32U535CCU6, STM32U535CCU6Q, STM32U535CET6, STM32U535CET6Q, STM32U535CEU6, STM32U535CEU6Q, STM32U535JEY6QTR, STM32U535NCY6QTR, STM32U535NEY6QTR, STM32U535RBI6, STM32U535RBI6Q, STM32U535RBT6, STM32U535RBT6Q, STM32U535RCI6, STM32U535RCI6Q, STM32U535RCT6, STM32U535RCT6Q, STM32U535REI6, STM32U535REI6Q, STM32U535RET6, STM32U535RET6Q, STM32U535VCI6, STM32U535VCI6Q, STM32U535VCT6, STM32U535VCT6Q, STM32U535VEI6, STM32U535VEI6Q, STM32U535VET6, STM32U535VET6Q, STM32U545CET6, STM32U545CET6Q, STM32U545CEU6, STM32U545CEU6Q, STM32U545JEY6QTR, STM32U545NEY6QTR, STM32U545REI6, STM32U545REI6Q, STM32U545RET6, STM32U545RET6Q, STM32U545VEI6, STM32U545VEI6Q, STM32U545VET6, STM32U545VET6Q, STM32U595AIH6, STM32U595AIH6Q, STM32U595AJH6, STM32U595AJH6Q, STM32U595QII6, STM32U595QII6Q, STM32U595QJI6, STM32U595QJI6Q, STM32U595RIT6, STM32U595RIT6Q, STM32U595RJT6, STM32U595RJT6Q, STM32U595VIT6, STM32U595VIT6Q, STM32U595VJT6, STM32U595VJT6Q, STM32U595ZIT6, STM32U595ZIT6Q, STM32U595ZIY6QTR, STM32U595ZJT6, STM32U595ZJT6Q, STM32U595ZJY6QTR, STM32U599BJY6QTR, STM32U599NIH6Q, STM32U599NJH6Q, STM32U599VIT6Q, STM32U599VJT6, STM32U599VJT6Q, STM32U599ZIT6Q, STM32U599ZIY6QTR, STM32U599ZJT6Q, STM32U599ZJY6QTR, STM32U5A5AJH6, STM32U5A5AJH6Q, STM32U5A5QJI6, STM32U5A5QJI6Q, STM32U5A5RJT6, STM32U5A5RJT6Q, STM32U5A5VJT6, STM32U5A5VJT6Q, STM32U5A5ZJT6, STM32U5A5ZJT6Q, STM32U5A5ZJY6QTR, STM32U5A9BJY6QTR, STM32U5A9J-DK, STM32U5A9NJH6Q, STM32U5A9VJT6Q, STM32U5A9ZJT6Q, STM32U5A9ZJY6QTR, STM32U5F7VIT6, STM32U5F7VIT6Q, STM32U5F7VJT6, STM32U5F7VJT6Q, STM32U5F9BJY6QTR, STM32U5F9NJH6Q, STM32U5F9VIT6Q, STM32U5F9VJT6Q, STM32U5F9ZIJ6QTR, STM32U5F9ZIT6Q, STM32U5F9ZJJ6QTR, STM32U5F9ZJT6Q, STM32U5G7VJT6, STM32U5G7VJT6Q, STM32U5G9BJY6QTR, STM32U5G9J-DK1, STM32U5G9J-DK2, STM32U5G9NJH6Q, STM32U5G9VJT6Q, STM32U5G9ZJJ6QTR, STM32U5G9ZJT6Q, STM32WB1MMCH6, STM32WBA52CEU6, STM32WBA52CEU6T, STM32WBA52CGU6, STM32WBA52CGU6T, STM32WBA52KEU6, STM32WBA52KEU6T, STM32WBA52KGU6, STM32WBA52KGU6T, STM32WL5MOCH6, STM32WL5MOCH6TR]
2023-11-02 09:34:21,635 [INFO] DbMcus:217 - Found 3848 MCUs, 3848 are supported
2023-11-02 09:34:21,635 [INFO] ApiDb:423 - Load user favorites file C:\Users\user/.stm32cubeide/favorites.mcus.txt: 0 item(s)
2023-11-02 09:34:21,636 [INFO] ApiDb:427 - User favorites MCUs=[]
2023-11-02 09:34:21,636 [INFO] DbMcus:223 - Set 0 / 0 favorites MCUs
2023-11-02 09:34:21,836 [WARN] ThirdParty:833 - waiting for thirdparty lock release [change project]
2023-11-02 09:34:21,836 [INFO] ThirdParty:835 - entering critical section [change project]
2023-11-02 09:34:21,836 [INFO] ThirdParty:1030 - CMSIS Pack Vendor :STMicroelectronics X-CUBE-ISPU 1.1.0
2023-11-02 09:34:21,836 [INFO] ThirdParty:1030 - CMSIS Pack Vendor :STMicroelectronics USBPD 4.1
2023-11-02 09:34:21,836 [INFO] ThirdParty:1030 - CMSIS Pack Vendor :STMicroelectronics X-CUBE-GNSS1 6.0.0
2023-11-02 09:34:21,836 [INFO] ThirdParty:1030 - CMSIS Pack Vendor :STMicroelectronics USB_HOST 2.0.0
2023-11-02 09:34:21,836 [INFO] ThirdParty:1030 - CMSIS Pack Vendor :STMicroelectronics X-CUBE-AZRTOS-F4 1.1.0
2023-11-02 09:34:21,836 [INFO] ThirdParty:1030 - CMSIS Pack Vendor :STMicroelectronics LIBJPEG 8.0.0
2023-11-02 09:34:21,836 [INFO] ThirdParty:1030 - CMSIS Pack Vendor :wolfSSL I-CUBE-wolfSSL 5.6.3
2023-11-02 09:34:21,836 [INFO] ThirdParty:1030 - CMSIS Pack Vendor :STMicroelectronics X-CUBE-SMBUS 2.1.0
2023-11-02 09:34:21,836 [INFO] ThirdParty:1030 - CMSIS Pack Vendor :STMicroelectronics USB_DEVICE 3.0.0
2023-11-02 09:34:21,836 [INFO] ThirdParty:1030 - CMSIS Pack Vendor :STMicroelectronics X-CUBE-AZRTOS-WB 2.0.0
2023-11-02 09:34:21,836 [INFO] ThirdParty:1030 - CMSIS Pack Vendor :STMicroelectronics X-CUBE-AZRTOS-F7 1.1.0
2023-11-02 09:34:21,836 [INFO] ThirdParty:1030 - CMSIS Pack Vendor :STMicroelectronics X-CUBE-AZRTOS-L5 2.0.0
2023-11-02 09:34:21,836 [INFO] ThirdParty:1030 - CMSIS Pack Vendor :STMicroelectronics USB_DEVICE 2.0.0
2023-11-02 09:34:21,836 [INFO] ThirdParty:1030 - CMSIS Pack Vendor :STMicroelectronics X-CUBE-MEMS1 9.6.0
2023-11-02 09:34:21,836 [INFO] ThirdParty:1030 - CMSIS Pack Vendor :STMicroelectronics X-CUBE-EEPRMA1 4.2.0
2023-11-02 09:34:21,836 [INFO] ThirdParty:1030 - CMSIS Pack Vendor :ITTIA_DB I-CUBE-ITTIADB 8.8.0
2023-11-02 09:34:21,836 [INFO] ThirdParty:1030 - CMSIS Pack Vendor :STMicroelectronics FP-SNS-MOTENV1 4.3.2
2023-11-02 09:34:21,836 [INFO] ThirdParty:1030 - CMSIS Pack Vendor :STMicroelectronics X-CUBE-ALGOBUILD 1.3.0
2023-11-02 09:34:21,836 [INFO] ThirdParty:1030 - CMSIS Pack Vendor :STMicroelectronics FreeRTOS 0.0.1
2023-11-02 09:34:21,836 [INFO] ThirdParty:1030 - CMSIS Pack Vendor :STMicroelectronics X-CUBE-AZRTOS-G0 1.1.0
2023-11-02 09:34:21,836 [INFO] ThirdParty:1030 - CMSIS Pack Vendor :STMicroelectronics X-CUBE-BLEMGR 2.0.0
2023-11-02 09:34:21,836 [INFO] ThirdParty:1030 - CMSIS Pack Vendor :STMicroelectronics X-CUBE-NFC4 3.0.0
2023-11-02 09:34:21,836 [INFO] ThirdParty:1030 - CMSIS Pack Vendor :STMicroelectronics X-CUBE-SUBG2 5.0.0
2023-11-02 09:34:21,836 [INFO] ThirdParty:1030 - CMSIS Pack Vendor :STMicroelectronics STM32_WPAN 1.0.0
2023-11-02 09:34:21,836 [INFO] ThirdParty:1030 - CMSIS Pack Vendor :STMicroelectronics lwIP 2.0.3
2023-11-02 09:34:21,836 [INFO] ThirdParty:1030 - CMSIS Pack Vendor :STMicroelectronics FP-SNS-FLIGHT1 5.0.2
2023-11-02 09:34:21,836 [INFO] ThirdParty:1030 - CMSIS Pack Vendor :STMicroelectronics USB_HOST 1.0.0
2023-11-02 09:34:21,836 [INFO] ThirdParty:1030 - CMSIS Pack Vendor :STMicroelectronics X-CUBE-TOF1 3.3.1
2023-11-02 09:34:21,836 [INFO] ThirdParty:1030 - CMSIS Pack Vendor :STMicroelectronics X-CUBE-AZRTOS-G4 2.0.0
2023-11-02 09:34:21,836 [INFO] ThirdParty:1030 - CMSIS Pack Vendor :STMicroelectronics PDM2PCM 3.1.0
2023-11-02 09:34:21,836 [INFO] ThirdParty:1030 - CMSIS Pack Vendor :STMicroelectronics X-CUBE-AZRTOS-H7 3.1.0
2023-11-02 09:34:21,836 [INFO] ThirdParty:1030 - CMSIS Pack Vendor :Infineon AIROC-Wi-Fi-Bluetooth-STM32 1.5.1
2023-11-02 09:34:21,836 [INFO] ThirdParty:1030 - CMSIS Pack Vendor :STMicroelectronics PDM2PCM 3.3.0
2023-11-02 09:34:21,836 [INFO] ThirdParty:1030 - CMSIS Pack Vendor :STMicroelectronics X-CUBE-DISPLAY 3.0.0
2023-11-02 09:34:21,836 [INFO] ThirdParty:1030 - CMSIS Pack Vendor :STMicroelectronics X-CUBE-BLE1 7.0.0
2023-11-02 09:34:21,836 [INFO] ThirdParty:1030 - CMSIS Pack Vendor :STMicroelectronics FP-ATR-SIGFOX1 3.2.0
2023-11-02 09:34:21,836 [INFO] ThirdParty:1030 - CMSIS Pack Vendor :STMicroelectronics HAL Drivers 0.0.0
2023-11-02 09:34:21,837 [INFO] ThirdParty:1030 - CMSIS Pack Vendor :STMicroelectronics MBEDTLS 2.16.2
2023-11-02 09:34:21,837 [INFO] ThirdParty:1030 - CMSIS Pack Vendor :emotas I-CUBE-CANOPEN 1.3.0
2023-11-02 09:34:21,837 [INFO] ThirdParty:1030 - CMSIS Pack Vendor :STMicroelectronics X-CUBE-MEMS1 10.0.0
2023-11-02 09:34:21,837 [INFO] ThirdParty:1030 - CMSIS Pack Vendor :STMicroelectronics X-CUBE-FREERTOS 1.1.0
2023-11-02 09:34:21,837 [INFO] ThirdParty:1030 - CMSIS Pack Vendor :STMicroelectronics X-CUBE-TOUCHGFX 4.22.0
2023-11-02 09:34:21,837 [INFO] ThirdParty:1030 - CMSIS Pack Vendor :STMicroelectronics X-CUBE-NFC7 1.0.1
2023-11-02 09:34:21,837 [INFO] ThirdParty:1030 - CMSIS Pack Vendor :STMicroelectronics MBEDTLS 2.14.1
2023-11-02 09:34:21,837 [INFO] ThirdParty:1030 - CMSIS Pack Vendor :STMicroelectronics X-CUBE-TOUCHGFX 4.22.1
2023-11-02 09:34:21,837 [INFO] ThirdParty:1030 - CMSIS Pack Vendor :STMicroelectronics X-CUBE-NFC6 3.0.0
2023-11-02 09:34:21,837 [INFO] ThirdParty:1030 - CMSIS Pack Vendor :STMicroelectronics X-CUBE-EEPRMA1 4.1.0
2023-11-02 09:34:21,837 [INFO] ThirdParty:1030 - CMSIS Pack Vendor :portGmbH I-Cube-SoM-uGOAL 1.1.0
2023-11-02 09:34:21,837 [INFO] ThirdParty:1030 - CMSIS Pack Vendor :STMicroelectronics X-CUBE-ALS 1.0.1
2023-11-02 09:34:21,837 [INFO] ThirdParty:1030 - CMSIS Pack Vendor :STMicroelectronics ThreadX 1.0.0
2023-11-02 09:34:21,837 [INFO] ThirdParty:1030 - CMSIS Pack Vendor :STMicroelectronics FP-SNS-SMARTAG2 1.2.0
2023-11-02 09:34:21,837 [INFO] ThirdParty:1030 - CMSIS Pack Vendor :STMicroelectronics X-CUBE-AZRTOS-WL 2.0.0
2023-11-02 09:34:21,837 [INFO] ThirdParty:1030 - CMSIS Pack Vendor :SEGGER I-CUBE-embOS 1.3.1
2023-11-02 09:34:21,837 [INFO] ThirdParty:1030 - CMSIS Pack Vendor :STMicroelectronics USB_DEVICE 1.0.0
2023-11-02 09:34:21,837 [INFO] ThirdParty:1030 - CMSIS Pack Vendor :STMicroelectronics X-CUBE-AI 8.1.0
2023-11-02 09:34:21,837 [INFO] ThirdParty:1030 - CMSIS Pack Vendor :STMicroelectronics X-CUBE-AZRTOS-L4 2.0.0
2023-11-02 09:34:21,837 [INFO] ThirdParty:1030 - CMSIS Pack Vendor :STMicroelectronics ThreadX 0.0.2
2023-11-02 09:34:21,837 [INFO] ThirdParty:1030 - CMSIS Pack Vendor :WES I-CUBE-Cesium 1.3.0
2023-11-02 09:34:21,837 [INFO] ThirdParty:1030 - CMSIS Pack Vendor :STMicroelectronics FP-ATR-ASTRA1 2.0.0
2023-11-02 09:34:21,837 [INFO] ThirdParty:1030 - CMSIS Pack Vendor :STMicroelectronics lwIP 2.1.2
2023-11-02 09:34:21,837 [INFO] ThirdParty:1030 - CMSIS Pack Vendor :STMicroelectronics X-CUBE-SFXS2LP1 4.0.0
2023-11-02 09:34:21,837 [INFO] ThirdParty:1030 - CMSIS Pack Vendor :STMicroelectronics X-CUBE-BLE2 3.3.0
2023-11-02 09:34:21,837 [INFO] ThirdParty:1030 - CMSIS Pack Vendor :STMicroelectronics PDM2PCM 3.2.0
2023-11-02 09:34:21,837 [INFO] ThirdParty:841 - exiting critical section [change project]
2023-11-02 09:34:22,052 [ERROR] LogOutputStream:75 - [STDERR_REDIRECT] Exception in thread "AWT-EventQueue-0" java.util.NoSuchElementException: Vector Enumeration
2023-11-02 09:34:22,054 [ERROR] LogOutputStream:75 - [STDERR_REDIRECT] 	at java.base/java.util.Vector$1.nextElement(Vector.java:344)
2023-11-02 09:34:22,055 [ERROR] LogOutputStream:75 - [STDERR_REDIRECT] 	at java.desktop/javax.swing.plaf.basic.BasicTableUI.getPreferredSize(BasicTableUI.java:1790)
2023-11-02 09:34:22,056 [ERROR] LogOutputStream:75 - [STDERR_REDIRECT] 	at java.desktop/javax.swing.JComponent.getPreferredSize(JComponent.java:1725)
2023-11-02 09:34:22,058 [ERROR] LogOutputStream:75 - [STDERR_REDIRECT] 	at java.desktop/javax.swing.ScrollPaneLayout.preferredLayoutSize(ScrollPaneLayout.java:503)
2023-11-02 09:34:22,059 [ERROR] LogOutputStream:75 - [STDERR_REDIRECT] 	at java.desktop/java.awt.Container.preferredSize(Container.java:1826)
2023-11-02 09:34:22,061 [ERROR] LogOutputStream:75 - [STDERR_REDIRECT] 	at java.desktop/java.awt.Container.getPreferredSize(Container.java:1810)
2023-11-02 09:34:22,063 [ERROR] LogOutputStream:75 - [STDERR_REDIRECT] 	at java.desktop/javax.swing.JComponent.getPreferredSize(JComponent.java:1727)
2023-11-02 09:34:22,065 [ERROR] LogOutputStream:75 - [STDERR_REDIRECT] 	at org.jdesktop.swingx.VerticalLayout.preferredLayoutSize(VerticalLayout.java:80)
2023-11-02 09:34:22,067 [ERROR] LogOutputStream:75 - [STDERR_REDIRECT] 	at java.desktop/java.awt.Container.preferredSize(Container.java:1826)
2023-11-02 09:34:22,068 [ERROR] LogOutputStream:75 - [STDERR_REDIRECT] 	at java.desktop/java.awt.Container.getPreferredSize(Container.java:1810)
2023-11-02 09:34:22,070 [ERROR] LogOutputStream:75 - [STDERR_REDIRECT] 	at java.desktop/javax.swing.JComponent.getPreferredSize(JComponent.java:1727)
2023-11-02 09:34:22,073 [ERROR] LogOutputStream:75 - [STDERR_REDIRECT] 	at org.jdesktop.swingx.JXCollapsiblePane$AnimationListener.actionPerformed(JXCollapsiblePane.java:817)
2023-11-02 09:34:22,073 [ERROR] LogOutputStream:75 - [STDERR_REDIRECT] 	at java.desktop/javax.swing.Timer.fireActionPerformed(Timer.java:311)
2023-11-02 09:34:22,074 [ERROR] LogOutputStream:75 - [STDERR_REDIRECT] 	at java.desktop/javax.swing.Timer$DoPostEvent.run(Timer.java:243)
2023-11-02 09:34:22,076 [ERROR] LogOutputStream:75 - [STDERR_REDIRECT] 	at java.desktop/java.awt.event.InvocationEvent.dispatch(InvocationEvent.java:318)
2023-11-02 09:34:22,078 [ERROR] LogOutputStream:75 - [STDERR_REDIRECT] 	at java.desktop/java.awt.EventQueue.dispatchEventImpl(EventQueue.java:771)
2023-11-02 09:34:22,080 [ERROR] LogOutputStream:75 - [STDERR_REDIRECT] 	at java.desktop/java.awt.EventQueue$4.run(EventQueue.java:722)
2023-11-02 09:34:22,081 [ERROR] LogOutputStream:75 - [STDERR_REDIRECT] 	at java.desktop/java.awt.EventQueue$4.run(EventQueue.java:716)
2023-11-02 09:34:22,082 [ERROR] LogOutputStream:75 - [STDERR_REDIRECT] 	at java.base/java.security.AccessController.doPrivileged(AccessController.java:399)
2023-11-02 09:34:22,084 [INFO] PinOutPanel:1499 - setPackage(No Configuration,No Configuration)
2023-11-02 09:34:22,084 [ERROR] LogOutputStream:75 - [STDERR_REDIRECT] 	at java.base/java.security.ProtectionDomain$JavaSecurityAccessImpl.doIntersectionPrivilege(ProtectionDomain.java:86)
2023-11-02 09:34:22,086 [ERROR] LogOutputStream:75 - [STDERR_REDIRECT] 	at java.desktop/java.awt.EventQueue.dispatchEvent(EventQueue.java:741)
2023-11-02 09:34:22,086 [INFO] PinOutPanel:1499 - setPackage(STM32F401RETx,LQFP64)
2023-11-02 09:34:22,087 [ERROR] LogOutputStream:75 - [STDERR_REDIRECT] 	at java.desktop/java.awt.EventDispatchThread.pumpOneEventForFilters(EventDispatchThread.java:203)
2023-11-02 09:34:22,087 [ERROR] LogOutputStream:75 - [STDERR_REDIRECT] 	at java.desktop/java.awt.EventDispatchThread.pumpEventsForFilter(EventDispatchThread.java:124)
2023-11-02 09:34:22,088 [ERROR] LogOutputStream:75 - [STDERR_REDIRECT] 	at java.desktop/java.awt.EventDispatchThread.pumpEventsForFilter(EventDispatchThread.java:117)
2023-11-02 09:34:22,089 [ERROR] LogOutputStream:75 - [STDERR_REDIRECT] 	at java.desktop/java.awt.WaitDispatchSupport$2.run(WaitDispatchSupport.java:191)
2023-11-02 09:34:22,090 [ERROR] LogOutputStream:75 - [STDERR_REDIRECT] 	at java.desktop/java.awt.WaitDispatchSupport$4.run(WaitDispatchSupport.java:236)
2023-11-02 09:34:22,090 [ERROR] LogOutputStream:75 - [STDERR_REDIRECT] 	at java.desktop/java.awt.WaitDispatchSupport$4.run(WaitDispatchSupport.java:234)
2023-11-02 09:34:22,092 [ERROR] LogOutputStream:75 - [STDERR_REDIRECT] 	at java.base/java.security.AccessController.doPrivileged(AccessController.java:318)
2023-11-02 09:34:22,093 [ERROR] LogOutputStream:75 - [STDERR_REDIRECT] 	at java.desktop/java.awt.WaitDispatchSupport.enter(WaitDispatchSupport.java:234)
2023-11-02 09:34:22,093 [ERROR] LogOutputStream:75 - [STDERR_REDIRECT] 	at java.desktop/java.awt.Dialog.show(Dialog.java:1080)
2023-11-02 09:34:22,094 [ERROR] LogOutputStream:75 - [STDERR_REDIRECT] 	at java.desktop/java.awt.Component.show(Component.java:1728)
2023-11-02 09:34:22,094 [ERROR] LogOutputStream:75 - [STDERR_REDIRECT] 	at java.desktop/java.awt.Component.setVisible(Component.java:1675)
2023-11-02 09:34:22,095 [ERROR] LogOutputStream:75 - [STDERR_REDIRECT] 	at java.desktop/java.awt.Window.setVisible(Window.java:1036)
2023-11-02 09:34:22,095 [ERROR] LogOutputStream:75 - [STDERR_REDIRECT] 	at java.desktop/java.awt.Dialog.setVisible(Dialog.java:1016)
2023-11-02 09:34:22,096 [ERROR] LogOutputStream:75 - [STDERR_REDIRECT] 	at com.st.microxplorer.util.ProcessBarDialog.doAction(ProcessBarDialog.java:173)
2023-11-02 09:34:22,097 [ERROR] LogOutputStream:75 - [STDERR_REDIRECT] 	at com.st.microxplorer.mxsystem.MxSystem.completeLoadConfig(MxSystem.java:829)
2023-11-02 09:34:22,098 [ERROR] LogOutputStream:75 - [STDERR_REDIRECT] 	at com.st.microxplorer.plugins.filemanager.engine.OpenFileManager.LoadConfig(OpenFileManager.java:320)
2023-11-02 09:34:22,099 [ERROR] LogOutputStream:75 - [STDERR_REDIRECT] 	at com.st.microxplorer.plugins.filemanager.engine.OpenFileManager.loadConfigurationFile(OpenFileManager.java:246)
2023-11-02 09:34:22,101 [ERROR] LogOutputStream:75 - [STDERR_REDIRECT] 	at com.st.microxplorer.plugins.filemanager.engine.MainFileManager.userLoadConfig(MainFileManager.java:285)
2023-11-02 09:34:22,102 [ERROR] LogOutputStream:75 - [STDERR_REDIRECT] 	at com.st.microxplorer.plugins.filemanager.FileManagerView.getSpecificTask(FileManagerView.java:246)
2023-11-02 09:34:22,103 [ERROR] LogOutputStream:75 - [STDERR_REDIRECT] 	at com.st.stm32cube.common.mx.editor.CubeMxEditor.getMxTabbedPaneInstance(CubeMxEditor.java:1184)
2023-11-02 09:34:22,105 [ERROR] LogOutputStream:75 - [STDERR_REDIRECT] 	at com.st.stm32cube.common.mx.editor.CubeMxEditor$12$1.createSwingComponent(CubeMxEditor.java:1065)
2023-11-02 09:34:22,106 [ERROR] LogOutputStream:75 - [STDERR_REDIRECT] 	at com.st.stm32cube.common.mx.oss.core.awtswtbridge.EmbeddedSwingComposite.doComponentCreation(EmbeddedSwingComposite.java:492)
2023-11-02 09:34:22,107 [ERROR] LogOutputStream:75 - [STDERR_REDIRECT] 	at com.st.stm32cube.common.mx.oss.core.awtswtbridge.EmbeddedSwingComposite$4.run(EmbeddedSwingComposite.java:291)
2023-11-02 09:34:22,108 [ERROR] LogOutputStream:75 - [STDERR_REDIRECT] 	at com.st.stm32cube.common.mx.oss.core.awtswtbridge.AwtEnvironment$2.run(AwtEnvironment.java:166)
2023-11-02 09:34:22,108 [ERROR] LogOutputStream:75 - [STDERR_REDIRECT] 	at java.desktop/java.awt.event.InvocationEvent.dispatch(InvocationEvent.java:318)
2023-11-02 09:34:22,109 [ERROR] LogOutputStream:75 - [STDERR_REDIRECT] 	at java.desktop/java.awt.EventQueue.dispatchEventImpl(EventQueue.java:771)
2023-11-02 09:34:22,109 [ERROR] LogOutputStream:75 - [STDERR_REDIRECT] 	at java.desktop/java.awt.EventQueue$4.run(EventQueue.java:722)
2023-11-02 09:34:22,110 [ERROR] LogOutputStream:75 - [STDERR_REDIRECT] 	at java.desktop/java.awt.EventQueue$4.run(EventQueue.java:716)
2023-11-02 09:34:22,111 [ERROR] LogOutputStream:75 - [STDERR_REDIRECT] 	at java.base/java.security.AccessController.doPrivileged(AccessController.java:399)
2023-11-02 09:34:22,111 [ERROR] LogOutputStream:75 - [STDERR_REDIRECT] 	at java.base/java.security.ProtectionDomain$JavaSecurityAccessImpl.doIntersectionPrivilege(ProtectionDomain.java:86)
2023-11-02 09:34:22,112 [ERROR] LogOutputStream:75 - [STDERR_REDIRECT] 	at java.desktop/java.awt.EventQueue.dispatchEvent(EventQueue.java:741)
2023-11-02 09:34:22,113 [ERROR] LogOutputStream:75 - [STDERR_REDIRECT] 	at java.desktop/java.awt.EventDispatchThread.pumpOneEventForFilters(EventDispatchThread.java:203)
2023-11-02 09:34:22,113 [ERROR] LogOutputStream:75 - [STDERR_REDIRECT] 	at java.desktop/java.awt.EventDispatchThread.pumpEventsForFilter(EventDispatchThread.java:124)
2023-11-02 09:34:22,114 [ERROR] LogOutputStream:75 - [STDERR_REDIRECT] 	at java.desktop/java.awt.EventDispatchThread.pumpEventsForHierarchy(EventDispatchThread.java:113)
2023-11-02 09:34:22,116 [ERROR] LogOutputStream:75 - [STDERR_REDIRECT] 	at java.desktop/java.awt.EventDispatchThread.pumpEvents(EventDispatchThread.java:109)
2023-11-02 09:34:22,117 [ERROR] LogOutputStream:75 - [STDERR_REDIRECT] 	at java.desktop/java.awt.EventDispatchThread.pumpEvents(EventDispatchThread.java:101)
2023-11-02 09:34:22,117 [ERROR] LogOutputStream:75 - [STDERR_REDIRECT] 	at java.desktop/java.awt.EventDispatchThread.run(EventDispatchThread.java:90)
2023-11-02 09:34:22,432 [INFO] UtilMem:75 - Before build in PCC Used Memory: 224329968 Bytes (636485632)
2023-11-02 09:34:23,097 [INFO] UtilMem:75 - After build in PCC Used Memory: 295231888 Bytes (636485632)
2023-11-02 09:34:23,118 [INFO] IPUIPlugin:80 - create IPUIPlugin
2023-11-02 09:34:23,118 [INFO] IPUIPlugin:80 - create IPUIPlugin
2023-11-02 09:34:23,118 [INFO] IPUIPlugin:80 - create IPUIPlugin
2023-11-02 09:34:23,118 [INFO] IPUIPlugin:80 - create IPUIPlugin
2023-11-02 09:34:23,118 [INFO] IPUIPlugin:80 - create IPUIPlugin
2023-11-02 09:34:23,118 [INFO] IPUIPlugin:80 - create IPUIPlugin
2023-11-02 09:34:23,119 [INFO] IPUIPlugin:80 - create IPUIPlugin
2023-11-02 09:34:23,119 [INFO] IPUIPlugin:80 - create IPUIPlugin
2023-11-02 09:34:23,119 [INFO] IPUIPlugin:80 - create IPUIPlugin
2023-11-02 09:34:23,119 [INFO] IPUIPlugin:80 - create IPUIPlugin
2023-11-02 09:34:23,119 [INFO] IPUIPlugin:80 - create IPUIPlugin
2023-11-02 09:34:23,119 [INFO] IPUIPlugin:80 - create IPUIPlugin
2023-11-02 09:34:23,119 [INFO] IPUIPlugin:80 - create IPUIPlugin
2023-11-02 09:34:23,119 [INFO] IPUIPlugin:80 - create IPUIPlugin
2023-11-02 09:34:23,119 [INFO] IPUIPlugin:80 - create IPUIPlugin
2023-11-02 09:34:23,119 [INFO] IPUIPlugin:80 - create IPUIPlugin
2023-11-02 09:34:23,120 [INFO] IPUIPlugin:80 - create IPUIPlugin
2023-11-02 09:34:23,120 [INFO] IPUIPlugin:80 - create IPUIPlugin
2023-11-02 09:34:23,120 [INFO] IPUIPlugin:80 - create IPUIPlugin
2023-11-02 09:34:23,120 [INFO] IPUIPlugin:80 - create IPUIPlugin
2023-11-02 09:34:23,120 [INFO] IPUIPlugin:80 - create IPUIPlugin
2023-11-02 09:34:23,120 [INFO] IPUIPlugin:80 - create IPUIPlugin
2023-11-02 09:34:23,120 [INFO] IPUIPlugin:80 - create IPUIPlugin
2023-11-02 09:34:23,120 [INFO] IPUIPlugin:80 - create IPUIPlugin
2023-11-02 09:34:23,121 [INFO] IPUIPlugin:80 - create IPUIPlugin
2023-11-02 09:34:23,121 [INFO] IPUIPlugin:80 - create IPUIPlugin
2023-11-02 09:34:23,121 [INFO] IPUIPlugin:80 - create IPUIPlugin
2023-11-02 09:34:23,121 [INFO] IPUIPlugin:80 - create IPUIPlugin
2023-11-02 09:34:23,121 [INFO] IPUIPlugin:80 - create IPUIPlugin
2023-11-02 09:34:23,121 [INFO] IPUIPlugin:80 - create IPUIPlugin
2023-11-02 09:34:23,121 [INFO] IPUIPlugin:80 - create IPUIPlugin
2023-11-02 09:34:23,121 [INFO] IPUIPlugin:80 - create IPUIPlugin
2023-11-02 09:34:23,121 [INFO] IPUIPlugin:80 - create IPUIPlugin
2023-11-02 09:34:23,122 [INFO] IPUIPlugin:80 - create IPUIPlugin
2023-11-02 09:34:23,122 [INFO] IPUIPlugin:80 - create IPUIPlugin
2023-11-02 09:34:23,122 [INFO] IPUIPlugin:80 - create IPUIPlugin
2023-11-02 09:34:23,122 [INFO] IPUIPlugin:80 - create IPUIPlugin
2023-11-02 09:34:23,122 [INFO] IPUIPlugin:80 - create IPUIPlugin
2023-11-02 09:34:23,202 [INFO] ApiDbMcu:507 - Load IP Config File for PDM2PCM
2023-11-02 09:34:23,342 [INFO] CADModel:165 - CPN selected for project levelSTM32F401RET6
2023-11-02 09:34:23,342 [INFO] CADModel:114 - Register for checkConnection events
2023-11-02 09:34:23,391 [INFO] OpenFileManager:328 - Restore cursor
2023-11-02 09:42:18,321 [INFO] UtilMem:75 - End SaveConfig() Used Memory: 226416544 Bytes (636485632)
2023-11-02 09:42:18,647 [INFO] BlockDiagram:2759 - set Specific Code input for plugin: SPI
2023-11-02 09:42:18,647 [INFO] BlockDiagram:2759 - set Specific Code input for plugin: NVIC
2023-11-02 09:42:18,647 [INFO] BlockDiagram:2759 - set Specific Code input for plugin: USART
2023-11-02 09:42:18,648 [INFO] BlockDiagram:2759 - set Specific Code input for plugin: SYS
2023-11-02 09:42:18,648 [INFO] BlockDiagram:2759 - set Specific Code input for plugin: GPIO
2023-11-02 09:42:18,648 [INFO] BlockDiagram:2759 - set Specific Code input for plugin: RCC
2023-11-02 09:42:18,649 [INFO] CodeGenerator:799 - code generatio: config db path: C:\ST\STM32CubeIDE_1.13.2\STM32CubeIDE\plugins\com.st.stm32cube.common.mx_6.9.2.202309101412\\db\
2023-11-02 09:42:18,803 [INFO] CodeEngine:255 - oldGeneratedFile, C:\Users\user\STM32CubeIDE\STM32_Leaning\F401RE_SPI\MXTmpFiles\license.tmp_save
2023-11-02 09:42:19,196 [INFO] CodeEngine:279 - Generated code: C:\Users\user\STM32CubeIDE\STM32_Leaning\F401RE_SPI\MXTmpFiles\license.tmp
2023-11-02 09:42:19,251 [INFO] CodeEngine:255 - oldGeneratedFile, C:\Users\user\STM32CubeIDE\STM32_Leaning\F401RE_SPI\Core\Src\gpio.c_save
2023-11-02 09:42:19,398 [INFO] CodeEngine:279 - Generated code: C:\Users\user\STM32CubeIDE\STM32_Leaning\F401RE_SPI\Core\Src\gpio.c
2023-11-02 09:42:19,408 [INFO] CodeEngine:255 - oldGeneratedFile, C:\Users\user\STM32CubeIDE\STM32_Leaning\F401RE_SPI\Core\Inc\gpio.h_save
2023-11-02 09:42:19,480 [INFO] CodeEngine:279 - Generated code: C:\Users\user\STM32CubeIDE\STM32_Leaning\F401RE_SPI\Core\Inc\gpio.h
2023-11-02 09:42:19,628 [INFO] CodeEngine:255 - oldGeneratedFile, C:\Users\user\STM32CubeIDE\STM32_Leaning\F401RE_SPI\Core\Src\spi.c_save
2023-11-02 09:42:19,763 [INFO] CodeEngine:279 - Generated code: C:\Users\user\STM32CubeIDE\STM32_Leaning\F401RE_SPI\Core\Src\spi.c
2023-11-02 09:42:19,773 [INFO] CodeEngine:255 - oldGeneratedFile, C:\Users\user\STM32CubeIDE\STM32_Leaning\F401RE_SPI\Core\Inc\spi.h_save
2023-11-02 09:42:19,829 [INFO] CodeEngine:279 - Generated code: C:\Users\user\STM32CubeIDE\STM32_Leaning\F401RE_SPI\Core\Inc\spi.h
2023-11-02 09:42:19,849 [INFO] CodeEngine:255 - oldGeneratedFile, C:\Users\user\STM32CubeIDE\STM32_Leaning\F401RE_SPI\Core\Src\usart.c_save
2023-11-02 09:42:19,949 [INFO] CodeEngine:279 - Generated code: C:\Users\user\STM32CubeIDE\STM32_Leaning\F401RE_SPI\Core\Src\usart.c
2023-11-02 09:42:19,954 [INFO] CodeEngine:255 - oldGeneratedFile, C:\Users\user\STM32CubeIDE\STM32_Leaning\F401RE_SPI\Core\Inc\usart.h_save
2023-11-02 09:42:20,012 [INFO] CodeEngine:279 - Generated code: C:\Users\user\STM32CubeIDE\STM32_Leaning\F401RE_SPI\Core\Inc\usart.h
2023-11-02 09:42:20,047 [INFO] CodeEngine:255 - oldGeneratedFile, C:\Users\user\STM32CubeIDE\STM32_Leaning\F401RE_SPI\Core\Src\stm32f4xx_it.c_save
2023-11-02 09:42:20,155 [INFO] CodeEngine:279 - Generated code: C:\Users\user\STM32CubeIDE\STM32_Leaning\F401RE_SPI\Core\Src\stm32f4xx_it.c
2023-11-02 09:42:20,165 [INFO] CodeEngine:255 - oldGeneratedFile, C:\Users\user\STM32CubeIDE\STM32_Leaning\F401RE_SPI\Core\Inc\stm32f4xx_it.h_save
2023-11-02 09:42:20,209 [INFO] CodeEngine:279 - Generated code: C:\Users\user\STM32CubeIDE\STM32_Leaning\F401RE_SPI\Core\Inc\stm32f4xx_it.h
2023-11-02 09:42:20,234 [INFO] CodeEngine:255 - oldGeneratedFile, C:\Users\user\STM32CubeIDE\STM32_Leaning\F401RE_SPI\Core\Src\stm32f4xx_hal_msp.c_save
2023-11-02 09:42:20,325 [INFO] CodeEngine:279 - Generated code: C:\Users\user\STM32CubeIDE\STM32_Leaning\F401RE_SPI\Core\Src\stm32f4xx_hal_msp.c
2023-11-02 09:42:20,333 [INFO] CodeEngine:255 - oldGeneratedFile, C:\Users\user\STM32CubeIDE\STM32_Leaning\F401RE_SPI\MXTmpFiles\system.tmp_save
2023-11-02 09:42:20,373 [INFO] CodeEngine:279 - Generated code: C:\Users\user\STM32CubeIDE\STM32_Leaning\F401RE_SPI\MXTmpFiles\system.tmp
2023-11-02 09:42:20,412 [INFO] CodeEngine:311 - oldGeneratedFile, C:\Users\user\STM32CubeIDE\STM32_Leaning\F401RE_SPI\Core\Inc\stm32f4xx_hal_conf.h_save
2023-11-02 09:42:20,505 [INFO] CodeEngine:335 - Generated code: C:\Users\user\STM32CubeIDE\STM32_Leaning\F401RE_SPI\Core\Inc\stm32f4xx_hal_conf.h
2023-11-02 09:42:20,559 [INFO] CodeEngine:255 - oldGeneratedFile, C:\Users\user\STM32CubeIDE\STM32_Leaning\F401RE_SPI\Core\Inc\main.h_save
2023-11-02 09:42:20,709 [INFO] CodeEngine:279 - Generated code: C:\Users\user\STM32CubeIDE\STM32_Leaning\F401RE_SPI\Core\Inc\main.h
2023-11-02 09:42:20,732 [INFO] CodeEngine:255 - oldGeneratedFile, C:\Users\user\STM32CubeIDE\STM32_Leaning\F401RE_SPI\Core\Src\main.c_save
2023-11-02 09:42:20,833 [INFO] CodeEngine:279 - Generated code: C:\Users\user\STM32CubeIDE\STM32_Leaning\F401RE_SPI\Core\Src\main.c
2023-11-02 09:42:21,102 [INFO] ProjectBuilder:3064 - Time for Copy HAL[1] : 87mS.
2023-11-02 09:42:21,106 [INFO] ProjectBuilder:4404 - Project Generator version: 4.1.0
2023-11-02 09:42:21,259 [INFO] ConfigFileManager:1457 - The Die is : DIE433
2023-11-02 09:42:21,277 [INFO] ApiDbMcu:507 - Load IP Config File for FATFS
2023-11-02 09:42:21,290 [INFO] ApiDbMcu:507 - Load IP Config File for FREERTOS
2023-11-02 09:42:21,299 [INFO] ApiDbMcu:507 - Load IP Config File for LIBJPEG
2023-11-02 09:42:21,312 [INFO] ApiDbMcu:507 - Load IP Config File for MBEDTLS
2023-11-02 09:42:21,323 [INFO] ApiDbMcu:507 - Load IP Config File for USB_DEVICE
2023-11-02 09:42:21,334 [INFO] ApiDbMcu:507 - Load IP Config File for USB_HOST
2023-11-02 09:42:21,922 [INFO] LogOutputStream:77 - [STDOUT_REDIRECT] 
2023-11-02 09:42:23,105 [INFO] ProjectBuilder:4626 - Time for Generating toolchain IDE Files: 1999mS.
2023-11-02 09:42:23,106 [INFO] ProjectBuilder:2935 - Time for Copy CMSIS : 1mS.
2023-11-02 09:42:23,107 [INFO] ProjectBuilder:2935 - Time for Copy CMSIS : 0mS.
2023-11-02 10:18:12,733 [INFO] Gpio:273 - dependency for GPIO [RCC, SPI2, SYS, USART2]
2023-11-02 10:18:28,444 [INFO] UtilMem:75 - End SaveConfig() Used Memory: 535170208 Bytes (807403520)
2023-11-02 10:18:30,033 [INFO] UtilMem:75 - End SaveConfig() Used Memory: 570295456 Bytes (807403520)
2023-11-02 10:18:30,138 [INFO] BlockDiagram:2759 - set Specific Code input for plugin: SPI
2023-11-02 10:18:30,138 [INFO] BlockDiagram:2759 - set Specific Code input for plugin: NVIC
2023-11-02 10:18:30,138 [INFO] BlockDiagram:2759 - set Specific Code input for plugin: USART
2023-11-02 10:18:30,138 [INFO] BlockDiagram:2759 - set Specific Code input for plugin: SYS
2023-11-02 10:18:30,138 [INFO] BlockDiagram:2759 - set Specific Code input for plugin: GPIO
2023-11-02 10:18:30,138 [INFO] BlockDiagram:2759 - set Specific Code input for plugin: RCC
2023-11-02 10:18:30,139 [INFO] CodeGenerator:799 - code generatio: config db path: C:\ST\STM32CubeIDE_1.13.2\STM32CubeIDE\plugins\com.st.stm32cube.common.mx_6.9.2.202309101412\\db\
2023-11-02 10:18:30,195 [INFO] CodeEngine:255 - oldGeneratedFile, C:\Users\user\STM32CubeIDE\STM32_Leaning\F401RE_SPI\MXTmpFiles\license.tmp_save
2023-11-02 10:18:30,313 [INFO] CodeEngine:279 - Generated code: C:\Users\user\STM32CubeIDE\STM32_Leaning\F401RE_SPI\MXTmpFiles\license.tmp
2023-11-02 10:18:30,341 [INFO] CodeEngine:255 - oldGeneratedFile, C:\Users\user\STM32CubeIDE\STM32_Leaning\F401RE_SPI\Core\Src\gpio.c_save
2023-11-02 10:18:30,411 [INFO] CodeEngine:279 - Generated code: C:\Users\user\STM32CubeIDE\STM32_Leaning\F401RE_SPI\Core\Src\gpio.c
2023-11-02 10:18:30,424 [INFO] CodeEngine:255 - oldGeneratedFile, C:\Users\user\STM32CubeIDE\STM32_Leaning\F401RE_SPI\Core\Inc\gpio.h_save
2023-11-02 10:18:30,473 [INFO] CodeEngine:279 - Generated code: C:\Users\user\STM32CubeIDE\STM32_Leaning\F401RE_SPI\Core\Inc\gpio.h
2023-11-02 10:18:30,528 [INFO] CodeEngine:255 - oldGeneratedFile, C:\Users\user\STM32CubeIDE\STM32_Leaning\F401RE_SPI\Core\Src\spi.c_save
2023-11-02 10:18:30,618 [INFO] CodeEngine:279 - Generated code: C:\Users\user\STM32CubeIDE\STM32_Leaning\F401RE_SPI\Core\Src\spi.c
2023-11-02 10:18:30,642 [INFO] CodeEngine:255 - oldGeneratedFile, C:\Users\user\STM32CubeIDE\STM32_Leaning\F401RE_SPI\Core\Inc\spi.h_save
2023-11-02 10:18:30,686 [INFO] CodeEngine:279 - Generated code: C:\Users\user\STM32CubeIDE\STM32_Leaning\F401RE_SPI\Core\Inc\spi.h
2023-11-02 10:18:30,706 [INFO] CodeEngine:255 - oldGeneratedFile, C:\Users\user\STM32CubeIDE\STM32_Leaning\F401RE_SPI\Core\Src\usart.c_save
2023-11-02 10:18:30,799 [INFO] CodeEngine:279 - Generated code: C:\Users\user\STM32CubeIDE\STM32_Leaning\F401RE_SPI\Core\Src\usart.c
2023-11-02 10:18:30,802 [INFO] CodeEngine:255 - oldGeneratedFile, C:\Users\user\STM32CubeIDE\STM32_Leaning\F401RE_SPI\Core\Inc\usart.h_save
2023-11-02 10:18:30,859 [INFO] CodeEngine:279 - Generated code: C:\Users\user\STM32CubeIDE\STM32_Leaning\F401RE_SPI\Core\Inc\usart.h
2023-11-02 10:18:30,877 [INFO] CodeEngine:255 - oldGeneratedFile, C:\Users\user\STM32CubeIDE\STM32_Leaning\F401RE_SPI\Core\Src\stm32f4xx_it.c_save
2023-11-02 10:18:31,027 [INFO] CodeEngine:279 - Generated code: C:\Users\user\STM32CubeIDE\STM32_Leaning\F401RE_SPI\Core\Src\stm32f4xx_it.c
2023-11-02 10:18:31,041 [INFO] CodeEngine:255 - oldGeneratedFile, C:\Users\user\STM32CubeIDE\STM32_Leaning\F401RE_SPI\Core\Inc\stm32f4xx_it.h_save
2023-11-02 10:18:31,100 [INFO] CodeEngine:279 - Generated code: C:\Users\user\STM32CubeIDE\STM32_Leaning\F401RE_SPI\Core\Inc\stm32f4xx_it.h
2023-11-02 10:18:31,121 [INFO] CodeEngine:255 - oldGeneratedFile, C:\Users\user\STM32CubeIDE\STM32_Leaning\F401RE_SPI\Core\Src\stm32f4xx_hal_msp.c_save
2023-11-02 10:18:31,234 [INFO] CodeEngine:279 - Generated code: C:\Users\user\STM32CubeIDE\STM32_Leaning\F401RE_SPI\Core\Src\stm32f4xx_hal_msp.c
2023-11-02 10:18:31,236 [INFO] CodeEngine:255 - oldGeneratedFile, C:\Users\user\STM32CubeIDE\STM32_Leaning\F401RE_SPI\MXTmpFiles\system.tmp_save
2023-11-02 10:18:31,266 [INFO] CodeEngine:279 - Generated code: C:\Users\user\STM32CubeIDE\STM32_Leaning\F401RE_SPI\MXTmpFiles\system.tmp
2023-11-02 10:18:31,284 [INFO] CodeEngine:255 - oldGeneratedFile, C:\Users\user\STM32CubeIDE\STM32_Leaning\F401RE_SPI\Core\Src\stm32f4xx_hal_timebase_tim.c_save
2023-11-02 10:18:31,371 [INFO] CodeEngine:279 - Generated code: C:\Users\user\STM32CubeIDE\STM32_Leaning\F401RE_SPI\Core\Src\stm32f4xx_hal_timebase_tim.c
2023-11-02 10:18:31,385 [INFO] CodeEngine:311 - oldGeneratedFile, C:\Users\user\STM32CubeIDE\STM32_Leaning\F401RE_SPI\Core\Inc\stm32f4xx_hal_conf.h_save
2023-11-02 10:18:31,529 [INFO] CodeEngine:335 - Generated code: C:\Users\user\STM32CubeIDE\STM32_Leaning\F401RE_SPI\Core\Inc\stm32f4xx_hal_conf.h
2023-11-02 10:18:31,578 [INFO] CodeEngine:255 - oldGeneratedFile, C:\Users\user\STM32CubeIDE\STM32_Leaning\F401RE_SPI\Core\Inc\main.h_save
2023-11-02 10:18:31,673 [INFO] CodeEngine:279 - Generated code: C:\Users\user\STM32CubeIDE\STM32_Leaning\F401RE_SPI\Core\Inc\main.h
2023-11-02 10:18:31,693 [INFO] CodeEngine:255 - oldGeneratedFile, C:\Users\user\STM32CubeIDE\STM32_Leaning\F401RE_SPI\Core\Src\main.c_save
2023-11-02 10:18:31,778 [INFO] CodeEngine:279 - Generated code: C:\Users\user\STM32CubeIDE\STM32_Leaning\F401RE_SPI\Core\Src\main.c
2023-11-02 10:18:31,991 [INFO] ProjectBuilder:3064 - Time for Copy HAL[1] : 61mS.
2023-11-02 10:18:31,994 [INFO] ProjectBuilder:4404 - Project Generator version: 4.1.0
2023-11-02 10:18:32,074 [INFO] ConfigFileManager:1457 - The Die is : DIE433
2023-11-02 10:18:32,802 [INFO] ProjectBuilder:4626 - Time for Generating toolchain IDE Files: 808mS.
2023-11-02 10:18:32,803 [INFO] ProjectBuilder:2935 - Time for Copy CMSIS : 0mS.
2023-11-02 10:18:32,804 [INFO] ProjectBuilder:2935 - Time for Copy CMSIS : 0mS.
2023-11-02 18:26:51,830 [INFO] UtilMem:75 - End SaveConfig() Used Memory: 314469320 Bytes (688914432)
2023-11-02 18:26:53,028 [INFO] UtilMem:75 - End SaveConfig() Used Memory: 335516176 Bytes (688914432)
2023-11-02 18:26:53,048 [ERROR] RegexParser:59 - Issue caught when parsing regex: null
2023-11-02 18:26:53,131 [INFO] UtilMem:75 - End SaveConfig() Used Memory: 359111184 Bytes (688914432)
2023-11-02 18:26:53,308 [INFO] BlockDiagram:2759 - set Specific Code input for plugin: SPI
2023-11-02 18:26:53,308 [INFO] BlockDiagram:2759 - set Specific Code input for plugin: NVIC
2023-11-02 18:26:53,308 [INFO] BlockDiagram:2759 - set Specific Code input for plugin: USART
2023-11-02 18:26:53,308 [INFO] BlockDiagram:2759 - set Specific Code input for plugin: SYS
2023-11-02 18:26:53,308 [INFO] BlockDiagram:2759 - set Specific Code input for plugin: GPIO
2023-11-02 18:26:53,309 [INFO] BlockDiagram:2759 - set Specific Code input for plugin: RCC
2023-11-02 18:26:53,309 [INFO] CodeGenerator:799 - code generatio: config db path: C:\ST\STM32CubeIDE_1.13.2\STM32CubeIDE\plugins\com.st.stm32cube.common.mx_6.9.2.202309101412\\db\
2023-11-02 18:26:53,432 [INFO] CodeEngine:255 - oldGeneratedFile, C:\Users\user\STM32CubeIDE\STM32_Leaning\F401RE_SPI\MXTmpFiles\license.tmp_save
2023-11-02 18:26:53,529 [INFO] CodeEngine:279 - Generated code: C:\Users\user\STM32CubeIDE\STM32_Leaning\F401RE_SPI\MXTmpFiles\license.tmp
2023-11-02 18:26:53,576 [INFO] CodeEngine:255 - oldGeneratedFile, C:\Users\user\STM32CubeIDE\STM32_Leaning\F401RE_SPI\Core\Src\gpio.c_save
2023-11-02 18:26:53,743 [INFO] CodeEngine:279 - Generated code: C:\Users\user\STM32CubeIDE\STM32_Leaning\F401RE_SPI\Core\Src\gpio.c
2023-11-02 18:26:53,775 [INFO] CodeEngine:255 - oldGeneratedFile, C:\Users\user\STM32CubeIDE\STM32_Leaning\F401RE_SPI\Core\Inc\gpio.h_save
2023-11-02 18:26:53,930 [INFO] CodeEngine:279 - Generated code: C:\Users\user\STM32CubeIDE\STM32_Leaning\F401RE_SPI\Core\Inc\gpio.h
2023-11-02 18:26:54,048 [INFO] CodeEngine:255 - oldGeneratedFile, C:\Users\user\STM32CubeIDE\STM32_Leaning\F401RE_SPI\Core\Src\spi.c_save
2023-11-02 18:26:54,163 [INFO] CodeEngine:279 - Generated code: C:\Users\user\STM32CubeIDE\STM32_Leaning\F401RE_SPI\Core\Src\spi.c
2023-11-02 18:26:54,188 [INFO] CodeEngine:255 - oldGeneratedFile, C:\Users\user\STM32CubeIDE\STM32_Leaning\F401RE_SPI\Core\Inc\spi.h_save
2023-11-02 18:26:54,323 [INFO] CodeEngine:279 - Generated code: C:\Users\user\STM32CubeIDE\STM32_Leaning\F401RE_SPI\Core\Inc\spi.h
2023-11-02 18:26:54,346 [INFO] CodeEngine:255 - oldGeneratedFile, C:\Users\user\STM32CubeIDE\STM32_Leaning\F401RE_SPI\Core\Src\usart.c_save
2023-11-02 18:26:54,433 [INFO] CodeEngine:279 - Generated code: C:\Users\user\STM32CubeIDE\STM32_Leaning\F401RE_SPI\Core\Src\usart.c
2023-11-02 18:26:54,438 [INFO] CodeEngine:255 - oldGeneratedFile, C:\Users\user\STM32CubeIDE\STM32_Leaning\F401RE_SPI\Core\Inc\usart.h_save
2023-11-02 18:26:54,492 [INFO] CodeEngine:279 - Generated code: C:\Users\user\STM32CubeIDE\STM32_Leaning\F401RE_SPI\Core\Inc\usart.h
2023-11-02 18:26:54,509 [INFO] CodeEngine:255 - oldGeneratedFile, C:\Users\user\STM32CubeIDE\STM32_Leaning\F401RE_SPI\Core\Src\stm32f4xx_it.c_save
2023-11-02 18:26:54,655 [INFO] CodeEngine:279 - Generated code: C:\Users\user\STM32CubeIDE\STM32_Leaning\F401RE_SPI\Core\Src\stm32f4xx_it.c
2023-11-02 18:26:54,675 [INFO] CodeEngine:255 - oldGeneratedFile, C:\Users\user\STM32CubeIDE\STM32_Leaning\F401RE_SPI\Core\Inc\stm32f4xx_it.h_save
2023-11-02 18:26:54,742 [INFO] CodeEngine:279 - Generated code: C:\Users\user\STM32CubeIDE\STM32_Leaning\F401RE_SPI\Core\Inc\stm32f4xx_it.h
2023-11-02 18:26:54,761 [INFO] CodeEngine:255 - oldGeneratedFile, C:\Users\user\STM32CubeIDE\STM32_Leaning\F401RE_SPI\Core\Src\stm32f4xx_hal_msp.c_save
2023-11-02 18:26:54,880 [INFO] CodeEngine:279 - Generated code: C:\Users\user\STM32CubeIDE\STM32_Leaning\F401RE_SPI\Core\Src\stm32f4xx_hal_msp.c
2023-11-02 18:26:54,881 [INFO] CodeEngine:255 - oldGeneratedFile, C:\Users\user\STM32CubeIDE\STM32_Leaning\F401RE_SPI\MXTmpFiles\system.tmp_save
2023-11-02 18:26:54,921 [INFO] CodeEngine:279 - Generated code: C:\Users\user\STM32CubeIDE\STM32_Leaning\F401RE_SPI\MXTmpFiles\system.tmp
2023-11-02 18:26:54,939 [INFO] CodeEngine:311 - oldGeneratedFile, C:\Users\user\STM32CubeIDE\STM32_Leaning\F401RE_SPI\Core\Inc\stm32f4xx_hal_conf.h_save
2023-11-02 18:26:55,051 [INFO] CodeEngine:335 - Generated code: C:\Users\user\STM32CubeIDE\STM32_Leaning\F401RE_SPI\Core\Inc\stm32f4xx_hal_conf.h
2023-11-02 18:26:55,117 [INFO] CodeEngine:255 - oldGeneratedFile, C:\Users\user\STM32CubeIDE\STM32_Leaning\F401RE_SPI\Core\Inc\main.h_save
2023-11-02 18:26:55,195 [INFO] CodeEngine:279 - Generated code: C:\Users\user\STM32CubeIDE\STM32_Leaning\F401RE_SPI\Core\Inc\main.h
2023-11-02 18:26:55,211 [INFO] CodeEngine:255 - oldGeneratedFile, C:\Users\user\STM32CubeIDE\STM32_Leaning\F401RE_SPI\Core\Src\main.c_save
2023-11-02 18:26:55,305 [INFO] CodeEngine:279 - Generated code: C:\Users\user\STM32CubeIDE\STM32_Leaning\F401RE_SPI\Core\Src\main.c
2023-11-02 18:26:55,527 [INFO] ProjectBuilder:3064 - Time for Copy HAL[1] : 65mS.
2023-11-02 18:26:55,529 [INFO] ProjectBuilder:4404 - Project Generator version: 4.1.0
2023-11-02 18:26:55,684 [INFO] ConfigFileManager:1457 - The Die is : DIE433
2023-11-02 18:26:56,357 [INFO] ProjectBuilder:4626 - Time for Generating toolchain IDE Files: 828mS.
2023-11-02 18:26:56,358 [INFO] ProjectBuilder:2935 - Time for Copy CMSIS : 0mS.
2023-11-02 18:26:56,361 [INFO] ProjectBuilder:2935 - Time for Copy CMSIS : 1mS.
2023-11-02 19:09:00,780 [ERROR] LogOutputStream:75 - [STDERR_REDIRECT] 
