2023-12-13 18:32:38,084 [INFO] Activator:176 - 


2023-12-13 18:32:38,092 [INFO] Activator:177 - !SESSION log4j initialized
2023-12-13 18:32:50,790 [INFO] LogOutputStream:77 - [STDOUT_REDIRECT] 
2023-12-13 18:32:51,645 [INFO] ApplicationProperties:184 - Using Application install path: C:\ST\STM32CubeIDE_1.13.2\STM32CubeIDE\plugins\com.st.stm32cube.common.mx_6.10.0.202311202037
2023-12-13 18:32:51,667 [INFO] DbMcusXml:78 - Set database path to: C:\ST\STM32CubeIDE_1.13.2\STM32CubeIDE\plugins\com.st.stm32cube.common.mx_6.10.0.202311202037\\db\/mcu/
2023-12-13 18:32:51,667 [INFO] ApiDb:274 - Set plugin database path to: C:\ST\STM32CubeIDE_1.13.2\STM32CubeIDE\plugins\com.st.stm32cube.common.mx_6.10.0.202311202037\\db\/plugins/boardmanager/
2023-12-13 18:32:51,667 [WARN] ApiDb:259 - Overriding images path with different value:  => C:\ST\STM32CubeIDE_1.13.2\STM32CubeIDE\plugins\com.st.stm32cube.common.mx_6.10.0.202311202037\\db\/plugins/mcufinder/images/
2023-12-13 18:32:51,672 [INFO] ApiDb:250 - Set database path to: C:\Users\user\.stmcufinder\plugins\mcufinder//mcu/
2023-12-13 18:32:51,673 [INFO] DbMcusAds:125 - Set database path to: C:\Users\user\.stmcufinder\plugins\mcufinder//mcu/
2023-12-13 18:32:51,675 [INFO] CrossReferenceDbSqlite:203 - Set database path to: C:\Users\user\.stmcufinder\plugins\mcufinder//mcu/cs/
2023-12-13 18:32:51,750 [INFO] RulesReader:64 - Compatibility file has been processed (297 Rules)
2023-12-13 18:32:51,797 [INFO] DbMcusXml:78 - Set database path to: C:\ST\STM32CubeIDE_1.13.2\STM32CubeIDE\plugins\com.st.stm32cube.common.mx_6.10.0.202311202037\\db\/mcu/
2023-12-13 18:32:51,797 [INFO] ApiDb:274 - Set plugin database path to: C:\ST\STM32CubeIDE_1.13.2\STM32CubeIDE\plugins\com.st.stm32cube.common.mx_6.10.0.202311202037\\db\/plugins/boardmanager/
2023-12-13 18:32:51,797 [INFO] ApiDb:261 - Set plugin images path to: C:\ST\STM32CubeIDE_1.13.2\STM32CubeIDE\plugins\com.st.stm32cube.common.mx_6.10.0.202311202037\\db\/plugins/mcufinder/images/
2023-12-13 18:32:51,797 [WARN] DbFile:41 - Overriding database path with different value: C:\Users\user\.stmcufinder\plugins\mcufinder/ => C:\Users\user\.stmcufinder\plugins\mcufinder
2023-12-13 18:32:51,797 [INFO] ApiDb:250 - Set database path to: C:\Users\user\.stmcufinder\plugins\mcufinder//mcu/
2023-12-13 18:32:51,797 [WARN] DbFile:41 - Overriding database path with different value: C:\Users\user\.stmcufinder\plugins\mcufinder/ => C:\Users\user\.stmcufinder\plugins\mcufinder
2023-12-13 18:32:51,797 [INFO] DbMcusAds:125 - Set database path to: C:\Users\user\.stmcufinder\plugins\mcufinder//mcu/
2023-12-13 18:32:51,797 [WARN] DbFile:41 - Overriding database path with different value: C:\Users\user\.stmcufinder\plugins\mcufinder/ => C:\Users\user\.stmcufinder\plugins\mcufinder
2023-12-13 18:32:51,798 [WARN] DbFile:41 - Overriding database path with different value: C:\Users\user\.stmcufinder\plugins\mcufinder/ => C:\Users\user\.stmcufinder\plugins\mcufinder
2023-12-13 18:32:51,798 [INFO] CrossReferenceDbSqlite:203 - Set database path to: C:\Users\user\.stmcufinder\plugins\mcufinder//mcu/cs/
2023-12-13 18:32:51,847 [INFO] MainPanel:264 - HeapMemory: 268435456
2023-12-13 18:32:51,898 [INFO] DbMcusXml:78 - Set database path to: C:\ST\STM32CubeIDE_1.13.2\STM32CubeIDE\plugins\com.st.stm32cube.common.mx_6.10.0.202311202037\\db\/mcu/
2023-12-13 18:32:51,898 [INFO] ApiDb:274 - Set plugin database path to: C:\ST\STM32CubeIDE_1.13.2\STM32CubeIDE\plugins\com.st.stm32cube.common.mx_6.10.0.202311202037\\db\/plugins/boardmanager/
2023-12-13 18:32:51,898 [INFO] ApiDb:261 - Set plugin images path to: C:\ST\STM32CubeIDE_1.13.2\STM32CubeIDE\plugins\com.st.stm32cube.common.mx_6.10.0.202311202037\\db\/plugins/mcufinder/images/
2023-12-13 18:32:51,899 [WARN] DbFile:41 - Overriding database path with different value: C:\Users\user\.stmcufinder\plugins\mcufinder/ => C:\Users\user\.stmcufinder\plugins\mcufinder
2023-12-13 18:32:51,899 [INFO] ApiDb:250 - Set database path to: C:\Users\user\.stmcufinder\plugins\mcufinder//mcu/
2023-12-13 18:32:51,899 [WARN] DbFile:41 - Overriding database path with different value: C:\Users\user\.stmcufinder\plugins\mcufinder/ => C:\Users\user\.stmcufinder\plugins\mcufinder
2023-12-13 18:32:51,899 [INFO] DbMcusAds:125 - Set database path to: C:\Users\user\.stmcufinder\plugins\mcufinder//mcu/
2023-12-13 18:32:51,899 [WARN] DbFile:41 - Overriding database path with different value: C:\Users\user\.stmcufinder\plugins\mcufinder/ => C:\Users\user\.stmcufinder\plugins\mcufinder
2023-12-13 18:32:51,899 [WARN] DbFile:41 - Overriding database path with different value: C:\Users\user\.stmcufinder\plugins\mcufinder/ => C:\Users\user\.stmcufinder\plugins\mcufinder
2023-12-13 18:32:51,899 [INFO] CrossReferenceDbSqlite:203 - Set database path to: C:\Users\user\.stmcufinder\plugins\mcufinder//mcu/cs/
2023-12-13 18:32:51,912 [INFO] ApplicationProperties:184 - Using Application install path: C:\ST\STM32CubeIDE_1.13.2\STM32CubeIDE\plugins\com.st.stm32cube.common.mx_6.10.0.202311202037
2023-12-13 18:32:51,914 [INFO] PluginManage:196 - Search for loadable plugins [exclusion list=, ]
2023-12-13 18:32:51,915 [INFO] PluginManage:310 - Check plugin analytics
2023-12-13 18:32:52,045 [INFO] AnalyticsPlugin:253 - Accepted Software Licenses: 
2023-12-13 18:32:52,045 [INFO] AnalyticsPlugin:255 - Accepted CMSIS Pack Licenses: 
2023-12-13 18:32:52,045 [INFO] AnalyticsPlugin:257 - Accepted Firmware Licenses: FW.F4.1.27.0
2023-12-13 18:32:52,047 [INFO] PluginManage:359 - Loaded plugin analytics (category:tool,tabindex:-1)
2023-12-13 18:32:52,047 [INFO] PluginManage:310 - Check plugin cadmodel
2023-12-13 18:32:52,051 [INFO] CADModel:105 - Init CAD model plugin
2023-12-13 18:32:52,051 [INFO] PluginManage:359 - Loaded plugin cadmodel (category:power,tabindex:5)
2023-12-13 18:32:52,051 [INFO] PluginManage:310 - Check plugin clock
2023-12-13 18:32:52,059 [INFO] PluginManage:359 - Loaded plugin clock (category:base,tabindex:2)
2023-12-13 18:32:52,059 [INFO] PluginManage:310 - Check plugin ddr
2023-12-13 18:32:52,062 [INFO] PluginManage:359 - Loaded plugin ddr (category:tool,tabindex:6)
2023-12-13 18:32:52,062 [INFO] PluginManage:310 - Check plugin filemanager
2023-12-13 18:32:52,180 [INFO] PluginManage:359 - Loaded plugin filemanager (category:base,tabindex:10)
2023-12-13 18:32:52,180 [INFO] PluginManage:310 - Check plugin ipmanager
2023-12-13 18:32:52,185 [INFO] PluginManage:359 - Loaded plugin ipmanager (category:base,tabindex:5)
2023-12-13 18:32:52,185 [INFO] PluginManage:310 - Check plugin lpbam
2023-12-13 18:32:52,192 [INFO] PluginManage:359 - Loaded plugin lpbam (category:base,tabindex:0)
2023-12-13 18:32:52,192 [INFO] PluginManage:310 - Check plugin memorymap
2023-12-13 18:32:52,200 [INFO] PluginManage:359 - Loaded plugin memorymap (category:base,tabindex:4)
2023-12-13 18:32:52,201 [INFO] PluginManage:310 - Check plugin pinoutandconfiguration
2023-12-13 18:32:52,205 [INFO] PluginManage:359 - Loaded plugin pinoutandconfiguration (category:base,tabindex:1)
2023-12-13 18:32:52,206 [INFO] PluginManage:310 - Check plugin pinoutconfig
2023-12-13 18:32:52,264 [WARN] SupportedApi:132 - Cannot load RTOS API schema: s4s-elt-must-match.1: The content of 'definitions' must match (annotation?, (simpleType | complexType)?, (unique | key | keyref)*)). A problem was found starting at: attribute.
2023-12-13 18:32:52,348 [INFO] PluginManage:359 - Loaded plugin pinoutconfig (category:base,tabindex:0)
2023-12-13 18:32:52,348 [INFO] PluginManage:310 - Check plugin power
2023-12-13 18:32:52,353 [INFO] PluginManage:359 - Loaded plugin power (category:power,tabindex:4)
2023-12-13 18:32:52,353 [INFO] PluginManage:310 - Check plugin projectmanager
2023-12-13 18:32:52,365 [INFO] PluginManage:359 - Loaded plugin projectmanager (category:projectmanager,tabindex:3)
2023-12-13 18:32:52,365 [INFO] PluginManage:310 - Check plugin thirdparty
2023-12-13 18:32:52,487 [INFO] PluginManage:359 - Loaded plugin thirdparty (category:base,tabindex:-1)
2023-12-13 18:32:52,487 [WARN] IntegrityCheckThread:84 - waiting for thirdparty lock release [integrity check]
2023-12-13 18:32:52,489 [INFO] PluginManage:310 - Check plugin tools
2023-12-13 18:32:52,489 [INFO] IntegrityCheckThread:86 - entering critical section [integrity check]
2023-12-13 18:32:52,489 [INFO] ThirdPartyUpdaterWithRetryManager:70 - Updater plugin not ready yet. [1/15]
2023-12-13 18:32:52,492 [INFO] PluginManage:359 - Loaded plugin tools (category:base,tabindex:7)
2023-12-13 18:32:52,492 [INFO] PluginManage:310 - Check plugin tutovideos
2023-12-13 18:32:52,655 [INFO] PluginManage:359 - Loaded plugin tutovideos (category:base,tabindex:-1)
2023-12-13 18:32:52,655 [INFO] PluginManage:310 - Check plugin updater
2023-12-13 18:32:52,664 [INFO] PluginManage:359 - Loaded plugin updater (category:base,tabindex:12)
2023-12-13 18:32:52,664 [INFO] PluginManage:310 - Check plugin userauth
2023-12-13 18:32:52,668 [INFO] UserAuth:114 - Init User Auth plugin
2023-12-13 18:32:52,668 [INFO] PluginManage:359 - Loaded plugin userauth (category:base,tabindex:14)
2023-12-13 18:32:52,668 [INFO] PluginManage:283 - PluginManage : Loaded plugins [17]
2023-12-13 18:32:52,800 [INFO] PinOutPanel:1499 - setPackage(No Configuration,No Configuration)
2023-12-13 18:32:52,844 [INFO] CADModel:165 - CPN selected for project level
2023-12-13 18:32:52,844 [INFO] CADModel:114 - Register for checkConnection events
2023-12-13 18:32:52,855 [INFO] IPUIPlugin:80 - create IPUIPlugin
2023-12-13 18:32:52,855 [INFO] PluginManager:220 - loadIPPluginJar : add adc
2023-12-13 18:32:52,857 [INFO] IPUIPlugin:80 - create IPUIPlugin
2023-12-13 18:32:52,857 [INFO] PluginManager:220 - loadIPPluginJar : add aes
2023-12-13 18:32:52,858 [INFO] IPUIPlugin:80 - create IPUIPlugin
2023-12-13 18:32:52,858 [INFO] PluginManager:220 - loadIPPluginJar : add can
2023-12-13 18:32:52,859 [INFO] IPUIPlugin:80 - create IPUIPlugin
2023-12-13 18:32:52,859 [INFO] PluginManager:220 - loadIPPluginJar : add comp
2023-12-13 18:32:52,861 [INFO] IPUIPlugin:80 - create IPUIPlugin
2023-12-13 18:32:52,861 [INFO] PluginManager:220 - loadIPPluginJar : add cryp
2023-12-13 18:32:52,863 [INFO] IPUIPlugin:80 - create IPUIPlugin
2023-12-13 18:32:52,863 [INFO] PluginManager:220 - loadIPPluginJar : add dfsdm
2023-12-13 18:32:52,867 [INFO] IPUIPlugin:80 - create IPUIPlugin
2023-12-13 18:32:52,867 [INFO] PluginManager:220 - loadIPPluginJar : add dma
2023-12-13 18:32:52,869 [INFO] IPUIPlugin:80 - create IPUIPlugin
2023-12-13 18:32:52,869 [INFO] PluginManager:220 - loadIPPluginJar : add dma3
2023-12-13 18:32:52,870 [INFO] IPUIPlugin:80 - create IPUIPlugin
2023-12-13 18:32:52,870 [INFO] PluginManager:220 - loadIPPluginJar : add fatfs
2023-12-13 18:32:52,872 [INFO] IPUIPlugin:80 - create IPUIPlugin
2023-12-13 18:32:52,872 [INFO] PluginManager:220 - loadIPPluginJar : add fmc
2023-12-13 18:32:52,875 [INFO] IPUIPlugin:80 - create IPUIPlugin
2023-12-13 18:32:52,875 [INFO] PluginManager:220 - loadIPPluginJar : add freertos
2023-12-13 18:32:52,876 [INFO] IPUIPlugin:80 - create IPUIPlugin
2023-12-13 18:32:52,876 [INFO] PluginManager:220 - loadIPPluginJar : add genericplugin
2023-12-13 18:32:52,878 [INFO] IPUIPlugin:80 - create IPUIPlugin
2023-12-13 18:32:52,878 [INFO] PluginManager:220 - loadIPPluginJar : add gfxmmu
2023-12-13 18:32:52,881 [INFO] IPUIPlugin:80 - create IPUIPlugin
2023-12-13 18:32:52,881 [INFO] PluginManager:220 - loadIPPluginJar : add gic
2023-12-13 18:32:52,883 [INFO] IPUIPlugin:80 - create IPUIPlugin
2023-12-13 18:32:52,883 [INFO] PluginManager:220 - loadIPPluginJar : add gpio
2023-12-13 18:32:52,885 [INFO] IPUIPlugin:80 - create IPUIPlugin
2023-12-13 18:32:52,885 [INFO] PluginManager:220 - loadIPPluginJar : add gtzc
2023-12-13 18:32:52,885 [INFO] IPUIPlugin:80 - create IPUIPlugin
2023-12-13 18:32:52,885 [INFO] PluginManager:220 - loadIPPluginJar : add hash
2023-12-13 18:32:52,887 [INFO] IPUIPlugin:80 - create IPUIPlugin
2023-12-13 18:32:52,887 [INFO] PluginManager:220 - loadIPPluginJar : add i2c
2023-12-13 18:32:52,888 [INFO] IPUIPlugin:80 - create IPUIPlugin
2023-12-13 18:32:52,888 [INFO] PluginManager:220 - loadIPPluginJar : add i2s
2023-12-13 18:32:52,889 [INFO] IPUIPlugin:80 - create IPUIPlugin
2023-12-13 18:32:52,889 [INFO] PluginManager:220 - loadIPPluginJar : add i3c
2023-12-13 18:32:52,890 [INFO] IPUIPlugin:80 - create IPUIPlugin
2023-12-13 18:32:52,890 [INFO] PluginManager:220 - loadIPPluginJar : add ipddr
2023-12-13 18:32:52,896 [INFO] IPUIPlugin:80 - create IPUIPlugin
2023-12-13 18:32:52,896 [INFO] PluginManager:220 - loadIPPluginJar : add linkedlist
2023-12-13 18:32:52,898 [INFO] IPUIPlugin:80 - create IPUIPlugin
2023-12-13 18:32:52,898 [INFO] PluginManager:220 - loadIPPluginJar : add lorawan
2023-12-13 18:32:52,898 [INFO] IPUIPlugin:80 - create IPUIPlugin
2023-12-13 18:32:52,898 [INFO] PluginManager:220 - loadIPPluginJar : add ltdc
2023-12-13 18:32:52,902 [INFO] IPUIPlugin:80 - create IPUIPlugin
2023-12-13 18:32:52,902 [INFO] PluginManager:220 - loadIPPluginJar : add mdma
2023-12-13 18:32:52,904 [INFO] IPUIPlugin:80 - create IPUIPlugin
2023-12-13 18:32:52,904 [INFO] PluginManager:220 - loadIPPluginJar : add nvic
2023-12-13 18:32:52,905 [INFO] IPUIPlugin:80 - create IPUIPlugin
2023-12-13 18:32:52,905 [INFO] PluginManager:220 - loadIPPluginJar : add opamp
2023-12-13 18:32:52,907 [INFO] IPUIPlugin:80 - create IPUIPlugin
2023-12-13 18:32:52,907 [INFO] PluginManager:220 - loadIPPluginJar : add openamp
2023-12-13 18:32:52,908 [INFO] IPUIPlugin:80 - create IPUIPlugin
2023-12-13 18:32:52,908 [INFO] PluginManager:220 - loadIPPluginJar : add pdm2pcm
2023-12-13 18:32:52,913 [INFO] IPUIPlugin:80 - create IPUIPlugin
2023-12-13 18:32:52,914 [INFO] PluginManager:220 - loadIPPluginJar : add plateformsettings
2023-12-13 18:32:52,915 [INFO] IPUIPlugin:80 - create IPUIPlugin
2023-12-13 18:32:52,915 [INFO] PluginManager:220 - loadIPPluginJar : add quadspi
2023-12-13 18:32:52,917 [INFO] IPUIPlugin:80 - create IPUIPlugin
2023-12-13 18:32:52,917 [INFO] PluginManager:220 - loadIPPluginJar : add resmgrutility
2023-12-13 18:32:52,919 [INFO] IPUIPlugin:80 - create IPUIPlugin
2023-12-13 18:32:52,919 [INFO] PluginManager:220 - loadIPPluginJar : add sai
2023-12-13 18:32:52,920 [INFO] IPUIPlugin:80 - create IPUIPlugin
2023-12-13 18:32:52,920 [INFO] PluginManager:220 - loadIPPluginJar : add spi
2023-12-13 18:32:52,924 [INFO] IPUIPlugin:80 - create IPUIPlugin
2023-12-13 18:32:52,924 [INFO] PluginManager:220 - loadIPPluginJar : add stm32_wpan
2023-12-13 18:32:52,925 [INFO] IPUIPlugin:80 - create IPUIPlugin
2023-12-13 18:32:52,927 [INFO] PluginManager:220 - loadIPPluginJar : add tim
2023-12-13 18:32:52,928 [INFO] IPUIPlugin:80 - create IPUIPlugin
2023-12-13 18:32:52,929 [INFO] PluginManager:220 - loadIPPluginJar : add touchsensing
2023-12-13 18:32:52,930 [INFO] IPUIPlugin:80 - create IPUIPlugin
2023-12-13 18:32:52,930 [INFO] PluginManager:220 - loadIPPluginJar : add tracer_emb
2023-12-13 18:32:52,930 [INFO] IPUIPlugin:80 - create IPUIPlugin
2023-12-13 18:32:52,930 [INFO] PluginManager:220 - loadIPPluginJar : add ts
2023-12-13 18:32:52,932 [INFO] IPUIPlugin:80 - create IPUIPlugin
2023-12-13 18:32:52,932 [INFO] PluginManager:220 - loadIPPluginJar : add tsc
2023-12-13 18:32:52,933 [INFO] IPUIPlugin:80 - create IPUIPlugin
2023-12-13 18:32:52,933 [INFO] PluginManager:220 - loadIPPluginJar : add ucpd
2023-12-13 18:32:52,934 [INFO] IPUIPlugin:80 - create IPUIPlugin
2023-12-13 18:32:52,934 [INFO] PluginManager:220 - loadIPPluginJar : add usart
2023-12-13 18:32:52,936 [INFO] IPUIPlugin:80 - create IPUIPlugin
2023-12-13 18:32:52,936 [INFO] PluginManager:220 - loadIPPluginJar : add usbx
2023-12-13 18:32:53,045 [INFO] CADModel:165 - CPN selected for project level
2023-12-13 18:32:53,045 [INFO] CADModel:114 - Register for checkConnection events
2023-12-13 18:32:53,046 [FATAL] Updater:308 - Updater called before beeing initialized
2023-12-13 18:32:53,046 [ERROR] CADModel:125 - Updater not yet initialized, retry later 
2023-12-13 18:32:53,137 [INFO] CADModel:165 - CPN selected for project level
2023-12-13 18:32:53,137 [INFO] CADModel:114 - Register for checkConnection events
2023-12-13 18:32:53,137 [FATAL] Updater:308 - Updater called before beeing initialized
2023-12-13 18:32:53,137 [ERROR] CADModel:125 - Updater not yet initialized, retry later 
2023-12-13 18:32:53,139 [FATAL] Updater:308 - Updater called before beeing initialized
2023-12-13 18:32:53,210 [FATAL] Updater:308 - Updater called before beeing initialized
2023-12-13 18:32:53,213 [INFO] DbMcusAds:53 - JSON generation date=Tue Mar 07 17:50:55 KST 2023 (1678179055114)
2023-12-13 18:32:53,213 [FATAL] Updater:308 - Updater called before beeing initialized
2023-12-13 18:32:53,233 [WARN] DetailPanel:346 - Failed to get advertising image, set to default
2023-12-13 18:32:53,285 [FATAL] Updater:308 - Updater called before beeing initialized
2023-12-13 18:32:53,287 [FATAL] Updater:308 - Updater called before beeing initialized
2023-12-13 18:32:53,287 [FATAL] Updater:308 - Updater called before beeing initialized
2023-12-13 18:32:53,287 [WARN] DetailPanel:346 - Failed to get advertising image, set to default
2023-12-13 18:32:53,288 [FATAL] Updater:308 - Updater called before beeing initialized
2023-12-13 18:32:53,318 [ERROR] Updater:1120 - MainUpdater not yet initialized. External WinMGr cannot be set.
2023-12-13 18:32:53,319 [INFO] Updater:1056 - Updater Version found : 6.10.0
2023-12-13 18:32:53,334 [INFO] ApplicationProperties:184 - Using Application install path: C:\ST\STM32CubeIDE_1.13.2\STM32CubeIDE\plugins\com.st.stm32cube.common.mx_6.10.0.202311202037
2023-12-13 18:32:54,908 [ERROR] LogOutputStream:75 - [STDERR_REDIRECT] Dec 13, 2023 6:32:54 PM java.util.prefs.WindowsPreferences <init>
2023-12-13 18:32:54,910 [ERROR] LogOutputStream:75 - [STDERR_REDIRECT] WARNING: Could not open/create prefs root node Software\JavaSoft\Prefs at root 0xffffffff80000002. Windows RegCreateKeyEx(...) returned error code 5.
2023-12-13 18:32:54,910 [ERROR] LogOutputStream:75 - [STDERR_REDIRECT] 
2023-12-13 18:32:55,473 [INFO] MainUpdater:2873 - connection check result : 10
2023-12-13 18:32:55,474 [INFO] MainUpdater:290 - Updater Check For Update Now.
2023-12-13 18:32:55,474 [INFO] MicroXplorer:498 - Change Database Version : DB.6.0.100
2023-12-13 18:32:55,478 [INFO] McuFinderGlobals:63 - Set McuFinder mode to 2 (CubeIDE integrated)
2023-12-13 18:32:55,478 [INFO] UserAuth:180 - activating auth plugin
2023-12-13 18:32:55,480 [INFO] UserAuth:404 - Internet connection configuration mode: 1
2023-12-13 18:32:55,490 [WARN] MainUpdater:1194 - Updater busy. Cannot search thirdparties
2023-12-13 18:32:55,490 [INFO] ThirdPartyUpdaterWithRetryManager:96 - Updater plugin is busy. [1/15]
2023-12-13 18:32:55,499 [INFO] JxBrowserEngine:152 - Initiate JxBrowser Engine with user profile folder
2023-12-13 18:32:55,631 [INFO] CheckServerUpdateThread:120 - End of CheckServer Thread
2023-12-13 18:32:55,842 [INFO] WebApp:161 - Instantiating new browser for Auth
2023-12-13 18:32:56,179 [INFO] WebApp:780 - Register for checkConnection events
2023-12-13 18:32:56,179 [INFO] WebApp:414 - Apply proxy settings
2023-12-13 18:32:56,179 [INFO] WebApp:499 - Chromium requires no authentication
2023-12-13 18:32:56,184 [INFO] WebApp:442 - Direct internet connection detected
2023-12-13 18:32:56,264 [INFO] WebApp:192 - Starting web application
2023-12-13 18:32:56,264 [INFO] WebApp:544 - Web application path used C:\ST\STM32CubeIDE_1.13.2\STM32CubeIDE\plugins\com.st.stm32cube.common.mx_6.10.0.202311202037\db\plugins\mcufinder\reactClient1\index.html
2023-12-13 18:32:58,567 [WARN] PackLoader:240 - Cannot read IP mode file for STMicroelectronics.X-CUBE-SMBUS.2.1.0
2023-12-13 18:32:58,591 [WARN] PackLoader:240 - Cannot read IP mode file for STMicroelectronics.X-CUBE-AZRTOS-F7.1.1.0
2023-12-13 18:32:58,612 [WARN] PackLoader:240 - Cannot read IP mode file for STMicroelectronics.FP-SNS-MOTENV1.4.3.2
2023-12-13 18:32:58,620 [WARN] PackLoader:240 - Cannot read IP mode file for STMicroelectronics.FP-SNS-FLIGHT1.5.0.2
2023-12-13 18:32:58,629 [WARN] PackLoader:240 - Cannot read IP mode file for STMicroelectronics.X-CUBE-DISPLAY.3.0.0
2023-12-13 18:32:58,639 [WARN] PackLoader:240 - Cannot read IP mode file for STMicroelectronics.X-CUBE-BLE1.7.0.0
2023-12-13 18:32:58,645 [WARN] PackLoader:240 - Cannot read IP mode file for emotas.I-CUBE-CANOPEN.1.3.0
2023-12-13 18:32:58,650 [WARN] PackLoader:240 - Cannot read IP mode file for STMicroelectronics.X-CUBE-TOUCHGFX.4.22.0
2023-12-13 18:32:58,654 [WARN] PackLoader:240 - Cannot read IP mode file for STMicroelectronics.X-CUBE-TOUCHGFX.4.22.1
2023-12-13 18:32:58,658 [WARN] PackLoader:240 - Cannot read IP mode file for STMicroelectronics.FP-SNS-SMARTAG2.1.2.0
2023-12-13 18:32:58,664 [INFO] LogOutputStream:77 - [STDOUT_REDIRECT] 1 : Invalid condition id : UX_CORESTACK_Condition cause : null
2023-12-13 18:32:58,666 [INFO] LogOutputStream:77 - [STDOUT_REDIRECT] 1 : Invalid condition id : UX_CORESTACK_Condition cause : null
2023-12-13 18:32:58,666 [INFO] LogOutputStream:77 - [STDOUT_REDIRECT] 1 : Invalid condition id : UX_CORESTACK_Condition cause : null
2023-12-13 18:32:58,667 [INFO] LogOutputStream:77 - [STDOUT_REDIRECT] 1 : Invalid condition id : UX_CORESTACK_Condition cause : null
2023-12-13 18:32:58,667 [INFO] LogOutputStream:77 - [STDOUT_REDIRECT] 1 : Invalid condition id : UX_CORESTACK_Condition cause : null
2023-12-13 18:32:58,670 [WARN] PackLoader:240 - Cannot read IP mode file for STMicroelectronics.X-CUBE-AZRTOS-WL.2.0.0
2023-12-13 18:32:58,682 [WARN] PackLoader:240 - Cannot read IP mode file for WES.I-CUBE-Cesium.1.3.0
2023-12-13 18:32:58,689 [WARN] PackLoader:240 - Cannot read IP mode file for STMicroelectronics.X-CUBE-BLE2.3.3.0
2023-12-13 18:32:58,694 [WARN] PackLoader:240 - Cannot read IP mode file for STMicroelectronics.X-CUBE-ALGOBUILD.1.3.0
2023-12-13 18:32:58,708 [WARN] PackLoader:240 - Cannot read IP mode file for STMicroelectronics.X-CUBE-AZRTOS-G0.1.1.0
2023-12-13 18:32:58,716 [WARN] PackLoader:240 - Cannot read IP mode file for STMicroelectronics.X-CUBE-NFC4.3.0.0
2023-12-13 18:32:58,722 [WARN] PackLoader:240 - Cannot read IP mode file for STMicroelectronics.X-CUBE-BLEMGR.3.0.0
2023-12-13 18:32:58,727 [WARN] PackLoader:240 - Cannot read IP mode file for STMicroelectronics.FP-ATR-SIGFOX1.3.2.0
2023-12-13 18:32:58,743 [WARN] PackLoader:240 - Cannot read IP mode file for SEGGER.I-CUBE-embOS.1.3.1
2023-12-13 18:32:58,766 [WARN] PackLoader:240 - Cannot read IP mode file for STMicroelectronics.X-CUBE-GNSS1.6.0.0
2023-12-13 18:32:58,779 [WARN] PackLoader:240 - Cannot read IP mode file for STMicroelectronics.X-CUBE-AZRTOS-F4.1.1.0
2023-12-13 18:32:58,782 [WARN] PackLoader:240 - Cannot read IP mode file for wolfSSL.I-CUBE-wolfSSL.5.6.3
2023-12-13 18:32:58,791 [WARN] PackLoader:240 - Cannot read IP mode file for STMicroelectronics.X-CUBE-AZRTOS-L5.2.0.0
2023-12-13 18:32:58,821 [WARN] PackLoader:240 - Cannot read IP mode file for STMicroelectronics.X-CUBE-MEMS1.9.6.0
2023-12-13 18:32:58,925 [WARN] PackLoader:240 - Cannot read IP mode file for STMicroelectronics.X-CUBE-EEPRMA1.4.2.0
2023-12-13 18:32:58,930 [WARN] PackLoader:240 - Cannot read IP mode file for ITTIA_DB.I-CUBE-ITTIADB.8.8.0
2023-12-13 18:32:58,936 [WARN] PackLoader:240 - Cannot read IP mode file for STMicroelectronics.X-CUBE-BLEMGR.2.0.0
2023-12-13 18:32:58,955 [WARN] ConditionMgr:438 - getConditionDescription Invalid condition id : UX DEVICE CLASS RTOS Condition cause : null
2023-12-13 18:32:58,955 [WARN] ConditionMgr:438 - getConditionDescription Invalid condition id : UX DEVICE CLASS RTOS Condition cause : null
2023-12-13 18:32:58,957 [WARN] PackLoader:240 - Cannot read IP mode file for STMicroelectronics.X-CUBE-AZRTOS-H7.3.1.0
2023-12-13 18:32:58,959 [WARN] ConditionMgr:1039 - genDependencies : Invalid condition id : UX DEVICE CLASS RTOS Condition cause : null
2023-12-13 18:32:58,959 [WARN] ConditionMgr:1039 - genDependencies : Invalid condition id : UX DEVICE CLASS RTOS Condition cause : null
2023-12-13 18:32:58,960 [WARN] ConditionMgr:1039 - genDependencies : Invalid condition id : UX DEVICE CLASS RTOS Condition cause : null
2023-12-13 18:32:58,961 [WARN] ConditionMgr:1039 - genDependencies : Invalid condition id : UX DEVICE CLASS RTOS Condition cause : null
2023-12-13 18:32:58,961 [WARN] ConditionMgr:1039 - genDependencies : Invalid condition id : UX DEVICE CLASS RTOS Condition cause : null
2023-12-13 18:32:58,967 [WARN] PackLoader:240 - Cannot read IP mode file for STMicroelectronics.X-CUBE-NFC7.1.0.1
2023-12-13 18:32:58,974 [WARN] PackLoader:240 - Cannot read IP mode file for STMicroelectronics.X-CUBE-NFC6.3.0.0
2023-12-13 18:32:58,979 [WARN] PackLoader:240 - Cannot read IP mode file for STMicroelectronics.X-CUBE-EEPRMA1.4.1.0
2023-12-13 18:32:58,983 [WARN] PackLoader:240 - Cannot read IP mode file for STMicroelectronics.X-CUBE-AI.8.1.0
2023-12-13 18:32:58,998 [WARN] ConditionMgr:438 - getConditionDescription Invalid condition id : LAN8742 Phy interface Condition cause : null
2023-12-13 18:32:58,999 [WARN] PackLoader:240 - Cannot read IP mode file for STMicroelectronics.X-CUBE-AZRTOS-L4.2.0.0
2023-12-13 18:32:58,999 [WARN] ConditionMgr:1039 - genDependencies : Invalid condition id : LAN8742 Phy interface Condition cause : null
2023-12-13 18:32:59,000 [WARN] ConditionMgr:1039 - genDependencies : Invalid condition id : LAN8742 Phy interface Condition cause : null
2023-12-13 18:32:59,000 [WARN] ConditionMgr:1039 - genDependencies : Invalid condition id : LAN8742 Phy interface Condition cause : null
2023-12-13 18:32:59,007 [WARN] PackLoader:240 - Cannot read IP mode file for STMicroelectronics.X-CUBE-SFXS2LP1.4.0.0
2023-12-13 18:32:59,010 [WARN] PackLoader:240 - Cannot read IP mode file for STMicroelectronics.X-CUBE-ISPU.1.1.0
2023-12-13 18:32:59,019 [WARN] ConditionMgr:438 - getConditionDescription Invalid condition id : UX DEVICE CLASS RTOS Condition cause : null
2023-12-13 18:32:59,019 [WARN] ConditionMgr:438 - getConditionDescription Invalid condition id : UX DEVICE CLASS RTOS Condition cause : null
2023-12-13 18:32:59,021 [WARN] PackLoader:240 - Cannot read IP mode file for STMicroelectronics.X-CUBE-AZRTOS-WB.2.0.0
2023-12-13 18:32:59,022 [WARN] ConditionMgr:1039 - genDependencies : Invalid condition id : UX DEVICE CLASS RTOS Condition cause : null
2023-12-13 18:32:59,022 [WARN] ConditionMgr:1039 - genDependencies : Invalid condition id : UX DEVICE CLASS RTOS Condition cause : null
2023-12-13 18:32:59,022 [WARN] ConditionMgr:1039 - genDependencies : Invalid condition id : UX DEVICE CLASS RTOS Condition cause : null
2023-12-13 18:32:59,022 [WARN] ConditionMgr:1039 - genDependencies : Invalid condition id : UX DEVICE CLASS RTOS Condition cause : null
2023-12-13 18:32:59,022 [WARN] ConditionMgr:1039 - genDependencies : Invalid condition id : UX DEVICE CLASS RTOS Condition cause : null
2023-12-13 18:32:59,032 [WARN] PackLoader:240 - Cannot read IP mode file for STMicroelectronics.X-CUBE-SUBG2.5.0.0
2023-12-13 18:32:59,046 [WARN] PackLoader:240 - Cannot read IP mode file for STMicroelectronics.X-CUBE-TOF1.3.3.1
2023-12-13 18:32:59,058 [WARN] PackLoader:240 - Cannot read IP mode file for STMicroelectronics.X-CUBE-AZRTOS-G4.2.0.0
2023-12-13 18:32:59,068 [WARN] PackLoader:240 - Cannot read IP mode file for Infineon.AIROC-Wi-Fi-Bluetooth-STM32.1.5.1
2023-12-13 18:32:59,073 [WARN] PackLoader:240 - Cannot read IP mode file for STMicroelectronics.FP-SNS-MOTENVWB1.1.3.0
2023-12-13 18:32:59,077 [WARN] PackLoader:240 - Cannot read IP mode file for STMicroelectronics.FP-SNS-MOTENVWB1.1.3.1
2023-12-13 18:32:59,080 [WARN] PackLoader:240 - Cannot read IP mode file for STMicroelectronics.X-CUBE-ISPU.2.0.0
2023-12-13 18:32:59,106 [WARN] PackLoader:240 - Cannot read IP mode file for STMicroelectronics.X-CUBE-MEMS1.10.0.0
2023-12-13 18:32:59,181 [WARN] PackLoader:240 - Cannot read IP mode file for STMicroelectronics.X-CUBE-FREERTOS.1.1.0
2023-12-13 18:32:59,185 [WARN] PackLoader:240 - Cannot read IP mode file for portGmbH.I-Cube-SoM-uGOAL.1.1.0
2023-12-13 18:32:59,188 [WARN] PackLoader:240 - Cannot read IP mode file for STMicroelectronics.X-CUBE-ALS.1.0.1
2023-12-13 18:32:59,192 [WARN] PackLoader:240 - Cannot read IP mode file for STMicroelectronics.FP-ATR-ASTRA1.2.0.0
2023-12-13 18:32:59,198 [WARN] PackLoader:240 - Cannot read IP mode file for STMicroelectronics.X-CUBE-TOF1.3.4.0
2023-12-13 18:32:59,225 [WARN] PackLoader:240 - Cannot read IP mode file for STMicroelectronics.X-CUBE-AZRTOS-H7.3.2.0
2023-12-13 18:32:59,229 [INFO] ThirdParty:978 - Integrity check success = true
2023-12-13 18:32:59,229 [INFO] IntegrityCheckThread:100 - exiting critical section [integrity check]
2023-12-13 18:32:59,229 [INFO] IntegrityCheckThread:103 - End integrity checks thread
2023-12-13 18:33:16,656 [ERROR] LogOutputStream:75 - [STDERR_REDIRECT] SLF4J: Failed to load class "org.slf4j.impl.StaticLoggerBinder".
2023-12-13 18:33:16,657 [ERROR] LogOutputStream:75 - [STDERR_REDIRECT] SLF4J: Defaulting to no-operation (NOP) logger implementation
2023-12-13 18:33:16,658 [ERROR] LogOutputStream:75 - [STDERR_REDIRECT] SLF4J: See http://www.slf4j.org/codes.html#StaticLoggerBinder for further details.
2023-12-13 18:33:40,881 [INFO] McuFinderGlobals:63 - Set McuFinder mode to 2 (CubeIDE integrated)
2023-12-13 18:33:40,884 [INFO] MainUpdater:2873 - connection check result : 10
2023-12-13 18:33:40,884 [INFO] MainUpdater:2873 - connection check result : 10
2023-12-13 18:33:40,906 [INFO] MicroXplorer:468 - Change Database Path : 
2023-12-13 18:33:40,906 [INFO] MicroXplorer:498 - Change Database Version : DB.6.0.100
2023-12-13 18:33:40,909 [WARN] ThirdParty:871 - waiting for thirdparty lock release [close project]
2023-12-13 18:33:40,909 [INFO] ThirdParty:873 - entering critical section [close project]
2023-12-13 18:33:40,909 [INFO] ThirdParty:883 - exiting critical section [close project]
2023-12-13 18:33:40,911 [INFO] PinOutPanel:1499 - setPackage(No Configuration,No Configuration)
2023-12-13 18:33:40,912 [INFO] UtilMem:75 - Begin LoadConfig() Used Memory: 226648896 Bytes (382730240)
2023-12-13 18:33:40,917 [INFO] MicroXplorer:468 - Change Database Path : C:/Users/user/.stm32cubemx/databases/DB.6.0.92/db/
2023-12-13 18:33:40,917 [INFO] MicroXplorer:498 - Change Database Version : DB.6.0.92
2023-12-13 18:33:46,229 [ERROR] LogOutputStream:75 - [STDERR_REDIRECT] Exception in thread "AWT-EventQueue-0" java.awt.IllegalComponentStateException: Native resources unavailable
2023-12-13 18:33:46,229 [ERROR] LogOutputStream:75 - [STDERR_REDIRECT] 	at java.desktop/sun.awt.windows.WWindowPeer.getScreenImOn(Native Method)
2023-12-13 18:33:46,230 [ERROR] LogOutputStream:75 - [STDERR_REDIRECT] 	at java.desktop/sun.awt.windows.WWindowPeer.updateGC(WWindowPeer.java:566)
2023-12-13 18:33:46,231 [ERROR] LogOutputStream:75 - [STDERR_REDIRECT] 	at java.desktop/java.awt.event.InvocationEvent.dispatch(InvocationEvent.java:318)
2023-12-13 18:33:46,231 [ERROR] LogOutputStream:75 - [STDERR_REDIRECT] 	at java.desktop/java.awt.EventQueue.dispatchEventImpl(EventQueue.java:773)
2023-12-13 18:33:46,232 [ERROR] LogOutputStream:75 - [STDERR_REDIRECT] 	at java.desktop/java.awt.EventQueue$4.run(EventQueue.java:720)
2023-12-13 18:33:46,232 [ERROR] LogOutputStream:75 - [STDERR_REDIRECT] 	at java.desktop/java.awt.EventQueue$4.run(EventQueue.java:714)
2023-12-13 18:33:46,234 [ERROR] LogOutputStream:75 - [STDERR_REDIRECT] 	at java.base/java.security.AccessController.doPrivileged(AccessController.java:399)
2023-12-13 18:33:46,235 [ERROR] LogOutputStream:75 - [STDERR_REDIRECT] 	at java.base/java.security.ProtectionDomain$JavaSecurityAccessImpl.doIntersectionPrivilege(ProtectionDomain.java:86)
2023-12-13 18:33:46,236 [ERROR] LogOutputStream:75 - [STDERR_REDIRECT] 	at java.base/java.security.ProtectionDomain$JavaSecurityAccessImpl.doIntersectionPrivilege(ProtectionDomain.java:97)
2023-12-13 18:33:46,236 [ERROR] LogOutputStream:75 - [STDERR_REDIRECT] 	at java.desktop/java.awt.EventQueue$5.run(EventQueue.java:747)
2023-12-13 18:33:46,237 [ERROR] LogOutputStream:75 - [STDERR_REDIRECT] 	at java.desktop/java.awt.EventQueue$5.run(EventQueue.java:745)
2023-12-13 18:33:46,237 [ERROR] LogOutputStream:75 - [STDERR_REDIRECT] 	at java.base/java.security.AccessController.doPrivileged(AccessController.java:399)
2023-12-13 18:33:46,238 [ERROR] LogOutputStream:75 - [STDERR_REDIRECT] 	at java.base/java.security.ProtectionDomain$JavaSecurityAccessImpl.doIntersectionPrivilege(ProtectionDomain.java:86)
2023-12-13 18:33:46,239 [ERROR] LogOutputStream:75 - [STDERR_REDIRECT] 	at java.desktop/java.awt.EventQueue.dispatchEvent(EventQueue.java:744)
2023-12-13 18:33:46,241 [ERROR] LogOutputStream:75 - [STDERR_REDIRECT] 	at java.desktop/java.awt.EventDispatchThread.pumpOneEventForFilters(EventDispatchThread.java:203)
2023-12-13 18:33:46,251 [ERROR] LogOutputStream:75 - [STDERR_REDIRECT] 	at java.desktop/java.awt.EventDispatchThread.pumpEventsForFilter(EventDispatchThread.java:124)
2023-12-13 18:33:46,254 [ERROR] LogOutputStream:75 - [STDERR_REDIRECT] 	at java.desktop/java.awt.EventDispatchThread.pumpEventsForHierarchy(EventDispatchThread.java:113)
2023-12-13 18:33:46,255 [ERROR] LogOutputStream:75 - [STDERR_REDIRECT] 	at java.desktop/java.awt.EventDispatchThread.pumpEvents(EventDispatchThread.java:109)
2023-12-13 18:33:46,258 [ERROR] LogOutputStream:75 - [STDERR_REDIRECT] 	at java.desktop/java.awt.EventDispatchThread.pumpEvents(EventDispatchThread.java:101)
2023-12-13 18:33:46,260 [ERROR] LogOutputStream:75 - [STDERR_REDIRECT] 	at java.desktop/java.awt.EventDispatchThread.run(EventDispatchThread.java:90)
