2023-11-16 10:13:21,665 [INFO] Activator:176 - 


2023-11-16 10:13:21,668 [INFO] Activator:177 - !SESSION log4j initialized
2023-11-16 10:13:26,267 [INFO] LogOutputStream:77 - [STDOUT_REDIRECT] 
2023-11-16 10:13:31,482 [INFO] ApplicationProperties:184 - Using Application install path: C:\ST\STM32CubeIDE_1.13.2\STM32CubeIDE\plugins\com.st.stm32cube.common.mx_6.9.2.202309101412
2023-11-16 10:13:31,495 [INFO] DbMcusXml:78 - Set database path to: C:\ST\STM32CubeIDE_1.13.2\STM32CubeIDE\plugins\com.st.stm32cube.common.mx_6.9.2.202309101412\\db\/mcu/
2023-11-16 10:13:31,496 [INFO] ApiDb:274 - Set plugin database path to: C:\ST\STM32CubeIDE_1.13.2\STM32CubeIDE\plugins\com.st.stm32cube.common.mx_6.9.2.202309101412\\db\/plugins/boardmanager/
2023-11-16 10:13:31,497 [WARN] ApiDb:259 - Overriding images path with different value:  => C:\ST\STM32CubeIDE_1.13.2\STM32CubeIDE\plugins\com.st.stm32cube.common.mx_6.9.2.202309101412\\db\/plugins/mcufinder/images/
2023-11-16 10:13:31,502 [INFO] ApiDb:250 - Set database path to: C:\Users\user\.stmcufinder\plugins\mcufinder//mcu/
2023-11-16 10:13:31,503 [INFO] DbMcusAds:125 - Set database path to: C:\Users\user\.stmcufinder\plugins\mcufinder//mcu/
2023-11-16 10:13:31,505 [INFO] CrossReferenceDbSqlite:203 - Set database path to: C:\Users\user\.stmcufinder\plugins\mcufinder//mcu/cs/
2023-11-16 10:13:31,578 [INFO] RulesReader:64 - Compatibility file has been processed (293 Rules)
2023-11-16 10:13:31,626 [INFO] DbMcusXml:78 - Set database path to: C:\ST\STM32CubeIDE_1.13.2\STM32CubeIDE\plugins\com.st.stm32cube.common.mx_6.9.2.202309101412\\db\/mcu/
2023-11-16 10:13:31,626 [INFO] ApiDb:274 - Set plugin database path to: C:\ST\STM32CubeIDE_1.13.2\STM32CubeIDE\plugins\com.st.stm32cube.common.mx_6.9.2.202309101412\\db\/plugins/boardmanager/
2023-11-16 10:13:31,627 [INFO] ApiDb:261 - Set plugin images path to: C:\ST\STM32CubeIDE_1.13.2\STM32CubeIDE\plugins\com.st.stm32cube.common.mx_6.9.2.202309101412\\db\/plugins/mcufinder/images/
2023-11-16 10:13:31,627 [WARN] DbFile:41 - Overriding database path with different value: C:\Users\user\.stmcufinder\plugins\mcufinder/ => C:\Users\user\.stmcufinder\plugins\mcufinder
2023-11-16 10:13:31,627 [INFO] ApiDb:250 - Set database path to: C:\Users\user\.stmcufinder\plugins\mcufinder//mcu/
2023-11-16 10:13:31,627 [WARN] DbFile:41 - Overriding database path with different value: C:\Users\user\.stmcufinder\plugins\mcufinder/ => C:\Users\user\.stmcufinder\plugins\mcufinder
2023-11-16 10:13:31,627 [INFO] DbMcusAds:125 - Set database path to: C:\Users\user\.stmcufinder\plugins\mcufinder//mcu/
2023-11-16 10:13:31,627 [WARN] DbFile:41 - Overriding database path with different value: C:\Users\user\.stmcufinder\plugins\mcufinder/ => C:\Users\user\.stmcufinder\plugins\mcufinder
2023-11-16 10:13:31,627 [WARN] DbFile:41 - Overriding database path with different value: C:\Users\user\.stmcufinder\plugins\mcufinder/ => C:\Users\user\.stmcufinder\plugins\mcufinder
2023-11-16 10:13:31,627 [INFO] CrossReferenceDbSqlite:203 - Set database path to: C:\Users\user\.stmcufinder\plugins\mcufinder//mcu/cs/
2023-11-16 10:13:31,674 [INFO] MainPanel:262 - HeapMemory: 268435456
2023-11-16 10:13:31,725 [INFO] DbMcusXml:78 - Set database path to: C:\ST\STM32CubeIDE_1.13.2\STM32CubeIDE\plugins\com.st.stm32cube.common.mx_6.9.2.202309101412\\db\/mcu/
2023-11-16 10:13:31,725 [INFO] ApiDb:274 - Set plugin database path to: C:\ST\STM32CubeIDE_1.13.2\STM32CubeIDE\plugins\com.st.stm32cube.common.mx_6.9.2.202309101412\\db\/plugins/boardmanager/
2023-11-16 10:13:31,725 [INFO] ApiDb:261 - Set plugin images path to: C:\ST\STM32CubeIDE_1.13.2\STM32CubeIDE\plugins\com.st.stm32cube.common.mx_6.9.2.202309101412\\db\/plugins/mcufinder/images/
2023-11-16 10:13:31,726 [WARN] DbFile:41 - Overriding database path with different value: C:\Users\user\.stmcufinder\plugins\mcufinder/ => C:\Users\user\.stmcufinder\plugins\mcufinder
2023-11-16 10:13:31,726 [INFO] ApiDb:250 - Set database path to: C:\Users\user\.stmcufinder\plugins\mcufinder//mcu/
2023-11-16 10:13:31,726 [WARN] DbFile:41 - Overriding database path with different value: C:\Users\user\.stmcufinder\plugins\mcufinder/ => C:\Users\user\.stmcufinder\plugins\mcufinder
2023-11-16 10:13:31,726 [INFO] DbMcusAds:125 - Set database path to: C:\Users\user\.stmcufinder\plugins\mcufinder//mcu/
2023-11-16 10:13:31,726 [WARN] DbFile:41 - Overriding database path with different value: C:\Users\user\.stmcufinder\plugins\mcufinder/ => C:\Users\user\.stmcufinder\plugins\mcufinder
2023-11-16 10:13:31,726 [WARN] DbFile:41 - Overriding database path with different value: C:\Users\user\.stmcufinder\plugins\mcufinder/ => C:\Users\user\.stmcufinder\plugins\mcufinder
2023-11-16 10:13:31,726 [INFO] CrossReferenceDbSqlite:203 - Set database path to: C:\Users\user\.stmcufinder\plugins\mcufinder//mcu/cs/
2023-11-16 10:13:31,740 [INFO] ApplicationProperties:184 - Using Application install path: C:\ST\STM32CubeIDE_1.13.2\STM32CubeIDE\plugins\com.st.stm32cube.common.mx_6.9.2.202309101412
2023-11-16 10:13:31,741 [INFO] PluginManage:196 - Search for loadable plugins [exclusion list=, ]
2023-11-16 10:13:31,742 [INFO] PluginManage:310 - Check plugin analytics
2023-11-16 10:13:31,868 [INFO] AnalyticsPlugin:253 - Accepted Software Licenses: 
2023-11-16 10:13:31,868 [INFO] AnalyticsPlugin:255 - Accepted CMSIS Pack Licenses: 
2023-11-16 10:13:31,868 [INFO] AnalyticsPlugin:257 - Accepted Firmware Licenses: FW.F4.1.27.0
2023-11-16 10:13:31,872 [INFO] PluginManage:359 - Loaded plugin analytics (category:tool,tabindex:-1)
2023-11-16 10:13:31,872 [INFO] PluginManage:310 - Check plugin cadmodel
2023-11-16 10:13:31,883 [INFO] CADModel:105 - Init CAD model plugin
2023-11-16 10:13:31,883 [INFO] PluginManage:359 - Loaded plugin cadmodel (category:power,tabindex:5)
2023-11-16 10:13:31,883 [INFO] PluginManage:310 - Check plugin clock
2023-11-16 10:13:31,896 [INFO] PluginManage:359 - Loaded plugin clock (category:base,tabindex:2)
2023-11-16 10:13:31,896 [INFO] PluginManage:310 - Check plugin ddr
2023-11-16 10:13:31,899 [INFO] PluginManage:359 - Loaded plugin ddr (category:tool,tabindex:6)
2023-11-16 10:13:31,899 [INFO] PluginManage:310 - Check plugin filemanager
2023-11-16 10:13:31,993 [INFO] PluginManage:359 - Loaded plugin filemanager (category:base,tabindex:10)
2023-11-16 10:13:31,993 [INFO] PluginManage:310 - Check plugin ipmanager
2023-11-16 10:13:31,997 [INFO] PluginManage:359 - Loaded plugin ipmanager (category:base,tabindex:5)
2023-11-16 10:13:31,997 [INFO] PluginManage:310 - Check plugin lpbam
2023-11-16 10:13:32,008 [INFO] PluginManage:359 - Loaded plugin lpbam (category:base,tabindex:0)
2023-11-16 10:13:32,008 [INFO] PluginManage:310 - Check plugin memorymap
2023-11-16 10:13:32,023 [INFO] PluginManage:359 - Loaded plugin memorymap (category:base,tabindex:4)
2023-11-16 10:13:32,023 [INFO] PluginManage:310 - Check plugin pinoutandconfiguration
2023-11-16 10:13:32,035 [INFO] PluginManage:359 - Loaded plugin pinoutandconfiguration (category:base,tabindex:1)
2023-11-16 10:13:32,035 [INFO] PluginManage:310 - Check plugin pinoutconfig
2023-11-16 10:13:32,095 [WARN] SupportedApi:132 - Cannot load RTOS API schema: s4s-elt-must-match.1: The content of 'definitions' must match (annotation?, (simpleType | complexType)?, (unique | key | keyref)*)). A problem was found starting at: attribute.
2023-11-16 10:13:32,177 [INFO] PluginManage:359 - Loaded plugin pinoutconfig (category:base,tabindex:0)
2023-11-16 10:13:32,178 [INFO] PluginManage:310 - Check plugin power
2023-11-16 10:13:32,188 [INFO] PluginManage:359 - Loaded plugin power (category:power,tabindex:4)
2023-11-16 10:13:32,188 [INFO] PluginManage:310 - Check plugin projectmanager
2023-11-16 10:13:32,197 [INFO] PluginManage:359 - Loaded plugin projectmanager (category:projectmanager,tabindex:3)
2023-11-16 10:13:32,197 [INFO] PluginManage:310 - Check plugin thirdparty
2023-11-16 10:13:32,369 [INFO] PluginManage:359 - Loaded plugin thirdparty (category:base,tabindex:-1)
2023-11-16 10:13:32,369 [INFO] PluginManage:310 - Check plugin tools
2023-11-16 10:13:32,369 [WARN] IntegrityCheckThread:84 - waiting for thirdparty lock release [integrity check]
2023-11-16 10:13:32,369 [INFO] IntegrityCheckThread:86 - entering critical section [integrity check]
2023-11-16 10:13:32,369 [INFO] ThirdPartyUpdaterWithRetryManager:70 - Updater plugin not ready yet. [1/15]
2023-11-16 10:13:32,391 [INFO] PluginManage:359 - Loaded plugin tools (category:base,tabindex:7)
2023-11-16 10:13:32,391 [INFO] PluginManage:310 - Check plugin tutovideos
2023-11-16 10:13:32,506 [INFO] PluginManage:359 - Loaded plugin tutovideos (category:base,tabindex:-1)
2023-11-16 10:13:32,507 [INFO] PluginManage:310 - Check plugin updater
2023-11-16 10:13:32,513 [INFO] PluginManage:359 - Loaded plugin updater (category:base,tabindex:12)
2023-11-16 10:13:32,513 [INFO] PluginManage:310 - Check plugin userauth
2023-11-16 10:13:32,516 [INFO] UserAuth:113 - Init User Auth plugin
2023-11-16 10:13:32,517 [INFO] PluginManage:359 - Loaded plugin userauth (category:base,tabindex:14)
2023-11-16 10:13:32,517 [INFO] PluginManage:283 - PluginManage : Loaded plugins [17]
2023-11-16 10:13:32,669 [INFO] PinOutPanel:1499 - setPackage(No Configuration,No Configuration)
2023-11-16 10:13:32,741 [INFO] CADModel:165 - CPN selected for project level
2023-11-16 10:13:32,741 [INFO] CADModel:114 - Register for checkConnection events
2023-11-16 10:13:32,760 [INFO] IPUIPlugin:80 - create IPUIPlugin
2023-11-16 10:13:32,760 [INFO] PluginManager:220 - loadIPPluginJar : add adc
2023-11-16 10:13:32,782 [INFO] IPUIPlugin:80 - create IPUIPlugin
2023-11-16 10:13:32,782 [INFO] PluginManager:220 - loadIPPluginJar : add aes
2023-11-16 10:13:32,809 [INFO] IPUIPlugin:80 - create IPUIPlugin
2023-11-16 10:13:32,809 [INFO] PluginManager:220 - loadIPPluginJar : add can
2023-11-16 10:13:32,829 [INFO] IPUIPlugin:80 - create IPUIPlugin
2023-11-16 10:13:32,829 [INFO] PluginManager:220 - loadIPPluginJar : add comp
2023-11-16 10:13:32,855 [INFO] IPUIPlugin:80 - create IPUIPlugin
2023-11-16 10:13:32,856 [INFO] PluginManager:220 - loadIPPluginJar : add cryp
2023-11-16 10:13:32,877 [INFO] IPUIPlugin:80 - create IPUIPlugin
2023-11-16 10:13:32,877 [INFO] PluginManager:220 - loadIPPluginJar : add dfsdm
2023-11-16 10:13:32,886 [INFO] IPUIPlugin:80 - create IPUIPlugin
2023-11-16 10:13:32,886 [INFO] PluginManager:220 - loadIPPluginJar : add dma
2023-11-16 10:13:32,912 [INFO] IPUIPlugin:80 - create IPUIPlugin
2023-11-16 10:13:32,914 [INFO] PluginManager:220 - loadIPPluginJar : add dma3
2023-11-16 10:13:32,929 [INFO] IPUIPlugin:80 - create IPUIPlugin
2023-11-16 10:13:32,929 [INFO] PluginManager:220 - loadIPPluginJar : add fatfs
2023-11-16 10:13:32,960 [INFO] IPUIPlugin:80 - create IPUIPlugin
2023-11-16 10:13:32,960 [INFO] PluginManager:220 - loadIPPluginJar : add fmc
2023-11-16 10:13:32,970 [INFO] IPUIPlugin:80 - create IPUIPlugin
2023-11-16 10:13:32,970 [INFO] PluginManager:220 - loadIPPluginJar : add freertos
2023-11-16 10:13:32,984 [INFO] IPUIPlugin:80 - create IPUIPlugin
2023-11-16 10:13:32,985 [INFO] PluginManager:220 - loadIPPluginJar : add genericplugin
2023-11-16 10:13:33,046 [INFO] IPUIPlugin:80 - create IPUIPlugin
2023-11-16 10:13:33,046 [INFO] PluginManager:220 - loadIPPluginJar : add gfxmmu
2023-11-16 10:13:33,133 [INFO] IPUIPlugin:80 - create IPUIPlugin
2023-11-16 10:13:33,133 [INFO] PluginManager:220 - loadIPPluginJar : add gic
2023-11-16 10:13:33,142 [INFO] IPUIPlugin:80 - create IPUIPlugin
2023-11-16 10:13:33,142 [INFO] PluginManager:220 - loadIPPluginJar : add gpio
2023-11-16 10:13:33,199 [INFO] IPUIPlugin:80 - create IPUIPlugin
2023-11-16 10:13:33,200 [INFO] PluginManager:220 - loadIPPluginJar : add gtzc
2023-11-16 10:13:33,221 [INFO] IPUIPlugin:80 - create IPUIPlugin
2023-11-16 10:13:33,221 [INFO] PluginManager:220 - loadIPPluginJar : add hash
2023-11-16 10:13:33,261 [INFO] IPUIPlugin:80 - create IPUIPlugin
2023-11-16 10:13:33,261 [INFO] PluginManager:220 - loadIPPluginJar : add i2c
2023-11-16 10:13:33,290 [INFO] IPUIPlugin:80 - create IPUIPlugin
2023-11-16 10:13:33,290 [INFO] PluginManager:220 - loadIPPluginJar : add i2s
2023-11-16 10:13:33,318 [INFO] IPUIPlugin:80 - create IPUIPlugin
2023-11-16 10:13:33,318 [INFO] PluginManager:220 - loadIPPluginJar : add i3c
2023-11-16 10:13:33,384 [INFO] IPUIPlugin:80 - create IPUIPlugin
2023-11-16 10:13:33,384 [INFO] PluginManager:220 - loadIPPluginJar : add ipddr
2023-11-16 10:13:33,445 [INFO] IPUIPlugin:80 - create IPUIPlugin
2023-11-16 10:13:33,445 [INFO] PluginManager:220 - loadIPPluginJar : add linkedlist
2023-11-16 10:13:33,469 [INFO] IPUIPlugin:80 - create IPUIPlugin
2023-11-16 10:13:33,469 [INFO] PluginManager:220 - loadIPPluginJar : add lorawan
2023-11-16 10:13:33,494 [INFO] IPUIPlugin:80 - create IPUIPlugin
2023-11-16 10:13:33,494 [INFO] PluginManager:220 - loadIPPluginJar : add ltdc
2023-11-16 10:13:33,504 [INFO] IPUIPlugin:80 - create IPUIPlugin
2023-11-16 10:13:33,504 [INFO] PluginManager:220 - loadIPPluginJar : add mdma
2023-11-16 10:13:33,513 [INFO] IPUIPlugin:80 - create IPUIPlugin
2023-11-16 10:13:33,513 [INFO] PluginManager:220 - loadIPPluginJar : add nvic
2023-11-16 10:13:33,537 [INFO] IPUIPlugin:80 - create IPUIPlugin
2023-11-16 10:13:33,537 [INFO] PluginManager:220 - loadIPPluginJar : add opamp
2023-11-16 10:13:33,581 [INFO] IPUIPlugin:80 - create IPUIPlugin
2023-11-16 10:13:33,581 [INFO] PluginManager:220 - loadIPPluginJar : add openamp
2023-11-16 10:13:33,625 [INFO] IPUIPlugin:80 - create IPUIPlugin
2023-11-16 10:13:33,625 [INFO] PluginManager:220 - loadIPPluginJar : add pdm2pcm
2023-11-16 10:13:33,633 [INFO] IPUIPlugin:80 - create IPUIPlugin
2023-11-16 10:13:33,635 [INFO] PluginManager:220 - loadIPPluginJar : add plateformsettings
2023-11-16 10:13:33,648 [INFO] IPUIPlugin:80 - create IPUIPlugin
2023-11-16 10:13:33,648 [INFO] PluginManager:220 - loadIPPluginJar : add quadspi
2023-11-16 10:13:33,655 [INFO] IPUIPlugin:80 - create IPUIPlugin
2023-11-16 10:13:33,655 [INFO] PluginManager:220 - loadIPPluginJar : add resmgrutility
2023-11-16 10:13:33,684 [INFO] IPUIPlugin:80 - create IPUIPlugin
2023-11-16 10:13:33,684 [INFO] PluginManager:220 - loadIPPluginJar : add sai
2023-11-16 10:13:33,706 [INFO] IPUIPlugin:80 - create IPUIPlugin
2023-11-16 10:13:33,707 [INFO] PluginManager:220 - loadIPPluginJar : add spi
2023-11-16 10:13:33,752 [INFO] IPUIPlugin:80 - create IPUIPlugin
2023-11-16 10:13:33,752 [INFO] PluginManager:220 - loadIPPluginJar : add stm32_wpan
2023-11-16 10:13:33,770 [INFO] IPUIPlugin:80 - create IPUIPlugin
2023-11-16 10:13:33,770 [INFO] PluginManager:220 - loadIPPluginJar : add tim
2023-11-16 10:13:33,820 [INFO] IPUIPlugin:80 - create IPUIPlugin
2023-11-16 10:13:33,820 [INFO] PluginManager:220 - loadIPPluginJar : add touchsensing
2023-11-16 10:13:33,833 [INFO] IPUIPlugin:80 - create IPUIPlugin
2023-11-16 10:13:33,833 [INFO] PluginManager:220 - loadIPPluginJar : add tracer_emb
2023-11-16 10:13:33,847 [INFO] IPUIPlugin:80 - create IPUIPlugin
2023-11-16 10:13:33,848 [INFO] PluginManager:220 - loadIPPluginJar : add ts
2023-11-16 10:13:33,861 [INFO] IPUIPlugin:80 - create IPUIPlugin
2023-11-16 10:13:33,861 [INFO] PluginManager:220 - loadIPPluginJar : add tsc
2023-11-16 10:13:33,886 [INFO] IPUIPlugin:80 - create IPUIPlugin
2023-11-16 10:13:33,886 [INFO] PluginManager:220 - loadIPPluginJar : add ucpd
2023-11-16 10:13:33,913 [INFO] IPUIPlugin:80 - create IPUIPlugin
2023-11-16 10:13:33,913 [INFO] PluginManager:220 - loadIPPluginJar : add usart
2023-11-16 10:13:33,947 [INFO] IPUIPlugin:80 - create IPUIPlugin
2023-11-16 10:13:33,947 [INFO] PluginManager:220 - loadIPPluginJar : add usbx
2023-11-16 10:13:34,047 [INFO] CADModel:165 - CPN selected for project level
2023-11-16 10:13:34,047 [INFO] CADModel:114 - Register for checkConnection events
2023-11-16 10:13:34,047 [FATAL] Updater:308 - Updater called before beeing initialized
2023-11-16 10:13:34,047 [ERROR] CADModel:125 - Updater not yet initialized, retry later 
2023-11-16 10:13:34,125 [INFO] CADModel:165 - CPN selected for project level
2023-11-16 10:13:34,125 [INFO] CADModel:114 - Register for checkConnection events
2023-11-16 10:13:34,125 [FATAL] Updater:308 - Updater called before beeing initialized
2023-11-16 10:13:34,125 [ERROR] CADModel:125 - Updater not yet initialized, retry later 
2023-11-16 10:13:34,128 [FATAL] Updater:308 - Updater called before beeing initialized
2023-11-16 10:13:34,187 [FATAL] Updater:308 - Updater called before beeing initialized
2023-11-16 10:13:34,196 [INFO] DbMcusAds:53 - JSON generation date=Tue Mar 07 17:50:55 KST 2023 (1678179055335)
2023-11-16 10:13:34,197 [FATAL] Updater:308 - Updater called before beeing initialized
2023-11-16 10:13:34,250 [WARN] DetailPanel:346 - Failed to get advertising image, set to default
2023-11-16 10:13:34,308 [FATAL] Updater:308 - Updater called before beeing initialized
2023-11-16 10:13:34,309 [FATAL] Updater:308 - Updater called before beeing initialized
2023-11-16 10:13:34,309 [FATAL] Updater:308 - Updater called before beeing initialized
2023-11-16 10:13:34,309 [WARN] DetailPanel:346 - Failed to get advertising image, set to default
2023-11-16 10:13:34,310 [FATAL] Updater:308 - Updater called before beeing initialized
2023-11-16 10:13:34,350 [ERROR] Updater:1120 - MainUpdater not yet initialized. External WinMGr cannot be set.
2023-11-16 10:13:34,357 [INFO] Updater:1056 - Updater Version found : 6.9.2
2023-11-16 10:13:34,369 [INFO] ApplicationProperties:184 - Using Application install path: C:\ST\STM32CubeIDE_1.13.2\STM32CubeIDE\plugins\com.st.stm32cube.common.mx_6.9.2.202309101412
2023-11-16 10:13:34,587 [INFO] MainUpdater:2868 - connection check result : 10
2023-11-16 10:13:34,588 [INFO] MainUpdater:285 - Updater Check For Update Now.
2023-11-16 10:13:34,588 [INFO] MicroXplorer:498 - Change Database Version : DB.6.0.92
2023-11-16 10:13:34,598 [INFO] McuFinderGlobals:63 - Set McuFinder mode to 2 (CubeIDE integrated)
2023-11-16 10:13:34,599 [INFO] UserAuth:179 - activating auth plugin
2023-11-16 10:13:34,601 [INFO] UserAuth:393 - Internet connection configuration mode: 1
2023-11-16 10:13:34,627 [INFO] JxBrowserEngine:151 - Initiate JxBrowser Engine with user profile folder
2023-11-16 10:13:34,757 [INFO] CheckServerUpdateThread:120 - End of CheckServer Thread
2023-11-16 10:13:35,457 [WARN] PackLoader:240 - Cannot read IP mode file for STMicroelectronics.X-CUBE-SMBUS.2.1.0
2023-11-16 10:13:35,490 [WARN] PackLoader:240 - Cannot read IP mode file for STMicroelectronics.X-CUBE-AZRTOS-F7.1.1.0
2023-11-16 10:13:35,505 [WARN] PackLoader:240 - Cannot read IP mode file for STMicroelectronics.FP-SNS-MOTENV1.4.3.2
2023-11-16 10:13:35,518 [WARN] PackLoader:240 - Cannot read IP mode file for STMicroelectronics.FP-SNS-FLIGHT1.5.0.2
2023-11-16 10:13:35,530 [WARN] PackLoader:240 - Cannot read IP mode file for STMicroelectronics.X-CUBE-DISPLAY.3.0.0
2023-11-16 10:13:35,545 [WARN] PackLoader:240 - Cannot read IP mode file for STMicroelectronics.X-CUBE-BLE1.7.0.0
2023-11-16 10:13:35,555 [WARN] PackLoader:240 - Cannot read IP mode file for emotas.I-CUBE-CANOPEN.1.3.0
2023-11-16 10:13:35,569 [WARN] PackLoader:240 - Cannot read IP mode file for STMicroelectronics.X-CUBE-TOUCHGFX.4.22.0
2023-11-16 10:13:35,576 [WARN] PackLoader:240 - Cannot read IP mode file for STMicroelectronics.X-CUBE-TOUCHGFX.4.22.1
2023-11-16 10:13:35,584 [WARN] PackLoader:240 - Cannot read IP mode file for STMicroelectronics.FP-SNS-SMARTAG2.1.2.0
2023-11-16 10:13:35,597 [INFO] LogOutputStream:77 - [STDOUT_REDIRECT] 1 : Invalid condition id : UX_CORESTACK_Condition cause : null
2023-11-16 10:13:35,598 [INFO] LogOutputStream:77 - [STDOUT_REDIRECT] 1 : Invalid condition id : UX_CORESTACK_Condition cause : null
2023-11-16 10:13:35,598 [INFO] LogOutputStream:77 - [STDOUT_REDIRECT] 1 : Invalid condition id : UX_CORESTACK_Condition cause : null
2023-11-16 10:13:35,599 [INFO] LogOutputStream:77 - [STDOUT_REDIRECT] 1 : Invalid condition id : UX_CORESTACK_Condition cause : null
2023-11-16 10:13:35,600 [INFO] LogOutputStream:77 - [STDOUT_REDIRECT] 1 : Invalid condition id : UX_CORESTACK_Condition cause : null
2023-11-16 10:13:35,602 [WARN] PackLoader:240 - Cannot read IP mode file for STMicroelectronics.X-CUBE-AZRTOS-WL.2.0.0
2023-11-16 10:13:35,613 [WARN] PackLoader:240 - Cannot read IP mode file for WES.I-CUBE-Cesium.1.3.0
2023-11-16 10:13:35,622 [WARN] PackLoader:240 - Cannot read IP mode file for STMicroelectronics.X-CUBE-BLE2.3.3.0
2023-11-16 10:13:35,630 [WARN] PackLoader:240 - Cannot read IP mode file for STMicroelectronics.X-CUBE-ALGOBUILD.1.3.0
2023-11-16 10:13:35,651 [WARN] PackLoader:240 - Cannot read IP mode file for STMicroelectronics.X-CUBE-AZRTOS-G0.1.1.0
2023-11-16 10:13:35,662 [WARN] PackLoader:240 - Cannot read IP mode file for STMicroelectronics.X-CUBE-NFC4.3.0.0
2023-11-16 10:13:35,678 [WARN] PackLoader:240 - Cannot read IP mode file for STMicroelectronics.X-CUBE-BLEMGR.3.0.0
2023-11-16 10:13:35,688 [WARN] PackLoader:240 - Cannot read IP mode file for STMicroelectronics.FP-ATR-SIGFOX1.3.2.0
2023-11-16 10:13:35,718 [WARN] PackLoader:240 - Cannot read IP mode file for SEGGER.I-CUBE-embOS.1.3.1
2023-11-16 10:13:35,757 [WARN] PackLoader:240 - Cannot read IP mode file for STMicroelectronics.X-CUBE-GNSS1.6.0.0
2023-11-16 10:13:35,776 [WARN] PackLoader:240 - Cannot read IP mode file for STMicroelectronics.X-CUBE-AZRTOS-F4.1.1.0
2023-11-16 10:13:35,788 [WARN] PackLoader:240 - Cannot read IP mode file for wolfSSL.I-CUBE-wolfSSL.5.6.3
2023-11-16 10:13:35,810 [WARN] PackLoader:240 - Cannot read IP mode file for STMicroelectronics.X-CUBE-AZRTOS-L5.2.0.0
2023-11-16 10:13:35,850 [WARN] PackLoader:240 - Cannot read IP mode file for STMicroelectronics.X-CUBE-MEMS1.9.6.0
2023-11-16 10:13:35,990 [WARN] PackLoader:240 - Cannot read IP mode file for STMicroelectronics.X-CUBE-EEPRMA1.4.2.0
2023-11-16 10:13:36,003 [WARN] PackLoader:240 - Cannot read IP mode file for ITTIA_DB.I-CUBE-ITTIADB.8.8.0
2023-11-16 10:13:36,020 [WARN] PackLoader:240 - Cannot read IP mode file for STMicroelectronics.X-CUBE-BLEMGR.2.0.0
2023-11-16 10:13:36,047 [WARN] ConditionMgr:438 - getConditionDescription Invalid condition id : UX DEVICE CLASS RTOS Condition cause : null
2023-11-16 10:13:36,047 [WARN] ConditionMgr:438 - getConditionDescription Invalid condition id : UX DEVICE CLASS RTOS Condition cause : null
2023-11-16 10:13:36,049 [WARN] PackLoader:240 - Cannot read IP mode file for STMicroelectronics.X-CUBE-AZRTOS-H7.3.1.0
2023-11-16 10:13:36,050 [WARN] ConditionMgr:1039 - genDependencies : Invalid condition id : UX DEVICE CLASS RTOS Condition cause : null
2023-11-16 10:13:36,050 [WARN] ConditionMgr:1039 - genDependencies : Invalid condition id : UX DEVICE CLASS RTOS Condition cause : null
2023-11-16 10:13:36,050 [WARN] ConditionMgr:1039 - genDependencies : Invalid condition id : UX DEVICE CLASS RTOS Condition cause : null
2023-11-16 10:13:36,050 [WARN] ConditionMgr:1039 - genDependencies : Invalid condition id : UX DEVICE CLASS RTOS Condition cause : null
2023-11-16 10:13:36,050 [WARN] ConditionMgr:1039 - genDependencies : Invalid condition id : UX DEVICE CLASS RTOS Condition cause : null
2023-11-16 10:13:36,065 [WARN] PackLoader:240 - Cannot read IP mode file for STMicroelectronics.X-CUBE-NFC7.1.0.1
2023-11-16 10:13:36,078 [WARN] PackLoader:240 - Cannot read IP mode file for STMicroelectronics.X-CUBE-NFC6.3.0.0
2023-11-16 10:13:36,093 [WARN] PackLoader:240 - Cannot read IP mode file for STMicroelectronics.X-CUBE-EEPRMA1.4.1.0
2023-11-16 10:13:36,104 [WARN] PackLoader:240 - Cannot read IP mode file for STMicroelectronics.X-CUBE-AI.8.1.0
2023-11-16 10:13:36,132 [WARN] ConditionMgr:438 - getConditionDescription Invalid condition id : LAN8742 Phy interface Condition cause : null
2023-11-16 10:13:36,133 [WARN] PackLoader:240 - Cannot read IP mode file for STMicroelectronics.X-CUBE-AZRTOS-L4.2.0.0
2023-11-16 10:13:36,134 [WARN] ConditionMgr:1039 - genDependencies : Invalid condition id : LAN8742 Phy interface Condition cause : null
2023-11-16 10:13:36,135 [WARN] ConditionMgr:1039 - genDependencies : Invalid condition id : LAN8742 Phy interface Condition cause : null
2023-11-16 10:13:36,135 [WARN] ConditionMgr:1039 - genDependencies : Invalid condition id : LAN8742 Phy interface Condition cause : null
2023-11-16 10:13:36,148 [WARN] PackLoader:240 - Cannot read IP mode file for STMicroelectronics.X-CUBE-SFXS2LP1.4.0.0
2023-11-16 10:13:36,160 [WARN] PackLoader:240 - Cannot read IP mode file for STMicroelectronics.X-CUBE-ISPU.1.1.0
2023-11-16 10:13:36,184 [WARN] ConditionMgr:438 - getConditionDescription Invalid condition id : UX DEVICE CLASS RTOS Condition cause : null
2023-11-16 10:13:36,184 [WARN] ConditionMgr:438 - getConditionDescription Invalid condition id : UX DEVICE CLASS RTOS Condition cause : null
2023-11-16 10:13:36,187 [WARN] PackLoader:240 - Cannot read IP mode file for STMicroelectronics.X-CUBE-AZRTOS-WB.2.0.0
2023-11-16 10:13:36,188 [WARN] ConditionMgr:1039 - genDependencies : Invalid condition id : UX DEVICE CLASS RTOS Condition cause : null
2023-11-16 10:13:36,188 [WARN] ConditionMgr:1039 - genDependencies : Invalid condition id : UX DEVICE CLASS RTOS Condition cause : null
2023-11-16 10:13:36,188 [WARN] ConditionMgr:1039 - genDependencies : Invalid condition id : UX DEVICE CLASS RTOS Condition cause : null
2023-11-16 10:13:36,189 [WARN] ConditionMgr:1039 - genDependencies : Invalid condition id : UX DEVICE CLASS RTOS Condition cause : null
2023-11-16 10:13:36,189 [WARN] ConditionMgr:1039 - genDependencies : Invalid condition id : UX DEVICE CLASS RTOS Condition cause : null
2023-11-16 10:13:36,208 [WARN] PackLoader:240 - Cannot read IP mode file for STMicroelectronics.X-CUBE-SUBG2.5.0.0
2023-11-16 10:13:36,234 [WARN] PackLoader:240 - Cannot read IP mode file for STMicroelectronics.X-CUBE-TOF1.3.3.1
2023-11-16 10:13:36,276 [WARN] PackLoader:240 - Cannot read IP mode file for STMicroelectronics.X-CUBE-AZRTOS-G4.2.0.0
2023-11-16 10:13:36,313 [WARN] PackLoader:240 - Cannot read IP mode file for Infineon.AIROC-Wi-Fi-Bluetooth-STM32.1.5.1
2023-11-16 10:13:36,353 [WARN] PackLoader:240 - Cannot read IP mode file for STMicroelectronics.FP-SNS-MOTENVWB1.1.3.0
2023-11-16 10:13:36,411 [WARN] PackLoader:240 - Cannot read IP mode file for STMicroelectronics.X-CUBE-MEMS1.10.0.0
2023-11-16 10:13:36,547 [INFO] WebApp:157 - Instantiating new browser for Auth
2023-11-16 10:13:36,582 [WARN] PackLoader:240 - Cannot read IP mode file for STMicroelectronics.X-CUBE-FREERTOS.1.1.0
2023-11-16 10:13:36,608 [WARN] PackLoader:240 - Cannot read IP mode file for portGmbH.I-Cube-SoM-uGOAL.1.1.0
2023-11-16 10:13:36,623 [WARN] PackLoader:240 - Cannot read IP mode file for STMicroelectronics.X-CUBE-ALS.1.0.1
2023-11-16 10:13:36,637 [WARN] PackLoader:240 - Cannot read IP mode file for STMicroelectronics.FP-ATR-ASTRA1.2.0.0
2023-11-16 10:13:36,638 [INFO] ThirdParty:978 - Integrity check success = true
2023-11-16 10:13:36,638 [INFO] IntegrityCheckThread:100 - exiting critical section [integrity check]
2023-11-16 10:13:36,638 [INFO] IntegrityCheckThread:103 - End integrity checks thread
2023-11-16 10:13:37,018 [INFO] WebApp:753 - Register for checkConnection events
2023-11-16 10:13:37,018 [INFO] WebApp:390 - Apply proxy settings
2023-11-16 10:13:37,018 [INFO] WebApp:475 - Chromium requires no authentication
2023-11-16 10:13:37,024 [INFO] WebApp:418 - Direct internet connection detected
2023-11-16 10:13:37,108 [INFO] WebApp:188 - Starting web application
2023-11-16 10:13:37,109 [INFO] WebApp:520 - Web application path used C:\ST\STM32CubeIDE_1.13.2\STM32CubeIDE\plugins\com.st.stm32cube.common.mx_6.9.2.202309101412\db\plugins\mcufinder\reactClient1\index.html
2023-11-16 10:13:57,725 [ERROR] LogOutputStream:75 - [STDERR_REDIRECT] SLF4J: Failed to load class "org.slf4j.impl.StaticLoggerBinder".
2023-11-16 10:13:57,727 [ERROR] LogOutputStream:75 - [STDERR_REDIRECT] SLF4J: Defaulting to no-operation (NOP) logger implementation
2023-11-16 10:13:57,727 [ERROR] LogOutputStream:75 - [STDERR_REDIRECT] SLF4J: See http://www.slf4j.org/codes.html#StaticLoggerBinder for further details.
2023-11-16 18:02:58,124 [ERROR] LogOutputStream:75 - [STDERR_REDIRECT] 
