2023-11-24 10:40:47,640 [INFO] Activator:176 - 


2023-11-24 10:40:47,644 [INFO] Activator:177 - !SESSION log4j initialized
2023-11-24 10:40:59,433 [INFO] LogOutputStream:77 - [STDOUT_REDIRECT] 
2023-11-24 10:41:00,505 [INFO] ApplicationProperties:184 - Using Application install path: C:\ST\STM32CubeIDE_1.13.2\STM32CubeIDE\plugins\com.st.stm32cube.common.mx_6.10.0.202311202037
2023-11-24 10:41:00,518 [INFO] DbMcusXml:78 - Set database path to: C:\ST\STM32CubeIDE_1.13.2\STM32CubeIDE\plugins\com.st.stm32cube.common.mx_6.10.0.202311202037\\db\/mcu/
2023-11-24 10:41:00,518 [INFO] ApiDb:274 - Set plugin database path to: C:\ST\STM32CubeIDE_1.13.2\STM32CubeIDE\plugins\com.st.stm32cube.common.mx_6.10.0.202311202037\\db\/plugins/boardmanager/
2023-11-24 10:41:00,519 [WARN] ApiDb:259 - Overriding images path with different value:  => C:\ST\STM32CubeIDE_1.13.2\STM32CubeIDE\plugins\com.st.stm32cube.common.mx_6.10.0.202311202037\\db\/plugins/mcufinder/images/
2023-11-24 10:41:00,522 [INFO] ApiDb:250 - Set database path to: C:\Users\user\.stmcufinder\plugins\mcufinder//mcu/
2023-11-24 10:41:00,523 [INFO] DbMcusAds:125 - Set database path to: C:\Users\user\.stmcufinder\plugins\mcufinder//mcu/
2023-11-24 10:41:00,524 [INFO] CrossReferenceDbSqlite:203 - Set database path to: C:\Users\user\.stmcufinder\plugins\mcufinder//mcu/cs/
2023-11-24 10:41:00,603 [INFO] RulesReader:64 - Compatibility file has been processed (297 Rules)
2023-11-24 10:41:00,650 [INFO] DbMcusXml:78 - Set database path to: C:\ST\STM32CubeIDE_1.13.2\STM32CubeIDE\plugins\com.st.stm32cube.common.mx_6.10.0.202311202037\\db\/mcu/
2023-11-24 10:41:00,652 [INFO] ApiDb:274 - Set plugin database path to: C:\ST\STM32CubeIDE_1.13.2\STM32CubeIDE\plugins\com.st.stm32cube.common.mx_6.10.0.202311202037\\db\/plugins/boardmanager/
2023-11-24 10:41:00,652 [INFO] ApiDb:261 - Set plugin images path to: C:\ST\STM32CubeIDE_1.13.2\STM32CubeIDE\plugins\com.st.stm32cube.common.mx_6.10.0.202311202037\\db\/plugins/mcufinder/images/
2023-11-24 10:41:00,652 [WARN] DbFile:41 - Overriding database path with different value: C:\Users\user\.stmcufinder\plugins\mcufinder/ => C:\Users\user\.stmcufinder\plugins\mcufinder
2023-11-24 10:41:00,652 [INFO] ApiDb:250 - Set database path to: C:\Users\user\.stmcufinder\plugins\mcufinder//mcu/
2023-11-24 10:41:00,652 [WARN] DbFile:41 - Overriding database path with different value: C:\Users\user\.stmcufinder\plugins\mcufinder/ => C:\Users\user\.stmcufinder\plugins\mcufinder
2023-11-24 10:41:00,652 [INFO] DbMcusAds:125 - Set database path to: C:\Users\user\.stmcufinder\plugins\mcufinder//mcu/
2023-11-24 10:41:00,652 [WARN] DbFile:41 - Overriding database path with different value: C:\Users\user\.stmcufinder\plugins\mcufinder/ => C:\Users\user\.stmcufinder\plugins\mcufinder
2023-11-24 10:41:00,652 [WARN] DbFile:41 - Overriding database path with different value: C:\Users\user\.stmcufinder\plugins\mcufinder/ => C:\Users\user\.stmcufinder\plugins\mcufinder
2023-11-24 10:41:00,652 [INFO] CrossReferenceDbSqlite:203 - Set database path to: C:\Users\user\.stmcufinder\plugins\mcufinder//mcu/cs/
2023-11-24 10:41:00,702 [INFO] MainPanel:264 - HeapMemory: 268435456
2023-11-24 10:41:00,745 [INFO] DbMcusXml:78 - Set database path to: C:\ST\STM32CubeIDE_1.13.2\STM32CubeIDE\plugins\com.st.stm32cube.common.mx_6.10.0.202311202037\\db\/mcu/
2023-11-24 10:41:00,745 [INFO] ApiDb:274 - Set plugin database path to: C:\ST\STM32CubeIDE_1.13.2\STM32CubeIDE\plugins\com.st.stm32cube.common.mx_6.10.0.202311202037\\db\/plugins/boardmanager/
2023-11-24 10:41:00,745 [INFO] ApiDb:261 - Set plugin images path to: C:\ST\STM32CubeIDE_1.13.2\STM32CubeIDE\plugins\com.st.stm32cube.common.mx_6.10.0.202311202037\\db\/plugins/mcufinder/images/
2023-11-24 10:41:00,746 [WARN] DbFile:41 - Overriding database path with different value: C:\Users\user\.stmcufinder\plugins\mcufinder/ => C:\Users\user\.stmcufinder\plugins\mcufinder
2023-11-24 10:41:00,746 [INFO] ApiDb:250 - Set database path to: C:\Users\user\.stmcufinder\plugins\mcufinder//mcu/
2023-11-24 10:41:00,746 [WARN] DbFile:41 - Overriding database path with different value: C:\Users\user\.stmcufinder\plugins\mcufinder/ => C:\Users\user\.stmcufinder\plugins\mcufinder
2023-11-24 10:41:00,746 [INFO] DbMcusAds:125 - Set database path to: C:\Users\user\.stmcufinder\plugins\mcufinder//mcu/
2023-11-24 10:41:00,746 [WARN] DbFile:41 - Overriding database path with different value: C:\Users\user\.stmcufinder\plugins\mcufinder/ => C:\Users\user\.stmcufinder\plugins\mcufinder
2023-11-24 10:41:00,746 [WARN] DbFile:41 - Overriding database path with different value: C:\Users\user\.stmcufinder\plugins\mcufinder/ => C:\Users\user\.stmcufinder\plugins\mcufinder
2023-11-24 10:41:00,746 [INFO] CrossReferenceDbSqlite:203 - Set database path to: C:\Users\user\.stmcufinder\plugins\mcufinder//mcu/cs/
2023-11-24 10:41:00,757 [INFO] ApplicationProperties:184 - Using Application install path: C:\ST\STM32CubeIDE_1.13.2\STM32CubeIDE\plugins\com.st.stm32cube.common.mx_6.10.0.202311202037
2023-11-24 10:41:00,758 [INFO] PluginManage:196 - Search for loadable plugins [exclusion list=, ]
2023-11-24 10:41:00,759 [INFO] PluginManage:310 - Check plugin analytics
2023-11-24 10:41:00,890 [INFO] AnalyticsPlugin:253 - Accepted Software Licenses: 
2023-11-24 10:41:00,890 [INFO] AnalyticsPlugin:255 - Accepted CMSIS Pack Licenses: 
2023-11-24 10:41:00,890 [INFO] AnalyticsPlugin:257 - Accepted Firmware Licenses: FW.F4.1.27.0
2023-11-24 10:41:00,892 [INFO] PluginManage:359 - Loaded plugin analytics (category:tool,tabindex:-1)
2023-11-24 10:41:00,892 [INFO] PluginManage:310 - Check plugin cadmodel
2023-11-24 10:41:00,902 [INFO] CADModel:105 - Init CAD model plugin
2023-11-24 10:41:00,902 [INFO] PluginManage:359 - Loaded plugin cadmodel (category:power,tabindex:5)
2023-11-24 10:41:00,902 [INFO] PluginManage:310 - Check plugin clock
2023-11-24 10:41:00,912 [INFO] PluginManage:359 - Loaded plugin clock (category:base,tabindex:2)
2023-11-24 10:41:00,913 [INFO] PluginManage:310 - Check plugin ddr
2023-11-24 10:41:00,914 [INFO] PluginManage:359 - Loaded plugin ddr (category:tool,tabindex:6)
2023-11-24 10:41:00,914 [INFO] PluginManage:310 - Check plugin filemanager
2023-11-24 10:41:01,002 [INFO] PluginManage:359 - Loaded plugin filemanager (category:base,tabindex:10)
2023-11-24 10:41:01,002 [INFO] PluginManage:310 - Check plugin ipmanager
2023-11-24 10:41:01,007 [INFO] PluginManage:359 - Loaded plugin ipmanager (category:base,tabindex:5)
2023-11-24 10:41:01,007 [INFO] PluginManage:310 - Check plugin lpbam
2023-11-24 10:41:01,017 [INFO] PluginManage:359 - Loaded plugin lpbam (category:base,tabindex:0)
2023-11-24 10:41:01,017 [INFO] PluginManage:310 - Check plugin memorymap
2023-11-24 10:41:01,030 [INFO] PluginManage:359 - Loaded plugin memorymap (category:base,tabindex:4)
2023-11-24 10:41:01,030 [INFO] PluginManage:310 - Check plugin pinoutandconfiguration
2023-11-24 10:41:01,039 [INFO] PluginManage:359 - Loaded plugin pinoutandconfiguration (category:base,tabindex:1)
2023-11-24 10:41:01,039 [INFO] PluginManage:310 - Check plugin pinoutconfig
2023-11-24 10:41:01,092 [WARN] SupportedApi:132 - Cannot load RTOS API schema: s4s-elt-must-match.1: The content of 'definitions' must match (annotation?, (simpleType | complexType)?, (unique | key | keyref)*)). A problem was found starting at: attribute.
2023-11-24 10:41:01,203 [INFO] PluginManage:359 - Loaded plugin pinoutconfig (category:base,tabindex:0)
2023-11-24 10:41:01,203 [INFO] PluginManage:310 - Check plugin power
2023-11-24 10:41:01,212 [INFO] PluginManage:359 - Loaded plugin power (category:power,tabindex:4)
2023-11-24 10:41:01,212 [INFO] PluginManage:310 - Check plugin projectmanager
2023-11-24 10:41:01,222 [INFO] PluginManage:359 - Loaded plugin projectmanager (category:projectmanager,tabindex:3)
2023-11-24 10:41:01,224 [INFO] PluginManage:310 - Check plugin thirdparty
2023-11-24 10:41:01,382 [INFO] PluginManage:359 - Loaded plugin thirdparty (category:base,tabindex:-1)
2023-11-24 10:41:01,382 [INFO] PluginManage:310 - Check plugin tools
2023-11-24 10:41:01,382 [WARN] IntegrityCheckThread:84 - waiting for thirdparty lock release [integrity check]
2023-11-24 10:41:01,391 [INFO] IntegrityCheckThread:86 - entering critical section [integrity check]
2023-11-24 10:41:01,391 [INFO] ThirdPartyUpdaterWithRetryManager:70 - Updater plugin not ready yet. [1/15]
2023-11-24 10:41:01,403 [INFO] PluginManage:359 - Loaded plugin tools (category:base,tabindex:7)
2023-11-24 10:41:01,403 [INFO] PluginManage:310 - Check plugin tutovideos
2023-11-24 10:41:01,518 [INFO] PluginManage:359 - Loaded plugin tutovideos (category:base,tabindex:-1)
2023-11-24 10:41:01,518 [INFO] PluginManage:310 - Check plugin updater
2023-11-24 10:41:01,524 [INFO] PluginManage:359 - Loaded plugin updater (category:base,tabindex:12)
2023-11-24 10:41:01,524 [INFO] PluginManage:310 - Check plugin userauth
2023-11-24 10:41:01,527 [INFO] UserAuth:114 - Init User Auth plugin
2023-11-24 10:41:01,527 [INFO] PluginManage:359 - Loaded plugin userauth (category:base,tabindex:14)
2023-11-24 10:41:01,528 [INFO] PluginManage:283 - PluginManage : Loaded plugins [17]
2023-11-24 10:41:01,665 [INFO] PinOutPanel:1499 - setPackage(No Configuration,No Configuration)
2023-11-24 10:41:01,709 [INFO] CADModel:165 - CPN selected for project level
2023-11-24 10:41:01,710 [INFO] CADModel:114 - Register for checkConnection events
2023-11-24 10:41:01,724 [INFO] IPUIPlugin:80 - create IPUIPlugin
2023-11-24 10:41:01,724 [INFO] PluginManager:220 - loadIPPluginJar : add adc
2023-11-24 10:41:01,744 [INFO] IPUIPlugin:80 - create IPUIPlugin
2023-11-24 10:41:01,745 [INFO] PluginManager:220 - loadIPPluginJar : add aes
2023-11-24 10:41:01,767 [INFO] IPUIPlugin:80 - create IPUIPlugin
2023-11-24 10:41:01,767 [INFO] PluginManager:220 - loadIPPluginJar : add can
2023-11-24 10:41:01,781 [INFO] IPUIPlugin:80 - create IPUIPlugin
2023-11-24 10:41:01,782 [INFO] PluginManager:220 - loadIPPluginJar : add comp
2023-11-24 10:41:01,800 [INFO] IPUIPlugin:80 - create IPUIPlugin
2023-11-24 10:41:01,800 [INFO] PluginManager:220 - loadIPPluginJar : add cryp
2023-11-24 10:41:01,818 [INFO] IPUIPlugin:80 - create IPUIPlugin
2023-11-24 10:41:01,818 [INFO] PluginManager:220 - loadIPPluginJar : add dfsdm
2023-11-24 10:41:01,826 [INFO] IPUIPlugin:80 - create IPUIPlugin
2023-11-24 10:41:01,826 [INFO] PluginManager:220 - loadIPPluginJar : add dma
2023-11-24 10:41:01,856 [INFO] IPUIPlugin:80 - create IPUIPlugin
2023-11-24 10:41:01,856 [INFO] PluginManager:220 - loadIPPluginJar : add dma3
2023-11-24 10:41:01,869 [INFO] IPUIPlugin:80 - create IPUIPlugin
2023-11-24 10:41:01,869 [INFO] PluginManager:220 - loadIPPluginJar : add fatfs
2023-11-24 10:41:01,899 [INFO] IPUIPlugin:80 - create IPUIPlugin
2023-11-24 10:41:01,899 [INFO] PluginManager:220 - loadIPPluginJar : add fmc
2023-11-24 10:41:01,909 [INFO] IPUIPlugin:80 - create IPUIPlugin
2023-11-24 10:41:01,909 [INFO] PluginManager:220 - loadIPPluginJar : add freertos
2023-11-24 10:41:01,921 [INFO] IPUIPlugin:80 - create IPUIPlugin
2023-11-24 10:41:01,921 [INFO] PluginManager:220 - loadIPPluginJar : add genericplugin
2023-11-24 10:41:01,974 [INFO] IPUIPlugin:80 - create IPUIPlugin
2023-11-24 10:41:01,975 [INFO] PluginManager:220 - loadIPPluginJar : add gfxmmu
2023-11-24 10:41:02,049 [INFO] IPUIPlugin:80 - create IPUIPlugin
2023-11-24 10:41:02,050 [INFO] PluginManager:220 - loadIPPluginJar : add gic
2023-11-24 10:41:02,058 [INFO] IPUIPlugin:80 - create IPUIPlugin
2023-11-24 10:41:02,058 [INFO] PluginManager:220 - loadIPPluginJar : add gpio
2023-11-24 10:41:02,114 [INFO] IPUIPlugin:80 - create IPUIPlugin
2023-11-24 10:41:02,114 [INFO] PluginManager:220 - loadIPPluginJar : add gtzc
2023-11-24 10:41:02,136 [INFO] IPUIPlugin:80 - create IPUIPlugin
2023-11-24 10:41:02,136 [INFO] PluginManager:220 - loadIPPluginJar : add hash
2023-11-24 10:41:02,167 [INFO] IPUIPlugin:80 - create IPUIPlugin
2023-11-24 10:41:02,167 [INFO] PluginManager:220 - loadIPPluginJar : add i2c
2023-11-24 10:41:02,189 [INFO] IPUIPlugin:80 - create IPUIPlugin
2023-11-24 10:41:02,189 [INFO] PluginManager:220 - loadIPPluginJar : add i2s
2023-11-24 10:41:02,212 [INFO] IPUIPlugin:80 - create IPUIPlugin
2023-11-24 10:41:02,212 [INFO] PluginManager:220 - loadIPPluginJar : add i3c
2023-11-24 10:41:02,279 [INFO] IPUIPlugin:80 - create IPUIPlugin
2023-11-24 10:41:02,279 [INFO] PluginManager:220 - loadIPPluginJar : add ipddr
2023-11-24 10:41:02,332 [INFO] IPUIPlugin:80 - create IPUIPlugin
2023-11-24 10:41:02,333 [INFO] PluginManager:220 - loadIPPluginJar : add linkedlist
2023-11-24 10:41:02,358 [INFO] IPUIPlugin:80 - create IPUIPlugin
2023-11-24 10:41:02,358 [INFO] PluginManager:220 - loadIPPluginJar : add lorawan
2023-11-24 10:41:02,379 [INFO] IPUIPlugin:80 - create IPUIPlugin
2023-11-24 10:41:02,380 [INFO] PluginManager:220 - loadIPPluginJar : add ltdc
2023-11-24 10:41:02,388 [INFO] IPUIPlugin:80 - create IPUIPlugin
2023-11-24 10:41:02,389 [INFO] PluginManager:220 - loadIPPluginJar : add mdma
2023-11-24 10:41:02,398 [INFO] IPUIPlugin:80 - create IPUIPlugin
2023-11-24 10:41:02,398 [INFO] PluginManager:220 - loadIPPluginJar : add nvic
2023-11-24 10:41:02,419 [INFO] IPUIPlugin:80 - create IPUIPlugin
2023-11-24 10:41:02,419 [INFO] PluginManager:220 - loadIPPluginJar : add opamp
2023-11-24 10:41:02,454 [INFO] IPUIPlugin:80 - create IPUIPlugin
2023-11-24 10:41:02,455 [INFO] PluginManager:220 - loadIPPluginJar : add openamp
2023-11-24 10:41:02,478 [INFO] IPUIPlugin:80 - create IPUIPlugin
2023-11-24 10:41:02,478 [INFO] PluginManager:220 - loadIPPluginJar : add pdm2pcm
2023-11-24 10:41:02,488 [INFO] IPUIPlugin:80 - create IPUIPlugin
2023-11-24 10:41:02,490 [INFO] PluginManager:220 - loadIPPluginJar : add plateformsettings
2023-11-24 10:41:02,503 [INFO] IPUIPlugin:80 - create IPUIPlugin
2023-11-24 10:41:02,503 [INFO] PluginManager:220 - loadIPPluginJar : add quadspi
2023-11-24 10:41:02,510 [INFO] IPUIPlugin:80 - create IPUIPlugin
2023-11-24 10:41:02,510 [INFO] PluginManager:220 - loadIPPluginJar : add resmgrutility
2023-11-24 10:41:02,552 [INFO] IPUIPlugin:80 - create IPUIPlugin
2023-11-24 10:41:02,552 [INFO] PluginManager:220 - loadIPPluginJar : add sai
2023-11-24 10:41:02,573 [INFO] IPUIPlugin:80 - create IPUIPlugin
2023-11-24 10:41:02,573 [INFO] PluginManager:220 - loadIPPluginJar : add spi
2023-11-24 10:41:02,615 [INFO] IPUIPlugin:80 - create IPUIPlugin
2023-11-24 10:41:02,615 [INFO] PluginManager:220 - loadIPPluginJar : add stm32_wpan
2023-11-24 10:41:02,629 [INFO] IPUIPlugin:80 - create IPUIPlugin
2023-11-24 10:41:02,629 [INFO] PluginManager:220 - loadIPPluginJar : add tim
2023-11-24 10:41:02,664 [INFO] IPUIPlugin:80 - create IPUIPlugin
2023-11-24 10:41:02,664 [INFO] PluginManager:220 - loadIPPluginJar : add touchsensing
2023-11-24 10:41:02,676 [INFO] IPUIPlugin:80 - create IPUIPlugin
2023-11-24 10:41:02,676 [INFO] PluginManager:220 - loadIPPluginJar : add tracer_emb
2023-11-24 10:41:02,689 [INFO] IPUIPlugin:80 - create IPUIPlugin
2023-11-24 10:41:02,689 [INFO] PluginManager:220 - loadIPPluginJar : add ts
2023-11-24 10:41:02,703 [INFO] IPUIPlugin:80 - create IPUIPlugin
2023-11-24 10:41:02,704 [INFO] PluginManager:220 - loadIPPluginJar : add tsc
2023-11-24 10:41:02,718 [INFO] IPUIPlugin:80 - create IPUIPlugin
2023-11-24 10:41:02,718 [INFO] PluginManager:220 - loadIPPluginJar : add ucpd
2023-11-24 10:41:02,746 [INFO] IPUIPlugin:80 - create IPUIPlugin
2023-11-24 10:41:02,746 [INFO] PluginManager:220 - loadIPPluginJar : add usart
2023-11-24 10:41:02,774 [INFO] IPUIPlugin:80 - create IPUIPlugin
2023-11-24 10:41:02,775 [INFO] PluginManager:220 - loadIPPluginJar : add usbx
2023-11-24 10:41:02,882 [INFO] CADModel:165 - CPN selected for project level
2023-11-24 10:41:02,882 [INFO] CADModel:114 - Register for checkConnection events
2023-11-24 10:41:02,883 [FATAL] Updater:308 - Updater called before beeing initialized
2023-11-24 10:41:02,883 [ERROR] CADModel:125 - Updater not yet initialized, retry later 
2023-11-24 10:41:02,976 [INFO] CADModel:165 - CPN selected for project level
2023-11-24 10:41:02,976 [INFO] CADModel:114 - Register for checkConnection events
2023-11-24 10:41:02,976 [FATAL] Updater:308 - Updater called before beeing initialized
2023-11-24 10:41:02,976 [ERROR] CADModel:125 - Updater not yet initialized, retry later 
2023-11-24 10:41:02,979 [FATAL] Updater:308 - Updater called before beeing initialized
2023-11-24 10:41:03,042 [FATAL] Updater:308 - Updater called before beeing initialized
2023-11-24 10:41:03,045 [INFO] DbMcusAds:53 - JSON generation date=Tue Mar 07 17:50:55 KST 2023 (1678179055335)
2023-11-24 10:41:03,045 [FATAL] Updater:308 - Updater called before beeing initialized
2023-11-24 10:41:03,090 [WARN] DetailPanel:346 - Failed to get advertising image, set to default
2023-11-24 10:41:03,149 [FATAL] Updater:308 - Updater called before beeing initialized
2023-11-24 10:41:03,150 [FATAL] Updater:308 - Updater called before beeing initialized
2023-11-24 10:41:03,150 [FATAL] Updater:308 - Updater called before beeing initialized
2023-11-24 10:41:03,150 [WARN] DetailPanel:346 - Failed to get advertising image, set to default
2023-11-24 10:41:03,150 [FATAL] Updater:308 - Updater called before beeing initialized
2023-11-24 10:41:03,186 [ERROR] Updater:1120 - MainUpdater not yet initialized. External WinMGr cannot be set.
2023-11-24 10:41:03,192 [INFO] Updater:1056 - Updater Version found : 6.10.0
2023-11-24 10:41:03,214 [INFO] ApplicationProperties:184 - Using Application install path: C:\ST\STM32CubeIDE_1.13.2\STM32CubeIDE\plugins\com.st.stm32cube.common.mx_6.10.0.202311202037
2023-11-24 10:41:04,393 [INFO] ThirdPartyUpdaterWithRetryManager:70 - Updater plugin not ready yet. [2/15]
2023-11-24 10:41:04,792 [ERROR] LogOutputStream:75 - [STDERR_REDIRECT] Nov 24, 2023 10:41:04 AM java.util.prefs.WindowsPreferences <init>
2023-11-24 10:41:04,793 [ERROR] LogOutputStream:75 - [STDERR_REDIRECT] WARNING: Could not open/create prefs root node Software\JavaSoft\Prefs at root 0xffffffff80000002. Windows RegCreateKeyEx(...) returned error code 5.
2023-11-24 10:41:04,793 [ERROR] LogOutputStream:75 - [STDERR_REDIRECT] 
2023-11-24 10:41:05,398 [INFO] MainUpdater:2873 - connection check result : 10
2023-11-24 10:41:05,399 [INFO] MainUpdater:290 - Updater Check For Update Now.
2023-11-24 10:41:05,399 [INFO] MicroXplorer:498 - Change Database Version : DB.6.0.100
2023-11-24 10:41:05,411 [INFO] McuFinderGlobals:63 - Set McuFinder mode to 2 (CubeIDE integrated)
2023-11-24 10:41:05,412 [INFO] UserAuth:180 - activating auth plugin
2023-11-24 10:41:05,416 [INFO] UserAuth:404 - Internet connection configuration mode: 1
2023-11-24 10:41:05,439 [INFO] JxBrowserEngine:152 - Initiate JxBrowser Engine with user profile folder
2023-11-24 10:41:05,582 [INFO] CheckServerUpdateThread:120 - End of CheckServer Thread
2023-11-24 10:41:06,662 [INFO] WebApp:161 - Instantiating new browser for Auth
2023-11-24 10:41:06,957 [INFO] WebApp:780 - Register for checkConnection events
2023-11-24 10:41:06,957 [INFO] WebApp:414 - Apply proxy settings
2023-11-24 10:41:06,957 [INFO] WebApp:499 - Chromium requires no authentication
2023-11-24 10:41:06,961 [INFO] WebApp:442 - Direct internet connection detected
2023-11-24 10:41:07,046 [INFO] WebApp:192 - Starting web application
2023-11-24 10:41:07,047 [INFO] WebApp:544 - Web application path used C:\ST\STM32CubeIDE_1.13.2\STM32CubeIDE\plugins\com.st.stm32cube.common.mx_6.10.0.202311202037\db\plugins\mcufinder\reactClient1\index.html
2023-11-24 10:41:07,472 [WARN] PackLoader:240 - Cannot read IP mode file for STMicroelectronics.X-CUBE-SMBUS.2.1.0
2023-11-24 10:41:07,501 [WARN] PackLoader:240 - Cannot read IP mode file for STMicroelectronics.X-CUBE-AZRTOS-F7.1.1.0
2023-11-24 10:41:07,522 [WARN] PackLoader:240 - Cannot read IP mode file for STMicroelectronics.FP-SNS-MOTENV1.4.3.2
2023-11-24 10:41:07,532 [WARN] PackLoader:240 - Cannot read IP mode file for STMicroelectronics.FP-SNS-FLIGHT1.5.0.2
2023-11-24 10:41:07,547 [WARN] PackLoader:240 - Cannot read IP mode file for STMicroelectronics.X-CUBE-DISPLAY.3.0.0
2023-11-24 10:41:07,561 [WARN] PackLoader:240 - Cannot read IP mode file for STMicroelectronics.X-CUBE-BLE1.7.0.0
2023-11-24 10:41:07,569 [WARN] PackLoader:240 - Cannot read IP mode file for emotas.I-CUBE-CANOPEN.1.3.0
2023-11-24 10:41:07,577 [WARN] PackLoader:240 - Cannot read IP mode file for STMicroelectronics.X-CUBE-TOUCHGFX.4.22.0
2023-11-24 10:41:07,584 [WARN] PackLoader:240 - Cannot read IP mode file for STMicroelectronics.X-CUBE-TOUCHGFX.4.22.1
2023-11-24 10:41:07,591 [WARN] PackLoader:240 - Cannot read IP mode file for STMicroelectronics.FP-SNS-SMARTAG2.1.2.0
2023-11-24 10:41:07,601 [INFO] LogOutputStream:77 - [STDOUT_REDIRECT] 1 : Invalid condition id : UX_CORESTACK_Condition cause : null
2023-11-24 10:41:07,602 [INFO] LogOutputStream:77 - [STDOUT_REDIRECT] 1 : Invalid condition id : UX_CORESTACK_Condition cause : null
2023-11-24 10:41:07,602 [INFO] LogOutputStream:77 - [STDOUT_REDIRECT] 1 : Invalid condition id : UX_CORESTACK_Condition cause : null
2023-11-24 10:41:07,602 [INFO] LogOutputStream:77 - [STDOUT_REDIRECT] 1 : Invalid condition id : UX_CORESTACK_Condition cause : null
2023-11-24 10:41:07,603 [INFO] LogOutputStream:77 - [STDOUT_REDIRECT] 1 : Invalid condition id : UX_CORESTACK_Condition cause : null
2023-11-24 10:41:07,604 [WARN] PackLoader:240 - Cannot read IP mode file for STMicroelectronics.X-CUBE-AZRTOS-WL.2.0.0
2023-11-24 10:41:07,612 [WARN] PackLoader:240 - Cannot read IP mode file for WES.I-CUBE-Cesium.1.3.0
2023-11-24 10:41:07,620 [WARN] PackLoader:240 - Cannot read IP mode file for STMicroelectronics.X-CUBE-BLE2.3.3.0
2023-11-24 10:41:07,627 [WARN] PackLoader:240 - Cannot read IP mode file for STMicroelectronics.X-CUBE-ALGOBUILD.1.3.0
2023-11-24 10:41:07,642 [WARN] PackLoader:240 - Cannot read IP mode file for STMicroelectronics.X-CUBE-AZRTOS-G0.1.1.0
2023-11-24 10:41:07,653 [WARN] PackLoader:240 - Cannot read IP mode file for STMicroelectronics.X-CUBE-NFC4.3.0.0
2023-11-24 10:41:07,666 [WARN] PackLoader:240 - Cannot read IP mode file for STMicroelectronics.X-CUBE-BLEMGR.3.0.0
2023-11-24 10:41:07,670 [WARN] PackLoader:240 - Cannot read IP mode file for STMicroelectronics.FP-ATR-SIGFOX1.3.2.0
2023-11-24 10:41:07,707 [WARN] PackLoader:240 - Cannot read IP mode file for SEGGER.I-CUBE-embOS.1.3.1
2023-11-24 10:41:07,739 [WARN] PackLoader:240 - Cannot read IP mode file for STMicroelectronics.X-CUBE-GNSS1.6.0.0
2023-11-24 10:41:07,756 [WARN] PackLoader:240 - Cannot read IP mode file for STMicroelectronics.X-CUBE-AZRTOS-F4.1.1.0
2023-11-24 10:41:07,766 [WARN] PackLoader:240 - Cannot read IP mode file for wolfSSL.I-CUBE-wolfSSL.5.6.3
2023-11-24 10:41:07,784 [WARN] PackLoader:240 - Cannot read IP mode file for STMicroelectronics.X-CUBE-AZRTOS-L5.2.0.0
2023-11-24 10:41:07,828 [WARN] PackLoader:240 - Cannot read IP mode file for STMicroelectronics.X-CUBE-MEMS1.9.6.0
2023-11-24 10:41:07,925 [WARN] PackLoader:240 - Cannot read IP mode file for STMicroelectronics.X-CUBE-EEPRMA1.4.2.0
2023-11-24 10:41:07,936 [WARN] PackLoader:240 - Cannot read IP mode file for ITTIA_DB.I-CUBE-ITTIADB.8.8.0
2023-11-24 10:41:07,948 [WARN] PackLoader:240 - Cannot read IP mode file for STMicroelectronics.X-CUBE-BLEMGR.2.0.0
2023-11-24 10:41:07,975 [WARN] ConditionMgr:438 - getConditionDescription Invalid condition id : UX DEVICE CLASS RTOS Condition cause : null
2023-11-24 10:41:07,975 [WARN] ConditionMgr:438 - getConditionDescription Invalid condition id : UX DEVICE CLASS RTOS Condition cause : null
2023-11-24 10:41:07,977 [WARN] PackLoader:240 - Cannot read IP mode file for STMicroelectronics.X-CUBE-AZRTOS-H7.3.1.0
2023-11-24 10:41:07,978 [WARN] ConditionMgr:1039 - genDependencies : Invalid condition id : UX DEVICE CLASS RTOS Condition cause : null
2023-11-24 10:41:07,978 [WARN] ConditionMgr:1039 - genDependencies : Invalid condition id : UX DEVICE CLASS RTOS Condition cause : null
2023-11-24 10:41:07,978 [WARN] ConditionMgr:1039 - genDependencies : Invalid condition id : UX DEVICE CLASS RTOS Condition cause : null
2023-11-24 10:41:07,979 [WARN] ConditionMgr:1039 - genDependencies : Invalid condition id : UX DEVICE CLASS RTOS Condition cause : null
2023-11-24 10:41:07,979 [WARN] ConditionMgr:1039 - genDependencies : Invalid condition id : UX DEVICE CLASS RTOS Condition cause : null
2023-11-24 10:41:07,990 [WARN] PackLoader:240 - Cannot read IP mode file for STMicroelectronics.X-CUBE-NFC7.1.0.1
2023-11-24 10:41:08,000 [WARN] PackLoader:240 - Cannot read IP mode file for STMicroelectronics.X-CUBE-NFC6.3.0.0
2023-11-24 10:41:08,010 [WARN] PackLoader:240 - Cannot read IP mode file for STMicroelectronics.X-CUBE-EEPRMA1.4.1.0
2023-11-24 10:41:08,017 [WARN] PackLoader:240 - Cannot read IP mode file for STMicroelectronics.X-CUBE-AI.8.1.0
2023-11-24 10:41:08,035 [WARN] ConditionMgr:438 - getConditionDescription Invalid condition id : LAN8742 Phy interface Condition cause : null
2023-11-24 10:41:08,035 [WARN] PackLoader:240 - Cannot read IP mode file for STMicroelectronics.X-CUBE-AZRTOS-L4.2.0.0
2023-11-24 10:41:08,037 [WARN] ConditionMgr:1039 - genDependencies : Invalid condition id : LAN8742 Phy interface Condition cause : null
2023-11-24 10:41:08,037 [WARN] ConditionMgr:1039 - genDependencies : Invalid condition id : LAN8742 Phy interface Condition cause : null
2023-11-24 10:41:08,038 [WARN] ConditionMgr:1039 - genDependencies : Invalid condition id : LAN8742 Phy interface Condition cause : null
2023-11-24 10:41:08,052 [WARN] PackLoader:240 - Cannot read IP mode file for STMicroelectronics.X-CUBE-SFXS2LP1.4.0.0
2023-11-24 10:41:08,066 [WARN] PackLoader:240 - Cannot read IP mode file for STMicroelectronics.X-CUBE-ISPU.1.1.0
2023-11-24 10:41:08,085 [WARN] ConditionMgr:438 - getConditionDescription Invalid condition id : UX DEVICE CLASS RTOS Condition cause : null
2023-11-24 10:41:08,086 [WARN] ConditionMgr:438 - getConditionDescription Invalid condition id : UX DEVICE CLASS RTOS Condition cause : null
2023-11-24 10:41:08,087 [WARN] PackLoader:240 - Cannot read IP mode file for STMicroelectronics.X-CUBE-AZRTOS-WB.2.0.0
2023-11-24 10:41:08,088 [WARN] ConditionMgr:1039 - genDependencies : Invalid condition id : UX DEVICE CLASS RTOS Condition cause : null
2023-11-24 10:41:08,088 [WARN] ConditionMgr:1039 - genDependencies : Invalid condition id : UX DEVICE CLASS RTOS Condition cause : null
2023-11-24 10:41:08,089 [WARN] ConditionMgr:1039 - genDependencies : Invalid condition id : UX DEVICE CLASS RTOS Condition cause : null
2023-11-24 10:41:08,089 [WARN] ConditionMgr:1039 - genDependencies : Invalid condition id : UX DEVICE CLASS RTOS Condition cause : null
2023-11-24 10:41:08,089 [WARN] ConditionMgr:1039 - genDependencies : Invalid condition id : UX DEVICE CLASS RTOS Condition cause : null
2023-11-24 10:41:08,103 [WARN] PackLoader:240 - Cannot read IP mode file for STMicroelectronics.X-CUBE-SUBG2.5.0.0
2023-11-24 10:41:08,116 [WARN] PackLoader:240 - Cannot read IP mode file for STMicroelectronics.X-CUBE-TOF1.3.3.1
2023-11-24 10:41:08,141 [WARN] PackLoader:240 - Cannot read IP mode file for STMicroelectronics.X-CUBE-AZRTOS-G4.2.0.0
2023-11-24 10:41:08,162 [WARN] PackLoader:240 - Cannot read IP mode file for Infineon.AIROC-Wi-Fi-Bluetooth-STM32.1.5.1
2023-11-24 10:41:08,174 [WARN] PackLoader:240 - Cannot read IP mode file for STMicroelectronics.FP-SNS-MOTENVWB1.1.3.0
2023-11-24 10:41:08,206 [WARN] PackLoader:240 - Cannot read IP mode file for STMicroelectronics.X-CUBE-MEMS1.10.0.0
2023-11-24 10:41:08,266 [WARN] PackLoader:240 - Cannot read IP mode file for STMicroelectronics.X-CUBE-FREERTOS.1.1.0
2023-11-24 10:41:08,278 [WARN] PackLoader:240 - Cannot read IP mode file for portGmbH.I-Cube-SoM-uGOAL.1.1.0
2023-11-24 10:41:08,289 [WARN] PackLoader:240 - Cannot read IP mode file for STMicroelectronics.X-CUBE-ALS.1.0.1
2023-11-24 10:41:08,301 [WARN] PackLoader:240 - Cannot read IP mode file for STMicroelectronics.FP-ATR-ASTRA1.2.0.0
2023-11-24 10:41:08,314 [WARN] PackLoader:240 - Cannot read IP mode file for STMicroelectronics.X-CUBE-TOF1.3.4.0
2023-11-24 10:41:08,319 [INFO] ThirdParty:978 - Integrity check success = true
2023-11-24 10:41:08,320 [INFO] IntegrityCheckThread:100 - exiting critical section [integrity check]
2023-11-24 10:41:08,320 [INFO] IntegrityCheckThread:103 - End integrity checks thread
2023-11-24 10:41:27,705 [ERROR] LogOutputStream:75 - [STDERR_REDIRECT] SLF4J: Failed to load class "org.slf4j.impl.StaticLoggerBinder".
2023-11-24 10:41:27,706 [ERROR] LogOutputStream:75 - [STDERR_REDIRECT] SLF4J: Defaulting to no-operation (NOP) logger implementation
2023-11-24 10:41:27,706 [ERROR] LogOutputStream:75 - [STDERR_REDIRECT] SLF4J: See http://www.slf4j.org/codes.html#StaticLoggerBinder for further details.
2023-11-24 10:46:36,932 [INFO] McuFinderGlobals:63 - Set McuFinder mode to 2 (CubeIDE integrated)
2023-11-24 10:46:36,951 [INFO] MainUpdater:2873 - connection check result : 10
2023-11-24 10:46:36,956 [INFO] MainUpdater:2873 - connection check result : 10
2023-11-24 10:46:37,096 [INFO] MicroXplorer:468 - Change Database Path : 
2023-11-24 10:46:37,096 [INFO] MicroXplorer:498 - Change Database Version : DB.6.0.100
2023-11-24 10:46:37,099 [WARN] ThirdParty:871 - waiting for thirdparty lock release [close project]
2023-11-24 10:46:37,099 [INFO] ThirdParty:873 - entering critical section [close project]
2023-11-24 10:46:37,102 [INFO] ThirdParty:883 - exiting critical section [close project]
2023-11-24 10:46:37,103 [INFO] PinOutPanel:1499 - setPackage(No Configuration,No Configuration)
2023-11-24 10:46:37,109 [INFO] UtilMem:75 - Begin LoadConfig() Used Memory: 652413160 Bytes (854589440)
2023-11-24 10:46:37,112 [INFO] MicroXplorer:468 - Change Database Path : C:/Users/user/.stm32cubemx/databases/DB.6.0.92/db/
2023-11-24 10:46:37,112 [INFO] MicroXplorer:498 - Change Database Version : DB.6.0.92
2023-11-24 10:46:40,696 [INFO] OpenFileManager:312 - Change cursor
2023-11-24 10:46:40,717 [INFO] Mcu:2016 - Initializing MCU STM32F401R(D-E)Tx STM32F401RETx STM32F401RET6
2023-11-24 10:46:41,541 [INFO] Context:659 - Trying to add GPIOservice into a context  which must be forbidden
2023-11-24 10:46:41,956 [INFO] RtosManager:555 - Registered RTOS mode: class=CMSIS, group=RTOS, mode=CMSIS_V1, owner=FREERTOS
2023-11-24 10:46:41,956 [INFO] RtosManager:555 - Registered RTOS mode: class=CMSIS, group=RTOS2, mode=CMSIS_V2, owner=FREERTOS
2023-11-24 10:46:41,956 [INFO] RtosManager:555 - Registered RTOS mode: class=RTOS, group=Core, mode=CMSIS_V1, owner=FREERTOS
2023-11-24 10:46:41,956 [INFO] RtosManager:555 - Registered RTOS mode: class=RTOS, group=Core, mode=CMSIS_V2, owner=FREERTOS
2023-11-24 10:46:41,957 [WARN] ModelIntegratedComponent:184 - Missing modes for component STMicroelectronics:FreeRTOS:0.0.1:STMicroelectronics:RTOS:FreeRTOS:Core:::10.2.0:
2023-11-24 10:46:41,964 [WARN] ModelIntegratedComponent:63 - No mode defined for component null
2023-11-24 10:46:41,964 [WARN] ModelIntegratedComponent:63 - No mode defined for component null
2023-11-24 10:46:41,964 [WARN] ModelIntegratedComponent:63 - No mode defined for component null
2023-11-24 10:46:41,964 [WARN] ModelIntegratedComponent:63 - No mode defined for component null
2023-11-24 10:46:41,965 [WARN] ModelIntegratedComponent:63 - No mode defined for component null
2023-11-24 10:46:41,965 [WARN] ModelIntegratedComponent:63 - No mode defined for component null
2023-11-24 10:46:41,965 [WARN] ModelIntegratedComponent:63 - No mode defined for component null
2023-11-24 10:46:41,965 [WARN] ModelIntegratedComponent:63 - No mode defined for component null
2023-11-24 10:46:41,965 [WARN] ModelIntegratedComponent:63 - No mode defined for component null
2023-11-24 10:46:41,965 [WARN] ModelIntegratedComponent:63 - No mode defined for component null
2023-11-24 10:46:41,965 [WARN] ModelIntegratedComponent:63 - No mode defined for component null
2023-11-24 10:46:41,965 [WARN] ModelIntegratedComponent:63 - No mode defined for component null
2023-11-24 10:46:41,965 [WARN] ModelIntegratedComponent:63 - No mode defined for component null
2023-11-24 10:46:41,965 [WARN] ModelIntegratedComponent:63 - No mode defined for component null
2023-11-24 10:46:41,965 [WARN] ModelIntegratedComponent:63 - No mode defined for component null
2023-11-24 10:46:41,965 [WARN] ModelIntegratedComponent:63 - No mode defined for component null
2023-11-24 10:46:41,965 [WARN] ModelIntegratedComponent:63 - No mode defined for component null
2023-11-24 10:46:41,965 [WARN] ModelIntegratedComponent:63 - No mode defined for component null
2023-11-24 10:46:41,965 [WARN] ModelIntegratedComponent:63 - No mode defined for component null
2023-11-24 10:46:41,965 [WARN] ModelIntegratedComponent:63 - No mode defined for component null
2023-11-24 10:46:41,965 [WARN] ModelIntegratedComponent:63 - No mode defined for component null
2023-11-24 10:46:41,965 [WARN] ModelIntegratedComponent:63 - No mode defined for component null
2023-11-24 10:46:41,965 [WARN] ModelIntegratedComponent:63 - No mode defined for component null
2023-11-24 10:46:41,965 [WARN] ModelIntegratedComponent:63 - No mode defined for component null
2023-11-24 10:46:41,965 [WARN] ModelIntegratedComponent:63 - No mode defined for component null
2023-11-24 10:46:41,966 [WARN] ModelIntegratedComponent:63 - No mode defined for component null
2023-11-24 10:46:41,966 [WARN] ModelIntegratedComponent:63 - No mode defined for component null
2023-11-24 10:46:41,966 [WARN] ModelIntegratedComponent:63 - No mode defined for component null
2023-11-24 10:46:41,966 [WARN] ModelIntegratedComponent:63 - No mode defined for component null
2023-11-24 10:46:41,966 [WARN] ModelIntegratedComponent:63 - No mode defined for component null
2023-11-24 10:46:41,966 [WARN] ModelIntegratedComponent:63 - No mode defined for component null
2023-11-24 10:46:41,966 [WARN] ModelIntegratedComponent:63 - No mode defined for component null
2023-11-24 10:46:41,966 [WARN] ModelIntegratedComponent:63 - No mode defined for component null
2023-11-24 10:46:42,017 [INFO] ThirdPartyModel:298 - Start build external matchings
2023-11-24 10:46:42,223 [INFO] ThirdPartyModel:316 - End build external matchings
2023-11-24 10:46:42,233 [INFO] ImportTextPane:194 - (OptionalMessage_ERROR) IP (RCC) : Parameter (RTCHSEDivFreq_Value) has invalid value (4000000)
2023-11-24 10:46:42,424 [INFO] UtilMem:75 - End LoadConfig() Used Memory: 648502160 Bytes (996147200)
2023-11-24 10:46:42,539 [INFO] ApiDb:581 - Connected to CubeFinder SQLite database (C:\Users\user\.stmcufinder\plugins\mcufinder\mcu\cube-finder-db.db)
2023-11-24 10:46:42,568 [INFO] ApiDb:668 - CubeFinder database Data Model version=2.1
2023-11-24 10:46:42,568 [INFO] ApiDb:669 - CubeFinder database Configuration version=3.0.37
2023-11-24 10:46:42,568 [INFO] ApiDb:670 - CubeFinder database generation date=2023-10-13 (1697197505)
2023-11-24 10:46:42,568 [INFO] ApiDb:671 - CubeFinder database FW Pack versions=[FP-ATR-ASTRA1_V2.0.0, FP-SNS-FLIGHT1_V5.0.1, FP-SNS-FLIGHT1_V5.0.2, FP-SNS-MOTENV1_V4.3.1, FP-SNS-MOTENV1_V4.3.2, FP-SNS-SMARTAG2_V1.2.0, I-CUBE-ITTIADB_V8.6.3-1, STM32Cube_FW_C0_V1.1.0, STM32Cube_FW_F4_V1.27.1, STM32Cube_FW_F7_V1.17.0, STM32Cube_FW_G0_V1.6.1, STM32Cube_FW_G4_V1.5.1, STM32Cube_FW_H5_V0.5.1, STM32Cube_FW_H5_V1.1.1, STM32Cube_FW_H7_V1.11.0, STM32Cube_FW_L0_V1.12.2, STM32Cube_FW_L5_V1.5.0, STM32Cube_FW_U5_V1.3.0, STM32Cube_FW_U5_V1.3.0RC4, STM32Cube_FW_WBA_V1.0.0RC1, STM32Cube_FW_WBA_V1.1.0RC1, STM32Cube_FW_WBA_V1.1.1, STM32Cube_FW_WB_V1.15.0RC1, STM32Cube_FW_WB_V1.16.0, STM32Cube_FW_WB_V1.16.0RC2, STM32Cube_FW_WB_V1.17.3, STM32Cube_FW_WL_V1.3.0, X-CUBE-ALGOBUILD_V1.3.0, X-CUBE-ALS_V1.0.1, X-CUBE-AZRTOS-F4_V1.1.0, X-CUBE-AZRTOS-F7_V1.1.0, X-CUBE-AZRTOS-G0_V1.1.0, X-CUBE-AZRTOS-G4_V2.0.0, X-CUBE-AZRTOS-H7_V3.1.0, X-CUBE-AZRTOS-L4_V1.0.0, X-CUBE-AZRTOS-L4_V2.0.0, X-CUBE-AZRTOS-L5_V1.1.0, X-CUBE-AZRTOS-WB_V2.0.0, X-CUBE-AZRTOS-WL_V2.0.0, X-CUBE-BLE1_V7.0.0, X-CUBE-BLE2_V3.3.0, X-CUBE-BLEMGR_V2.0.0, X-CUBE-EEPRMA1_V4.1.0, X-CUBE-FREERTOS_V1.1.0, X-CUBE-GNSS1_V6.0.0, X-CUBE-MEMS1_V10.0.0, X-CUBE-MEMS1_V9.1.0, X-CUBE-MEMS1_V9.4.0, X-CUBE-MEMS1_V9.6.0, X-CUBE-NFC4_V3.0.0, X-CUBE-NFC7_V1.0.1, X-CUBE-SFXS2LP1_V4.0.0, X-CUBE-SUBG2_V5.0.0, X-CUBE-TOF1_V3.3.1]
2023-11-24 10:46:43,541 [ERROR] DbMcusSqlite:539 - Found 1 error(s) while decoding attributes due to database compatibility issues
2023-11-24 10:46:43,541 [ERROR] DbMcusSqlite:541 - SQL statement error: no such column: 'AMCTimer' (3848)
2023-11-24 10:46:43,542 [INFO] ApiDb:240 - Found 371 in-development CPN: [B-G473E-ZEST1S, B-WB1M-WPAN1, B-WL5M-SUBG1, NUCLEO-C031C6, NUCLEO-H503RB, NUCLEO-H563ZI, NUCLEO-U545RE-Q, NUCLEO-U5A5ZJ-Q, NUCLEO-WBA52CG, NUCLEO-WBA55CG, STEVAL-MKBOXPRO, STEVAL-PROTEUS1, STEVAL-STWINBX1, STM320518-EVAL, STM32C0116-DK, STM32C011D6Y3TR, STM32C011D6Y6TR, STM32C011F4P3, STM32C011F4P6, STM32C011F4U3, STM32C011F4U6TR, STM32C011F6P3, STM32C011F6P6, STM32C011F6U3, STM32C011F6U6TR, STM32C011J4M3, STM32C011J4M6, STM32C011J6M3, STM32C011J6M6, STM32C0316-DK, STM32C031C4T3, STM32C031C4T6, STM32C031C4U3, STM32C031C4U6, STM32C031C6T3, STM32C031C6T6, STM32C031C6U3, STM32C031C6U6, STM32C031F4P3, STM32C031F4P6, STM32C031F6P3, STM32C031F6P6, STM32C031G4U3, STM32C031G4U6, STM32C031G6U3, STM32C031G6U6, STM32C031K4T3, STM32C031K4T6, STM32C031K4U3, STM32C031K4U6, STM32C031K6T3, STM32C031K6T6, STM32C031K6U3, STM32C031K6U6, STM32G071K8TXN, STM32G071K8UXN, STM32G081GBU6N, STM32G081KBT6N, STM32G081KBUXN, STM32G0B1CCT6N, STM32G0B1KCT6, STM32G0B1NEY6TR, STM32G0B1RCT6N, STM32G0C1CCT6, STM32G0C1CCT6N, STM32G0C1CCU6N, STM32G0C1CET6N, STM32G0C1CEU6N, STM32G0C1KCT6, STM32G0C1NEY6TR, STM32G0C1RCI6N, STM32G0C1RCT6N, STM32G0C1REI6N, STM32G0C1RET6N, STM32G0C1VCI6, STM32G0C1VEI6, STM32G471CCT6, STM32G471CCU6, STM32G471CET3, STM32G471CET6, STM32G471CEU3, STM32G471CEU6, STM32G471MCT6, STM32G471MET3, STM32G471MET6, STM32G471MEY6TR, STM32G471QCT6, STM32G471QET3, STM32G471RCT6, STM32G471RET3, STM32G471RET6, STM32G471VCH6, STM32G471VCI6, STM32G471VCT6, STM32G471VEH3, STM32G471VEH6, STM32G471VEI3, STM32G471VEI6, STM32G471VET3, STM32G471VET6, STM32G474CCT6, STM32H503CBT6, STM32H503CBU6, STM32H503EBY6TR, STM32H503KBU6, STM32H503RBT6, STM32H562AGI6, STM32H562AII6, STM32H562IGK6, STM32H562IGT6, STM32H562IIK6, STM32H562IIT6, STM32H562RGT6, STM32H562RGV6, STM32H562RIT6, STM32H562RIV6, STM32H562VGT6, STM32H562VIT6, STM32H562ZGT6, STM32H562ZIT6, STM32H563AGI6, STM32H563AII3Q, STM32H563AII6, STM32H563IGK6, STM32H563IGT6, STM32H563IIK3Q, STM32H563IIK6, STM32H563IIT3Q, STM32H563IIT6, STM32H563MIY3QTR, STM32H563RGT6, STM32H563RGV6, STM32H563RIT6, STM32H563RIV6, STM32H563VGT6, STM32H563VIT3Q, STM32H563VIT6, STM32H563ZGT6, STM32H563ZIT3Q, STM32H563ZIT6, STM32H573AII3Q, STM32H573AII6, STM32H573I-DK, STM32H573IIK3Q, STM32H573IIK6, STM32H573IIT3Q, STM32H573IIT6, STM32H573MIY3QTR, STM32H573RIT6, STM32H573RIV6, STM32H573VIT3Q, STM32H573VIT6, STM32H573ZIT3Q, STM32H573ZIT6, STM32L4R5QGI6STR, STM32MP131AAE3, STM32MP131AAF3, STM32MP131AAG3, STM32MP131CAE3, STM32MP131CAF3, STM32MP131CAG3, STM32MP131DAE7, STM32MP131DAF7, STM32MP131DAG7, STM32MP131FAE7, STM32MP131FAF7, STM32MP131FAG7, STM32MP133AAE3, STM32MP133AAF3, STM32MP133AAG3, STM32MP133CAE3, STM32MP133CAF3, STM32MP133CAG3, STM32MP133DAE7, STM32MP133DAF7, STM32MP133DAG7, STM32MP133FAE7, STM32MP133FAF7, STM32MP133FAG7, STM32MP135AAE3, STM32MP135AAF3, STM32MP135AAG3, STM32MP135CAE3, STM32MP135CAF3, STM32MP135CAG3, STM32MP135DAE7, STM32MP135DAF7, STM32MP135DAG7, STM32MP135F-DK, STM32MP135FAE7, STM32MP135FAF7, STM32MP135FAF7T, STM32MP135FAF7U, STM32MP135FAG7, STM32U535CBT6, STM32U535CBT6Q, STM32U535CBU6, STM32U535CBU6Q, STM32U535CCT6, STM32U535CCT6Q, STM32U535CCU6, STM32U535CCU6Q, STM32U535CET6, STM32U535CET6Q, STM32U535CEU6, STM32U535CEU6Q, STM32U535JEY6QTR, STM32U535NCY6QTR, STM32U535NEY6QTR, STM32U535RBI6, STM32U535RBI6Q, STM32U535RBT6, STM32U535RBT6Q, STM32U535RCI6, STM32U535RCI6Q, STM32U535RCT6, STM32U535RCT6Q, STM32U535REI6, STM32U535REI6Q, STM32U535RET6, STM32U535RET6Q, STM32U535VCI6, STM32U535VCI6Q, STM32U535VCT6, STM32U535VCT6Q, STM32U535VEI6, STM32U535VEI6Q, STM32U535VET6, STM32U535VET6Q, STM32U545CET6, STM32U545CET6Q, STM32U545CEU6, STM32U545CEU6Q, STM32U545JEY6QTR, STM32U545NEY6QTR, STM32U545REI6, STM32U545REI6Q, STM32U545RET6, STM32U545RET6Q, STM32U545VEI6, STM32U545VEI6Q, STM32U545VET6, STM32U545VET6Q, STM32U595AIH6, STM32U595AIH6Q, STM32U595AJH6, STM32U595AJH6Q, STM32U595QII6, STM32U595QII6Q, STM32U595QJI6, STM32U595QJI6Q, STM32U595RIT6, STM32U595RIT6Q, STM32U595RJT6, STM32U595RJT6Q, STM32U595VIT6, STM32U595VIT6Q, STM32U595VJT6, STM32U595VJT6Q, STM32U595ZIT6, STM32U595ZIT6Q, STM32U595ZIY6QTR, STM32U595ZJT6, STM32U595ZJT6Q, STM32U595ZJY6QTR, STM32U599BJY6QTR, STM32U599NIH6Q, STM32U599NJH6Q, STM32U599VIT6Q, STM32U599VJT6, STM32U599VJT6Q, STM32U599ZIT6Q, STM32U599ZIY6QTR, STM32U599ZJT6Q, STM32U599ZJY6QTR, STM32U5A5AJH6, STM32U5A5AJH6Q, STM32U5A5QJI6, STM32U5A5QJI6Q, STM32U5A5RJT6, STM32U5A5RJT6Q, STM32U5A5VJT6, STM32U5A5VJT6Q, STM32U5A5ZJT6, STM32U5A5ZJT6Q, STM32U5A5ZJY6QTR, STM32U5A9BJY6QTR, STM32U5A9J-DK, STM32U5A9NJH6Q, STM32U5A9VJT6Q, STM32U5A9ZJT6Q, STM32U5A9ZJY6QTR, STM32U5F7VIT6, STM32U5F7VIT6Q, STM32U5F7VJT6, STM32U5F7VJT6Q, STM32U5F9BJY6QTR, STM32U5F9NJH6Q, STM32U5F9VIT6Q, STM32U5F9VJT6Q, STM32U5F9ZIJ6QTR, STM32U5F9ZIT6Q, STM32U5F9ZJJ6QTR, STM32U5F9ZJT6Q, STM32U5G7VJT6, STM32U5G7VJT6Q, STM32U5G9BJY6QTR, STM32U5G9J-DK1, STM32U5G9J-DK2, STM32U5G9NJH6Q, STM32U5G9VJT6Q, STM32U5G9ZJJ6QTR, STM32U5G9ZJT6Q, STM32WB1MMCH6, STM32WBA50KEU6, STM32WBA50KEU6TR, STM32WBA50KGU6, STM32WBA50KGU6TR, STM32WBA52CEU6, STM32WBA52CEU6TR, STM32WBA52CEU7, STM32WBA52CEU7TR, STM32WBA52CGU6, STM32WBA52CGU6TR, STM32WBA52CGU6U, STM32WBA52CGU7, STM32WBA52CGU7TR, STM32WBA52KEU6, STM32WBA52KEU6TR, STM32WBA52KGU6, STM32WBA52KGU6TR, STM32WBA54CEU6, STM32WBA54CEU6TR, STM32WBA54CEU7, STM32WBA54CEU7TR, STM32WBA54CGU6, STM32WBA54CGU6TR, STM32WBA54CGU7, STM32WBA54CGU7TR, STM32WBA54KEU6, STM32WBA54KEU6TR, STM32WBA54KEU7, STM32WBA54KEU7TR, STM32WBA54KGU6, STM32WBA54KGU6TR, STM32WBA54KGU7, STM32WBA54KGU7TR, STM32WBA55CEU6, STM32WBA55CEU6TR, STM32WBA55CEU7, STM32WBA55CEU7TR, STM32WBA55CGU6, STM32WBA55CGU6TR, STM32WBA55CGU6U, STM32WBA55CGU7, STM32WBA55CGU7TR, STM32WBA55G-DK1, STM32WBA55HEF6, STM32WBA55HEF7, STM32WBA55HGF6, STM32WBA55HGF7, STM32WBA55UEI6, STM32WBA55UEI6TR, STM32WBA55UEI7, STM32WBA55UEI7TR, STM32WBA55UGI6, STM32WBA55UGI6TR, STM32WBA55UGI7, STM32WBA55UGI7TR, STM32WL5MOCH6, STM32WL5MOCH6TR]
2023-11-24 10:46:43,544 [INFO] DbMcus:218 - Found 3844 MCUs, 3844 are supported
2023-11-24 10:46:43,544 [INFO] ApiDb:423 - Load user favorites file C:\Users\user/.stm32cubeide/favorites.mcus.txt: 0 item(s)
2023-11-24 10:46:43,545 [INFO] ApiDb:427 - User favorites MCUs=[]
2023-11-24 10:46:43,545 [INFO] DbMcus:224 - Set 0 / 0 favorites MCUs
2023-11-24 10:46:43,744 [INFO] MicroXplorer:468 - Change Database Path : 
2023-11-24 10:46:43,744 [INFO] MicroXplorer:498 - Change Database Version : DB.6.0.100
2023-11-24 10:46:43,747 [WARN] ThirdParty:833 - waiting for thirdparty lock release [change project]
2023-11-24 10:46:43,747 [INFO] ThirdParty:835 - entering critical section [change project]
2023-11-24 10:46:43,747 [INFO] ThirdParty:1030 - CMSIS Pack Vendor :STMicroelectronics X-CUBE-ISPU 1.1.0
2023-11-24 10:46:43,747 [INFO] ThirdParty:1030 - CMSIS Pack Vendor :STMicroelectronics USBPD 4.1
2023-11-24 10:46:43,747 [INFO] ThirdParty:1030 - CMSIS Pack Vendor :STMicroelectronics X-CUBE-GNSS1 6.0.0
2023-11-24 10:46:43,747 [INFO] ThirdParty:1030 - CMSIS Pack Vendor :STMicroelectronics USB_HOST 2.0.0
2023-11-24 10:46:43,747 [INFO] ThirdParty:1030 - CMSIS Pack Vendor :STMicroelectronics X-CUBE-AZRTOS-F4 1.1.0
2023-11-24 10:46:43,747 [INFO] ThirdParty:1030 - CMSIS Pack Vendor :STMicroelectronics LIBJPEG 8.0.0
2023-11-24 10:46:43,747 [INFO] ThirdParty:1030 - CMSIS Pack Vendor :wolfSSL I-CUBE-wolfSSL 5.6.3
2023-11-24 10:46:43,747 [INFO] ThirdParty:1030 - CMSIS Pack Vendor :STMicroelectronics X-CUBE-SMBUS 2.1.0
2023-11-24 10:46:43,747 [INFO] ThirdParty:1030 - CMSIS Pack Vendor :STMicroelectronics USB_DEVICE 3.0.0
2023-11-24 10:46:43,747 [INFO] ThirdParty:1030 - CMSIS Pack Vendor :STMicroelectronics X-CUBE-AZRTOS-WB 2.0.0
2023-11-24 10:46:43,747 [INFO] ThirdParty:1030 - CMSIS Pack Vendor :STMicroelectronics X-CUBE-AZRTOS-F7 1.1.0
2023-11-24 10:46:43,747 [INFO] ThirdParty:1030 - CMSIS Pack Vendor :STMicroelectronics X-CUBE-AZRTOS-L5 2.0.0
2023-11-24 10:46:43,747 [INFO] ThirdParty:1030 - CMSIS Pack Vendor :STMicroelectronics USB_DEVICE 2.0.0
2023-11-24 10:46:43,747 [INFO] ThirdParty:1030 - CMSIS Pack Vendor :STMicroelectronics X-CUBE-MEMS1 9.6.0
2023-11-24 10:46:43,747 [INFO] ThirdParty:1030 - CMSIS Pack Vendor :STMicroelectronics X-CUBE-EEPRMA1 4.2.0
2023-11-24 10:46:43,748 [INFO] ThirdParty:1030 - CMSIS Pack Vendor :ITTIA_DB I-CUBE-ITTIADB 8.8.0
2023-11-24 10:46:43,748 [INFO] ThirdParty:1030 - CMSIS Pack Vendor :STMicroelectronics FP-SNS-MOTENV1 4.3.2
2023-11-24 10:46:43,748 [INFO] ThirdParty:1030 - CMSIS Pack Vendor :STMicroelectronics X-CUBE-ALGOBUILD 1.3.0
2023-11-24 10:46:43,748 [INFO] ThirdParty:1030 - CMSIS Pack Vendor :STMicroelectronics FreeRTOS 0.0.1
2023-11-24 10:46:43,748 [INFO] ThirdParty:1030 - CMSIS Pack Vendor :STMicroelectronics X-CUBE-AZRTOS-G0 1.1.0
2023-11-24 10:46:43,748 [INFO] ThirdParty:1030 - CMSIS Pack Vendor :STMicroelectronics X-CUBE-BLEMGR 2.0.0
2023-11-24 10:46:43,748 [INFO] ThirdParty:1030 - CMSIS Pack Vendor :STMicroelectronics X-CUBE-NFC4 3.0.0
2023-11-24 10:46:43,748 [INFO] ThirdParty:1030 - CMSIS Pack Vendor :STMicroelectronics X-CUBE-SUBG2 5.0.0
2023-11-24 10:46:43,748 [INFO] ThirdParty:1030 - CMSIS Pack Vendor :STMicroelectronics STM32_WPAN 1.0.0
2023-11-24 10:46:43,748 [INFO] ThirdParty:1030 - CMSIS Pack Vendor :STMicroelectronics lwIP 2.0.3
2023-11-24 10:46:43,748 [INFO] ThirdParty:1030 - CMSIS Pack Vendor :STMicroelectronics FP-SNS-FLIGHT1 5.0.2
2023-11-24 10:46:43,748 [INFO] ThirdParty:1030 - CMSIS Pack Vendor :STMicroelectronics USB_HOST 1.0.0
2023-11-24 10:46:43,748 [INFO] ThirdParty:1030 - CMSIS Pack Vendor :STMicroelectronics X-CUBE-TOF1 3.3.1
2023-11-24 10:46:43,748 [INFO] ThirdParty:1030 - CMSIS Pack Vendor :STMicroelectronics X-CUBE-AZRTOS-G4 2.0.0
2023-11-24 10:46:43,748 [INFO] ThirdParty:1030 - CMSIS Pack Vendor :STMicroelectronics PDM2PCM 3.1.0
2023-11-24 10:46:43,748 [INFO] ThirdParty:1030 - CMSIS Pack Vendor :STMicroelectronics X-CUBE-AZRTOS-H7 3.1.0
2023-11-24 10:46:43,748 [INFO] ThirdParty:1030 - CMSIS Pack Vendor :Infineon AIROC-Wi-Fi-Bluetooth-STM32 1.5.1
2023-11-24 10:46:43,748 [INFO] ThirdParty:1030 - CMSIS Pack Vendor :STMicroelectronics X-CUBE-BLEMGR 3.0.0
2023-11-24 10:46:43,748 [INFO] ThirdParty:1030 - CMSIS Pack Vendor :STMicroelectronics PDM2PCM 3.3.0
2023-11-24 10:46:43,748 [INFO] ThirdParty:1030 - CMSIS Pack Vendor :STMicroelectronics X-CUBE-DISPLAY 3.0.0
2023-11-24 10:46:43,748 [INFO] ThirdParty:1030 - CMSIS Pack Vendor :STMicroelectronics FP-SNS-MOTENVWB1 1.3.0
2023-11-24 10:46:43,748 [INFO] ThirdParty:1030 - CMSIS Pack Vendor :STMicroelectronics X-CUBE-BLE1 7.0.0
2023-11-24 10:46:43,748 [INFO] ThirdParty:1030 - CMSIS Pack Vendor :STMicroelectronics FP-ATR-SIGFOX1 3.2.0
2023-11-24 10:46:43,748 [INFO] ThirdParty:1030 - CMSIS Pack Vendor :STMicroelectronics HAL Drivers 0.0.0
2023-11-24 10:46:43,748 [INFO] ThirdParty:1030 - CMSIS Pack Vendor :STMicroelectronics MBEDTLS 2.16.2
2023-11-24 10:46:43,748 [INFO] ThirdParty:1030 - CMSIS Pack Vendor :emotas I-CUBE-CANOPEN 1.3.0
2023-11-24 10:46:43,748 [INFO] ThirdParty:1030 - CMSIS Pack Vendor :STMicroelectronics X-CUBE-MEMS1 10.0.0
2023-11-24 10:46:43,748 [INFO] ThirdParty:1030 - CMSIS Pack Vendor :STMicroelectronics X-CUBE-FREERTOS 1.1.0
2023-11-24 10:46:43,748 [INFO] ThirdParty:1030 - CMSIS Pack Vendor :STMicroelectronics X-CUBE-TOUCHGFX 4.22.0
2023-11-24 10:46:43,748 [INFO] ThirdParty:1030 - CMSIS Pack Vendor :STMicroelectronics X-CUBE-NFC7 1.0.1
2023-11-24 10:46:43,748 [INFO] ThirdParty:1030 - CMSIS Pack Vendor :STMicroelectronics MBEDTLS 2.14.1
2023-11-24 10:46:43,749 [INFO] ThirdParty:1030 - CMSIS Pack Vendor :STMicroelectronics X-CUBE-TOUCHGFX 4.22.1
2023-11-24 10:46:43,749 [INFO] ThirdParty:1030 - CMSIS Pack Vendor :STMicroelectronics X-CUBE-NFC6 3.0.0
2023-11-24 10:46:43,749 [INFO] ThirdParty:1030 - CMSIS Pack Vendor :STMicroelectronics X-CUBE-EEPRMA1 4.1.0
2023-11-24 10:46:43,749 [INFO] ThirdParty:1030 - CMSIS Pack Vendor :portGmbH I-Cube-SoM-uGOAL 1.1.0
2023-11-24 10:46:43,749 [INFO] ThirdParty:1030 - CMSIS Pack Vendor :STMicroelectronics X-CUBE-ALS 1.0.1
2023-11-24 10:46:43,749 [INFO] ThirdParty:1030 - CMSIS Pack Vendor :STMicroelectronics ThreadX 1.0.0
2023-11-24 10:46:43,749 [INFO] ThirdParty:1030 - CMSIS Pack Vendor :STMicroelectronics FP-SNS-SMARTAG2 1.2.0
2023-11-24 10:46:43,749 [INFO] ThirdParty:1030 - CMSIS Pack Vendor :STMicroelectronics X-CUBE-AZRTOS-WL 2.0.0
2023-11-24 10:46:43,749 [INFO] ThirdParty:1030 - CMSIS Pack Vendor :SEGGER I-CUBE-embOS 1.3.1
2023-11-24 10:46:43,749 [INFO] ThirdParty:1030 - CMSIS Pack Vendor :STMicroelectronics USB_DEVICE 1.0.0
2023-11-24 10:46:43,749 [INFO] ThirdParty:1030 - CMSIS Pack Vendor :STMicroelectronics X-CUBE-AI 8.1.0
2023-11-24 10:46:43,749 [INFO] ThirdParty:1030 - CMSIS Pack Vendor :STMicroelectronics X-CUBE-AZRTOS-L4 2.0.0
2023-11-24 10:46:43,749 [INFO] ThirdParty:1030 - CMSIS Pack Vendor :STMicroelectronics ThreadX 0.0.2
2023-11-24 10:46:43,749 [INFO] ThirdParty:1030 - CMSIS Pack Vendor :WES I-CUBE-Cesium 1.3.0
2023-11-24 10:46:43,749 [INFO] ThirdParty:1030 - CMSIS Pack Vendor :STMicroelectronics FP-ATR-ASTRA1 2.0.0
2023-11-24 10:46:43,749 [INFO] ThirdParty:1030 - CMSIS Pack Vendor :STMicroelectronics lwIP 2.1.2
2023-11-24 10:46:43,749 [INFO] ThirdParty:1030 - CMSIS Pack Vendor :STMicroelectronics X-CUBE-SFXS2LP1 4.0.0
2023-11-24 10:46:43,749 [INFO] ThirdParty:1030 - CMSIS Pack Vendor :STMicroelectronics X-CUBE-BLE2 3.3.0
2023-11-24 10:46:43,749 [INFO] ThirdParty:1030 - CMSIS Pack Vendor :STMicroelectronics X-CUBE-TOF1 3.4.0
2023-11-24 10:46:43,749 [INFO] ThirdParty:1030 - CMSIS Pack Vendor :STMicroelectronics PDM2PCM 3.2.0
2023-11-24 10:46:43,749 [INFO] ThirdParty:841 - exiting critical section [change project]
2023-11-24 10:46:43,954 [INFO] PinOutPanel:1499 - setPackage(No Configuration,No Configuration)
2023-11-24 10:46:43,955 [INFO] PinOutPanel:1499 - setPackage(STM32F401RETx,LQFP64)
2023-11-24 10:46:44,342 [INFO] UtilMem:75 - Before build in PCC Used Memory: 616841112 Bytes (996147200)
2023-11-24 10:46:44,952 [INFO] UtilMem:75 - After build in PCC Used Memory: 686610424 Bytes (996147200)
2023-11-24 10:46:44,980 [INFO] IPUIPlugin:80 - create IPUIPlugin
2023-11-24 10:46:44,980 [INFO] IPUIPlugin:80 - create IPUIPlugin
2023-11-24 10:46:44,981 [INFO] IPUIPlugin:80 - create IPUIPlugin
2023-11-24 10:46:44,981 [INFO] IPUIPlugin:80 - create IPUIPlugin
2023-11-24 10:46:44,981 [INFO] IPUIPlugin:80 - create IPUIPlugin
2023-11-24 10:46:44,981 [INFO] IPUIPlugin:80 - create IPUIPlugin
2023-11-24 10:46:44,981 [INFO] IPUIPlugin:80 - create IPUIPlugin
2023-11-24 10:46:44,981 [INFO] IPUIPlugin:80 - create IPUIPlugin
2023-11-24 10:46:44,981 [INFO] IPUIPlugin:80 - create IPUIPlugin
2023-11-24 10:46:44,981 [INFO] IPUIPlugin:80 - create IPUIPlugin
2023-11-24 10:46:44,981 [INFO] IPUIPlugin:80 - create IPUIPlugin
2023-11-24 10:46:44,981 [INFO] IPUIPlugin:80 - create IPUIPlugin
2023-11-24 10:46:44,981 [INFO] IPUIPlugin:80 - create IPUIPlugin
2023-11-24 10:46:44,981 [INFO] IPUIPlugin:80 - create IPUIPlugin
2023-11-24 10:46:44,981 [INFO] IPUIPlugin:80 - create IPUIPlugin
2023-11-24 10:46:44,982 [INFO] IPUIPlugin:80 - create IPUIPlugin
2023-11-24 10:46:44,982 [INFO] IPUIPlugin:80 - create IPUIPlugin
2023-11-24 10:46:44,982 [INFO] IPUIPlugin:80 - create IPUIPlugin
2023-11-24 10:46:44,982 [INFO] IPUIPlugin:80 - create IPUIPlugin
2023-11-24 10:46:44,982 [INFO] IPUIPlugin:80 - create IPUIPlugin
2023-11-24 10:46:44,982 [INFO] IPUIPlugin:80 - create IPUIPlugin
2023-11-24 10:46:44,982 [INFO] IPUIPlugin:80 - create IPUIPlugin
2023-11-24 10:46:44,982 [INFO] IPUIPlugin:80 - create IPUIPlugin
2023-11-24 10:46:44,982 [INFO] IPUIPlugin:80 - create IPUIPlugin
2023-11-24 10:46:44,982 [INFO] IPUIPlugin:80 - create IPUIPlugin
2023-11-24 10:46:44,983 [INFO] IPUIPlugin:80 - create IPUIPlugin
2023-11-24 10:46:44,983 [INFO] IPUIPlugin:80 - create IPUIPlugin
2023-11-24 10:46:44,983 [INFO] IPUIPlugin:80 - create IPUIPlugin
2023-11-24 10:46:44,983 [INFO] IPUIPlugin:80 - create IPUIPlugin
2023-11-24 10:46:44,983 [INFO] IPUIPlugin:80 - create IPUIPlugin
2023-11-24 10:46:44,984 [INFO] IPUIPlugin:80 - create IPUIPlugin
2023-11-24 10:46:44,984 [INFO] IPUIPlugin:80 - create IPUIPlugin
2023-11-24 10:46:44,984 [INFO] IPUIPlugin:80 - create IPUIPlugin
2023-11-24 10:46:44,984 [INFO] IPUIPlugin:80 - create IPUIPlugin
2023-11-24 10:46:44,984 [INFO] IPUIPlugin:80 - create IPUIPlugin
2023-11-24 10:46:44,986 [INFO] IPUIPlugin:80 - create IPUIPlugin
2023-11-24 10:46:44,986 [INFO] IPUIPlugin:80 - create IPUIPlugin
2023-11-24 10:46:44,987 [INFO] IPUIPlugin:80 - create IPUIPlugin
2023-11-24 10:46:45,068 [INFO] ApiDbMcu:508 - Load IP Config File for PDM2PCM
2023-11-24 10:46:45,234 [INFO] CADModel:165 - CPN selected for project levelSTM32F401RET6
2023-11-24 10:46:45,234 [INFO] CADModel:114 - Register for checkConnection events
2023-11-24 10:46:45,283 [INFO] OpenFileManager:343 - Restore cursor
2023-11-24 10:55:37,695 [ERROR] LogOutputStream:75 - [STDERR_REDIRECT] 
2023-11-24 10:55:37,696 [ERROR] LogOutputStream:75 - [STDERR_REDIRECT] 
